                      :-) GROMACS - gmx mdrun, 2024.1 (-:

Copyright 1991-2024 The GROMACS Authors.
GROMACS is free software; you can redistribute it and/or modify it
under the terms of the GNU Lesser General Public License
as published by the Free Software Foundation; either version 2.1
of the License, or (at your option) any later version.

                         Current GROMACS contributors:
       Mark Abraham           Andrey Alekseenko           Vladimir Basov      
      Cathrine Bergh            Eliane Briand               Ania Brown        
      Mahesh Doijade            Giacomo Fiorin          Stefan Fleischmann    
      Sergey Gorelov         Gilles Gouaillardet            Alan Gray         
     M. Eric Irrgang         Farzaneh Jalalypour            Joe Jordan        
     Carsten Kutzner           Justin A. Lemkul          Magnus Lundborg      
       Pascal Merz              Vedran Miletic            Dmitry Morozov      
       Julien Nabet              Szilard Pall        Andrea Pasquadibisceglie 
    Michele Pellegrino          Hubert Santuz             Roland Schulz       
     Tatiana Shugaeva          Alexey Shvetsov            Philip Turner       
     Alessandra Villa      Sebastian Wingbermuehle  

                         Previous GROMACS contributors:
        Emile Apol             Rossen Apostolov           James Barnett       
        Paul Bauer          Herman J.C. Berendsen          Par Bjelkmar       
      Christian Blau          Viacheslav Bolnykh            Kevin Boyd        
    Aldert van Buuren          Carlo Camilloni           Rudi van Drunen      
      Anton Feenstra           Oliver Fleetwood            Vytas Gapsys       
       Gaurav Garg             Gerrit Groenhof            Bert de Groot       
      Anca Hamuraru           Vincent Hindriksen          Victor Holanda      
     Aleksei Iupinov          Christoph Junghans        Prashanth Kanduri     
   Dimitrios Karkoulis           Peter Kasson             Sebastian Kehl      
     Sebastian Keller             Jiri Kraus               Per Larsson        
      Viveca Lindahl            Erik Marklund           Pieter Meulenhoff     
      Teemu Murtola              Sander Pronk             Michael Shirts      
      Alfons Sijbers            Balint Soproni         David van der Spoel    
      Peter Tieleman            Carsten Uphoff             Jon Vincent        
     Teemu Virolainen         Christian Wennberg           Maarten Wolf       
      Artem Zhmurov       

                  Coordinated by the GROMACS project leaders:
                           Berk Hess and Erik Lindahl

GROMACS:      gmx mdrun, version 2024.1
Executable:   /usr/local/hpc1/software_molmod/gromacs/gromacs-2024.1-bin_wr0/bin/gmx
Data prefix:  /usr/local/hpc1/software_molmod/gromacs/gromacs-2024.1-bin_wr0
Working dir:  /work/rstric2s/current_sim/Application/1-C4H9Br_EP
Process ID:   2915156
Command line:
  gmx mdrun -deffnm 13_npt

GROMACS version:     2024.1
Precision:           mixed
Memory model:        64 bit
MPI library:         thread_mpi
OpenMP support:      enabled (GMX_OPENMP_MAX_THREADS = 128)
GPU support:         disabled
SIMD instructions:   AVX_512
CPU FFT library:     fftw-3.3.8-sse2-avx
GPU FFT library:     none
Multi-GPU FFT:       none
RDTSCP usage:        enabled
TNG support:         enabled
Hwloc support:       disabled
Tracing support:     disabled
C compiler:          /usr/local/gcc/gcc-13.2.0/bin/gcc GNU 13.2.0
C compiler flags:    -fexcess-precision=fast -funroll-all-loops -mavx512f -mfma -mavx512vl -mavx512dq -mavx512bw -Wno-missing-field-initializers -O3 -DNDEBUG
C++ compiler:        /usr/local/gcc/gcc-13.2.0/bin/g++ GNU 13.2.0
C++ compiler flags:  -fexcess-precision=fast -funroll-all-loops -mavx512f -mfma -mavx512vl -mavx512dq -mavx512bw -Wno-missing-field-initializers -Wno-cast-function-type-strict SHELL:-fopenmp -O3 -DNDEBUG
BLAS library:        External - detected on the system
LAPACK library:      External - detected on the system


Running on 1 node with total 1 cores, 1 processing units
Hardware detected on host wr51:
  CPU info:
    Vendor: AMD
    Brand:  AMD EPYC 9554 64-Core Processor                
    Family: 25   Model: 17   Stepping: 1
    Features: aes amd apic avx avx2 avx512f avx512cd avx512bw avx512vl avx512bf16 avx512secondFMA clfsh cmov cx8 cx16 f16c fma htt lahf misalignsse mmx msr nonstop_tsc pcid pclmuldq pdpe1gb popcnt pse rdrnd rdtscp sha sse2 sse3 sse4a sse4.1 sse4.2 ssse3 x2apic
  Hardware topology: Basic
    Packages, cores, and logical processors:
    [indices refer to OS logical processors]
      Package  0: [   1]
    CPU limit set by OS: -1   Recommended max number of threads: 1


++++ PLEASE READ AND CITE THE FOLLOWING REFERENCE ++++
M. J. Abraham, T. Murtola, R. Schulz, S. Páll, J. C. Smith, B. Hess, E.
Lindahl
GROMACS: High performance molecular simulations through multi-level
parallelism from laptops to supercomputers
SoftwareX 1 (2015) pp. 19-25
-------- -------- --- Thank You --- -------- --------


++++ PLEASE READ AND CITE THE FOLLOWING REFERENCE ++++
S. Páll, M. J. Abraham, C. Kutzner, B. Hess, E. Lindahl
Tackling Exascale Software Challenges in Molecular Dynamics Simulations with
GROMACS
In S. Markidis & E. Laure (Eds.), Solving Software Challenges for Exascale 8759 (2015) pp. 3-27
-------- -------- --- Thank You --- -------- --------


++++ PLEASE READ AND CITE THE FOLLOWING REFERENCE ++++
S. Pronk, S. Páll, R. Schulz, P. Larsson, P. Bjelkmar, R. Apostolov, M. R.
Shirts, J. C. Smith, P. M. Kasson, D. van der Spoel, B. Hess, and E. Lindahl
GROMACS 4.5: a high-throughput and highly parallel open source molecular
simulation toolkit
Bioinformatics 29 (2013) pp. 845-54
-------- -------- --- Thank You --- -------- --------


++++ PLEASE READ AND CITE THE FOLLOWING REFERENCE ++++
B. Hess and C. Kutzner and D. van der Spoel and E. Lindahl
GROMACS 4: Algorithms for highly efficient, load-balanced, and scalable
molecular simulation
J. Chem. Theory Comput. 4 (2008) pp. 435-447
-------- -------- --- Thank You --- -------- --------


++++ PLEASE READ AND CITE THE FOLLOWING REFERENCE ++++
D. van der Spoel, E. Lindahl, B. Hess, G. Groenhof, A. E. Mark and H. J. C.
Berendsen
GROMACS: Fast, Flexible and Free
J. Comp. Chem. 26 (2005) pp. 1701-1719
-------- -------- --- Thank You --- -------- --------


++++ PLEASE READ AND CITE THE FOLLOWING REFERENCE ++++
E. Lindahl and B. Hess and D. van der Spoel
GROMACS 3.0: A package for molecular simulation and trajectory analysis
J. Mol. Mod. 7 (2001) pp. 306-317
-------- -------- --- Thank You --- -------- --------


++++ PLEASE READ AND CITE THE FOLLOWING REFERENCE ++++
H. J. C. Berendsen, D. van der Spoel and R. van Drunen
GROMACS: A message-passing parallel molecular dynamics implementation
Comp. Phys. Comm. 91 (1995) pp. 43-56
-------- -------- --- Thank You --- -------- --------


++++ PLEASE CITE THE DOI FOR THIS VERSION OF GROMACS ++++
https://doi.org/10.5281/zenodo.10721181
-------- -------- --- Thank You --- -------- --------

Input Parameters:
   integrator                     = md-vv
   tinit                          = 0
   dt                             = 0.002
   nsteps                         = 500000
   init-step                      = 0
   simulation-part                = 1
   mts                            = false
   mass-repartition-factor        = 1
   comm-mode                      = Linear
   nstcomm                        = 100
   bd-fric                        = 0
   ld-seed                        = 2079648741
   emtol                          = 10
   emstep                         = 0.01
   niter                          = 20
   fcstep                         = 0
   nstcgsteep                     = 1000
   nbfgscorr                      = 10
   rtpi                           = 0.05
   nstxout                        = 10000
   nstvout                        = 10000
   nstfout                        = 0
   nstlog                         = 10000
   nstcalcenergy                  = 100
   nstenergy                      = 10000
   nstxout-compressed             = 0
   compressed-x-precision         = 1000
   cutoff-scheme                  = Verlet
   nstlist                        = 10
   pbc                            = xyz
   periodic-molecules             = false
   verlet-buffer-tolerance        = -1
   verlet-buffer-pressure-tolerance = -1
   rlist                          = 1.1
   coulombtype                    = PME
   coulomb-modifier               = Potential-shift
   rcoulomb-switch                = 0.89
   rcoulomb                       = 0.9
   epsilon-r                      = 1
   epsilon-rf                     = inf
   vdw-type                       = Cut-off
   vdw-modifier                   = Potential-shift
   rvdw-switch                    = 0.8
   rvdw                           = 0.9
   DispCorr                       = EnerPres
   table-extension                = 1
   fourierspacing                 = 0.16
   fourier-nx                     = 72
   fourier-ny                     = 72
   fourier-nz                     = 72
   pme-order                      = 4
   ewald-rtol                     = 1e-05
   ewald-rtol-lj                  = 0.001
   lj-pme-comb-rule               = Geometric
   ewald-geometry                 = 3d
   epsilon-surface                = 0
   ensemble-temperature-setting   = constant
   ensemble-temperature           = 293.15
   tcoupl                         = V-rescale
   nsttcouple                     = 10
   nh-chain-length                = 0
   print-nose-hoover-chain-variables = false
   pcoupl                         = C-rescale
   pcoupltype                     = Isotropic
   nstpcouple                     = 50
   tau-p                          = 0.5
   compressibility (3x3):
      compressibility[    0]={ 4.50000e-05,  0.00000e+00,  0.00000e+00}
      compressibility[    1]={ 0.00000e+00,  4.50000e-05,  0.00000e+00}
      compressibility[    2]={ 0.00000e+00,  0.00000e+00,  4.50000e-05}
   ref-p (3x3):
      ref-p[    0]={ 1.00000e+00,  0.00000e+00,  0.00000e+00}
      ref-p[    1]={ 0.00000e+00,  1.00000e+00,  0.00000e+00}
      ref-p[    2]={ 0.00000e+00,  0.00000e+00,  1.00000e+00}
   refcoord-scaling               = COM
   posres-com (3):
      posres-com[0]= 0.00000e+00
      posres-com[1]= 0.00000e+00
      posres-com[2]= 0.00000e+00
   posres-comB (3):
      posres-comB[0]= 0.00000e+00
      posres-comB[1]= 0.00000e+00
      posres-comB[2]= 0.00000e+00
   QMMM                           = false
qm-opts:
   ngQM                           = 0
   constraint-algorithm           = Lincs
   continuation                   = true
   Shake-SOR                      = false
   shake-tol                      = 0.0001
   lincs-order                    = 4
   lincs-iter                     = 1
   lincs-warnangle                = 30
   nwall                          = 0
   wall-type                      = 9-3
   wall-r-linpot                  = -1
   wall-atomtype[0]               = -1
   wall-atomtype[1]               = -1
   wall-density[0]                = 0
   wall-density[1]                = 0
   wall-ewald-zfac                = 3
   pull                           = false
   awh                            = false
   rotation                       = false
   interactiveMD                  = false
   disre                          = No
   disre-weighting                = Conservative
   disre-mixed                    = false
   dr-fc                          = 1000
   dr-tau                         = 0
   nstdisreout                    = 100
   orire-fc                       = 0
   orire-tau                      = 0
   nstorireout                    = 100
   free-energy                    = no
   cos-acceleration               = 0
   deform (3x3):
      deform[    0]={ 0.00000e+00,  0.00000e+00,  0.00000e+00}
      deform[    1]={ 0.00000e+00,  0.00000e+00,  0.00000e+00}
      deform[    2]={ 0.00000e+00,  0.00000e+00,  0.00000e+00}
   simulated-tempering            = false
   swapcoords                     = no
   userint1                       = 0
   userint2                       = 0
   userint3                       = 0
   userint4                       = 0
   userreal1                      = 0
   userreal2                      = 0
   userreal3                      = 0
   userreal4                      = 0
   applied-forces:
     electric-field:
       x:
         E0                       = 0
         omega                    = 0
         t0                       = 0
         sigma                    = 0
       y:
         E0                       = 0
         omega                    = 0
         t0                       = 0
         sigma                    = 0
       z:
         E0                       = 0
         omega                    = 0
         t0                       = 0
         sigma                    = 0
     density-guided-simulation:
       active                     = false
       group                      = protein
       similarity-measure         = inner-product
       atom-spreading-weight      = unity
       force-constant             = 1e+09
       gaussian-transform-spreading-width = 0.2
       gaussian-transform-spreading-range-in-multiples-of-width = 4
       reference-density-filename = reference.mrc
       nst                        = 1
       normalize-densities        = true
       adaptive-force-scaling     = false
       adaptive-force-scaling-time-constant = 4
       shift-vector               = 
       transformation-matrix      = 
     qmmm-cp2k:
       active                     = false
       qmgroup                    = System
       qmmethod                   = PBE
       qmfilenames                = 
       qmcharge                   = 0
       qmmultiplicity             = 1
     colvars:
       active                     = false
       configfile                 = 
       seed                       = -1
grpopts:
   nrdf:      185490
   ref-t:      293.15
   tau-t:         0.1
annealing:          No
annealing-npoints:           0
   acc:	           0           0           0
   nfreeze:           N           N           N
   energygrp-flags[  0]: 0

Can not increase nstlist because verlet-buffer-tolerance is not set or used
Update groups can not be used for this system because the construction atoms of a virtual site are only partly with a group of constrained atoms

Initializing Domain Decomposition on 1 ranks
Dynamic load balancing: auto
Minimum cell size due to atom displacement: 0.212 nm
Initial maximum distances in bonded interactions:
    two-body bonded interactions: 0.452 nm, LJ-14, atoms 54290 54299
  multi-body bonded interactions: 0.452 nm, Ryckaert-Bell., atoms 54290 54299
Minimum cell size due to bonded interactions: 0.497 nm
Maximum distance for 5 constraints, at 120 deg. angles, all-trans: 0.218 nm
Estimated maximum distance required for P-LINCS: 0.218 nm
Using 0 separate PME ranks because: there are too few total ranks for efficient splitting
Optimizing the DD grid for 1 cells with a minimum initial size of 0.497 nm
The maximum allowed number of cells is: X 21 Y 21 Z 21
Domain decomposition grid 1 x 1 x 1, separate PME ranks 0
PME domain decomposition: 1 x 1 x 1

The initial number of communication pulses is:
The initial domain decomposition cell size is:

The maximum allowed distance for atoms involved in interactions is:
                 non-bonded interactions           1.100 nm
(the following are initial values, they could change due to box deformation)
            two-body bonded interactions  (-rdd)   1.100 nm
          multi-body bonded interactions  (-rdd)   1.100 nm
              virtual site constructions  (-rcon) 10.544 nm
  atoms separated by up to 5 constraints  (-rcon) 10.544 nm

When dynamic load balancing gets turned on, these settings will change to:
The maximum number of communication pulses is:
The minimum size for domain decomposition cells is 1.100 nm
The requested allowed shrink of DD cells (option -dds) is: 0.80
The allowed shrink of domain decomposition cells is:
The maximum allowed distance for atoms involved in interactions is:
                 non-bonded interactions           1.100 nm
            two-body bonded interactions  (-rdd)   1.100 nm
          multi-body bonded interactions  (-rdd)   1.100 nm
              virtual site constructions  (-rcon)  1.100 nm
  atoms separated by up to 5 constraints  (-rcon)  1.100 nm

Using 1 MPI thread

Non-default thread affinity set, disabling internal thread affinity

Using 1 OpenMP thread 

System total charge: -0.000
Will do PME sum in reciprocal space for electrostatic interactions.

++++ PLEASE READ AND CITE THE FOLLOWING REFERENCE ++++
U. Essmann, L. Perera, M. L. Berkowitz, T. Darden, H. Lee and L. G. Pedersen 
A smooth particle mesh Ewald method
J. Chem. Phys. 103 (1995) pp. 8577-8592
-------- -------- --- Thank You --- -------- --------

Using a Gaussian width (1/beta) of 0.288146 nm for Ewald
Potential shift: LJ r^-12: -3.541e+00 r^-6: -1.882e+00, Ewald -1.111e-05
Initialized non-bonded Coulomb Ewald tables, spacing: 8.85e-04 size: 1018

Generated table with 1050 data points for 1-4 COUL.
Tabscale = 500 points/nm
Generated table with 1050 data points for 1-4 LJ6.
Tabscale = 500 points/nm
Generated table with 1050 data points for 1-4 LJ12.
Tabscale = 500 points/nm
Long Range LJ corr.: <C6> 7.0071e-04


Using SIMD2xMM 4x8 nonbonded short-range kernels

Using a 4x8 pair-list setup:
  updated every 10 steps, buffer 0.200 nm, rlist 1.100 nm

The average pressure is off by at most 0.00 bar due to missing LJ interactions

Using Geometric Lennard-Jones combination rule

Linking all bonded interactions to atoms
There are 5621 inter update-group virtual sites,
will perform an extra communication step for selected coordinates and forces


Initializing Parallel LINear Constraint Solver

++++ PLEASE READ AND CITE THE FOLLOWING REFERENCE ++++
B. Hess
P-LINCS: A Parallel Linear Constraint Solver for molecular simulation
J. Chem. Theory Comput. 4 (2008) pp. 116-122
-------- -------- --- Thank You --- -------- --------

The number of constraints is 50589
There are constraints between atoms in different decomposition domains,
will communicate selected coordinates each lincs iteration

++++ PLEASE READ AND CITE THE FOLLOWING REFERENCE ++++
G. Bussi, D. Donadio and M. Parrinello
Canonical sampling through velocity rescaling
J. Chem. Phys. 126 (2007) pp. 014101
-------- -------- --- Thank You --- -------- --------


++++ PLEASE READ AND CITE THE FOLLOWING REFERENCE ++++
M. Bernetti, G. Bussi
Pressure control using stochastic cell rescaling
J. Chem. Phys. 153 (2020) pp. 114107
-------- -------- --- Thank You --- -------- --------

There are: 78694 Atoms
There are: 5621 VSites

Atom distribution over 1 domains: av 84315 stddev 0 min 84315 max 84315
Center of mass motion removal mode is Linear
We have the following groups for center of mass motion removal:
  0:  rest

Started mdrun on rank 0 Tue May 27 15:00:03 2025

           Step           Time
              0        0.00000

   Energies (kJ/mol)
           Bond          Angle Ryckaert-Bell.          LJ-14     Coulomb-14
    2.85785e+04    1.38611e+05    2.67911e+04    1.23128e+04   -8.72041e+03
        LJ (SR)  Disper. corr.   Coulomb (SR)   Coul. recip.      Potential
   -1.44616e+05   -2.43583e+04   -3.34533e+04    1.08060e+04    5.95170e+03
    Kinetic En.   Total Energy  Conserved En.    Temperature Pres. DC (bar)
    2.25709e+05    2.31661e+05    2.31661e+05    2.92701e+02   -3.45790e+02
 Pressure (bar)   Constr. rmsd
   -4.36212e+02    4.17937e-06

           Step           Time
          10000       20.00000

   Energies (kJ/mol)
           Bond          Angle Ryckaert-Bell.          LJ-14     Coulomb-14
    2.85238e+04    1.39410e+05    2.72861e+04    1.26819e+04   -8.96917e+03
        LJ (SR)  Disper. corr.   Coulomb (SR)   Coul. recip.      Potential
   -1.63901e+05   -2.88115e+04   -3.35175e+04    1.02067e+04   -1.70901e+04
    Kinetic En.   Total Energy  Conserved En.    Temperature Pres. DC (bar)
    2.27024e+05    2.09934e+05    2.69406e+05    2.94407e+02   -4.83442e+02
 Pressure (bar)   Constr. rmsd
    2.25958e+02    4.10840e-06

Writing checkpoint, step 13440 at Tue May 27 15:15:04 2025


           Step           Time
          20000       40.00000

   Energies (kJ/mol)
           Bond          Angle Ryckaert-Bell.          LJ-14     Coulomb-14
    2.84891e+04    1.39883e+05    2.73016e+04    1.27582e+04   -8.81263e+03
        LJ (SR)  Disper. corr.   Coulomb (SR)   Coul. recip.      Potential
   -1.65515e+05   -2.90303e+04   -3.37802e+04    1.00062e+04   -1.87003e+04
    Kinetic En.   Total Energy  Conserved En.    Temperature Pres. DC (bar)
    2.26290e+05    2.07590e+05    2.87748e+05    2.93455e+02   -4.90799e+02
 Pressure (bar)   Constr. rmsd
    2.08362e+02    4.11439e-06

Writing checkpoint, step 26710 at Tue May 27 15:30:04 2025


           Step           Time
          30000       60.00000

   Energies (kJ/mol)
           Bond          Angle Ryckaert-Bell.          LJ-14     Coulomb-14
    2.81270e+04    1.40720e+05    2.68724e+04    1.25152e+04   -8.82898e+03
        LJ (SR)  Disper. corr.   Coulomb (SR)   Coul. recip.      Potential
   -1.67168e+05   -2.92498e+04   -3.38444e+04    9.91893e+03   -2.09374e+04
    Kinetic En.   Total Energy  Conserved En.    Temperature Pres. DC (bar)
    2.27550e+05    2.06613e+05    3.21848e+05    2.95089e+02   -4.98233e+02
 Pressure (bar)   Constr. rmsd
   -5.95424e+01    4.11055e-06

           Step           Time
          40000       80.00000

   Energies (kJ/mol)
           Bond          Angle Ryckaert-Bell.          LJ-14     Coulomb-14
    2.89189e+04    1.40632e+05    2.70830e+04    1.26911e+04   -8.89523e+03
        LJ (SR)  Disper. corr.   Coulomb (SR)   Coul. recip.      Potential
   -1.67896e+05   -2.92229e+04   -3.36189e+04    1.00544e+04   -2.02531e+04
    Kinetic En.   Total Energy  Conserved En.    Temperature Pres. DC (bar)
    2.26600e+05    2.06347e+05    3.44087e+05    2.93857e+02   -4.97319e+02
 Pressure (bar)   Constr. rmsd
    1.00353e+02    4.13484e-06

Writing checkpoint, step 40020 at Tue May 27 15:45:04 2025


           Step           Time
          50000      100.00000

   Energies (kJ/mol)
           Bond          Angle Ryckaert-Bell.          LJ-14     Coulomb-14
    2.87550e+04    1.41240e+05    2.71245e+04    1.27259e+04   -8.86164e+03
        LJ (SR)  Disper. corr.   Coulomb (SR)   Coul. recip.      Potential
   -1.67397e+05   -2.92712e+04   -3.36740e+04    9.95828e+03   -1.94004e+04
    Kinetic En.   Total Energy  Conserved En.    Temperature Pres. DC (bar)
    2.25267e+05    2.05866e+05    3.63867e+05    2.92128e+02   -4.98962e+02
 Pressure (bar)   Constr. rmsd
    2.16238e+02    4.09608e-06

Writing checkpoint, step 53360 at Tue May 27 16:00:04 2025


           Step           Time
          60000      120.00000

   Energies (kJ/mol)
           Bond          Angle Ryckaert-Bell.          LJ-14     Coulomb-14
    2.85772e+04    1.39930e+05    2.69405e+04    1.25851e+04   -8.78660e+03
        LJ (SR)  Disper. corr.   Coulomb (SR)   Coul. recip.      Potential
   -1.66536e+05   -2.91395e+04   -3.39765e+04    9.80791e+03   -2.05978e+04
    Kinetic En.   Total Energy  Conserved En.    Temperature Pres. DC (bar)
    2.25177e+05    2.04579e+05    3.78951e+05    2.92011e+02   -4.94489e+02
 Pressure (bar)   Constr. rmsd
    2.24858e+02    4.06335e-06

Writing checkpoint, step 66710 at Tue May 27 16:15:04 2025


           Step           Time
          70000      140.00000

   Energies (kJ/mol)
           Bond          Angle Ryckaert-Bell.          LJ-14     Coulomb-14
    2.88879e+04    1.39476e+05    2.68924e+04    1.27297e+04   -8.85265e+03
        LJ (SR)  Disper. corr.   Coulomb (SR)   Coul. recip.      Potential
   -1.66248e+05   -2.90914e+04   -3.38751e+04    9.77363e+03   -2.03084e+04
    Kinetic En.   Total Energy  Conserved En.    Temperature Pres. DC (bar)
    2.25695e+05    2.05387e+05    3.99412e+05    2.92683e+02   -4.92862e+02
 Pressure (bar)   Constr. rmsd
    7.39010e+01    4.05259e-06

           Step           Time
          80000      160.00000

   Energies (kJ/mol)
           Bond          Angle Ryckaert-Bell.          LJ-14     Coulomb-14
    2.87068e+04    1.39087e+05    2.68008e+04    1.25554e+04   -8.97060e+03
        LJ (SR)  Disper. corr.   Coulomb (SR)   Coul. recip.      Potential
   -1.67374e+05   -2.91928e+04   -3.35975e+04    9.95505e+03   -2.20298e+04
    Kinetic En.   Total Energy  Conserved En.    Temperature Pres. DC (bar)
    2.25809e+05    2.03779e+05    4.21445e+05    2.92830e+02   -4.96298e+02
 Pressure (bar)   Constr. rmsd
   -4.41313e+01    4.09181e-06

Writing checkpoint, step 80050 at Tue May 27 16:30:04 2025


           Step           Time
          90000      180.00000

   Energies (kJ/mol)
           Bond          Angle Ryckaert-Bell.          LJ-14     Coulomb-14
    2.89409e+04    1.40439e+05    2.68741e+04    1.26555e+04   -8.85078e+03
        LJ (SR)  Disper. corr.   Coulomb (SR)   Coul. recip.      Potential
   -1.67439e+05   -2.92515e+04   -3.37301e+04    9.98635e+03   -2.03756e+04
    Kinetic En.   Total Energy  Conserved En.    Temperature Pres. DC (bar)
    2.26572e+05    2.06197e+05    4.38141e+05    2.93820e+02   -4.98291e+02
 Pressure (bar)   Constr. rmsd
    1.01353e+02    4.11071e-06

Writing checkpoint, step 93370 at Tue May 27 16:45:04 2025


           Step           Time
         100000      200.00000

   Energies (kJ/mol)
           Bond          Angle Ryckaert-Bell.          LJ-14     Coulomb-14
    2.87302e+04    1.39726e+05    2.68685e+04    1.24434e+04   -8.93549e+03
        LJ (SR)  Disper. corr.   Coulomb (SR)   Coul. recip.      Potential
   -1.66457e+05   -2.91419e+04   -3.37371e+04    9.91091e+03   -2.05930e+04
    Kinetic En.   Total Energy  Conserved En.    Temperature Pres. DC (bar)
    2.26104e+05    2.05511e+05    4.46592e+05    2.93213e+02   -4.94570e+02
 Pressure (bar)   Constr. rmsd
    8.19016e+01    4.07806e-06

Writing checkpoint, step 106680 at Tue May 27 17:00:04 2025


           Step           Time
         110000      220.00000

   Energies (kJ/mol)
           Bond          Angle Ryckaert-Bell.          LJ-14     Coulomb-14
    2.81877e+04    1.40774e+05    2.70651e+04    1.29818e+04   -8.81803e+03
        LJ (SR)  Disper. corr.   Coulomb (SR)   Coul. recip.      Potential
   -1.66394e+05   -2.91630e+04   -3.39252e+04    9.93218e+03   -1.93595e+04
    Kinetic En.   Total Energy  Conserved En.    Temperature Pres. DC (bar)
    2.27138e+05    2.07778e+05    4.60472e+05    2.94554e+02   -4.95286e+02
 Pressure (bar)   Constr. rmsd
    3.70194e+02    4.14653e-06

           Step           Time
         120000      240.00000

   Energies (kJ/mol)
           Bond          Angle Ryckaert-Bell.          LJ-14     Coulomb-14
    2.96349e+04    1.40095e+05    2.70245e+04    1.22951e+04   -8.63458e+03
        LJ (SR)  Disper. corr.   Coulomb (SR)   Coul. recip.      Potential
   -1.66500e+05   -2.90711e+04   -3.40735e+04    1.00906e+04   -1.91397e+04
    Kinetic En.   Total Energy  Conserved En.    Temperature Pres. DC (bar)
    2.24912e+05    2.05772e+05    4.83902e+05    2.91667e+02   -4.92177e+02
 Pressure (bar)   Constr. rmsd
   -4.73711e+02    4.18548e-06

Writing checkpoint, step 120010 at Tue May 27 17:15:04 2025


           Step           Time
         130000      260.00000

   Energies (kJ/mol)
           Bond          Angle Ryckaert-Bell.          LJ-14     Coulomb-14
    2.85176e+04    1.40486e+05    2.72030e+04    1.26895e+04   -8.77465e+03
        LJ (SR)  Disper. corr.   Coulomb (SR)   Coul. recip.      Potential
   -1.67280e+05   -2.91852e+04   -3.40518e+04    9.80803e+03   -2.05874e+04
    Kinetic En.   Total Energy  Conserved En.    Temperature Pres. DC (bar)
    2.26230e+05    2.05643e+05    5.10100e+05    2.93377e+02   -4.96040e+02
 Pressure (bar)   Constr. rmsd
   -1.53803e+02    4.14942e-06

Writing checkpoint, step 133340 at Tue May 27 17:30:04 2025


           Step           Time
         140000      280.00000

   Energies (kJ/mol)
           Bond          Angle Ryckaert-Bell.          LJ-14     Coulomb-14
    2.85023e+04    1.40345e+05    2.70143e+04    1.26779e+04   -8.78527e+03
        LJ (SR)  Disper. corr.   Coulomb (SR)   Coul. recip.      Potential
   -1.67212e+05   -2.91989e+04   -3.38205e+04    9.96923e+03   -2.05074e+04
    Kinetic En.   Total Energy  Conserved En.    Temperature Pres. DC (bar)
    2.25916e+05    2.05408e+05    5.35385e+05    2.92969e+02   -4.96503e+02
 Pressure (bar)   Constr. rmsd
    1.37380e+02    4.15249e-06

Writing checkpoint, step 146680 at Tue May 27 17:45:04 2025


           Step           Time
         150000      300.00000

   Energies (kJ/mol)
           Bond          Angle Ryckaert-Bell.          LJ-14     Coulomb-14
    2.83431e+04    1.41421e+05    2.71304e+04    1.27606e+04   -8.80164e+03
        LJ (SR)  Disper. corr.   Coulomb (SR)   Coul. recip.      Potential
   -1.66848e+05   -2.92556e+04   -3.37871e+04    1.00456e+04   -1.89926e+04
    Kinetic En.   Total Energy  Conserved En.    Temperature Pres. DC (bar)
    2.26539e+05    2.07546e+05    5.50482e+05    2.93777e+02   -4.98431e+02
 Pressure (bar)   Constr. rmsd
   -5.63674e+00    4.07439e-06

Writing checkpoint, step 159990 at Tue May 27 18:00:04 2025


           Step           Time
         160000      320.00000

   Energies (kJ/mol)
           Bond          Angle Ryckaert-Bell.          LJ-14     Coulomb-14
    2.92901e+04    1.40849e+05    2.70129e+04    1.24898e+04   -8.87878e+03
        LJ (SR)  Disper. corr.   Coulomb (SR)   Coul. recip.      Potential
   -1.65672e+05   -2.90216e+04   -3.37989e+04    9.96586e+03   -1.77636e+04
    Kinetic En.   Total Energy  Conserved En.    Temperature Pres. DC (bar)
    2.24866e+05    2.07102e+05    5.73898e+05    2.91608e+02   -4.90505e+02
 Pressure (bar)   Constr. rmsd
   -3.74192e+02    4.07559e-06

           Step           Time
         170000      340.00000

   Energies (kJ/mol)
           Bond          Angle Ryckaert-Bell.          LJ-14     Coulomb-14
    2.93818e+04    1.40849e+05    2.70452e+04    1.23263e+04   -8.90507e+03
        LJ (SR)  Disper. corr.   Coulomb (SR)   Coul. recip.      Potential
   -1.67008e+05   -2.91857e+04   -3.36641e+04    1.00058e+04   -1.91546e+04
    Kinetic En.   Total Energy  Conserved En.    Temperature Pres. DC (bar)
    2.25694e+05    2.06539e+05    5.91365e+05    2.92681e+02   -4.96056e+02
 Pressure (bar)   Constr. rmsd
   -2.58162e+02    4.11939e-06

Writing checkpoint, step 173320 at Tue May 27 18:15:04 2025


           Step           Time
         180000      360.00000

   Energies (kJ/mol)
           Bond          Angle Ryckaert-Bell.          LJ-14     Coulomb-14
    2.90758e+04    1.39868e+05    2.71078e+04    1.24872e+04   -8.85083e+03
        LJ (SR)  Disper. corr.   Coulomb (SR)   Coul. recip.      Potential
   -1.65607e+05   -2.90028e+04   -3.37656e+04    1.00295e+04   -1.86581e+04
    Kinetic En.   Total Energy  Conserved En.    Temperature Pres. DC (bar)
    2.24341e+05    2.05683e+05    6.09683e+05    2.90927e+02   -4.89871e+02
 Pressure (bar)   Constr. rmsd
   -6.00697e+02    4.10020e-06

Writing checkpoint, step 186660 at Tue May 27 18:30:04 2025


           Step           Time
         190000      380.00000

   Energies (kJ/mol)
           Bond          Angle Ryckaert-Bell.          LJ-14     Coulomb-14
    2.83018e+04    1.39701e+05    2.72733e+04    1.31593e+04   -8.65060e+03
        LJ (SR)  Disper. corr.   Coulomb (SR)   Coul. recip.      Potential
   -1.66640e+05   -2.91880e+04   -3.40710e+04    1.00096e+04   -2.01043e+04
    Kinetic En.   Total Energy  Conserved En.    Temperature Pres. DC (bar)
    2.26926e+05    2.06822e+05    6.65210e+05    2.94279e+02   -4.96133e+02
 Pressure (bar)   Constr. rmsd
    7.80089e+02    4.12994e-06

Writing checkpoint, step 199990 at Tue May 27 18:45:04 2025


           Step           Time
         200000      400.00000

   Energies (kJ/mol)
           Bond          Angle Ryckaert-Bell.          LJ-14     Coulomb-14
    2.86971e+04    1.39967e+05    2.74145e+04    1.25039e+04   -8.81603e+03
        LJ (SR)  Disper. corr.   Coulomb (SR)   Coul. recip.      Potential
   -1.66201e+05   -2.90838e+04   -3.38120e+04    9.99781e+03   -1.93324e+04
    Kinetic En.   Total Energy  Conserved En.    Temperature Pres. DC (bar)
    2.26088e+05    2.06756e+05    6.88064e+05    2.93193e+02   -4.92606e+02
 Pressure (bar)   Constr. rmsd
   -1.70132e+02    4.18523e-06

           Step           Time
         210000      420.00000

   Energies (kJ/mol)
           Bond          Angle Ryckaert-Bell.          LJ-14     Coulomb-14
    2.84425e+04    1.40410e+05    2.67177e+04    1.28897e+04   -8.79680e+03
        LJ (SR)  Disper. corr.   Coulomb (SR)   Coul. recip.      Potential
   -1.67931e+05   -2.92776e+04   -3.39401e+04    9.93416e+03   -2.15523e+04
    Kinetic En.   Total Energy  Conserved En.    Temperature Pres. DC (bar)
    2.25623e+05    2.04070e+05    6.97798e+05    2.92589e+02   -4.99178e+02
 Pressure (bar)   Constr. rmsd
    4.12118e+02    4.11698e-06

Writing checkpoint, step 213310 at Tue May 27 19:00:04 2025


           Step           Time
         220000      440.00000

   Energies (kJ/mol)
           Bond          Angle Ryckaert-Bell.          LJ-14     Coulomb-14
    2.90791e+04    1.41018e+05    2.70550e+04    1.26500e+04   -8.74290e+03
        LJ (SR)  Disper. corr.   Coulomb (SR)   Coul. recip.      Potential
   -1.67155e+05   -2.92403e+04   -3.40309e+04    9.90133e+03   -1.94658e+04
    Kinetic En.   Total Energy  Conserved En.    Temperature Pres. DC (bar)
    2.25309e+05    2.05843e+05    7.04404e+05    2.92182e+02   -4.97911e+02
 Pressure (bar)   Constr. rmsd
   -1.61401e+02    4.09507e-06

Writing checkpoint, step 226620 at Tue May 27 19:15:04 2025


           Step           Time
         230000      460.00000

   Energies (kJ/mol)
           Bond          Angle Ryckaert-Bell.          LJ-14     Coulomb-14
    2.83726e+04    1.40223e+05    2.68178e+04    1.28408e+04   -8.80548e+03
        LJ (SR)  Disper. corr.   Coulomb (SR)   Coul. recip.      Potential
   -1.66874e+05   -2.91824e+04   -3.37900e+04    9.95303e+03   -2.04456e+04
    Kinetic En.   Total Energy  Conserved En.    Temperature Pres. DC (bar)
    2.26980e+05    2.06534e+05    7.45650e+05    2.94349e+02   -4.95943e+02
 Pressure (bar)   Constr. rmsd
    2.76637e+02    4.14326e-06

           Step           Time
         240000      480.00000

   Energies (kJ/mol)
           Bond          Angle Ryckaert-Bell.          LJ-14     Coulomb-14
    2.86385e+04    1.39332e+05    2.72007e+04    1.25328e+04   -8.91890e+03
        LJ (SR)  Disper. corr.   Coulomb (SR)   Coul. recip.      Potential
   -1.67133e+05   -2.91628e+04   -3.37533e+04    1.00737e+04   -2.11898e+04
    Kinetic En.   Total Energy  Conserved En.    Temperature Pres. DC (bar)
    2.24959e+05    2.03769e+05    7.55096e+05    2.91728e+02   -4.95280e+02
 Pressure (bar)   Constr. rmsd
    6.19051e+01    4.12336e-06

Writing checkpoint, step 240050 at Tue May 27 19:30:04 2025


           Step           Time
         250000      500.00000

   Energies (kJ/mol)
           Bond          Angle Ryckaert-Bell.          LJ-14     Coulomb-14
    2.90394e+04    1.40568e+05    2.71053e+04    1.26495e+04   -8.93515e+03
        LJ (SR)  Disper. corr.   Coulomb (SR)   Coul. recip.      Potential
   -1.66562e+05   -2.91458e+04   -3.37633e+04    9.87016e+03   -1.91732e+04
    Kinetic En.   Total Energy  Conserved En.    Temperature Pres. DC (bar)
    2.25560e+05    2.06387e+05    7.71126e+05    2.92508e+02   -4.94703e+02
 Pressure (bar)   Constr. rmsd
   -7.96870e+01    4.05638e-06

Writing checkpoint, step 253460 at Tue May 27 19:45:04 2025


           Step           Time
         260000      520.00000

   Energies (kJ/mol)
           Bond          Angle Ryckaert-Bell.          LJ-14     Coulomb-14
    2.84202e+04    1.41561e+05    2.70938e+04    1.29377e+04   -8.72195e+03
        LJ (SR)  Disper. corr.   Coulomb (SR)   Coul. recip.      Potential
   -1.67735e+05   -2.93741e+04   -3.39658e+04    9.95866e+03   -1.98250e+04
    Kinetic En.   Total Energy  Conserved En.    Temperature Pres. DC (bar)
    2.27745e+05    2.07920e+05    7.95103e+05    2.95341e+02   -5.02469e+02
 Pressure (bar)   Constr. rmsd
    9.32237e+02    4.12572e-06

Writing checkpoint, step 266870 at Tue May 27 20:00:04 2025


           Step           Time
         270000      540.00000

   Energies (kJ/mol)
           Bond          Angle Ryckaert-Bell.          LJ-14     Coulomb-14
    2.84429e+04    1.39762e+05    2.72251e+04    1.27526e+04   -8.77372e+03
        LJ (SR)  Disper. corr.   Coulomb (SR)   Coul. recip.      Potential
   -1.67079e+05   -2.92170e+04   -3.39720e+04    9.89115e+03   -2.09677e+04
    Kinetic En.   Total Energy  Conserved En.    Temperature Pres. DC (bar)
    2.25820e+05    2.04852e+05    8.15850e+05    2.92844e+02   -4.97117e+02
 Pressure (bar)   Constr. rmsd
    4.20634e+02    4.10241e-06

           Step           Time
         280000      560.00000

   Energies (kJ/mol)
           Bond          Angle Ryckaert-Bell.          LJ-14     Coulomb-14
    2.85155e+04    1.41762e+05    2.72738e+04    1.26364e+04   -8.74646e+03
        LJ (SR)  Disper. corr.   Coulomb (SR)   Coul. recip.      Potential
   -1.67583e+05   -2.92313e+04   -3.41336e+04    9.83021e+03   -1.96767e+04
    Kinetic En.   Total Energy  Conserved En.    Temperature Pres. DC (bar)
    2.27989e+05    2.08313e+05    8.27545e+05    2.95658e+02   -4.97604e+02
 Pressure (bar)   Constr. rmsd
    1.01764e+02    4.15230e-06

Writing checkpoint, step 280290 at Tue May 27 20:15:04 2025


           Step           Time
         290000      580.00000

   Energies (kJ/mol)
           Bond          Angle Ryckaert-Bell.          LJ-14     Coulomb-14
    2.95495e+04    1.40907e+05    2.67455e+04    1.26825e+04   -8.82534e+03
        LJ (SR)  Disper. corr.   Coulomb (SR)   Coul. recip.      Potential
   -1.66126e+05   -2.91885e+04   -3.39345e+04    9.91789e+03   -1.82726e+04
    Kinetic En.   Total Energy  Conserved En.    Temperature Pres. DC (bar)
    2.26464e+05    2.08192e+05    8.45749e+05    2.93680e+02   -4.96151e+02
 Pressure (bar)   Constr. rmsd
   -8.48819e+01    4.11127e-06

Writing checkpoint, step 293720 at Tue May 27 20:30:04 2025


           Step           Time
         300000      600.00000

   Energies (kJ/mol)
           Bond          Angle Ryckaert-Bell.          LJ-14     Coulomb-14
    2.86742e+04    1.39168e+05    2.65775e+04    1.25519e+04   -8.76131e+03
        LJ (SR)  Disper. corr.   Coulomb (SR)   Coul. recip.      Potential
   -1.66456e+05   -2.92078e+04   -3.39581e+04    9.98862e+03   -2.14228e+04
    Kinetic En.   Total Energy  Conserved En.    Temperature Pres. DC (bar)
    2.25894e+05    2.04472e+05    8.63713e+05    2.92941e+02   -4.96807e+02
 Pressure (bar)   Constr. rmsd
   -1.24044e+01    4.09243e-06

Writing checkpoint, step 307150 at Tue May 27 20:45:04 2025


           Step           Time
         310000      620.00000

   Energies (kJ/mol)
           Bond          Angle Ryckaert-Bell.          LJ-14     Coulomb-14
    2.93748e+04    1.40365e+05    2.69377e+04    1.22589e+04   -8.87961e+03
        LJ (SR)  Disper. corr.   Coulomb (SR)   Coul. recip.      Potential
   -1.66659e+05   -2.91072e+04   -3.37154e+04    9.97134e+03   -1.94535e+04
    Kinetic En.   Total Energy  Conserved En.    Temperature Pres. DC (bar)
    2.26176e+05    2.06723e+05    8.87861e+05    2.93307e+02   -4.93395e+02
 Pressure (bar)   Constr. rmsd
   -7.80262e+02    4.12912e-06

           Step           Time
         320000      640.00000

   Energies (kJ/mol)
           Bond          Angle Ryckaert-Bell.          LJ-14     Coulomb-14
    2.90841e+04    1.39761e+05    2.68382e+04    1.25030e+04   -8.65312e+03
        LJ (SR)  Disper. corr.   Coulomb (SR)   Coul. recip.      Potential
   -1.66753e+05   -2.92045e+04   -3.41708e+04    9.99724e+03   -2.05984e+04
    Kinetic En.   Total Energy  Conserved En.    Temperature Pres. DC (bar)
    2.27197e+05    2.06599e+05    9.11786e+05    2.94631e+02   -4.96695e+02
 Pressure (bar)   Constr. rmsd
   -3.84549e+02    4.13012e-06

Writing checkpoint, step 320550 at Tue May 27 21:00:04 2025


           Step           Time
         330000      660.00000

   Energies (kJ/mol)
           Bond          Angle Ryckaert-Bell.          LJ-14     Coulomb-14
    2.90017e+04    1.41558e+05    2.68292e+04    1.26170e+04   -8.64334e+03
        LJ (SR)  Disper. corr.   Coulomb (SR)   Coul. recip.      Potential
   -1.66368e+05   -2.91031e+04   -3.40845e+04    1.00052e+04   -1.81873e+04
    Kinetic En.   Total Energy  Conserved En.    Temperature Pres. DC (bar)
    2.26646e+05    2.08459e+05    9.22786e+05    2.93917e+02   -4.93259e+02
 Pressure (bar)   Constr. rmsd
   -2.14127e+02    4.10469e-06

Writing checkpoint, step 333960 at Tue May 27 21:15:04 2025


           Step           Time
         340000      680.00000

   Energies (kJ/mol)
           Bond          Angle Ryckaert-Bell.          LJ-14     Coulomb-14
    2.86089e+04    1.40761e+05    2.69598e+04    1.24947e+04   -8.62442e+03
        LJ (SR)  Disper. corr.   Coulomb (SR)   Coul. recip.      Potential
   -1.66707e+05   -2.91730e+04   -3.41878e+04    9.95632e+03   -1.99111e+04
    Kinetic En.   Total Energy  Conserved En.    Temperature Pres. DC (bar)
    2.24627e+05    2.04716e+05    9.52182e+05    2.91298e+02   -4.95625e+02
 Pressure (bar)   Constr. rmsd
   -9.47253e+00    4.07121e-06

Writing checkpoint, step 347380 at Tue May 27 21:30:04 2025


           Step           Time
         350000      700.00000

   Energies (kJ/mol)
           Bond          Angle Ryckaert-Bell.          LJ-14     Coulomb-14
    2.88909e+04    1.39641e+05    2.70793e+04    1.27937e+04   -8.54210e+03
        LJ (SR)  Disper. corr.   Coulomb (SR)   Coul. recip.      Potential
   -1.67603e+05   -2.93037e+04   -3.43998e+04    9.79309e+03   -2.16507e+04
    Kinetic En.   Total Energy  Conserved En.    Temperature Pres. DC (bar)
    2.27931e+05    2.06280e+05    9.60301e+05    2.95583e+02   -5.00066e+02
 Pressure (bar)   Constr. rmsd
    6.12068e+01    4.14208e-06

           Step           Time
         360000      720.00000

   Energies (kJ/mol)
           Bond          Angle Ryckaert-Bell.          LJ-14     Coulomb-14
    2.88885e+04    1.39732e+05    2.68700e+04    1.25059e+04   -8.62805e+03
        LJ (SR)  Disper. corr.   Coulomb (SR)   Coul. recip.      Potential
   -1.65704e+05   -2.90374e+04   -3.41963e+04    9.96682e+03   -1.96029e+04
    Kinetic En.   Total Energy  Conserved En.    Temperature Pres. DC (bar)
    2.26150e+05    2.06547e+05    9.72654e+05    2.93273e+02   -4.91037e+02
 Pressure (bar)   Constr. rmsd
   -3.41711e+02    4.15073e-06

Writing checkpoint, step 360770 at Tue May 27 21:45:04 2025


           Step           Time
         370000      740.00000

   Energies (kJ/mol)
           Bond          Angle Ryckaert-Bell.          LJ-14     Coulomb-14
    2.83726e+04    1.41098e+05    2.72889e+04    1.27766e+04   -8.60925e+03
        LJ (SR)  Disper. corr.   Coulomb (SR)   Coul. recip.      Potential
   -1.67153e+05   -2.92864e+04   -3.41921e+04    1.00120e+04   -1.96929e+04
    Kinetic En.   Total Energy  Conserved En.    Temperature Pres. DC (bar)
    2.24674e+05    2.04981e+05    9.94217e+05    2.91358e+02   -4.99477e+02
 Pressure (bar)   Constr. rmsd
    4.57957e+02    4.04819e-06

Writing checkpoint, step 374180 at Tue May 27 22:00:04 2025


           Step           Time
         380000      760.00000

   Energies (kJ/mol)
           Bond          Angle Ryckaert-Bell.          LJ-14     Coulomb-14
    2.89071e+04    1.41072e+05    2.69327e+04    1.28663e+04   -8.62742e+03
        LJ (SR)  Disper. corr.   Coulomb (SR)   Coul. recip.      Potential
   -1.66474e+05   -2.91756e+04   -3.42140e+04    9.91108e+03   -1.88017e+04
    Kinetic En.   Total Energy  Conserved En.    Temperature Pres. DC (bar)
    2.26097e+05    2.07295e+05    1.01104e+06    2.93204e+02   -4.95712e+02
 Pressure (bar)   Constr. rmsd
    4.42858e+02    4.10727e-06

Writing checkpoint, step 387600 at Tue May 27 22:15:04 2025


           Step           Time
         390000      780.00000

   Energies (kJ/mol)
           Bond          Angle Ryckaert-Bell.          LJ-14     Coulomb-14
    2.87261e+04    1.39707e+05    2.69227e+04    1.27413e+04   -8.75048e+03
        LJ (SR)  Disper. corr.   Coulomb (SR)   Coul. recip.      Potential
   -1.66301e+05   -2.90550e+04   -3.39339e+04    9.95487e+03   -1.99881e+04
    Kinetic En.   Total Energy  Conserved En.    Temperature Pres. DC (bar)
    2.26595e+05    2.06607e+05    1.03755e+06    2.93850e+02   -4.91630e+02
 Pressure (bar)   Constr. rmsd
   -3.49949e+02    4.08111e-06

           Step           Time
         400000      800.00000

   Energies (kJ/mol)
           Bond          Angle Ryckaert-Bell.          LJ-14     Coulomb-14
    2.90022e+04    1.41281e+05    2.66838e+04    1.26473e+04   -8.72742e+03
        LJ (SR)  Disper. corr.   Coulomb (SR)   Coul. recip.      Potential
   -1.67457e+05   -2.92364e+04   -3.40862e+04    9.89803e+03   -1.99947e+04
    Kinetic En.   Total Energy  Conserved En.    Temperature Pres. DC (bar)
    2.26092e+05    2.06097e+05    1.05326e+06    2.93198e+02   -4.97776e+02
 Pressure (bar)   Constr. rmsd
   -1.15668e+02    4.12774e-06

Writing checkpoint, step 401030 at Tue May 27 22:30:04 2025


           Step           Time
         410000      820.00000

   Energies (kJ/mol)
           Bond          Angle Ryckaert-Bell.          LJ-14     Coulomb-14
    2.84631e+04    1.41624e+05    2.68810e+04    1.27952e+04   -8.64546e+03
        LJ (SR)  Disper. corr.   Coulomb (SR)   Coul. recip.      Potential
   -1.66615e+05   -2.91730e+04   -3.41412e+04    1.00255e+04   -1.87858e+04
    Kinetic En.   Total Energy  Conserved En.    Temperature Pres. DC (bar)
    2.26770e+05    2.07984e+05    1.08727e+06    2.94077e+02   -4.95626e+02
 Pressure (bar)   Constr. rmsd
    2.26216e+02    4.08528e-06

Writing checkpoint, step 414440 at Tue May 27 22:45:04 2025


           Step           Time
         420000      840.00000

   Energies (kJ/mol)
           Bond          Angle Ryckaert-Bell.          LJ-14     Coulomb-14
    2.90451e+04    1.40488e+05    2.65195e+04    1.25937e+04   -8.71470e+03
        LJ (SR)  Disper. corr.   Coulomb (SR)   Coul. recip.      Potential
   -1.66757e+05   -2.91966e+04   -3.40584e+04    9.95470e+03   -2.01263e+04
    Kinetic En.   Total Energy  Conserved En.    Temperature Pres. DC (bar)
    2.25912e+05    2.05786e+05    1.10332e+06    2.92965e+02   -4.96427e+02
 Pressure (bar)   Constr. rmsd
   -3.68599e+02    4.10107e-06

Writing checkpoint, step 427840 at Tue May 27 23:00:04 2025


           Step           Time
         430000      860.00000

   Energies (kJ/mol)
           Bond          Angle Ryckaert-Bell.          LJ-14     Coulomb-14
    2.88036e+04    1.40284e+05    2.72957e+04    1.26952e+04   -8.75020e+03
        LJ (SR)  Disper. corr.   Coulomb (SR)   Coul. recip.      Potential
   -1.67618e+05   -2.93401e+04   -3.40202e+04    9.86572e+03   -2.07843e+04
    Kinetic En.   Total Energy  Conserved En.    Temperature Pres. DC (bar)
    2.27152e+05    2.06368e+05    1.13044e+06    2.94572e+02   -5.01308e+02
 Pressure (bar)   Constr. rmsd
    8.15222e+01    4.13034e-06

           Step           Time
         440000      880.00000

   Energies (kJ/mol)
           Bond          Angle Ryckaert-Bell.          LJ-14     Coulomb-14
    2.82822e+04    1.39941e+05    2.67685e+04    1.26676e+04   -8.78144e+03
        LJ (SR)  Disper. corr.   Coulomb (SR)   Coul. recip.      Potential
   -1.67907e+05   -2.93217e+04   -3.40824e+04    9.80203e+03   -2.26311e+04
    Kinetic En.   Total Energy  Conserved En.    Temperature Pres. DC (bar)
    2.26335e+05    2.03704e+05    1.15364e+06    2.93513e+02   -5.00681e+02
 Pressure (bar)   Constr. rmsd
    3.75163e+02    4.11767e-06

Writing checkpoint, step 441210 at Tue May 27 23:15:04 2025


           Step           Time
         450000      900.00000

   Energies (kJ/mol)
           Bond          Angle Ryckaert-Bell.          LJ-14     Coulomb-14
    2.89007e+04    1.40292e+05    2.71748e+04    1.27110e+04   -8.72724e+03
        LJ (SR)  Disper. corr.   Coulomb (SR)   Coul. recip.      Potential
   -1.67885e+05   -2.93393e+04   -3.40055e+04    9.94195e+03   -2.09361e+04
    Kinetic En.   Total Energy  Conserved En.    Temperature Pres. DC (bar)
    2.26460e+05    2.05524e+05    1.16513e+06    2.93675e+02   -5.01280e+02
 Pressure (bar)   Constr. rmsd
    2.36484e+01    4.08350e-06

Writing checkpoint, step 454610 at Tue May 27 23:30:04 2025


           Step           Time
         460000      920.00000

   Energies (kJ/mol)
           Bond          Angle Ryckaert-Bell.          LJ-14     Coulomb-14
    2.95649e+04    1.40551e+05    2.72630e+04    1.25253e+04   -8.71379e+03
        LJ (SR)  Disper. corr.   Coulomb (SR)   Coul. recip.      Potential
   -1.66773e+05   -2.91631e+04   -3.40137e+04    1.00221e+04   -1.87379e+04
    Kinetic En.   Total Energy  Conserved En.    Temperature Pres. DC (bar)
    2.26572e+05    2.07834e+05    1.18114e+06    2.93820e+02   -4.95290e+02
 Pressure (bar)   Constr. rmsd
   -7.70420e+01    4.18515e-06

Writing checkpoint, step 468010 at Tue May 27 23:45:04 2025


           Step           Time
         470000      940.00000

   Energies (kJ/mol)
           Bond          Angle Ryckaert-Bell.          LJ-14     Coulomb-14
    2.91124e+04    1.40302e+05    2.70182e+04    1.26419e+04   -8.77093e+03
        LJ (SR)  Disper. corr.   Coulomb (SR)   Coul. recip.      Potential
   -1.66830e+05   -2.91328e+04   -3.39308e+04    9.88307e+03   -1.97071e+04
    Kinetic En.   Total Energy  Conserved En.    Temperature Pres. DC (bar)
    2.26503e+05    2.06796e+05    1.19657e+06    2.93731e+02   -4.94261e+02
 Pressure (bar)   Constr. rmsd
    1.91699e+02    4.11739e-06

           Step           Time
         480000      960.00000

   Energies (kJ/mol)
           Bond          Angle Ryckaert-Bell.          LJ-14     Coulomb-14
    2.88131e+04    1.40880e+05    2.63062e+04    1.26136e+04   -8.80110e+03
        LJ (SR)  Disper. corr.   Coulomb (SR)   Coul. recip.      Potential
   -1.66347e+05   -2.91714e+04   -3.39034e+04    9.97944e+03   -1.96301e+04
    Kinetic En.   Total Energy  Conserved En.    Temperature Pres. DC (bar)
    2.25182e+05    2.05552e+05    1.20823e+06    2.92018e+02   -4.95570e+02
 Pressure (bar)   Constr. rmsd
    4.46207e+01    4.11420e-06

Writing checkpoint, step 481410 at Wed May 28 00:00:04 2025


           Step           Time
         490000      980.00000

   Energies (kJ/mol)
           Bond          Angle Ryckaert-Bell.          LJ-14     Coulomb-14
    2.88716e+04    1.40663e+05    2.70863e+04    1.25231e+04   -8.84634e+03
        LJ (SR)  Disper. corr.   Coulomb (SR)   Coul. recip.      Potential
   -1.67735e+05   -2.92981e+04   -3.39528e+04    9.76063e+03   -2.09281e+04
    Kinetic En.   Total Energy  Conserved En.    Temperature Pres. DC (bar)
    2.26383e+05    2.05455e+05    1.23321e+06    2.93576e+02   -4.99876e+02
 Pressure (bar)   Constr. rmsd
   -1.56432e+02    4.15725e-06

Writing checkpoint, step 494810 at Wed May 28 00:15:04 2025


           Step           Time
         500000     1000.00000

Writing checkpoint, step 500000 at Wed May 28 00:20:52 2025


   Energies (kJ/mol)
           Bond          Angle Ryckaert-Bell.          LJ-14     Coulomb-14
    2.86688e+04    1.39948e+05    2.69139e+04    1.26574e+04   -8.81640e+03
        LJ (SR)  Disper. corr.   Coulomb (SR)   Coul. recip.      Potential
   -1.67902e+05   -2.93333e+04   -3.38758e+04    9.97622e+03   -2.17633e+04
    Kinetic En.   Total Energy  Conserved En.    Temperature Pres. DC (bar)
    2.27027e+05    2.05264e+05    1.24709e+06    2.94411e+02   -5.01076e+02
 Pressure (bar)   Constr. rmsd
    4.34675e+02    4.13645e-06


Energy conservation over simulation part #1 of length 1000 ps, time 0 to 1000 ps
  Conserved energy drift: 1.20e-02 kJ/mol/ps per atom


	<======  ###############  ==>
	<====  A V E R A G E S  ====>
	<==  ###############  ======>

	Statistics over 500001 steps using 5001 frames

   Energies (kJ/mol)
           Bond          Angle Ryckaert-Bell.          LJ-14     Coulomb-14
    2.88272e+04    1.40328e+05    2.70035e+04    1.26325e+04   -8.77407e+03
        LJ (SR)  Disper. corr.   Coulomb (SR)   Coul. recip.      Potential
   -1.66614e+05   -2.91327e+04   -3.39296e+04    9.97357e+03   -1.96858e+04
    Kinetic En.   Total Energy  Conserved En.    Temperature Pres. DC (bar)
    2.26078e+05    2.06392e+05    7.61602e+05    2.93180e+02   -4.94329e+02
 Pressure (bar)   Constr. rmsd
   -3.43120e+01    0.00000e+00

          Box-X          Box-Y          Box-Z
    9.93533e+00    9.93533e+00    9.93533e+00

   Total Virial (kJ/mol)
    7.63429e+04   -1.17096e+01    9.16425e+01
   -1.17155e+01    7.63806e+04   -6.27863e+01
    9.16501e+01   -6.27912e+01    7.64611e+04

   Pressure (bar)
   -3.27908e+01    3.80562e-01   -2.79984e+00
    3.80759e-01   -3.33666e+01    1.74955e+00
   -2.80010e+00    1.74971e+00   -3.67786e+01


	M E G A - F L O P S   A C C O U N T I N G

 NB=Group-cutoff nonbonded kernels    NxN=N-by-N cluster Verlet kernels
 RF=Reaction-Field  VdW=Van der Waals  QSTab=quadratic-spline table
 W3=SPC/TIP3p  W4=TIP4p (single or pairs)
 V&F=Potential and force  V=Potential only  F=Force only

 Computing:                               M-Number         M-Flops  % Flops
-----------------------------------------------------------------------------
 Pair Search distance check         1656473.292690    14908259.634     1.0
 NxN Ewald Elec. + LJ [F]          20366703.145280  1344202407.588    88.1
 NxN Ewald Elec. + LJ [V&F]          205735.078240    22013653.372     1.4
 NxN Ewald Elec. [F]                 226751.178784    13831821.906     0.9
 NxN Ewald Elec. [V&F]                 2289.767488      192340.469     0.0
 1,4 nonbonded interactions           75883.651767     6829528.659     0.4
 Calc Weights                        126472.752945     4553019.106     0.3
 Spread Q Bspline                   2698085.396160     5396170.792     0.4
 Gather F Bspline                   2698085.396160    16188512.377     1.1
 3D-FFT                             6908749.817472    55269998.540     3.6
 Solve PME                            95904.191808     6137868.276     0.4
 Reset In Box                          4215.750000       12647.250     0.0
 CG-CoM                                4215.834315       12647.503     0.0
 Bonds                                11242.022484      663279.327     0.0
 Angles                               67452.134904    11331958.664     0.7
 RB-Dihedrals                         75883.651767    18743261.986     1.2
 Virial                                1687.284360       30371.118     0.0
 Stop-CM                                421.659315        4216.593     0.0
 P-Coupling                             843.234315        5059.406     0.0
 Calc-Ekin                             8431.584315      227652.777     0.0
 Lincs                                50589.101178     3035346.071     0.2
 Lincs-Mat                           404712.809424     1618851.238     0.1
 Constraint-V                         50589.101178      455301.911     0.0
 Constraint-Vir                        2023.661178       48567.868     0.0
 Virtual Site 2                        2922.931242       67227.419     0.0
-----------------------------------------------------------------------------
 Total                                              1525779969.849   100.0
-----------------------------------------------------------------------------


    D O M A I N   D E C O M P O S I T I O N   S T A T I S T I C S

 av. #atoms communicated per step for force:  2 x 0.0
 av. #atoms communicated per step for vsites: 3 x 0.0
 av. #atoms communicated per step for LINCS:  2 x 0.0


      R E A L   C Y C L E   A N D   T I M E   A C C O U N T I N G

On 1 MPI rank

 Activity:              Num   Num      Call    Wall time         Giga-Cycles
                        Ranks Threads  Count      (s)         total sum    %
--------------------------------------------------------------------------------
 Domain decomp.            1    1      50000    1012.709       3139.388   3.0
 Vsite constr.             1    1     500539      49.012        151.936   0.1
 Neighbor search           1    1      50001    4062.479      12593.650  12.1
 Force                     1    1     500001   22269.612      69035.603  66.2
 PME mesh                  1    1     500001    3591.798      11134.542  10.7
 NB X/F buffer ops.        1    1     950001      96.720        299.831   0.3
 Vsite spread              1    1     520002      38.683        119.918   0.1
 Write traj.               1    1         88       1.616          5.009   0.0
 Update                    1    1    1600004     428.700       1328.967   1.3
 Constraints               1    1    1000002    2038.079       6318.026   6.1
 Rest                                             60.288        186.893   0.2
--------------------------------------------------------------------------------
 Total                                         33649.696     104313.764 100.0
--------------------------------------------------------------------------------
 Breakdown of PME mesh activities
--------------------------------------------------------------------------------
 PME spread                1    1     500001    1282.210       3974.841   3.8
 PME gather                1    1     500001    1299.846       4029.512   3.9
 PME 3D-FFT                1    1    1000002     904.362       2803.513   2.7
 PME solve Elec            1    1     500001     103.194        319.901   0.3
--------------------------------------------------------------------------------

NOTE: 3 % of the run time was spent in domain decomposition,
      12 % of the run time was spent in pair search,
      you might want to increase nstlist (this has no effect on accuracy)

               Core t (s)   Wall t (s)        (%)
       Time:    33649.691    33649.696      100.0
                         9h20:49
                 (ns/day)    (hour/ns)
Performance:        2.568        9.347
Finished mdrun on rank 0 Wed May 28 00:20:53 2025

