                      :-) GROMACS - gmx grompp, 2024.1 (-:

Executable:   /usr/local/hpc1/software_molmod/gromacs/gromacs-2024.1-bin_wr0/bin/gmx
Data prefix:  /usr/local/hpc1/software_molmod/gromacs/gromacs-2024.1-bin_wr0
Working dir:  /work/rstric2s/current_sim/Application/00-1-C4H9Br
Command line:
  gmx grompp -f 02_nvt.mdp -c 11_emin.gro -p topol.top -o 12_nvt.tpr

Ignoring obsolete mdp entry 'title'
Ignoring obsolete mdp entry 'ns_type'

NOTE 1 [file 02_nvt.mdp]:
  verlet-buffer-pressure-tolerance is ignored when verlet-buffer-tolerance
  < 0

Generating 1-4 interactions: fudge = 0.5
Number of degrees of freedom in T-Coupling group Other is 8181.00

There was 1 NOTE

GROMACS reminds you: "The best model of a cat is another cat..., specially the same cat." (Arturo Rosenblueth)

Setting the LD random seed to -209715929

Generated 331705 of the 331705 non-bonded parameter combinations

Generated 331705 of the 331705 1-4 parameter combinations

Excluding 3 bonded neighbours molecule type 'Other'

turning H bonds into constraints...

Setting gen_seed to -202985497

Velocities were taken from a Maxwell distribution at 293.15 K
Analysing residue names:
There are:   248      Other residues
Analysing residues not classified as Protein/DNA/RNA/Water and splitting into groups...

The largest distance between excluded atoms is 0.397 nm between atom 1003 and 1008
Calculating fourier grid dimensions for X Y Z
Using a fourier grid of 24x24x24, spacing 0.146 0.146 0.146

Estimate for the relative computational load of the PME mesh part: 0.24

This run will generate roughly 1 Mb of data
                      :-) GROMACS - gmx mdrun, 2024.1 (-:

Executable:   /usr/local/hpc1/software_molmod/gromacs/gromacs-2024.1-bin_wr0/bin/gmx
Data prefix:  /usr/local/hpc1/software_molmod/gromacs/gromacs-2024.1-bin_wr0
Working dir:  /work/rstric2s/current_sim/Application/00-1-C4H9Br
Command line:
  gmx mdrun -deffnm 12_nvt

Reading file 12_nvt.tpr, VERSION 2024.1 (single precision)
Can not increase nstlist because verlet-buffer-tolerance is not set or used
Using 1 MPI thread
Using 1 OpenMP thread 

starting mdrun '1-Bromobutane'
50000 steps,    100.0 ps.

Writing final coordinates.

NOTE: 3 % of the run time was spent in domain decomposition,
      14 % of the run time was spent in pair search,
      you might want to increase nstlist (this has no effect on accuracy)

               Core t (s)   Wall t (s)        (%)
       Time:      121.915      121.915      100.0
                 (ns/day)    (hour/ns)
Performance:       70.871        0.339

GROMACS reminds you: "Torture numbers, and they'll confess to anything." (Greg Easterbrook)

