                      :-) GROMACS - gmx grompp, 2024.1 (-:

Executable:   /usr/local/hpc1/software_molmod/gromacs/gromacs-2024.1-bin_wr0/bin/gmx
Data prefix:  /usr/local/hpc1/software_molmod/gromacs/gromacs-2024.1-bin_wr0
Working dir:  /work/rstric2s/current_sim/Application/02-1-C4H9Br_EP
Command line:
  gmx grompp -f 02_nvt.mdp -c 11_emin.gro -p topol.top -o 12_nvt.tpr

Ignoring obsolete mdp entry 'title'
Ignoring obsolete mdp entry 'ns_type'

NOTE 1 [file 02_nvt.mdp]:
  verlet-buffer-pressure-tolerance is ignored when verlet-buffer-tolerance
  < 0

Generating 1-4 interactions: fudge = 0.5
Number of degrees of freedom in T-Coupling group Other is 9204.00

There was 1 NOTE

GROMACS reminds you: "On average, it takes twenty years for the world's largest super computer to shrink down to the size of your laptop." (Pete Beckman)

Setting the LD random seed to -757205578

Generated 331705 of the 331705 non-bonded parameter combinations

Generated 331705 of the 331705 1-4 parameter combinations

Excluding 3 bonded neighbours molecule type 'Other'

turning H bonds into constraints...

Setting gen_seed to -103546881

Velocities were taken from a Maxwell distribution at 293.15 K

Cleaning up constraints and constant bonded interactions with virtual sites
Analysing residue names:
There are:   279      Other residues
Analysing residues not classified as Protein/DNA/RNA/Water and splitting into groups...

The largest distance between excluded atoms is 0.442 nm between atom 2435 and 2444
Calculating fourier grid dimensions for X Y Z
Using a fourier grid of 24x24x24, spacing 0.151 0.151 0.151

Estimate for the relative computational load of the PME mesh part: 0.23

This run will generate roughly 1 Mb of data
                      :-) GROMACS - gmx mdrun, 2024.1 (-:

Executable:   /usr/local/hpc1/software_molmod/gromacs/gromacs-2024.1-bin_wr0/bin/gmx
Data prefix:  /usr/local/hpc1/software_molmod/gromacs/gromacs-2024.1-bin_wr0
Working dir:  /work/rstric2s/current_sim/Application/02-1-C4H9Br_EP
Command line:
  gmx mdrun -deffnm 12_nvt

Reading file 12_nvt.tpr, VERSION 2024.1 (single precision)
Can not increase nstlist because verlet-buffer-tolerance is not set or used
Update groups can not be used for this system because the construction atoms of a virtual site are only partly with a group of constrained atoms

Using 1 MPI thread

Non-default thread affinity set, disabling internal thread affinity

Using 1 OpenMP thread 

starting mdrun '1-BROMOBUTANE_EP'
50000 steps,    100.0 ps.

Writing final coordinates.

NOTE: 3 % of the run time was spent in domain decomposition,
      14 % of the run time was spent in pair search,
      you might want to increase nstlist (this has no effect on accuracy)

               Core t (s)   Wall t (s)        (%)
       Time:      155.226      155.227      100.0
                 (ns/day)    (hour/ns)
Performance:       55.662        0.431

GROMACS reminds you: "FORTRAN. Input: reason, output: pleasure" (ORDA, FORTRAN board game)

