                      :-) GROMACS - gmx mdrun, 2024.1 (-:

Copyright 1991-2024 The GROMACS Authors.
GROMACS is free software; you can redistribute it and/or modify it
under the terms of the GNU Lesser General Public License
as published by the Free Software Foundation; either version 2.1
of the License, or (at your option) any later version.

                         Current GROMACS contributors:
       Mark Abraham           Andrey Alekseenko           Vladimir Basov      
      Cathrine Bergh            Eliane Briand               Ania Brown        
      Mahesh Doijade            Giacomo Fiorin          Stefan Fleischmann    
      Sergey Gorelov         Gilles Gouaillardet            Alan Gray         
     M. Eric Irrgang         Farzaneh Jalalypour            Joe Jordan        
     Carsten Kutzner           Justin A. Lemkul          Magnus Lundborg      
       Pascal Merz              Vedran Miletic            Dmitry Morozov      
       Julien Nabet              Szilard Pall        Andrea Pasquadibisceglie 
    Michele Pellegrino          Hubert Santuz             Roland Schulz       
     Tatiana Shugaeva          Alexey Shvetsov            Philip Turner       
     Alessandra Villa      Sebastian Wingbermuehle  

                         Previous GROMACS contributors:
        Emile Apol             Rossen Apostolov           James Barnett       
        Paul Bauer          Herman J.C. Berendsen          Par Bjelkmar       
      Christian Blau          Viacheslav Bolnykh            Kevin Boyd        
    Aldert van Buuren          Carlo Camilloni           Rudi van Drunen      
      Anton Feenstra           Oliver Fleetwood            Vytas Gapsys       
       Gaurav Garg             Gerrit Groenhof            Bert de Groot       
      Anca Hamuraru           Vincent Hindriksen          Victor Holanda      
     Aleksei Iupinov          Christoph Junghans        Prashanth Kanduri     
   Dimitrios Karkoulis           Peter Kasson             Sebastian Kehl      
     Sebastian Keller             Jiri Kraus               Per Larsson        
      Viveca Lindahl            Erik Marklund           Pieter Meulenhoff     
      Teemu Murtola              Sander Pronk             Michael Shirts      
      Alfons Sijbers            Balint Soproni         David van der Spoel    
      Peter Tieleman            Carsten Uphoff             Jon Vincent        
     Teemu Virolainen         Christian Wennberg           Maarten Wolf       
      Artem Zhmurov       

                  Coordinated by the GROMACS project leaders:
                           Berk Hess and Erik Lindahl

GROMACS:      gmx mdrun, version 2024.1
Executable:   /usr/local/hpc1/software_molmod/gromacs/gromacs-2024.1-bin_wr0/bin/gmx
Data prefix:  /usr/local/hpc1/software_molmod/gromacs/gromacs-2024.1-bin_wr0
Working dir:  /work/rstric2s/current_sim/Application/21-2-C4H9Br_EP
Process ID:   2132423
Command line:
  gmx mdrun -deffnm 14_prod

GROMACS version:     2024.1
Precision:           mixed
Memory model:        64 bit
MPI library:         thread_mpi
OpenMP support:      enabled (GMX_OPENMP_MAX_THREADS = 128)
GPU support:         disabled
SIMD instructions:   AVX_512
CPU FFT library:     fftw-3.3.8-sse2-avx
GPU FFT library:     none
Multi-GPU FFT:       none
RDTSCP usage:        enabled
TNG support:         enabled
Hwloc support:       disabled
Tracing support:     disabled
C compiler:          /usr/local/gcc/gcc-13.2.0/bin/gcc GNU 13.2.0
C compiler flags:    -fexcess-precision=fast -funroll-all-loops -mavx512f -mfma -mavx512vl -mavx512dq -mavx512bw -Wno-missing-field-initializers -O3 -DNDEBUG
C++ compiler:        /usr/local/gcc/gcc-13.2.0/bin/g++ GNU 13.2.0
C++ compiler flags:  -fexcess-precision=fast -funroll-all-loops -mavx512f -mfma -mavx512vl -mavx512dq -mavx512bw -Wno-missing-field-initializers -Wno-cast-function-type-strict SHELL:-fopenmp -O3 -DNDEBUG
BLAS library:        External - detected on the system
LAPACK library:      External - detected on the system


Running on 1 node with total 1 cores, 2 processing units
Hardware detected on host wr75:
  CPU info:
    Vendor: Intel
    Brand:  Intel(R) Xeon(R) Gold 6130 CPU @ 2.10GHz
    Family: 6   Model: 85   Stepping: 4
    Features: aes apic avx avx2 avx512f avx512cd avx512bw avx512vl avx512secondFMA clfsh cmov cx8 cx16 f16c fma hle htt intel lahf mmx msr nonstop_tsc pcid pclmuldq pdcm pdpe1gb popcnt pse rdrnd rdtscp rtm sse2 sse3 sse4.1 sse4.2 ssse3 tdt x2apic
    Number of AVX-512 FMA units: 2
  Hardware topology: Basic
    Packages, cores, and logical processors:
    [indices refer to OS logical processors]
      Package  0: [   0  32]
    CPU limit set by OS: -1   Recommended max number of threads: 2


++++ PLEASE READ AND CITE THE FOLLOWING REFERENCE ++++
M. J. Abraham, T. Murtola, R. Schulz, S. Páll, J. C. Smith, B. Hess, E.
Lindahl
GROMACS: High performance molecular simulations through multi-level
parallelism from laptops to supercomputers
SoftwareX 1 (2015) pp. 19-25
-------- -------- --- Thank You --- -------- --------


++++ PLEASE READ AND CITE THE FOLLOWING REFERENCE ++++
S. Páll, M. J. Abraham, C. Kutzner, B. Hess, E. Lindahl
Tackling Exascale Software Challenges in Molecular Dynamics Simulations with
GROMACS
In S. Markidis & E. Laure (Eds.), Solving Software Challenges for Exascale 8759 (2015) pp. 3-27
-------- -------- --- Thank You --- -------- --------


++++ PLEASE READ AND CITE THE FOLLOWING REFERENCE ++++
S. Pronk, S. Páll, R. Schulz, P. Larsson, P. Bjelkmar, R. Apostolov, M. R.
Shirts, J. C. Smith, P. M. Kasson, D. van der Spoel, B. Hess, and E. Lindahl
GROMACS 4.5: a high-throughput and highly parallel open source molecular
simulation toolkit
Bioinformatics 29 (2013) pp. 845-54
-------- -------- --- Thank You --- -------- --------


++++ PLEASE READ AND CITE THE FOLLOWING REFERENCE ++++
B. Hess and C. Kutzner and D. van der Spoel and E. Lindahl
GROMACS 4: Algorithms for highly efficient, load-balanced, and scalable
molecular simulation
J. Chem. Theory Comput. 4 (2008) pp. 435-447
-------- -------- --- Thank You --- -------- --------


++++ PLEASE READ AND CITE THE FOLLOWING REFERENCE ++++
D. van der Spoel, E. Lindahl, B. Hess, G. Groenhof, A. E. Mark and H. J. C.
Berendsen
GROMACS: Fast, Flexible and Free
J. Comp. Chem. 26 (2005) pp. 1701-1719
-------- -------- --- Thank You --- -------- --------


++++ PLEASE READ AND CITE THE FOLLOWING REFERENCE ++++
E. Lindahl and B. Hess and D. van der Spoel
GROMACS 3.0: A package for molecular simulation and trajectory analysis
J. Mol. Mod. 7 (2001) pp. 306-317
-------- -------- --- Thank You --- -------- --------


++++ PLEASE READ AND CITE THE FOLLOWING REFERENCE ++++
H. J. C. Berendsen, D. van der Spoel and R. van Drunen
GROMACS: A message-passing parallel molecular dynamics implementation
Comp. Phys. Comm. 91 (1995) pp. 43-56
-------- -------- --- Thank You --- -------- --------


++++ PLEASE CITE THE DOI FOR THIS VERSION OF GROMACS ++++
https://doi.org/10.5281/zenodo.10721181
-------- -------- --- Thank You --- -------- --------

Input Parameters:
   integrator                     = md
   tinit                          = 0
   dt                             = 0.002
   nsteps                         = 2500000
   init-step                      = 0
   simulation-part                = 1
   mts                            = false
   mass-repartition-factor        = 1
   comm-mode                      = Linear
   nstcomm                        = 100
   bd-fric                        = 0
   ld-seed                        = -964821443
   emtol                          = 10
   emstep                         = 0.01
   niter                          = 20
   fcstep                         = 0
   nstcgsteep                     = 1000
   nbfgscorr                      = 10
   rtpi                           = 0.05
   nstxout                        = 1000
   nstvout                        = 1000
   nstfout                        = 0
   nstlog                         = 1000
   nstcalcenergy                  = 100
   nstenergy                      = 1000
   nstxout-compressed             = 0
   compressed-x-precision         = 1000
   cutoff-scheme                  = Verlet
   nstlist                        = 10
   pbc                            = xyz
   periodic-molecules             = false
   verlet-buffer-tolerance        = -1
   verlet-buffer-pressure-tolerance = -1
   rlist                          = 1.1
   coulombtype                    = PME
   coulomb-modifier               = Potential-shift
   rcoulomb-switch                = 0.89
   rcoulomb                       = 0.9
   epsilon-r                      = 1
   epsilon-rf                     = inf
   vdw-type                       = Cut-off
   vdw-modifier                   = Potential-shift
   rvdw-switch                    = 0.8
   rvdw                           = 0.9
   DispCorr                       = EnerPres
   table-extension                = 1
   fourierspacing                 = 0.16
   fourier-nx                     = 20
   fourier-ny                     = 20
   fourier-nz                     = 20
   pme-order                      = 4
   ewald-rtol                     = 1e-05
   ewald-rtol-lj                  = 0.001
   lj-pme-comb-rule               = Geometric
   ewald-geometry                 = 3d
   epsilon-surface                = 0
   ensemble-temperature-setting   = constant
   ensemble-temperature           = 293.15
   tcoupl                         = V-rescale
   nsttcouple                     = 10
   nh-chain-length                = 0
   print-nose-hoover-chain-variables = false
   pcoupl                         = Parrinello-Rahman
   pcoupltype                     = Isotropic
   nstpcouple                     = 10
   tau-p                          = 0.5
   compressibility (3x3):
      compressibility[    0]={ 4.50000e-05,  0.00000e+00,  0.00000e+00}
      compressibility[    1]={ 0.00000e+00,  4.50000e-05,  0.00000e+00}
      compressibility[    2]={ 0.00000e+00,  0.00000e+00,  4.50000e-05}
   ref-p (3x3):
      ref-p[    0]={ 1.00000e+00,  0.00000e+00,  0.00000e+00}
      ref-p[    1]={ 0.00000e+00,  1.00000e+00,  0.00000e+00}
      ref-p[    2]={ 0.00000e+00,  0.00000e+00,  1.00000e+00}
   refcoord-scaling               = COM
   posres-com (3):
      posres-com[0]= 0.00000e+00
      posres-com[1]= 0.00000e+00
      posres-com[2]= 0.00000e+00
   posres-comB (3):
      posres-comB[0]= 0.00000e+00
      posres-comB[1]= 0.00000e+00
      posres-comB[2]= 0.00000e+00
   QMMM                           = false
qm-opts:
   ngQM                           = 0
   constraint-algorithm           = Lincs
   continuation                   = true
   Shake-SOR                      = false
   shake-tol                      = 0.0001
   lincs-order                    = 4
   lincs-iter                     = 1
   lincs-warnangle                = 30
   nwall                          = 0
   wall-type                      = 9-3
   wall-r-linpot                  = -1
   wall-atomtype[0]               = -1
   wall-atomtype[1]               = -1
   wall-density[0]                = 0
   wall-density[1]                = 0
   wall-ewald-zfac                = 3
   pull                           = false
   awh                            = false
   rotation                       = false
   interactiveMD                  = false
   disre                          = No
   disre-weighting                = Conservative
   disre-mixed                    = false
   dr-fc                          = 1000
   dr-tau                         = 0
   nstdisreout                    = 100
   orire-fc                       = 0
   orire-tau                      = 0
   nstorireout                    = 100
   free-energy                    = no
   cos-acceleration               = 0
   deform (3x3):
      deform[    0]={ 0.00000e+00,  0.00000e+00,  0.00000e+00}
      deform[    1]={ 0.00000e+00,  0.00000e+00,  0.00000e+00}
      deform[    2]={ 0.00000e+00,  0.00000e+00,  0.00000e+00}
   simulated-tempering            = false
   swapcoords                     = no
   userint1                       = 0
   userint2                       = 0
   userint3                       = 0
   userint4                       = 0
   userreal1                      = 0
   userreal2                      = 0
   userreal3                      = 0
   userreal4                      = 0
   applied-forces:
     electric-field:
       x:
         E0                       = 0
         omega                    = 0
         t0                       = 0
         sigma                    = 0
       y:
         E0                       = 0
         omega                    = 0
         t0                       = 0
         sigma                    = 0
       z:
         E0                       = 0
         omega                    = 0
         t0                       = 0
         sigma                    = 0
     density-guided-simulation:
       active                     = false
       group                      = protein
       similarity-measure         = inner-product
       atom-spreading-weight      = unity
       force-constant             = 1e+09
       gaussian-transform-spreading-width = 0.2
       gaussian-transform-spreading-range-in-multiples-of-width = 4
       reference-density-filename = reference.mrc
       nst                        = 1
       normalize-densities        = true
       adaptive-force-scaling     = false
       adaptive-force-scaling-time-constant = 4
       shift-vector               = 
       transformation-matrix      = 
     qmmm-cp2k:
       active                     = false
       qmgroup                    = System
       qmmethod                   = PBE
       qmfilenames                = 
       qmcharge                   = 0
       qmmultiplicity             = 1
     colvars:
       active                     = false
       configfile                 = 
       seed                       = -1
grpopts:
   nrdf:        4254
   ref-t:      293.15
   tau-t:         0.1
annealing:          No
annealing-npoints:           0
   acc:	           0           0           0
   nfreeze:           N           N           N
   energygrp-flags[  0]: 0

Can not increase nstlist because verlet-buffer-tolerance is not set or used
Update groups can not be used for this system because atoms that are (in)directly constrained together are interdispersed with other atoms

Initializing Domain Decomposition on 1 ranks
Dynamic load balancing: auto
Minimum cell size due to atom displacement: 0.195 nm
Initial maximum distances in bonded interactions:
    two-body bonded interactions: 0.454 nm, LJ-14, atoms 316 324
  multi-body bonded interactions: 0.454 nm, Ryckaert-Bell., atoms 316 324
Minimum cell size due to bonded interactions: 0.499 nm
Maximum distance for 5 constraints, at 120 deg. angles, all-trans: 0.218 nm
Estimated maximum distance required for P-LINCS: 0.218 nm
Using 0 separate PME ranks because: there are too few total ranks for efficient splitting
Optimizing the DD grid for 1 cells with a minimum initial size of 0.499 nm
The maximum allowed number of cells is: X 5 Y 5 Z 5
Domain decomposition grid 1 x 1 x 1, separate PME ranks 0
PME domain decomposition: 1 x 1 x 1

The initial number of communication pulses is:
The initial domain decomposition cell size is:

The maximum allowed distance for atoms involved in interactions is:
                 non-bonded interactions           1.100 nm
(the following are initial values, they could change due to box deformation)
            two-body bonded interactions  (-rdd)   1.100 nm
          multi-body bonded interactions  (-rdd)   1.100 nm
              virtual site constructions  (-rcon)  2.885 nm
  atoms separated by up to 5 constraints  (-rcon)  2.885 nm

When dynamic load balancing gets turned on, these settings will change to:
The maximum number of communication pulses is:
The minimum size for domain decomposition cells is 1.100 nm
The requested allowed shrink of DD cells (option -dds) is: 0.80
The allowed shrink of domain decomposition cells is:
The maximum allowed distance for atoms involved in interactions is:
                 non-bonded interactions           1.100 nm
            two-body bonded interactions  (-rdd)   1.100 nm
          multi-body bonded interactions  (-rdd)   1.100 nm
              virtual site constructions  (-rcon)  1.100 nm
  atoms separated by up to 5 constraints  (-rcon)  1.100 nm

Using 1 MPI thread

Non-default thread affinity set, disabling internal thread affinity

Using 2 OpenMP threads 

System total charge: -0.000
Will do PME sum in reciprocal space for electrostatic interactions.

++++ PLEASE READ AND CITE THE FOLLOWING REFERENCE ++++
U. Essmann, L. Perera, M. L. Berkowitz, T. Darden, H. Lee and L. G. Pedersen 
A smooth particle mesh Ewald method
J. Chem. Phys. 103 (1995) pp. 8577-8592
-------- -------- --- Thank You --- -------- --------

Using a Gaussian width (1/beta) of 0.288146 nm for Ewald
Potential shift: LJ r^-12: -3.541e+00 r^-6: -1.882e+00, Ewald -1.111e-05
Initialized non-bonded Coulomb Ewald tables, spacing: 8.85e-04 size: 1018

Generated table with 1050 data points for 1-4 COUL.
Tabscale = 500 points/nm
Generated table with 1050 data points for 1-4 LJ6.
Tabscale = 500 points/nm
Generated table with 1050 data points for 1-4 LJ12.
Tabscale = 500 points/nm
Long Range LJ corr.: <C6> 6.9937e-04


Using SIMD2xMM 4x8 nonbonded short-range kernels

Using a 4x8 pair-list setup:
  updated every 10 steps, buffer 0.200 nm, rlist 1.100 nm

The average pressure is off by at most 0.00 bar due to missing LJ interactions

Using Geometric Lennard-Jones combination rule

Linking all bonded interactions to atoms
There are 129 inter update-group virtual sites,
will perform an extra communication step for selected coordinates and forces


Initializing Parallel LINear Constraint Solver

++++ PLEASE READ AND CITE THE FOLLOWING REFERENCE ++++
B. Hess
P-LINCS: A Parallel Linear Constraint Solver for molecular simulation
J. Chem. Theory Comput. 4 (2008) pp. 116-122
-------- -------- --- Thank You --- -------- --------

The number of constraints is 1161
There are constraints between atoms in different decomposition domains,
will communicate selected coordinates each lincs iteration

++++ PLEASE READ AND CITE THE FOLLOWING REFERENCE ++++
G. Bussi, D. Donadio and M. Parrinello
Canonical sampling through velocity rescaling
J. Chem. Phys. 126 (2007) pp. 014101
-------- -------- --- Thank You --- -------- --------

There are: 1806 Atoms
There are: 129 VSites

Atom distribution over 1 domains: av 1935 stddev 0 min 1935 max 1935
Center of mass motion removal mode is Linear
We have the following groups for center of mass motion removal:
  0:  rest

Started mdrun on rank 0 Wed Jun  4 10:05:08 2025

           Step           Time
              0        0.00000

   Energies (kJ/mol)
           Bond          Angle Ryckaert-Bell.          LJ-14     Coulomb-14
    1.72434e+03    3.53035e+03    8.56046e+02    1.57116e+02    4.43377e+02
        LJ (SR)  Disper. corr.   Coulomb (SR)   Coul. recip.      Potential
   -3.47410e+03   -6.25467e+02   -1.47595e+03    2.00010e+02    1.33572e+03
    Kinetic En.   Total Energy  Conserved En.    Temperature Pres. DC (bar)
    6.30882e+03    7.64454e+03    7.64598e+03    3.56736e+02   -4.33503e+02
 Pressure (bar)   Constr. rmsd
   -1.73550e+04    4.71405e-06


Step 1 Pressure scaling more than 1%. This may mean your system is not yet equilibrated. Use of Parrinello-Rahman pressure coupling during equilibration can lead to simulation instability, and is discouraged.

Step 11 Pressure scaling more than 1%. This may mean your system is not yet equilibrated. Use of Parrinello-Rahman pressure coupling during equilibration can lead to simulation instability, and is discouraged.

Step 21 Pressure scaling more than 1%. This may mean your system is not yet equilibrated. Use of Parrinello-Rahman pressure coupling during equilibration can lead to simulation instability, and is discouraged.

Step 31 Pressure scaling more than 1%. This may mean your system is not yet equilibrated. Use of Parrinello-Rahman pressure coupling during equilibration can lead to simulation instability, and is discouraged.

Step 41 Pressure scaling more than 1%. This may mean your system is not yet equilibrated. Use of Parrinello-Rahman pressure coupling during equilibration can lead to simulation instability, and is discouraged.

Step 51 Pressure scaling more than 1%. This may mean your system is not yet equilibrated. Use of Parrinello-Rahman pressure coupling during equilibration can lead to simulation instability, and is discouraged.

Step 61 Pressure scaling more than 1%. This may mean your system is not yet equilibrated. Use of Parrinello-Rahman pressure coupling during equilibration can lead to simulation instability, and is discouraged.

Step 71 Pressure scaling more than 1%. This may mean your system is not yet equilibrated. Use of Parrinello-Rahman pressure coupling during equilibration can lead to simulation instability, and is discouraged.

Step 81 Pressure scaling more than 1%. This may mean your system is not yet equilibrated. Use of Parrinello-Rahman pressure coupling during equilibration can lead to simulation instability, and is discouraged.

Step 91 Pressure scaling more than 1%. This may mean your system is not yet equilibrated. Use of Parrinello-Rahman pressure coupling during equilibration can lead to simulation instability, and is discouraged.

Step 101 Pressure scaling more than 1%. This may mean your system is not yet equilibrated. Use of Parrinello-Rahman pressure coupling during equilibration can lead to simulation instability, and is discouraged.

Step 111 Pressure scaling more than 1%. This may mean your system is not yet equilibrated. Use of Parrinello-Rahman pressure coupling during equilibration can lead to simulation instability, and is discouraged.

Step 121 Pressure scaling more than 1%. This may mean your system is not yet equilibrated. Use of Parrinello-Rahman pressure coupling during equilibration can lead to simulation instability, and is discouraged.

Step 131 Pressure scaling more than 1%. This may mean your system is not yet equilibrated. Use of Parrinello-Rahman pressure coupling during equilibration can lead to simulation instability, and is discouraged.

Step 141 Pressure scaling more than 1%. This may mean your system is not yet equilibrated. Use of Parrinello-Rahman pressure coupling during equilibration can lead to simulation instability, and is discouraged.

Step 151 Pressure scaling more than 1%. This may mean your system is not yet equilibrated. Use of Parrinello-Rahman pressure coupling during equilibration can lead to simulation instability, and is discouraged.

Step 161 Pressure scaling more than 1%. This may mean your system is not yet equilibrated. Use of Parrinello-Rahman pressure coupling during equilibration can lead to simulation instability, and is discouraged.

Step 171 Pressure scaling more than 1%. This may mean your system is not yet equilibrated. Use of Parrinello-Rahman pressure coupling during equilibration can lead to simulation instability, and is discouraged.

Step 181 Pressure scaling more than 1%. This may mean your system is not yet equilibrated. Use of Parrinello-Rahman pressure coupling during equilibration can lead to simulation instability, and is discouraged.

Step 191 Pressure scaling more than 1%. This may mean your system is not yet equilibrated. Use of Parrinello-Rahman pressure coupling during equilibration can lead to simulation instability, and is discouraged.

Step 201 Pressure scaling more than 1%. This may mean your system is not yet equilibrated. Use of Parrinello-Rahman pressure coupling during equilibration can lead to simulation instability, and is discouraged.

Step 211 Pressure scaling more than 1%. This may mean your system is not yet equilibrated. Use of Parrinello-Rahman pressure coupling during equilibration can lead to simulation instability, and is discouraged.

Step 221 Pressure scaling more than 1%. This may mean your system is not yet equilibrated. Use of Parrinello-Rahman pressure coupling during equilibration can lead to simulation instability, and is discouraged.

Step 231 Pressure scaling more than 1%. This may mean your system is not yet equilibrated. Use of Parrinello-Rahman pressure coupling during equilibration can lead to simulation instability, and is discouraged.

Step 241 Pressure scaling more than 1%. This may mean your system is not yet equilibrated. Use of Parrinello-Rahman pressure coupling during equilibration can lead to simulation instability, and is discouraged.

Step 251 Pressure scaling more than 1%. This may mean your system is not yet equilibrated. Use of Parrinello-Rahman pressure coupling during equilibration can lead to simulation instability, and is discouraged.

Step 261 Pressure scaling more than 1%. This may mean your system is not yet equilibrated. Use of Parrinello-Rahman pressure coupling during equilibration can lead to simulation instability, and is discouraged.

Step 271 Pressure scaling more than 1%. This may mean your system is not yet equilibrated. Use of Parrinello-Rahman pressure coupling during equilibration can lead to simulation instability, and is discouraged.

Step 281 Pressure scaling more than 1%. This may mean your system is not yet equilibrated. Use of Parrinello-Rahman pressure coupling during equilibration can lead to simulation instability, and is discouraged.

Step 291 Pressure scaling more than 1%. This may mean your system is not yet equilibrated. Use of Parrinello-Rahman pressure coupling during equilibration can lead to simulation instability, and is discouraged.

Step 301 Pressure scaling more than 1%. This may mean your system is not yet equilibrated. Use of Parrinello-Rahman pressure coupling during equilibration can lead to simulation instability, and is discouraged.

Step 311 Pressure scaling more than 1%. This may mean your system is not yet equilibrated. Use of Parrinello-Rahman pressure coupling during equilibration can lead to simulation instability, and is discouraged.

Step 321 Pressure scaling more than 1%. This may mean your system is not yet equilibrated. Use of Parrinello-Rahman pressure coupling during equilibration can lead to simulation instability, and is discouraged.

Step 331 Pressure scaling more than 1%. This may mean your system is not yet equilibrated. Use of Parrinello-Rahman pressure coupling during equilibration can lead to simulation instability, and is discouraged.

Step 341 Pressure scaling more than 1%. This may mean your system is not yet equilibrated. Use of Parrinello-Rahman pressure coupling during equilibration can lead to simulation instability, and is discouraged.

Step 351 Pressure scaling more than 1%. This may mean your system is not yet equilibrated. Use of Parrinello-Rahman pressure coupling during equilibration can lead to simulation instability, and is discouraged.

Step 361 Pressure scaling more than 1%. This may mean your system is not yet equilibrated. Use of Parrinello-Rahman pressure coupling during equilibration can lead to simulation instability, and is discouraged.

Step 371 Pressure scaling more than 1%. This may mean your system is not yet equilibrated. Use of Parrinello-Rahman pressure coupling during equilibration can lead to simulation instability, and is discouraged.

Step 381 Pressure scaling more than 1%. This may mean your system is not yet equilibrated. Use of Parrinello-Rahman pressure coupling during equilibration can lead to simulation instability, and is discouraged.

Step 391 Pressure scaling more than 1%. This may mean your system is not yet equilibrated. Use of Parrinello-Rahman pressure coupling during equilibration can lead to simulation instability, and is discouraged.

Step 401 Pressure scaling more than 1%. This may mean your system is not yet equilibrated. Use of Parrinello-Rahman pressure coupling during equilibration can lead to simulation instability, and is discouraged.

Step 411 Pressure scaling more than 1%. This may mean your system is not yet equilibrated. Use of Parrinello-Rahman pressure coupling during equilibration can lead to simulation instability, and is discouraged.

Step 421 Pressure scaling more than 1%. This may mean your system is not yet equilibrated. Use of Parrinello-Rahman pressure coupling during equilibration can lead to simulation instability, and is discouraged.

Step 431 Pressure scaling more than 1%. This may mean your system is not yet equilibrated. Use of Parrinello-Rahman pressure coupling during equilibration can lead to simulation instability, and is discouraged.

Step 441 Pressure scaling more than 1%. This may mean your system is not yet equilibrated. Use of Parrinello-Rahman pressure coupling during equilibration can lead to simulation instability, and is discouraged.

Step 451 Pressure scaling more than 1%. This may mean your system is not yet equilibrated. Use of Parrinello-Rahman pressure coupling during equilibration can lead to simulation instability, and is discouraged.

Step 461 Pressure scaling more than 1%. This may mean your system is not yet equilibrated. Use of Parrinello-Rahman pressure coupling during equilibration can lead to simulation instability, and is discouraged.

Step 471 Pressure scaling more than 1%. This may mean your system is not yet equilibrated. Use of Parrinello-Rahman pressure coupling during equilibration can lead to simulation instability, and is discouraged.

Step 481 Pressure scaling more than 1%. This may mean your system is not yet equilibrated. Use of Parrinello-Rahman pressure coupling during equilibration can lead to simulation instability, and is discouraged.

Step 491 Pressure scaling more than 1%. This may mean your system is not yet equilibrated. Use of Parrinello-Rahman pressure coupling during equilibration can lead to simulation instability, and is discouraged.

Step 501 Pressure scaling more than 1%. This may mean your system is not yet equilibrated. Use of Parrinello-Rahman pressure coupling during equilibration can lead to simulation instability, and is discouraged.

Step 511 Pressure scaling more than 1%. This may mean your system is not yet equilibrated. Use of Parrinello-Rahman pressure coupling during equilibration can lead to simulation instability, and is discouraged.

Step 521 Pressure scaling more than 1%. This may mean your system is not yet equilibrated. Use of Parrinello-Rahman pressure coupling during equilibration can lead to simulation instability, and is discouraged.

Step 531 Pressure scaling more than 1%. This may mean your system is not yet equilibrated. Use of Parrinello-Rahman pressure coupling during equilibration can lead to simulation instability, and is discouraged.

Step 541 Pressure scaling more than 1%. This may mean your system is not yet equilibrated. Use of Parrinello-Rahman pressure coupling during equilibration can lead to simulation instability, and is discouraged.

Step 551 Pressure scaling more than 1%. This may mean your system is not yet equilibrated. Use of Parrinello-Rahman pressure coupling during equilibration can lead to simulation instability, and is discouraged.

Step 561 Pressure scaling more than 1%. This may mean your system is not yet equilibrated. Use of Parrinello-Rahman pressure coupling during equilibration can lead to simulation instability, and is discouraged.

Step 571 Pressure scaling more than 1%. This may mean your system is not yet equilibrated. Use of Parrinello-Rahman pressure coupling during equilibration can lead to simulation instability, and is discouraged.

Step 581 Pressure scaling more than 1%. This may mean your system is not yet equilibrated. Use of Parrinello-Rahman pressure coupling during equilibration can lead to simulation instability, and is discouraged.

Step 591 Pressure scaling more than 1%. This may mean your system is not yet equilibrated. Use of Parrinello-Rahman pressure coupling during equilibration can lead to simulation instability, and is discouraged.

Step 601 Pressure scaling more than 1%. This may mean your system is not yet equilibrated. Use of Parrinello-Rahman pressure coupling during equilibration can lead to simulation instability, and is discouraged.

Step 611 Pressure scaling more than 1%. This may mean your system is not yet equilibrated. Use of Parrinello-Rahman pressure coupling during equilibration can lead to simulation instability, and is discouraged.

Step 621 Pressure scaling more than 1%. This may mean your system is not yet equilibrated. Use of Parrinello-Rahman pressure coupling during equilibration can lead to simulation instability, and is discouraged.

Step 631 Pressure scaling more than 1%. This may mean your system is not yet equilibrated. Use of Parrinello-Rahman pressure coupling during equilibration can lead to simulation instability, and is discouraged.

Step 641 Pressure scaling more than 1%. This may mean your system is not yet equilibrated. Use of Parrinello-Rahman pressure coupling during equilibration can lead to simulation instability, and is discouraged.

Step 651 Pressure scaling more than 1%. This may mean your system is not yet equilibrated. Use of Parrinello-Rahman pressure coupling during equilibration can lead to simulation instability, and is discouraged.

Step 661 Pressure scaling more than 1%. This may mean your system is not yet equilibrated. Use of Parrinello-Rahman pressure coupling during equilibration can lead to simulation instability, and is discouraged.

Step 671 Pressure scaling more than 1%. This may mean your system is not yet equilibrated. Use of Parrinello-Rahman pressure coupling during equilibration can lead to simulation instability, and is discouraged.

Step 681 Pressure scaling more than 1%. This may mean your system is not yet equilibrated. Use of Parrinello-Rahman pressure coupling during equilibration can lead to simulation instability, and is discouraged.

Step 691 Pressure scaling more than 1%. This may mean your system is not yet equilibrated. Use of Parrinello-Rahman pressure coupling during equilibration can lead to simulation instability, and is discouraged.

Step 701 Pressure scaling more than 1%. This may mean your system is not yet equilibrated. Use of Parrinello-Rahman pressure coupling during equilibration can lead to simulation instability, and is discouraged.

Step 711 Pressure scaling more than 1%. This may mean your system is not yet equilibrated. Use of Parrinello-Rahman pressure coupling during equilibration can lead to simulation instability, and is discouraged.

Step 721 Pressure scaling more than 1%. This may mean your system is not yet equilibrated. Use of Parrinello-Rahman pressure coupling during equilibration can lead to simulation instability, and is discouraged.

Step 731 Pressure scaling more than 1%. This may mean your system is not yet equilibrated. Use of Parrinello-Rahman pressure coupling during equilibration can lead to simulation instability, and is discouraged.

Step 741 Pressure scaling more than 1%. This may mean your system is not yet equilibrated. Use of Parrinello-Rahman pressure coupling during equilibration can lead to simulation instability, and is discouraged.

Step 751 Pressure scaling more than 1%. This may mean your system is not yet equilibrated. Use of Parrinello-Rahman pressure coupling during equilibration can lead to simulation instability, and is discouraged.

Step 761 Pressure scaling more than 1%. This may mean your system is not yet equilibrated. Use of Parrinello-Rahman pressure coupling during equilibration can lead to simulation instability, and is discouraged.

Step 771 Pressure scaling more than 1%. This may mean your system is not yet equilibrated. Use of Parrinello-Rahman pressure coupling during equilibration can lead to simulation instability, and is discouraged.

Step 781 Pressure scaling more than 1%. This may mean your system is not yet equilibrated. Use of Parrinello-Rahman pressure coupling during equilibration can lead to simulation instability, and is discouraged.

Step 791 Pressure scaling more than 1%. This may mean your system is not yet equilibrated. Use of Parrinello-Rahman pressure coupling during equilibration can lead to simulation instability, and is discouraged.

Step 801 Pressure scaling more than 1%. This may mean your system is not yet equilibrated. Use of Parrinello-Rahman pressure coupling during equilibration can lead to simulation instability, and is discouraged.

Step 811 Pressure scaling more than 1%. This may mean your system is not yet equilibrated. Use of Parrinello-Rahman pressure coupling during equilibration can lead to simulation instability, and is discouraged.

Step 821 Pressure scaling more than 1%. This may mean your system is not yet equilibrated. Use of Parrinello-Rahman pressure coupling during equilibration can lead to simulation instability, and is discouraged.

Step 831 Pressure scaling more than 1%. This may mean your system is not yet equilibrated. Use of Parrinello-Rahman pressure coupling during equilibration can lead to simulation instability, and is discouraged.

Step 841 Pressure scaling more than 1%. This may mean your system is not yet equilibrated. Use of Parrinello-Rahman pressure coupling during equilibration can lead to simulation instability, and is discouraged.

Step 851 Pressure scaling more than 1%. This may mean your system is not yet equilibrated. Use of Parrinello-Rahman pressure coupling during equilibration can lead to simulation instability, and is discouraged.

Step 861 Pressure scaling more than 1%. This may mean your system is not yet equilibrated. Use of Parrinello-Rahman pressure coupling during equilibration can lead to simulation instability, and is discouraged.

Step 871 Pressure scaling more than 1%. This may mean your system is not yet equilibrated. Use of Parrinello-Rahman pressure coupling during equilibration can lead to simulation instability, and is discouraged.

Step 881 Pressure scaling more than 1%. This may mean your system is not yet equilibrated. Use of Parrinello-Rahman pressure coupling during equilibration can lead to simulation instability, and is discouraged.

Step 891 Pressure scaling more than 1%. This may mean your system is not yet equilibrated. Use of Parrinello-Rahman pressure coupling during equilibration can lead to simulation instability, and is discouraged.

Step 901 Pressure scaling more than 1%. This may mean your system is not yet equilibrated. Use of Parrinello-Rahman pressure coupling during equilibration can lead to simulation instability, and is discouraged.

Step 911 Pressure scaling more than 1%. This may mean your system is not yet equilibrated. Use of Parrinello-Rahman pressure coupling during equilibration can lead to simulation instability, and is discouraged.

Step 921 Pressure scaling more than 1%. This may mean your system is not yet equilibrated. Use of Parrinello-Rahman pressure coupling during equilibration can lead to simulation instability, and is discouraged.

Step 931 Pressure scaling more than 1%. This may mean your system is not yet equilibrated. Use of Parrinello-Rahman pressure coupling during equilibration can lead to simulation instability, and is discouraged.

Step 941 Pressure scaling more than 1%. This may mean your system is not yet equilibrated. Use of Parrinello-Rahman pressure coupling during equilibration can lead to simulation instability, and is discouraged.

Step 951 Pressure scaling more than 1%. This may mean your system is not yet equilibrated. Use of Parrinello-Rahman pressure coupling during equilibration can lead to simulation instability, and is discouraged.

Step 961 Pressure scaling more than 1%. This may mean your system is not yet equilibrated. Use of Parrinello-Rahman pressure coupling during equilibration can lead to simulation instability, and is discouraged.

Step 971 Pressure scaling more than 1%. This may mean your system is not yet equilibrated. Use of Parrinello-Rahman pressure coupling during equilibration can lead to simulation instability, and is discouraged.

Step 981 Pressure scaling more than 1%. This may mean your system is not yet equilibrated. Use of Parrinello-Rahman pressure coupling during equilibration can lead to simulation instability, and is discouraged.

Step 991 Pressure scaling more than 1%. This may mean your system is not yet equilibrated. Use of Parrinello-Rahman pressure coupling during equilibration can lead to simulation instability, and is discouraged.
           Step           Time
           1000        2.00000

   Energies (kJ/mol)
           Bond          Angle Ryckaert-Bell.          LJ-14     Coulomb-14
    7.77883e+02    3.65650e+03    8.87522e+02    4.51326e+02    4.67285e+02
        LJ (SR)  Disper. corr.   Coulomb (SR)   Coul. recip.      Potential
   -9.29128e+01    1.18384e+00   -1.40561e+03    2.85157e+00    4.74603e+03
    Kinetic En.   Total Energy  Conserved En.    Temperature Pres. DC (bar)
    5.06666e+03    9.81269e+03    2.02862e+06    2.86497e+02   -8.81722e-06
 Pressure (bar)   Constr. rmsd
    7.92747e-01    1.31701e-05


Step 1001 Pressure scaling more than 1%. This may mean your system is not yet equilibrated. Use of Parrinello-Rahman pressure coupling during equilibration can lead to simulation instability, and is discouraged.

Step 1011 Pressure scaling more than 1%. This may mean your system is not yet equilibrated. Use of Parrinello-Rahman pressure coupling during equilibration can lead to simulation instability, and is discouraged.

Step 1021 Pressure scaling more than 1%. This may mean your system is not yet equilibrated. Use of Parrinello-Rahman pressure coupling during equilibration can lead to simulation instability, and is discouraged.

Step 1031 Pressure scaling more than 1%. This may mean your system is not yet equilibrated. Use of Parrinello-Rahman pressure coupling during equilibration can lead to simulation instability, and is discouraged.

Step 1041 Pressure scaling more than 1%. This may mean your system is not yet equilibrated. Use of Parrinello-Rahman pressure coupling during equilibration can lead to simulation instability, and is discouraged.

Step 1051 Pressure scaling more than 1%. This may mean your system is not yet equilibrated. Use of Parrinello-Rahman pressure coupling during equilibration can lead to simulation instability, and is discouraged.

Step 1061 Pressure scaling more than 1%. This may mean your system is not yet equilibrated. Use of Parrinello-Rahman pressure coupling during equilibration can lead to simulation instability, and is discouraged.

Step 1071 Pressure scaling more than 1%. This may mean your system is not yet equilibrated. Use of Parrinello-Rahman pressure coupling during equilibration can lead to simulation instability, and is discouraged.

Step 1081 Pressure scaling more than 1%. This may mean your system is not yet equilibrated. Use of Parrinello-Rahman pressure coupling during equilibration can lead to simulation instability, and is discouraged.

Step 1091 Pressure scaling more than 1%. This may mean your system is not yet equilibrated. Use of Parrinello-Rahman pressure coupling during equilibration can lead to simulation instability, and is discouraged.

Step 1101 Pressure scaling more than 1%. This may mean your system is not yet equilibrated. Use of Parrinello-Rahman pressure coupling during equilibration can lead to simulation instability, and is discouraged.
           Step           Time
           2000        4.00000

   Energies (kJ/mol)
           Bond          Angle Ryckaert-Bell.          LJ-14     Coulomb-14
    7.16108e+02    3.40250e+03    8.36141e+02    3.89178e+02    4.59016e+02
        LJ (SR)  Disper. corr.   Coulomb (SR)   Coul. recip.      Potential
   -5.65516e+01    1.26373e+00   -1.40179e+03    3.04446e-01    4.34617e+03
    Kinetic En.   Total Energy  Conserved En.    Temperature Pres. DC (bar)
    5.25575e+03    9.60192e+03    4.24164e+06    2.97189e+02   -9.95556e-08
 Pressure (bar)   Constr. rmsd
    5.00212e-02    2.66373e-05

           Step           Time
           3000        6.00000

   Energies (kJ/mol)
           Bond          Angle Ryckaert-Bell.          LJ-14     Coulomb-14
    7.68761e+02    3.41622e+03    7.96039e+02    3.13444e+02    4.54637e+02
        LJ (SR)  Disper. corr.   Coulomb (SR)   Coul. recip.      Potential
   -9.82103e+01    1.27051e+00   -1.39949e+03    8.78541e-02    4.25276e+03
    Kinetic En.   Total Energy  Conserved En.    Temperature Pres. DC (bar)
    5.23695e+03    9.48971e+03    6.33641e+06    2.96126e+02   -8.15949e-09
 Pressure (bar)   Constr. rmsd
    9.60468e-03    4.06609e-05

           Step           Time
           4000        8.00000

   Energies (kJ/mol)
           Bond          Angle Ryckaert-Bell.          LJ-14     Coulomb-14
    7.15374e+02    3.49567e+03    8.63491e+02    3.01121e+02    4.64143e+02
        LJ (SR)  Disper. corr.   Coulomb (SR)   Coul. recip.      Potential
   -7.38839e+01    1.27207e+00   -1.39526e+03    3.75405e-02    4.37196e+03
    Kinetic En.   Total Energy  Conserved En.    Temperature Pres. DC (bar)
    5.18764e+03    9.55960e+03    8.26183e+06    2.93338e+02   -1.46411e-09
 Pressure (bar)   Constr. rmsd
    2.01633e-03    4.61042e-05

           Step           Time
           5000       10.00000

   Energies (kJ/mol)
           Bond          Angle Ryckaert-Bell.          LJ-14     Coulomb-14
    7.59242e+02    3.44642e+03    8.79268e+02    3.00960e+02    4.52619e+02
        LJ (SR)  Disper. corr.   Coulomb (SR)   Coul. recip.      Potential
   -6.04101e+01    1.27262e+00   -1.39364e+03    1.97000e-02    4.38575e+03
    Kinetic En.   Total Energy  Conserved En.    Temperature Pres. DC (bar)
    5.24262e+03    9.62837e+03    9.97642e+06    2.96447e+02   -4.03673e-10
 Pressure (bar)   Constr. rmsd
    2.29656e-04    6.03861e-05

           Step           Time
           6000       12.00000

   Energies (kJ/mol)
           Bond          Angle Ryckaert-Bell.          LJ-14     Coulomb-14
    7.13010e+02    3.51089e+03    8.50167e+02    2.70096e+02    4.42910e+02
        LJ (SR)  Disper. corr.   Coulomb (SR)   Coul. recip.      Potential
   -9.54726e+01    1.27286e+00   -1.38223e+03    1.17880e-02    4.31065e+03
    Kinetic En.   Total Energy  Conserved En.    Temperature Pres. DC (bar)
    5.30097e+03    9.61162e+03    1.14517e+07    2.99746e+02   -1.46690e-10
 Pressure (bar)   Constr. rmsd
    3.00100e-04    7.02138e-05

           Step           Time
           7000       14.00000

   Energies (kJ/mol)
           Bond          Angle Ryckaert-Bell.          LJ-14     Coulomb-14
    7.44188e+02    3.49142e+03    7.94380e+02    2.93256e+02    4.61882e+02
        LJ (SR)  Disper. corr.   Coulomb (SR)   Coul. recip.      Potential
   -9.27579e+01    1.27298e+00   -1.40312e+03    7.79835e-03    4.29053e+03
    Kinetic En.   Total Energy  Conserved En.    Temperature Pres. DC (bar)
    5.15013e+03    9.44066e+03    1.26739e+07    2.91217e+02   -6.48305e-11
 Pressure (bar)   Constr. rmsd
    2.18729e-04    7.58423e-05

           Step           Time
           8000       16.00000

   Energies (kJ/mol)
           Bond          Angle Ryckaert-Bell.          LJ-14     Coulomb-14
    7.73649e+02    3.47431e+03    8.64811e+02    2.94626e+02    4.58904e+02
        LJ (SR)  Disper. corr.   Coulomb (SR)   Coul. recip.      Potential
   -9.64344e+01    1.27305e+00   -1.39673e+03    5.67305e-03    4.37441e+03
    Kinetic En.   Total Energy  Conserved En.    Temperature Pres. DC (bar)
    5.06420e+03    9.43861e+03    1.36435e+07    2.86358e+02   -3.32401e-11
 Pressure (bar)   Constr. rmsd
   -6.67183e-05    8.01201e-05

           Step           Time
           9000       18.00000

   Energies (kJ/mol)
           Bond          Angle Ryckaert-Bell.          LJ-14     Coulomb-14
    7.06762e+02    3.38357e+03    8.40270e+02    3.15615e+02    4.61580e+02
        LJ (SR)  Disper. corr.   Coulomb (SR)   Coul. recip.      Potential
   -6.43444e+01    1.27309e+00   -1.41032e+03    4.35278e-03    4.23441e+03
    Kinetic En.   Total Energy  Conserved En.    Temperature Pres. DC (bar)
    5.12242e+03    9.35683e+03    1.43750e+07    2.89650e+02   -1.91887e-11
 Pressure (bar)   Constr. rmsd
    1.66880e-04    8.49321e-05

           Step           Time
          10000       20.00000

   Energies (kJ/mol)
           Bond          Angle Ryckaert-Bell.          LJ-14     Coulomb-14
    8.06902e+02    3.42467e+03    8.75667e+02    3.26013e+02    4.57294e+02
        LJ (SR)  Disper. corr.   Coulomb (SR)   Coul. recip.      Potential
   -1.07734e+02    1.27312e+00   -1.40039e+03    3.35312e-03    4.38370e+03
    Kinetic En.   Total Energy  Conserved En.    Temperature Pres. DC (bar)
    5.13871e+03    9.52241e+03    1.48942e+07    2.90571e+02   -1.22248e-11
 Pressure (bar)   Constr. rmsd
    1.94138e-04    8.82708e-05

           Step           Time
          11000       22.00000

   Energies (kJ/mol)
           Bond          Angle Ryckaert-Bell.          LJ-14     Coulomb-14
    7.06012e+02    3.49833e+03    8.23416e+02    3.21860e+02    4.55031e+02
        LJ (SR)  Disper. corr.   Coulomb (SR)   Coul. recip.      Potential
   -7.69185e+01    1.27314e+00   -1.39547e+03    2.88529e-03    4.33354e+03
    Kinetic En.   Total Energy  Conserved En.    Temperature Pres. DC (bar)
    5.27580e+03    9.60933e+03    1.52353e+07    2.98323e+02   -8.47684e-12
 Pressure (bar)   Constr. rmsd
    1.38821e-04    9.69902e-05

           Step           Time
          12000       24.00000

   Energies (kJ/mol)
           Bond          Angle Ryckaert-Bell.          LJ-14     Coulomb-14
    7.10850e+02    3.39112e+03    8.74586e+02    3.06832e+02    4.52112e+02
        LJ (SR)  Disper. corr.   Coulomb (SR)   Coul. recip.      Potential
   -9.54484e+01    1.27315e+00   -1.39148e+03    2.46392e-03    4.24985e+03
    Kinetic En.   Total Energy  Conserved En.    Temperature Pres. DC (bar)
    5.10650e+03    9.35636e+03    1.54373e+07    2.88750e+02   -6.33533e-12
 Pressure (bar)   Constr. rmsd
    1.84214e-06    1.05820e-04

           Step           Time
          13000       26.00000

   Energies (kJ/mol)
           Bond          Angle Ryckaert-Bell.          LJ-14     Coulomb-14
    7.03377e+02    3.26106e+03    9.26325e+02    3.14087e+02    4.39196e+02
        LJ (SR)  Disper. corr.   Coulomb (SR)   Coul. recip.      Potential
   -8.81416e+01    1.27316e+00   -1.37324e+03    2.19964e-03    4.18394e+03
    Kinetic En.   Total Energy  Conserved En.    Temperature Pres. DC (bar)
    5.25079e+03    9.43473e+03    1.55403e+07    2.96909e+02   -5.06778e-12
 Pressure (bar)   Constr. rmsd
   -1.34998e-05    1.06725e-04

           Step           Time
          14000       28.00000

   Energies (kJ/mol)
           Bond          Angle Ryckaert-Bell.          LJ-14     Coulomb-14
    7.78241e+02    3.36601e+03    8.63670e+02    2.99529e+02    4.57735e+02
        LJ (SR)  Disper. corr.   Coulomb (SR)   Coul. recip.      Potential
   -1.05257e+02    1.27316e+00   -1.39392e+03    1.99704e-03    4.26728e+03
    Kinetic En.   Total Energy  Conserved En.    Temperature Pres. DC (bar)
    5.05559e+03    9.32287e+03    1.55813e+07    2.85871e+02   -4.31771e-12
 Pressure (bar)   Constr. rmsd
   -5.19830e-05    1.07434e-04

           Step           Time
          15000       30.00000

   Energies (kJ/mol)
           Bond          Angle Ryckaert-Bell.          LJ-14     Coulomb-14
    7.05646e+02    3.45175e+03    8.75176e+02    2.76394e+02    4.63096e+02
        LJ (SR)  Disper. corr.   Coulomb (SR)   Coul. recip.      Potential
   -1.07362e+02    1.27317e+00   -1.39607e+03    1.94998e-03    4.26990e+03
    Kinetic En.   Total Energy  Conserved En.    Temperature Pres. DC (bar)
    5.16084e+03    9.43074e+03    1.55906e+07    2.91822e+02   -3.90523e-12
 Pressure (bar)   Constr. rmsd
   -3.28773e-05    1.12851e-04

           Step           Time
          16000       32.00000

   Energies (kJ/mol)
           Bond          Angle Ryckaert-Bell.          LJ-14     Coulomb-14
    7.70552e+02    3.38779e+03    8.83230e+02    3.20726e+02    4.56947e+02
        LJ (SR)  Disper. corr.   Coulomb (SR)   Coul. recip.      Potential
   -8.62245e+01    1.27317e+00   -1.39938e+03    1.90732e-03    4.33491e+03
    Kinetic En.   Total Energy  Conserved En.    Temperature Pres. DC (bar)
    5.23654e+03    9.57145e+03    1.55893e+07    2.96103e+02   -3.74229e-12
 Pressure (bar)   Constr. rmsd
    1.10424e-04    1.11862e-04

           Step           Time
          17000       34.00000

   Energies (kJ/mol)
           Bond          Angle Ryckaert-Bell.          LJ-14     Coulomb-14
    6.98593e+02    3.19912e+03    8.69978e+02    3.06463e+02    4.82169e+02
        LJ (SR)  Disper. corr.   Coulomb (SR)   Coul. recip.      Potential
   -7.22940e+01    1.27317e+00   -1.43402e+03    1.89481e-03    4.05129e+03
    Kinetic En.   Total Energy  Conserved En.    Temperature Pres. DC (bar)
    5.14966e+03    9.20095e+03    1.55864e+07    2.91190e+02   -3.79641e-12
 Pressure (bar)   Constr. rmsd
    3.44139e-05    1.07485e-04

           Step           Time
          18000       36.00000

   Energies (kJ/mol)
           Bond          Angle Ryckaert-Bell.          LJ-14     Coulomb-14
    5.75842e+02    3.28100e+03    8.78100e+02    2.98920e+02    4.66530e+02
        LJ (SR)  Disper. corr.   Coulomb (SR)   Coul. recip.      Potential
   -1.03316e+02    1.27316e+00   -1.41974e+03    1.98300e-03    3.97861e+03
    Kinetic En.   Total Energy  Conserved En.    Temperature Pres. DC (bar)
    5.13274e+03    9.11135e+03    1.55792e+07    2.90233e+02   -4.07820e-12
 Pressure (bar)   Constr. rmsd
    7.14963e-05    1.06477e-04

           Step           Time
          19000       38.00000

   Energies (kJ/mol)
           Bond          Angle Ryckaert-Bell.          LJ-14     Coulomb-14
    6.38329e+02    3.40883e+03    8.96949e+02    3.12039e+02    4.80253e+02
        LJ (SR)  Disper. corr.   Coulomb (SR)   Coul. recip.      Potential
   -1.01109e+02    1.27316e+00   -1.42600e+03    2.10978e-03    4.21057e+03
    Kinetic En.   Total Energy  Conserved En.    Temperature Pres. DC (bar)
    4.95807e+03    9.16864e+03    1.55525e+07    2.80357e+02   -4.64548e-12
 Pressure (bar)   Constr. rmsd
    1.02347e-05    1.00783e-04

           Step           Time
          20000       40.00000

   Energies (kJ/mol)
           Bond          Angle Ryckaert-Bell.          LJ-14     Coulomb-14
    6.87583e+02    3.23941e+03    8.85216e+02    2.98337e+02    4.64748e+02
        LJ (SR)  Disper. corr.   Coulomb (SR)   Coul. recip.      Potential
   -1.28038e+02    1.27315e+00   -1.41192e+03    2.33123e-03    4.03661e+03
    Kinetic En.   Total Energy  Conserved En.    Temperature Pres. DC (bar)
    5.23243e+03    9.26904e+03    1.54807e+07    2.95871e+02   -5.62594e-12
 Pressure (bar)   Constr. rmsd
    4.83492e-05    1.01174e-04

           Step           Time
          21000       42.00000

   Energies (kJ/mol)
           Bond          Angle Ryckaert-Bell.          LJ-14     Coulomb-14
    6.92938e+02    3.26692e+03    8.22499e+02    2.72001e+02    4.51014e+02
        LJ (SR)  Disper. corr.   Coulomb (SR)   Coul. recip.      Potential
   -1.02782e+02    1.27314e+00   -1.38405e+03    2.65063e-03    4.01982e+03
    Kinetic En.   Total Energy  Conserved En.    Temperature Pres. DC (bar)
    5.31973e+03    9.33955e+03    1.53299e+07    3.00807e+02   -7.27312e-12
 Pressure (bar)   Constr. rmsd
   -4.16256e-05    9.53323e-05

           Step           Time
          22000       44.00000

   Energies (kJ/mol)
           Bond          Angle Ryckaert-Bell.          LJ-14     Coulomb-14
    7.20570e+02    3.28079e+03    8.54099e+02    2.94942e+02    4.63760e+02
        LJ (SR)  Disper. corr.   Coulomb (SR)   Coul. recip.      Potential
   -1.10808e+02    1.27313e+00   -1.40593e+03    3.11089e-03    4.09870e+03
    Kinetic En.   Total Energy  Conserved En.    Temperature Pres. DC (bar)
    5.24905e+03    9.34775e+03    1.50612e+07    2.96810e+02   -1.00963e-11
 Pressure (bar)   Constr. rmsd
   -1.35339e-04    9.07658e-05

           Step           Time
          23000       46.00000

   Energies (kJ/mol)
           Bond          Angle Ryckaert-Bell.          LJ-14     Coulomb-14
    6.49388e+02    3.26477e+03    8.55081e+02    2.93645e+02    4.61206e+02
        LJ (SR)  Disper. corr.   Coulomb (SR)   Coul. recip.      Potential
   -7.76438e+01    1.27311e+00   -1.40997e+03    3.82306e-03    4.03775e+03
    Kinetic En.   Total Energy  Conserved En.    Temperature Pres. DC (bar)
    5.30647e+03    9.34422e+03    1.46346e+07    3.00057e+02   -1.51746e-11
 Pressure (bar)   Constr. rmsd
   -5.76965e-05    7.92210e-05

           Step           Time
          24000       48.00000

   Energies (kJ/mol)
           Bond          Angle Ryckaert-Bell.          LJ-14     Coulomb-14
    6.42341e+02    3.25591e+03    8.84695e+02    3.06614e+02    4.67285e+02
        LJ (SR)  Disper. corr.   Coulomb (SR)   Coul. recip.      Potential
   -8.59638e+01    1.27307e+00   -1.41278e+03    4.79259e-03    4.05938e+03
    Kinetic En.   Total Energy  Conserved En.    Temperature Pres. DC (bar)
    5.27324e+03    9.33262e+03    1.40129e+07    2.98178e+02   -2.49826e-11
 Pressure (bar)   Constr. rmsd
   -6.04891e-05    7.46253e-05

           Step           Time
          25000       50.00000

   Energies (kJ/mol)
           Bond          Angle Ryckaert-Bell.          LJ-14     Coulomb-14
    7.52918e+02    3.21611e+03    8.04417e+02    2.72255e+02    4.68069e+02
        LJ (SR)  Disper. corr.   Coulomb (SR)   Coul. recip.      Potential
   -1.05037e+02    1.27302e+00   -1.40348e+03    6.89469e-03    4.00653e+03
    Kinetic En.   Total Energy  Conserved En.    Temperature Pres. DC (bar)
    5.18453e+03    9.19106e+03    1.31655e+07    2.93162e+02   -4.58088e-11
 Pressure (bar)   Constr. rmsd
   -4.43836e-04    7.41051e-05

           Step           Time
          26000       52.00000

   Energies (kJ/mol)
           Bond          Angle Ryckaert-Bell.          LJ-14     Coulomb-14
    6.86846e+02    3.18807e+03    8.52686e+02    2.89563e+02    4.76667e+02
        LJ (SR)  Disper. corr.   Coulomb (SR)   Coul. recip.      Potential
   -1.05182e+02    1.27293e+00   -1.42468e+03    9.74039e-03    3.96526e+03
    Kinetic En.   Total Energy  Conserved En.    Temperature Pres. DC (bar)
    5.22562e+03    9.19088e+03    1.20718e+07    2.95485e+02   -9.58618e-11
 Pressure (bar)   Constr. rmsd
   -5.66123e-04    6.45755e-05

           Step           Time
          27000       54.00000

   Energies (kJ/mol)
           Bond          Angle Ryckaert-Bell.          LJ-14     Coulomb-14
    6.00364e+02    3.07206e+03    8.38294e+02    2.96191e+02    4.67932e+02
        LJ (SR)  Disper. corr.   Coulomb (SR)   Coul. recip.      Potential
   -8.63907e+01    1.27276e+00   -1.41734e+03    1.52557e-02    3.77240e+03
    Kinetic En.   Total Energy  Conserved En.    Temperature Pres. DC (bar)
    5.35818e+03    9.13058e+03    1.07241e+07    3.02981e+02   -2.37670e-10
 Pressure (bar)   Constr. rmsd
    1.62751e-04    5.80962e-05

           Step           Time
          28000       56.00000

   Energies (kJ/mol)
           Bond          Angle Ryckaert-Bell.          LJ-14     Coulomb-14
    7.28343e+02    3.36313e+03    8.36895e+02    3.27258e+02    4.61923e+02
        LJ (SR)  Disper. corr.   Coulomb (SR)   Coul. recip.      Potential
   -8.71029e+01    1.27241e+00   -1.39306e+03    2.66225e-02    4.23868e+03
    Kinetic En.   Total Energy  Conserved En.    Temperature Pres. DC (bar)
    5.31991e+03    9.55859e+03    9.12866e+06    3.00817e+02   -7.42117e-10
 Pressure (bar)   Constr. rmsd
   -1.95047e-05    4.81812e-05

           Step           Time
          29000       58.00000

   Energies (kJ/mol)
           Bond          Angle Ryckaert-Bell.          LJ-14     Coulomb-14
    6.32420e+02    3.10241e+03    8.11227e+02    2.84168e+02    4.80646e+02
        LJ (SR)  Disper. corr.   Coulomb (SR)   Coul. recip.      Potential
   -9.44299e+01    1.27151e+00   -1.43030e+03    5.69090e-02    3.78747e+03
    Kinetic En.   Total Energy  Conserved En.    Temperature Pres. DC (bar)
    5.27180e+03    9.05927e+03    7.30663e+06    2.98097e+02   -3.25637e-09
 Pressure (bar)   Constr. rmsd
   -2.80802e-03    4.10232e-05

           Step           Time
          30000       60.00000

   Energies (kJ/mol)
           Bond          Angle Ryckaert-Bell.          LJ-14     Coulomb-14
    7.38449e+02    3.29448e+03    7.92510e+02    2.83859e+02    4.73010e+02
        LJ (SR)  Disper. corr.   Coulomb (SR)   Coul. recip.      Potential
   -8.48091e+01    1.26845e+00   -1.42726e+03    1.53411e-01    4.07166e+03
    Kinetic En.   Total Energy  Conserved En.    Temperature Pres. DC (bar)
    5.17834e+03    9.24999e+03    5.29343e+06    2.92812e+02   -2.52085e-08
 Pressure (bar)   Constr. rmsd
   -1.22604e-02    2.85372e-05

           Step           Time
          31000       62.00000

   Energies (kJ/mol)
           Bond          Angle Ryckaert-Bell.          LJ-14     Coulomb-14
    7.25385e+02    3.26135e+03    8.31547e+02    2.76163e+02    4.62598e+02
        LJ (SR)  Disper. corr.   Coulomb (SR)   Coul. recip.      Potential
   -9.76067e+01    1.24922e+00   -1.40675e+03    7.72283e-01    4.05471e+03
    Kinetic En.   Total Energy  Conserved En.    Temperature Pres. DC (bar)
    5.17562e+03    9.23032e+03    3.13674e+06    2.92658e+02   -6.36034e-07
 Pressure (bar)   Constr. rmsd
   -5.55319e-02    1.88366e-05


Step 31391 Pressure scaling more than 1%. This may mean your system is not yet equilibrated. Use of Parrinello-Rahman pressure coupling during equilibration can lead to simulation instability, and is discouraged.

Step 31401 Pressure scaling more than 1%. This may mean your system is not yet equilibrated. Use of Parrinello-Rahman pressure coupling during equilibration can lead to simulation instability, and is discouraged.

Step 31411 Pressure scaling more than 1%. This may mean your system is not yet equilibrated. Use of Parrinello-Rahman pressure coupling during equilibration can lead to simulation instability, and is discouraged.

Step 31421 Pressure scaling more than 1%. This may mean your system is not yet equilibrated. Use of Parrinello-Rahman pressure coupling during equilibration can lead to simulation instability, and is discouraged.

Step 31431 Pressure scaling more than 1%. This may mean your system is not yet equilibrated. Use of Parrinello-Rahman pressure coupling during equilibration can lead to simulation instability, and is discouraged.

Step 31441 Pressure scaling more than 1%. This may mean your system is not yet equilibrated. Use of Parrinello-Rahman pressure coupling during equilibration can lead to simulation instability, and is discouraged.

Step 31451 Pressure scaling more than 1%. This may mean your system is not yet equilibrated. Use of Parrinello-Rahman pressure coupling during equilibration can lead to simulation instability, and is discouraged.

Step 31461 Pressure scaling more than 1%. This may mean your system is not yet equilibrated. Use of Parrinello-Rahman pressure coupling during equilibration can lead to simulation instability, and is discouraged.

Step 31471 Pressure scaling more than 1%. This may mean your system is not yet equilibrated. Use of Parrinello-Rahman pressure coupling during equilibration can lead to simulation instability, and is discouraged.

Step 31481 Pressure scaling more than 1%. This may mean your system is not yet equilibrated. Use of Parrinello-Rahman pressure coupling during equilibration can lead to simulation instability, and is discouraged.

Step 31491 Pressure scaling more than 1%. This may mean your system is not yet equilibrated. Use of Parrinello-Rahman pressure coupling during equilibration can lead to simulation instability, and is discouraged.

Step 31501 Pressure scaling more than 1%. This may mean your system is not yet equilibrated. Use of Parrinello-Rahman pressure coupling during equilibration can lead to simulation instability, and is discouraged.

Step 31511 Pressure scaling more than 1%. This may mean your system is not yet equilibrated. Use of Parrinello-Rahman pressure coupling during equilibration can lead to simulation instability, and is discouraged.

Step 31521 Pressure scaling more than 1%. This may mean your system is not yet equilibrated. Use of Parrinello-Rahman pressure coupling during equilibration can lead to simulation instability, and is discouraged.

Step 31531 Pressure scaling more than 1%. This may mean your system is not yet equilibrated. Use of Parrinello-Rahman pressure coupling during equilibration can lead to simulation instability, and is discouraged.

Step 31541 Pressure scaling more than 1%. This may mean your system is not yet equilibrated. Use of Parrinello-Rahman pressure coupling during equilibration can lead to simulation instability, and is discouraged.

Step 31551 Pressure scaling more than 1%. This may mean your system is not yet equilibrated. Use of Parrinello-Rahman pressure coupling during equilibration can lead to simulation instability, and is discouraged.

Step 31561 Pressure scaling more than 1%. This may mean your system is not yet equilibrated. Use of Parrinello-Rahman pressure coupling during equilibration can lead to simulation instability, and is discouraged.

Step 31571 Pressure scaling more than 1%. This may mean your system is not yet equilibrated. Use of Parrinello-Rahman pressure coupling during equilibration can lead to simulation instability, and is discouraged.

Step 31581 Pressure scaling more than 1%. This may mean your system is not yet equilibrated. Use of Parrinello-Rahman pressure coupling during equilibration can lead to simulation instability, and is discouraged.

Step 31591 Pressure scaling more than 1%. This may mean your system is not yet equilibrated. Use of Parrinello-Rahman pressure coupling during equilibration can lead to simulation instability, and is discouraged.

Step 31601 Pressure scaling more than 1%. This may mean your system is not yet equilibrated. Use of Parrinello-Rahman pressure coupling during equilibration can lead to simulation instability, and is discouraged.

Step 31611 Pressure scaling more than 1%. This may mean your system is not yet equilibrated. Use of Parrinello-Rahman pressure coupling during equilibration can lead to simulation instability, and is discouraged.

Step 31621 Pressure scaling more than 1%. This may mean your system is not yet equilibrated. Use of Parrinello-Rahman pressure coupling during equilibration can lead to simulation instability, and is discouraged.

Step 31631 Pressure scaling more than 1%. This may mean your system is not yet equilibrated. Use of Parrinello-Rahman pressure coupling during equilibration can lead to simulation instability, and is discouraged.

Step 31641 Pressure scaling more than 1%. This may mean your system is not yet equilibrated. Use of Parrinello-Rahman pressure coupling during equilibration can lead to simulation instability, and is discouraged.

Step 31651 Pressure scaling more than 1%. This may mean your system is not yet equilibrated. Use of Parrinello-Rahman pressure coupling during equilibration can lead to simulation instability, and is discouraged.

Step 31661 Pressure scaling more than 1%. This may mean your system is not yet equilibrated. Use of Parrinello-Rahman pressure coupling during equilibration can lead to simulation instability, and is discouraged.

Step 31671 Pressure scaling more than 1%. This may mean your system is not yet equilibrated. Use of Parrinello-Rahman pressure coupling during equilibration can lead to simulation instability, and is discouraged.

Step 31681 Pressure scaling more than 1%. This may mean your system is not yet equilibrated. Use of Parrinello-Rahman pressure coupling during equilibration can lead to simulation instability, and is discouraged.

Step 31691 Pressure scaling more than 1%. This may mean your system is not yet equilibrated. Use of Parrinello-Rahman pressure coupling during equilibration can lead to simulation instability, and is discouraged.

Step 31701 Pressure scaling more than 1%. This may mean your system is not yet equilibrated. Use of Parrinello-Rahman pressure coupling during equilibration can lead to simulation instability, and is discouraged.

Step 31711 Pressure scaling more than 1%. This may mean your system is not yet equilibrated. Use of Parrinello-Rahman pressure coupling during equilibration can lead to simulation instability, and is discouraged.

Step 31721 Pressure scaling more than 1%. This may mean your system is not yet equilibrated. Use of Parrinello-Rahman pressure coupling during equilibration can lead to simulation instability, and is discouraged.

Step 31731 Pressure scaling more than 1%. This may mean your system is not yet equilibrated. Use of Parrinello-Rahman pressure coupling during equilibration can lead to simulation instability, and is discouraged.

Step 31741 Pressure scaling more than 1%. This may mean your system is not yet equilibrated. Use of Parrinello-Rahman pressure coupling during equilibration can lead to simulation instability, and is discouraged.

Step 31751 Pressure scaling more than 1%. This may mean your system is not yet equilibrated. Use of Parrinello-Rahman pressure coupling during equilibration can lead to simulation instability, and is discouraged.

Step 31761 Pressure scaling more than 1%. This may mean your system is not yet equilibrated. Use of Parrinello-Rahman pressure coupling during equilibration can lead to simulation instability, and is discouraged.

Step 31771 Pressure scaling more than 1%. This may mean your system is not yet equilibrated. Use of Parrinello-Rahman pressure coupling during equilibration can lead to simulation instability, and is discouraged.

Step 31781 Pressure scaling more than 1%. This may mean your system is not yet equilibrated. Use of Parrinello-Rahman pressure coupling during equilibration can lead to simulation instability, and is discouraged.

Step 31791 Pressure scaling more than 1%. This may mean your system is not yet equilibrated. Use of Parrinello-Rahman pressure coupling during equilibration can lead to simulation instability, and is discouraged.

Step 31801 Pressure scaling more than 1%. This may mean your system is not yet equilibrated. Use of Parrinello-Rahman pressure coupling during equilibration can lead to simulation instability, and is discouraged.

Step 31811 Pressure scaling more than 1%. This may mean your system is not yet equilibrated. Use of Parrinello-Rahman pressure coupling during equilibration can lead to simulation instability, and is discouraged.

Step 31821 Pressure scaling more than 1%. This may mean your system is not yet equilibrated. Use of Parrinello-Rahman pressure coupling during equilibration can lead to simulation instability, and is discouraged.

Step 31831 Pressure scaling more than 1%. This may mean your system is not yet equilibrated. Use of Parrinello-Rahman pressure coupling during equilibration can lead to simulation instability, and is discouraged.

Step 31841 Pressure scaling more than 1%. This may mean your system is not yet equilibrated. Use of Parrinello-Rahman pressure coupling during equilibration can lead to simulation instability, and is discouraged.

Step 31851 Pressure scaling more than 1%. This may mean your system is not yet equilibrated. Use of Parrinello-Rahman pressure coupling during equilibration can lead to simulation instability, and is discouraged.

Step 31861 Pressure scaling more than 1%. This may mean your system is not yet equilibrated. Use of Parrinello-Rahman pressure coupling during equilibration can lead to simulation instability, and is discouraged.

Step 31871 Pressure scaling more than 1%. This may mean your system is not yet equilibrated. Use of Parrinello-Rahman pressure coupling during equilibration can lead to simulation instability, and is discouraged.

Step 31881 Pressure scaling more than 1%. This may mean your system is not yet equilibrated. Use of Parrinello-Rahman pressure coupling during equilibration can lead to simulation instability, and is discouraged.

Step 31891 Pressure scaling more than 1%. This may mean your system is not yet equilibrated. Use of Parrinello-Rahman pressure coupling during equilibration can lead to simulation instability, and is discouraged.

Step 31901 Pressure scaling more than 1%. This may mean your system is not yet equilibrated. Use of Parrinello-Rahman pressure coupling during equilibration can lead to simulation instability, and is discouraged.

Step 31911 Pressure scaling more than 1%. This may mean your system is not yet equilibrated. Use of Parrinello-Rahman pressure coupling during equilibration can lead to simulation instability, and is discouraged.

Step 31921 Pressure scaling more than 1%. This may mean your system is not yet equilibrated. Use of Parrinello-Rahman pressure coupling during equilibration can lead to simulation instability, and is discouraged.

Step 31931 Pressure scaling more than 1%. This may mean your system is not yet equilibrated. Use of Parrinello-Rahman pressure coupling during equilibration can lead to simulation instability, and is discouraged.

Step 31941 Pressure scaling more than 1%. This may mean your system is not yet equilibrated. Use of Parrinello-Rahman pressure coupling during equilibration can lead to simulation instability, and is discouraged.

Step 31951 Pressure scaling more than 1%. This may mean your system is not yet equilibrated. Use of Parrinello-Rahman pressure coupling during equilibration can lead to simulation instability, and is discouraged.

Step 31961 Pressure scaling more than 1%. This may mean your system is not yet equilibrated. Use of Parrinello-Rahman pressure coupling during equilibration can lead to simulation instability, and is discouraged.

Step 31971 Pressure scaling more than 1%. This may mean your system is not yet equilibrated. Use of Parrinello-Rahman pressure coupling during equilibration can lead to simulation instability, and is discouraged.

Step 31981 Pressure scaling more than 1%. This may mean your system is not yet equilibrated. Use of Parrinello-Rahman pressure coupling during equilibration can lead to simulation instability, and is discouraged.

Step 31991 Pressure scaling more than 1%. This may mean your system is not yet equilibrated. Use of Parrinello-Rahman pressure coupling during equilibration can lead to simulation instability, and is discouraged.
           Step           Time
          32000       64.00000

   Energies (kJ/mol)
           Bond          Angle Ryckaert-Bell.          LJ-14     Coulomb-14
    1.16810e+03    3.37460e+03    7.57465e+02    2.09145e+02    4.68677e+02
        LJ (SR)  Disper. corr.   Coulomb (SR)   Coul. recip.      Potential
   -1.33520e+02    1.29061e-01   -1.40269e+03    3.15595e+01    4.47347e+03
    Kinetic En.   Total Energy  Conserved En.    Temperature Pres. DC (bar)
    5.16536e+03    9.63883e+03    8.99576e+05    2.92078e+02   -1.44475e-03
 Pressure (bar)   Constr. rmsd
   -1.85488e+01    8.36002e-06

