                      :-) GROMACS - gmx grompp, 2024.1 (-:

Executable:   /usr/local/hpc1/software_molmod/gromacs/gromacs-2024.1-bin_wr0/bin/gmx
Data prefix:  /usr/local/hpc1/software_molmod/gromacs/gromacs-2024.1-bin_wr0
Working dir:  /work/rstric2s/current_sim/Application/03-1-C4H9Br
Command line:
  gmx grompp -f 03_npt.mdp -c 12_nvt.gro -t 12_nvt.trr -p topol.top -o 13_npt.tpr

Ignoring obsolete mdp entry 'title'
Ignoring obsolete mdp entry 'ns_type'

NOTE 1 [file 03_npt.mdp]:
  verlet-buffer-pressure-tolerance is ignored when verlet-buffer-tolerance
  < 0

Generating 1-4 interactions: fudge = 0.5
Number of degrees of freedom in T-Coupling group Other is 4122.00
trr version: GMX_trn_file (single precision)
Reading frame       0 time    0.000   Reading frame       1 time   20.000   Reading frame       2 time   40.000   Reading frame       3 time   60.000   Reading frame       4 time   80.000   Reading frame       5 time  100.000   Last frame          5 time  100.000   

There was 1 NOTE

GROMACS reminds you: "Furious activity is no substitute for understanding." (H.H. Williams)

Setting the LD random seed to 1602190335

Generated 331705 of the 331705 non-bonded parameter combinations

Generated 331705 of the 331705 1-4 parameter combinations

Excluding 3 bonded neighbours molecule type 'Other'

turning H bonds into constraints...
Analysing residue names:
There are:   125      Other residues
Analysing residues not classified as Protein/DNA/RNA/Water and splitting into groups...

The largest distance between excluded atoms is 0.442 nm between atom 873 and 882

Reading Coordinates, Velocities and Box size from old trajectory

Will read whole trajectory

Using frame at t = 100 ps

Starting time for run is 0 ps
Calculating fourier grid dimensions for X Y Z
Using a fourier grid of 20x20x20, spacing 0.139 0.139 0.139

Estimate for the relative computational load of the PME mesh part: 0.24

This run will generate roughly 2 Mb of data
                      :-) GROMACS - gmx mdrun, 2024.1 (-:

Executable:   /usr/local/hpc1/software_molmod/gromacs/gromacs-2024.1-bin_wr0/bin/gmx
Data prefix:  /usr/local/hpc1/software_molmod/gromacs/gromacs-2024.1-bin_wr0
Working dir:  /work/rstric2s/current_sim/Application/03-1-C4H9Br
Command line:
  gmx mdrun -deffnm 13_npt

Reading file 13_npt.tpr, VERSION 2024.1 (single precision)
Can not increase nstlist because verlet-buffer-tolerance is not set or used
Using 1 MPI thread

Non-default thread affinity set, disabling internal thread affinity

Using 1 OpenMP thread 

starting mdrun '1-BROMOBUTANE'
500000 steps,   1000.0 ps.

Step 1650  Warning: pressure scaling more than 1%, mu: 0.988218 0.988218 0.988218

Step 1800  Warning: pressure scaling more than 1%, mu: 1.01016 1.01016 1.01016

Step 2050  Warning: pressure scaling more than 1%, mu: 0.989669 0.989669 0.989669

Step 2300  Warning: pressure scaling more than 1%, mu: 1.01636 1.01636 1.01636

Step 2350  Warning: pressure scaling more than 1%, mu: 0.987497 0.987497 0.987497

Step 2400  Warning: pressure scaling more than 1%, mu: 1.0152 1.0152 1.0152

Step 8050  Warning: pressure scaling more than 1%, mu: 0.989469 0.989469 0.989469

Step 17250  Warning: pressure scaling more than 1%, mu: 0.987844 0.987844 0.987844

Step 17300  Warning: pressure scaling more than 1%, mu: 1.01366 1.01366 1.01366

Step 17350  Warning: pressure scaling more than 1%, mu: 0.989904 0.989904 0.989904

Step 17600  Warning: pressure scaling more than 1%, mu: 1.01208 1.01208 1.01208

Step 17650  Warning: pressure scaling more than 1%, mu: 0.98546 0.98546 0.98546

Step 17700  Warning: pressure scaling more than 1%, mu: 1.01407 1.01407 1.01407

Step 18100  Warning: pressure scaling more than 1%, mu: 1.01202 1.01202 1.01202

Step 22100  Warning: pressure scaling more than 1%, mu: 1.01255 1.01255 1.01255

Step 22750  Warning: pressure scaling more than 1%, mu: 0.987719 0.987719 0.987719

Step 23400  Warning: pressure scaling more than 1%, mu: 1.01235 1.01235 1.01235

Step 42050  Warning: pressure scaling more than 1%, mu: 0.989684 0.989684 0.989684

Step 42100  Warning: pressure scaling more than 1%, mu: 1.01124 1.01124 1.01124

Step 42150  Warning: pressure scaling more than 1%, mu: 0.988664 0.988664 0.988664

Step 42250  Warning: pressure scaling more than 1%, mu: 0.988173 0.988173 0.988173

Step 42300  Warning: pressure scaling more than 1%, mu: 1.01711 1.01711 1.01711

Step 42350  Warning: pressure scaling more than 1%, mu: 0.988119 0.988119 0.988119

Step 42400  Warning: pressure scaling more than 1%, mu: 1.01125 1.01125 1.01125

Step 42450  Warning: pressure scaling more than 1%, mu: 0.989898 0.989898 0.989898

Step 42550  Warning: pressure scaling more than 1%, mu: 0.986877 0.986877 0.986877

Step 42600  Warning: pressure scaling more than 1%, mu: 1.01514 1.01514 1.01514

Step 42650  Warning: pressure scaling more than 1%, mu: 0.986785 0.986785 0.986785

Step 42700  Warning: pressure scaling more than 1%, mu: 1.01571 1.01571 1.01571

Step 42750  Warning: pressure scaling more than 1%, mu: 0.986686 0.986686 0.986686

Step 42800  Warning: pressure scaling more than 1%, mu: 1.01213 1.01213 1.01213

Step 42850  Warning: pressure scaling more than 1%, mu: 0.987025 0.987025 0.987025

Step 42900  Warning: pressure scaling more than 1%, mu: 1.01034 1.01034 1.01034

Step 43000  Warning: pressure scaling more than 1%, mu: 1.01046 1.01046 1.01046

Step 44200  Warning: pressure scaling more than 1%, mu: 1.0128 1.0128 1.0128

Step 47900  Warning: pressure scaling more than 1%, mu: 0.989962 0.989962 0.989962

Step 48300  Warning: pressure scaling more than 1%, mu: 0.989885 0.989885 0.989885

Step 53850  Warning: pressure scaling more than 1%, mu: 1.01206 1.01206 1.01206

Step 55650  Warning: pressure scaling more than 1%, mu: 1.01086 1.01086 1.01086

Step 55800  Warning: pressure scaling more than 1%, mu: 0.987782 0.987782 0.987782

Step 56450  Warning: pressure scaling more than 1%, mu: 0.986577 0.986577 0.986577

Step 56500  Warning: pressure scaling more than 1%, mu: 1.01297 1.01297 1.01297

Step 56550  Warning: pressure scaling more than 1%, mu: 0.987809 0.987809 0.987809

Step 56750  Warning: pressure scaling more than 1%, mu: 0.989784 0.989784 0.989784

Step 56850  Warning: pressure scaling more than 1%, mu: 0.984642 0.984642 0.984642

Step 56900  Warning: pressure scaling more than 1%, mu: 1.01009 1.01009 1.01009

Step 57750  Warning: pressure scaling more than 1%, mu: 1.01396 1.01396 1.01396

Step 60100  Warning: pressure scaling more than 1%, mu: 0.989406 0.989406 0.989406

Step 60200  Warning: pressure scaling more than 1%, mu: 0.985766 0.985766 0.985766

Step 60250  Warning: pressure scaling more than 1%, mu: 1.01641 1.01641 1.01641

Step 60300  Warning: pressure scaling more than 1%, mu: 0.986662 0.986662 0.986662

Step 60350  Warning: pressure scaling more than 1%, mu: 1.01085 1.01085 1.01085

Step 60400  Warning: pressure scaling more than 1%, mu: 0.989248 0.989248 0.989248

Step 60650  Warning: pressure scaling more than 1%, mu: 1.01035 1.01035 1.01035

Step 61900  Warning: pressure scaling more than 1%, mu: 1.01143 1.01143 1.01143

Step 61950  Warning: pressure scaling more than 1%, mu: 0.986675 0.986675 0.986675

Step 62000  Warning: pressure scaling more than 1%, mu: 1.01083 1.01083 1.01083

Step 62050  Warning: pressure scaling more than 1%, mu: 0.989156 0.989156 0.989156

Step 62450  Warning: pressure scaling more than 1%, mu: 0.989719 0.989719 0.989719

Step 66750  Warning: pressure scaling more than 1%, mu: 1.01043 1.01043 1.01043

Step 66900  Warning: pressure scaling more than 1%, mu: 0.98775 0.98775 0.98775

Step 70150  Warning: pressure scaling more than 1%, mu: 0.987875 0.987875 0.987875

Step 70250  Warning: pressure scaling more than 1%, mu: 0.988057 0.988057 0.988057

Step 70500  Warning: pressure scaling more than 1%, mu: 1.01139 1.01139 1.01139

Step 72150  Warning: pressure scaling more than 1%, mu: 1.01121 1.01121 1.01121

Step 72300  Warning: pressure scaling more than 1%, mu: 0.988125 0.988125 0.988125

Step 72400  Warning: pressure scaling more than 1%, mu: 0.988789 0.988789 0.988789

Step 72450  Warning: pressure scaling more than 1%, mu: 1.01542 1.01542 1.01542

Step 72500  Warning: pressure scaling more than 1%, mu: 0.987381 0.987381 0.987381

Step 72550  Warning: pressure scaling more than 1%, mu: 1.01352 1.01352 1.01352

Step 72600  Warning: pressure scaling more than 1%, mu: 0.987272 0.987272 0.987272

Step 72650  Warning: pressure scaling more than 1%, mu: 1.01192 1.01192 1.01192

Step 72700  Warning: pressure scaling more than 1%, mu: 0.988596 0.988596 0.988596

Step 72900  Warning: pressure scaling more than 1%, mu: 0.989078 0.989078 0.989078

Step 72950  Warning: pressure scaling more than 1%, mu: 1.01012 1.01012 1.01012

Step 73100  Warning: pressure scaling more than 1%, mu: 0.988939 0.988939 0.988939

Step 73150  Warning: pressure scaling more than 1%, mu: 1.01064 1.01064 1.01064

Step 75900  Warning: pressure scaling more than 1%, mu: 1.01094 1.01094 1.01094

Step 76200  Warning: pressure scaling more than 1%, mu: 1.01103 1.01103 1.01103

Step 76250  Warning: pressure scaling more than 1%, mu: 0.986086 0.986086 0.986086

Step 76300  Warning: pressure scaling more than 1%, mu: 1.01488 1.01488 1.01488

Step 76350  Warning: pressure scaling more than 1%, mu: 0.987519 0.987519 0.987519

Step 76400  Warning: pressure scaling more than 1%, mu: 1.0122 1.0122 1.0122

Step 76450  Warning: pressure scaling more than 1%, mu: 0.987001 0.987001 0.987001

Step 76500  Warning: pressure scaling more than 1%, mu: 1.01332 1.01332 1.01332

Step 76550  Warning: pressure scaling more than 1%, mu: 0.984714 0.984714 0.984714

Step 76600  Warning: pressure scaling more than 1%, mu: 1.01422 1.01422 1.01422

Step 76650  Warning: pressure scaling more than 1%, mu: 0.982959 0.982959 0.982959

Step 76700  Warning: pressure scaling more than 1%, mu: 1.02148 1.02148 1.02148

Step 76750  Warning: pressure scaling more than 1%, mu: 0.986709 0.986709 0.986709

Step 76800  Warning: pressure scaling more than 1%, mu: 1.01062 1.01062 1.01062

Step 76850  Warning: pressure scaling more than 1%, mu: 0.986215 0.986215 0.986215

Step 76900  Warning: pressure scaling more than 1%, mu: 1.01157 1.01157 1.01157

Step 76950  Warning: pressure scaling more than 1%, mu: 0.988164 0.988164 0.988164

Step 77000  Warning: pressure scaling more than 1%, mu: 1.01104 1.01104 1.01104

Step 77350  Warning: pressure scaling more than 1%, mu: 0.989644 0.989644 0.989644

Step 77500  Warning: pressure scaling more than 1%, mu: 1.01138 1.01138 1.01138

Step 77750  Warning: pressure scaling more than 1%, mu: 0.987293 0.987293 0.987293

Step 79950  Warning: pressure scaling more than 1%, mu: 1.01064 1.01064 1.01064

Step 80050  Warning: pressure scaling more than 1%, mu: 1.01287 1.01287 1.01287

Step 80450  Warning: pressure scaling more than 1%, mu: 1.0138 1.0138 1.0138

Step 80500  Warning: pressure scaling more than 1%, mu: 0.983318 0.983318 0.983318

Step 80550  Warning: pressure scaling more than 1%, mu: 1.01532 1.01532 1.01532

Step 80600  Warning: pressure scaling more than 1%, mu: 0.984964 0.984964 0.984964

Step 80650  Warning: pressure scaling more than 1%, mu: 1.01627 1.01627 1.01627

Step 81600  Warning: pressure scaling more than 1%, mu: 0.986293 0.986293 0.986293

Step 82500  Warning: pressure scaling more than 1%, mu: 0.989292 0.989292 0.989292

Step 82550  Warning: pressure scaling more than 1%, mu: 1.01467 1.01467 1.01467

Step 82700  Warning: pressure scaling more than 1%, mu: 0.988482 0.988482 0.988482

Step 83150  Warning: pressure scaling more than 1%, mu: 1.0117 1.0117 1.0117

Step 83200  Warning: pressure scaling more than 1%, mu: 0.989459 0.989459 0.989459

Step 83500  Warning: pressure scaling more than 1%, mu: 0.989791 0.989791 0.989791

Step 83550  Warning: pressure scaling more than 1%, mu: 1.01193 1.01193 1.01193

Step 86900  Warning: pressure scaling more than 1%, mu: 1.01014 1.01014 1.01014

Step 86950  Warning: pressure scaling more than 1%, mu: 0.989916 0.989916 0.989916

Step 87500  Warning: pressure scaling more than 1%, mu: 1.01305 1.01305 1.01305

Step 87550  Warning: pressure scaling more than 1%, mu: 0.987629 0.987629 0.987629

Step 87600  Warning: pressure scaling more than 1%, mu: 1.01017 1.01017 1.01017

Step 88050  Warning: pressure scaling more than 1%, mu: 0.989975 0.989975 0.989975

Step 88200  Warning: pressure scaling more than 1%, mu: 1.01377 1.01377 1.01377

Step 88250  Warning: pressure scaling more than 1%, mu: 0.986613 0.986613 0.986613

Step 88300  Warning: pressure scaling more than 1%, mu: 1.01078 1.01078 1.01078

Step 88350  Warning: pressure scaling more than 1%, mu: 0.988286 0.988286 0.988286

Step 88500  Warning: pressure scaling more than 1%, mu: 1.01203 1.01203 1.01203

Step 89700  Warning: pressure scaling more than 1%, mu: 1.01445 1.01445 1.01445

Step 89900  Warning: pressure scaling more than 1%, mu: 1.01136 1.01136 1.01136

Step 91350  Warning: pressure scaling more than 1%, mu: 1.01186 1.01186 1.01186

Step 93950  Warning: pressure scaling more than 1%, mu: 0.986984 0.986984 0.986984

Step 94600  Warning: pressure scaling more than 1%, mu: 1.01045 1.01045 1.01045

Step 94650  Warning: pressure scaling more than 1%, mu: 0.989723 0.989723 0.989723

Step 94700  Warning: pressure scaling more than 1%, mu: 1.01193 1.01193 1.01193

Step 94750  Warning: pressure scaling more than 1%, mu: 0.988881 0.988881 0.988881

Step 94950  Warning: pressure scaling more than 1%, mu: 0.988298 0.988298 0.988298

Step 95000  Warning: pressure scaling more than 1%, mu: 1.01189 1.01189 1.01189

Step 95200  Warning: pressure scaling more than 1%, mu: 1.01245 1.01245 1.01245

Step 95250  Warning: pressure scaling more than 1%, mu: 0.989661 0.989661 0.989661

Step 95300  Warning: pressure scaling more than 1%, mu: 1.01135 1.01135 1.01135

Step 95700  Warning: pressure scaling more than 1%, mu: 1.01075 1.01075 1.01075

Step 95750  Warning: pressure scaling more than 1%, mu: 0.988402 0.988402 0.988402

Step 95850  Warning: pressure scaling more than 1%, mu: 0.987209 0.987209 0.987209

Step 97650  Warning: pressure scaling more than 1%, mu: 0.987476 0.987476 0.987476

Step 97700  Warning: pressure scaling more than 1%, mu: 1.01153 1.01153 1.01153

Step 97750  Warning: pressure scaling more than 1%, mu: 0.986787 0.986787 0.986787

Step 97800  Warning: pressure scaling more than 1%, mu: 1.0188 1.0188 1.0188

Step 97850  Warning: pressure scaling more than 1%, mu: 0.989649 0.989649 0.989649

Step 97900  Warning: pressure scaling more than 1%, mu: 1.01086 1.01086 1.01086

Step 98900  Warning: pressure scaling more than 1%, mu: 0.989343 0.989343 0.989343

Step 99050  Warning: pressure scaling more than 1%, mu: 1.01237 1.01237 1.01237

Step 99150  Warning: pressure scaling more than 1%, mu: 1.01135 1.01135 1.01135

Step 101850  Warning: pressure scaling more than 1%, mu: 0.989883 0.989883 0.989883

Step 101900  Warning: pressure scaling more than 1%, mu: 1.01975 1.01975 1.01975

Step 101950  Warning: pressure scaling more than 1%, mu: 0.988443 0.988443 0.988443

Step 106100  Warning: pressure scaling more than 1%, mu: 0.989521 0.989521 0.989521

Step 106750  Warning: pressure scaling more than 1%, mu: 1.0106 1.0106 1.0106

Step 111300  Warning: pressure scaling more than 1%, mu: 1.01083 1.01083 1.01083

Step 111800  Warning: pressure scaling more than 1%, mu: 1.01066 1.01066 1.01066

Step 112000  Warning: pressure scaling more than 1%, mu: 1.01545 1.01545 1.01545

Step 112050  Warning: pressure scaling more than 1%, mu: 0.979875 0.979875 0.979875

Step 112100  Warning: pressure scaling more than 1%, mu: 1.01844 1.01844 1.01844

Step 112150  Warning: pressure scaling more than 1%, mu: 0.989036 0.989036 0.989036

Step 112200  Warning: pressure scaling more than 1%, mu: 1.01075 1.01075 1.01075

Step 112250  Warning: pressure scaling more than 1%, mu: 0.988919 0.988919 0.988919

Step 112400  Warning: pressure scaling more than 1%, mu: 1.01057 1.01057 1.01057

Step 112500  Warning: pressure scaling more than 1%, mu: 1.01244 1.01244 1.01244

Step 112550  Warning: pressure scaling more than 1%, mu: 0.986438 0.986438 0.986438

Step 112600  Warning: pressure scaling more than 1%, mu: 1.0127 1.0127 1.0127

Step 112650  Warning: pressure scaling more than 1%, mu: 0.984196 0.984196 0.984196

Step 112700  Warning: pressure scaling more than 1%, mu: 1.01911 1.01911 1.01911

Step 112750  Warning: pressure scaling more than 1%, mu: 0.984252 0.984252 0.984252

Step 112800  Warning: pressure scaling more than 1%, mu: 1.02103 1.02103 1.02103

Step 112850  Warning: pressure scaling more than 1%, mu: 0.981712 0.981712 0.981712

Step 112900  Warning: pressure scaling more than 1%, mu: 1.01857 1.01857 1.01857

Step 112950  Warning: pressure scaling more than 1%, mu: 0.981166 0.981166 0.981166

Step 113000  Warning: pressure scaling more than 1%, mu: 1.01929 1.01929 1.01929

Step 113050  Warning: pressure scaling more than 1%, mu: 0.983271 0.983271 0.983271

Step 113100  Warning: pressure scaling more than 1%, mu: 1.01356 1.01356 1.01356

Step 113150  Warning: pressure scaling more than 1%, mu: 0.989012 0.989012 0.989012

Step 113200  Warning: pressure scaling more than 1%, mu: 1.01053 1.01053 1.01053

Step 113250  Warning: pressure scaling more than 1%, mu: 0.986425 0.986425 0.986425

Step 113300  Warning: pressure scaling more than 1%, mu: 1.01462 1.01462 1.01462

Step 113400  Warning: pressure scaling more than 1%, mu: 1.01367 1.01367 1.01367

Step 113500  Warning: pressure scaling more than 1%, mu: 1.01038 1.01038 1.01038

Step 113600  Warning: pressure scaling more than 1%, mu: 1.01305 1.01305 1.01305

Step 113650  Warning: pressure scaling more than 1%, mu: 0.987183 0.987183 0.987183

Step 113700  Warning: pressure scaling more than 1%, mu: 1.01868 1.01868 1.01868

Step 113750  Warning: pressure scaling more than 1%, mu: 0.981364 0.981364 0.981364

Step 113800  Warning: pressure scaling more than 1%, mu: 1.01496 1.01496 1.01496

Step 113850  Warning: pressure scaling more than 1%, mu: 0.986203 0.986203 0.986203

Step 113900  Warning: pressure scaling more than 1%, mu: 1.01073 1.01073 1.01073

Step 114000  Warning: pressure scaling more than 1%, mu: 1.01212 1.01212 1.01212

Step 114150  Warning: pressure scaling more than 1%, mu: 0.985246 0.985246 0.985246

Step 114300  Warning: pressure scaling more than 1%, mu: 1.01431 1.01431 1.01431

Step 114350  Warning: pressure scaling more than 1%, mu: 0.989032 0.989032 0.989032

Step 114400  Warning: pressure scaling more than 1%, mu: 1.01721 1.01721 1.01721

Step 114450  Warning: pressure scaling more than 1%, mu: 0.984405 0.984405 0.984405

Step 114700  Warning: pressure scaling more than 1%, mu: 1.01165 1.01165 1.01165

Step 114850  Warning: pressure scaling more than 1%, mu: 0.988814 0.988814 0.988814

Step 115100  Warning: pressure scaling more than 1%, mu: 1.0122 1.0122 1.0122

Step 115200  Warning: pressure scaling more than 1%, mu: 1.01343 1.01343 1.01343

Step 115300  Warning: pressure scaling more than 1%, mu: 1.01215 1.01215 1.01215

Step 115350  Warning: pressure scaling more than 1%, mu: 0.987611 0.987611 0.987611

Step 115450  Warning: pressure scaling more than 1%, mu: 0.984464 0.984464 0.984464

Step 115500  Warning: pressure scaling more than 1%, mu: 1.01105 1.01105 1.01105

Step 115600  Warning: pressure scaling more than 1%, mu: 1.01136 1.01136 1.01136

Step 115850  Warning: pressure scaling more than 1%, mu: 0.989088 0.989088 0.989088

Step 115900  Warning: pressure scaling more than 1%, mu: 1.0126 1.0126 1.0126

Step 116000  Warning: pressure scaling more than 1%, mu: 1.01031 1.01031 1.01031

Step 116150  Warning: pressure scaling more than 1%, mu: 0.984737 0.984737 0.984737

Step 116200  Warning: pressure scaling more than 1%, mu: 1.01075 1.01075 1.01075

Step 116400  Warning: pressure scaling more than 1%, mu: 1.01172 1.01172 1.01172

Step 116450  Warning: pressure scaling more than 1%, mu: 0.989617 0.989617 0.989617

Step 116500  Warning: pressure scaling more than 1%, mu: 1.0117 1.0117 1.0117

Step 116550  Warning: pressure scaling more than 1%, mu: 0.987413 0.987413 0.987413

Step 116600  Warning: pressure scaling more than 1%, mu: 1.01538 1.01538 1.01538

Step 116650  Warning: pressure scaling more than 1%, mu: 0.987568 0.987568 0.987568

Step 116700  Warning: pressure scaling more than 1%, mu: 1.01011 1.01011 1.01011

Step 116900  Warning: pressure scaling more than 1%, mu: 1.012 1.012 1.012

Step 116950  Warning: pressure scaling more than 1%, mu: 0.984266 0.984266 0.984266

Step 117000  Warning: pressure scaling more than 1%, mu: 1.01005 1.01005 1.01005

Step 122400  Warning: pressure scaling more than 1%, mu: 0.988193 0.988193 0.988193

Step 123250  Warning: pressure scaling more than 1%, mu: 1.01331 1.01331 1.01331

Step 123300  Warning: pressure scaling more than 1%, mu: 0.985109 0.985109 0.985109

Step 126100  Warning: pressure scaling more than 1%, mu: 0.988759 0.988759 0.988759

Step 128000  Warning: pressure scaling more than 1%, mu: 1.01202 1.01202 1.01202

Step 128450  Warning: pressure scaling more than 1%, mu: 0.986811 0.986811 0.986811

Step 129400  Warning: pressure scaling more than 1%, mu: 1.0112 1.0112 1.0112

Step 129950  Warning: pressure scaling more than 1%, mu: 0.988379 0.988379 0.988379

Step 130050  Warning: pressure scaling more than 1%, mu: 0.988376 0.988376 0.988376

Step 130100  Warning: pressure scaling more than 1%, mu: 1.011 1.011 1.011

Step 130150  Warning: pressure scaling more than 1%, mu: 0.986719 0.986719 0.986719

Step 130250  Warning: pressure scaling more than 1%, mu: 0.987119 0.987119 0.987119

Step 130300  Warning: pressure scaling more than 1%, mu: 1.01648 1.01648 1.01648

Step 130350  Warning: pressure scaling more than 1%, mu: 0.987045 0.987045 0.987045

Step 130400  Warning: pressure scaling more than 1%, mu: 1.01709 1.01709 1.01709

Step 130450  Warning: pressure scaling more than 1%, mu: 0.985838 0.985838 0.985838

Step 130500  Warning: pressure scaling more than 1%, mu: 1.01117 1.01117 1.01117

Step 133600  Warning: pressure scaling more than 1%, mu: 0.989054 0.989054 0.989054

Step 133650  Warning: pressure scaling more than 1%, mu: 1.01302 1.01302 1.01302

Step 133700  Warning: pressure scaling more than 1%, mu: 0.989139 0.989139 0.989139

Step 133850  Warning: pressure scaling more than 1%, mu: 1.01004 1.01004 1.01004

Step 134000  Warning: pressure scaling more than 1%, mu: 0.985207 0.985207 0.985207

Step 134250  Warning: pressure scaling more than 1%, mu: 1.0143 1.0143 1.0143

Step 134450  Warning: pressure scaling more than 1%, mu: 1.01207 1.01207 1.01207

Step 134850  Warning: pressure scaling more than 1%, mu: 1.01015 1.01015 1.01015

Step 135800  Warning: pressure scaling more than 1%, mu: 1.01288 1.01288 1.01288

Step 142350  Warning: pressure scaling more than 1%, mu: 1.01127 1.01127 1.01127

Step 142400  Warning: pressure scaling more than 1%, mu: 0.9896 0.9896 0.9896

Step 142700  Warning: pressure scaling more than 1%, mu: 0.988417 0.988417 0.988417

Step 142750  Warning: pressure scaling more than 1%, mu: 1.0139 1.0139 1.0139

Step 142800  Warning: pressure scaling more than 1%, mu: 0.984213 0.984213 0.984213

Step 142850  Warning: pressure scaling more than 1%, mu: 1.01354 1.01354 1.01354

Step 145350  Warning: pressure scaling more than 1%, mu: 0.986021 0.986021 0.986021

Step 145800  Warning: pressure scaling more than 1%, mu: 1.012 1.012 1.012

Step 146350  Warning: pressure scaling more than 1%, mu: 0.989831 0.989831 0.989831

Step 147100  Warning: pressure scaling more than 1%, mu: 1.01098 1.01098 1.01098

Step 147500  Warning: pressure scaling more than 1%, mu: 1.0124 1.0124 1.0124

Step 149750  Warning: pressure scaling more than 1%, mu: 1.01064 1.01064 1.01064

Step 149800  Warning: pressure scaling more than 1%, mu: 0.988862 0.988862 0.988862

Step 149850  Warning: pressure scaling more than 1%, mu: 1.01415 1.01415 1.01415

Step 149900  Warning: pressure scaling more than 1%, mu: 0.985716 0.985716 0.985716

Step 149950  Warning: pressure scaling more than 1%, mu: 1.0104 1.0104 1.0104

Step 150250  Warning: pressure scaling more than 1%, mu: 1.01116 1.01116 1.01116

Step 150300  Warning: pressure scaling more than 1%, mu: 0.985746 0.985746 0.985746

Step 150400  Warning: pressure scaling more than 1%, mu: 0.989761 0.989761 0.989761

Step 158750  Warning: pressure scaling more than 1%, mu: 1.01083 1.01083 1.01083

Step 158900  Warning: pressure scaling more than 1%, mu: 0.989552 0.989552 0.989552

Step 159000  Warning: pressure scaling more than 1%, mu: 0.982968 0.982968 0.982968

Step 159050  Warning: pressure scaling more than 1%, mu: 1.01487 1.01487 1.01487

Step 159100  Warning: pressure scaling more than 1%, mu: 0.987097 0.987097 0.987097

Step 159150  Warning: pressure scaling more than 1%, mu: 1.01708 1.01708 1.01708

Step 159200  Warning: pressure scaling more than 1%, mu: 0.989375 0.989375 0.989375

Step 159550  Warning: pressure scaling more than 1%, mu: 1.01155 1.01155 1.01155

Step 160350  Warning: pressure scaling more than 1%, mu: 0.988119 0.988119 0.988119

Step 164300  Warning: pressure scaling more than 1%, mu: 1.01069 1.01069 1.01069

Step 164700  Warning: pressure scaling more than 1%, mu: 1.01081 1.01081 1.01081

Step 165800  Warning: pressure scaling more than 1%, mu: 1.0108 1.0108 1.0108

Step 166200  Warning: pressure scaling more than 1%, mu: 1.01213 1.01213 1.01213

Step 166350  Warning: pressure scaling more than 1%, mu: 0.987948 0.987948 0.987948

Step 166450  Warning: pressure scaling more than 1%, mu: 0.98968 0.98968 0.98968

Step 166850  Warning: pressure scaling more than 1%, mu: 0.987074 0.987074 0.987074

Step 167300  Warning: pressure scaling more than 1%, mu: 1.01135 1.01135 1.01135

Step 167550  Warning: pressure scaling more than 1%, mu: 0.988941 0.988941 0.988941

Step 167650  Warning: pressure scaling more than 1%, mu: 0.988201 0.988201 0.988201

Step 167700  Warning: pressure scaling more than 1%, mu: 1.01244 1.01244 1.01244

Step 167750  Warning: pressure scaling more than 1%, mu: 0.988783 0.988783 0.988783

Step 167800  Warning: pressure scaling more than 1%, mu: 1.01822 1.01822 1.01822

Step 167850  Warning: pressure scaling more than 1%, mu: 0.988516 0.988516 0.988516

Step 167950  Warning: pressure scaling more than 1%, mu: 0.989651 0.989651 0.989651

Step 169350  Warning: pressure scaling more than 1%, mu: 0.986015 0.986015 0.986015

Step 169400  Warning: pressure scaling more than 1%, mu: 1.01356 1.01356 1.01356

Step 169450  Warning: pressure scaling more than 1%, mu: 0.987175 0.987175 0.987175

Step 169500  Warning: pressure scaling more than 1%, mu: 1.01131 1.01131 1.01131

Step 169700  Warning: pressure scaling more than 1%, mu: 1.01075 1.01075 1.01075

Step 169750  Warning: pressure scaling more than 1%, mu: 0.988535 0.988535 0.988535

Step 169800  Warning: pressure scaling more than 1%, mu: 1.01243 1.01243 1.01243

Step 173950  Warning: pressure scaling more than 1%, mu: 1.01371 1.01371 1.01371

Step 174200  Warning: pressure scaling more than 1%, mu: 0.988885 0.988885 0.988885

Step 174250  Warning: pressure scaling more than 1%, mu: 1.01089 1.01089 1.01089

Step 174300  Warning: pressure scaling more than 1%, mu: 0.987539 0.987539 0.987539

Step 174350  Warning: pressure scaling more than 1%, mu: 1.01056 1.01056 1.01056

Step 175750  Warning: pressure scaling more than 1%, mu: 1.01196 1.01196 1.01196

Step 176750  Warning: pressure scaling more than 1%, mu: 1.01117 1.01117 1.01117

Step 176800  Warning: pressure scaling more than 1%, mu: 0.98959 0.98959 0.98959

Step 180750  Warning: pressure scaling more than 1%, mu: 1.01425 1.01425 1.01425

Step 181500  Warning: pressure scaling more than 1%, mu: 1.01012 1.01012 1.01012

Step 184650  Warning: pressure scaling more than 1%, mu: 1.01084 1.01084 1.01084

Step 186800  Warning: pressure scaling more than 1%, mu: 0.989887 0.989887 0.989887

Step 188600  Warning: pressure scaling more than 1%, mu: 1.01199 1.01199 1.01199

Step 188900  Warning: pressure scaling more than 1%, mu: 1.01457 1.01457 1.01457

Step 190000  Warning: pressure scaling more than 1%, mu: 1.01011 1.01011 1.01011

Step 195250  Warning: pressure scaling more than 1%, mu: 1.01022 1.01022 1.01022

Step 196100  Warning: pressure scaling more than 1%, mu: 1.01008 1.01008 1.01008

Step 196700  Warning: pressure scaling more than 1%, mu: 0.989553 0.989553 0.989553

Step 198850  Warning: pressure scaling more than 1%, mu: 0.988137 0.988137 0.988137

Step 199100  Warning: pressure scaling more than 1%, mu: 1.01056 1.01056 1.01056

Step 199250  Warning: pressure scaling more than 1%, mu: 0.987775 0.987775 0.987775

Step 199350  Warning: pressure scaling more than 1%, mu: 0.989254 0.989254 0.989254

Step 199400  Warning: pressure scaling more than 1%, mu: 1.01357 1.01357 1.01357

Step 201600  Warning: pressure scaling more than 1%, mu: 1.01131 1.01131 1.01131

Step 207750  Warning: pressure scaling more than 1%, mu: 1.01312 1.01312 1.01312

Step 208150  Warning: pressure scaling more than 1%, mu: 1.01487 1.01487 1.01487

Step 208250  Warning: pressure scaling more than 1%, mu: 1.01141 1.01141 1.01141

Step 208600  Warning: pressure scaling more than 1%, mu: 0.987961 0.987961 0.987961

Step 210350  Warning: pressure scaling more than 1%, mu: 0.989876 0.989876 0.989876

Step 211000  Warning: pressure scaling more than 1%, mu: 1.01286 1.01286 1.01286

Step 211150  Warning: pressure scaling more than 1%, mu: 0.989894 0.989894 0.989894

Step 212550  Warning: pressure scaling more than 1%, mu: 0.987603 0.987603 0.987603

Step 212600  Warning: pressure scaling more than 1%, mu: 1.01185 1.01185 1.01185

Step 212650  Warning: pressure scaling more than 1%, mu: 0.989532 0.989532 0.989532

Step 212900  Warning: pressure scaling more than 1%, mu: 1.01226 1.01226 1.01226

Step 212950  Warning: pressure scaling more than 1%, mu: 0.985301 0.985301 0.985301

Step 213000  Warning: pressure scaling more than 1%, mu: 1.01363 1.01363 1.01363

Step 213050  Warning: pressure scaling more than 1%, mu: 0.98705 0.98705 0.98705

Step 213100  Warning: pressure scaling more than 1%, mu: 1.01168 1.01168 1.01168

Step 213150  Warning: pressure scaling more than 1%, mu: 0.989283 0.989283 0.989283

Step 213200  Warning: pressure scaling more than 1%, mu: 1.0103 1.0103 1.0103

Step 213250  Warning: pressure scaling more than 1%, mu: 0.989629 0.989629 0.989629

Step 213550  Warning: pressure scaling more than 1%, mu: 0.986905 0.986905 0.986905

Step 218250  Warning: pressure scaling more than 1%, mu: 0.988884 0.988884 0.988884

Step 218300  Warning: pressure scaling more than 1%, mu: 1.0106 1.0106 1.0106

Step 218600  Warning: pressure scaling more than 1%, mu: 1.01119 1.01119 1.01119

Step 218750  Warning: pressure scaling more than 1%, mu: 0.988809 0.988809 0.988809

Step 219150  Warning: pressure scaling more than 1%, mu: 0.98946 0.98946 0.98946

Step 219250  Warning: pressure scaling more than 1%, mu: 0.987841 0.987841 0.987841

Step 219300  Warning: pressure scaling more than 1%, mu: 1.01125 1.01125 1.01125

Step 219400  Warning: pressure scaling more than 1%, mu: 1.01032 1.01032 1.01032

Step 219900  Warning: pressure scaling more than 1%, mu: 1.01145 1.01145 1.01145

Step 219950  Warning: pressure scaling more than 1%, mu: 0.989763 0.989763 0.989763

Step 220350  Warning: pressure scaling more than 1%, mu: 0.988616 0.988616 0.988616

Step 220450  Warning: pressure scaling more than 1%, mu: 0.98874 0.98874 0.98874

Step 220500  Warning: pressure scaling more than 1%, mu: 1.01405 1.01405 1.01405

Step 220550  Warning: pressure scaling more than 1%, mu: 0.986009 0.986009 0.986009

Step 220600  Warning: pressure scaling more than 1%, mu: 1.01981 1.01981 1.01981

Step 220650  Warning: pressure scaling more than 1%, mu: 0.989007 0.989007 0.989007

Step 220750  Warning: pressure scaling more than 1%, mu: 0.988871 0.988871 0.988871

Step 220900  Warning: pressure scaling more than 1%, mu: 1.01113 1.01113 1.01113

Step 221550  Warning: pressure scaling more than 1%, mu: 0.989849 0.989849 0.989849

Step 221650  Warning: pressure scaling more than 1%, mu: 0.987365 0.987365 0.987365

Step 222050  Warning: pressure scaling more than 1%, mu: 0.987369 0.987369 0.987369

Step 230050  Warning: pressure scaling more than 1%, mu: 0.989005 0.989005 0.989005

Step 231150  Warning: pressure scaling more than 1%, mu: 1.01186 1.01186 1.01186

Step 231550  Warning: pressure scaling more than 1%, mu: 1.01239 1.01239 1.01239

Step 232350  Warning: pressure scaling more than 1%, mu: 1.0106 1.0106 1.0106

Step 232950  Warning: pressure scaling more than 1%, mu: 1.01013 1.01013 1.01013

Step 233300  Warning: pressure scaling more than 1%, mu: 0.988482 0.988482 0.988482

Step 233350  Warning: pressure scaling more than 1%, mu: 1.0133 1.0133 1.0133

Step 233400  Warning: pressure scaling more than 1%, mu: 0.988688 0.988688 0.988688

Step 233450  Warning: pressure scaling more than 1%, mu: 1.01719 1.01719 1.01719

Step 233600  Warning: pressure scaling more than 1%, mu: 0.985905 0.985905 0.985905

Step 233700  Warning: pressure scaling more than 1%, mu: 0.986737 0.986737 0.986737

Step 233750  Warning: pressure scaling more than 1%, mu: 1.01358 1.01358 1.01358

Step 233850  Warning: pressure scaling more than 1%, mu: 1.01121 1.01121 1.01121

Step 233900  Warning: pressure scaling more than 1%, mu: 0.986587 0.986587 0.986587

Step 234150  Warning: pressure scaling more than 1%, mu: 1.01318 1.01318 1.01318

Step 234200  Warning: pressure scaling more than 1%, mu: 0.987715 0.987715 0.987715

Step 234350  Warning: pressure scaling more than 1%, mu: 1.01173 1.01173 1.01173

Step 234400  Warning: pressure scaling more than 1%, mu: 0.986248 0.986248 0.986248

Step 234450  Warning: pressure scaling more than 1%, mu: 1.01623 1.01623 1.01623

Step 234500  Warning: pressure scaling more than 1%, mu: 0.988874 0.988874 0.988874

Step 234550  Warning: pressure scaling more than 1%, mu: 1.01145 1.01145 1.01145

Step 234850  Warning: pressure scaling more than 1%, mu: 1.01399 1.01399 1.01399

Step 234900  Warning: pressure scaling more than 1%, mu: 0.987597 0.987597 0.987597

Step 234950  Warning: pressure scaling more than 1%, mu: 1.01067 1.01067 1.01067

Step 235750  Warning: pressure scaling more than 1%, mu: 1.01062 1.01062 1.01062

Step 235950  Warning: pressure scaling more than 1%, mu: 1.01064 1.01064 1.01064

Step 236000  Warning: pressure scaling more than 1%, mu: 0.989154 0.989154 0.989154

Step 236050  Warning: pressure scaling more than 1%, mu: 1.01552 1.01552 1.01552

Step 236100  Warning: pressure scaling more than 1%, mu: 0.988731 0.988731 0.988731

Step 240350  Warning: pressure scaling more than 1%, mu: 0.988593 0.988593 0.988593

Step 240400  Warning: pressure scaling more than 1%, mu: 1.01351 1.01351 1.01351

Step 240700  Warning: pressure scaling more than 1%, mu: 1.01102 1.01102 1.01102

Step 240750  Warning: pressure scaling more than 1%, mu: 0.988049 0.988049 0.988049

Step 240800  Warning: pressure scaling more than 1%, mu: 1.01339 1.01339 1.01339

Step 240850  Warning: pressure scaling more than 1%, mu: 0.988695 0.988695 0.988695

Step 240950  Warning: pressure scaling more than 1%, mu: 0.986458 0.986458 0.986458

Step 241000  Warning: pressure scaling more than 1%, mu: 1.01326 1.01326 1.01326

Step 241050  Warning: pressure scaling more than 1%, mu: 0.988836 0.988836 0.988836

Step 241100  Warning: pressure scaling more than 1%, mu: 1.01023 1.01023 1.01023

Step 241150  Warning: pressure scaling more than 1%, mu: 0.988193 0.988193 0.988193

Step 241300  Warning: pressure scaling more than 1%, mu: 1.01152 1.01152 1.01152

Step 241700  Warning: pressure scaling more than 1%, mu: 1.01166 1.01166 1.01166

Step 241850  Warning: pressure scaling more than 1%, mu: 0.988372 0.988372 0.988372

Step 241900  Warning: pressure scaling more than 1%, mu: 1.01059 1.01059 1.01059

Step 241950  Warning: pressure scaling more than 1%, mu: 0.989016 0.989016 0.989016

Step 242000  Warning: pressure scaling more than 1%, mu: 1.01012 1.01012 1.01012

Step 242250  Warning: pressure scaling more than 1%, mu: 0.987591 0.987591 0.987591

Step 242400  Warning: pressure scaling more than 1%, mu: 1.01171 1.01171 1.01171

Step 242700  Warning: pressure scaling more than 1%, mu: 1.01143 1.01143 1.01143

Step 242950  Warning: pressure scaling more than 1%, mu: 0.988515 0.988515 0.988515

Step 244550  Warning: pressure scaling more than 1%, mu: 0.988188 0.988188 0.988188

Step 246400  Warning: pressure scaling more than 1%, mu: 1.01068 1.01068 1.01068

Step 246450  Warning: pressure scaling more than 1%, mu: 0.988 0.988 0.988

Step 246500  Warning: pressure scaling more than 1%, mu: 1.01961 1.01961 1.01961

Step 246550  Warning: pressure scaling more than 1%, mu: 0.983631 0.983631 0.983631

Step 246600  Warning: pressure scaling more than 1%, mu: 1.01172 1.01172 1.01172

Step 250000  Warning: pressure scaling more than 1%, mu: 1.01029 1.01029 1.01029

Step 255500  Warning: pressure scaling more than 1%, mu: 1.01074 1.01074 1.01074

Step 255600  Warning: pressure scaling more than 1%, mu: 1.01074 1.01074 1.01074

Step 260650  Warning: pressure scaling more than 1%, mu: 1.0108 1.0108 1.0108

Step 267050  Warning: pressure scaling more than 1%, mu: 0.989447 0.989447 0.989447

Step 267200  Warning: pressure scaling more than 1%, mu: 1.0142 1.0142 1.0142

Step 269000  Warning: pressure scaling more than 1%, mu: 0.987156 0.987156 0.987156

Step 271000  Warning: pressure scaling more than 1%, mu: 0.98727 0.98727 0.98727

Step 271100  Warning: pressure scaling more than 1%, mu: 0.988235 0.988235 0.988235

Step 271150  Warning: pressure scaling more than 1%, mu: 1.01586 1.01586 1.01586

Step 271250  Warning: pressure scaling more than 1%, mu: 1.01015 1.01015 1.01015

Step 272800  Warning: pressure scaling more than 1%, mu: 0.989375 0.989375 0.989375

Step 273600  Warning: pressure scaling more than 1%, mu: 1.01133 1.01133 1.01133

Step 275550  Warning: pressure scaling more than 1%, mu: 1.01005 1.01005 1.01005

Step 279100  Warning: pressure scaling more than 1%, mu: 1.01269 1.01269 1.01269

Step 282300  Warning: pressure scaling more than 1%, mu: 1.015 1.015 1.015

Step 282400  Warning: pressure scaling more than 1%, mu: 1.01066 1.01066 1.01066

Step 286550  Warning: pressure scaling more than 1%, mu: 1.01155 1.01155 1.01155

Step 292700  Warning: pressure scaling more than 1%, mu: 0.988208 0.988208 0.988208

Step 292850  Warning: pressure scaling more than 1%, mu: 1.01039 1.01039 1.01039

Step 295450  Warning: pressure scaling more than 1%, mu: 1.01133 1.01133 1.01133

Step 298100  Warning: pressure scaling more than 1%, mu: 0.989752 0.989752 0.989752

Step 298150  Warning: pressure scaling more than 1%, mu: 1.01133 1.01133 1.01133

Step 298550  Warning: pressure scaling more than 1%, mu: 1.01484 1.01484 1.01484

Step 305600  Warning: pressure scaling more than 1%, mu: 0.988743 0.988743 0.988743

Step 305650  Warning: pressure scaling more than 1%, mu: 1.01006 1.01006 1.01006

Step 306000  Warning: pressure scaling more than 1%, mu: 0.989398 0.989398 0.989398

Step 306550  Warning: pressure scaling more than 1%, mu: 1.01023 1.01023 1.01023

Step 307200  Warning: pressure scaling more than 1%, mu: 1.01428 1.01428 1.01428

Step 307300  Warning: pressure scaling more than 1%, mu: 1.01045 1.01045 1.01045

Step 307350  Warning: pressure scaling more than 1%, mu: 0.985833 0.985833 0.985833

Step 307450  Warning: pressure scaling more than 1%, mu: 0.989466 0.989466 0.989466

Step 307500  Warning: pressure scaling more than 1%, mu: 1.0118 1.0118 1.0118

Step 307600  Warning: pressure scaling more than 1%, mu: 1.01055 1.01055 1.01055

Step 307700  Warning: pressure scaling more than 1%, mu: 1.01144 1.01144 1.01144

Step 307750  Warning: pressure scaling more than 1%, mu: 0.984314 0.984314 0.984314

Step 308800  Warning: pressure scaling more than 1%, mu: 1.01088 1.01088 1.01088

Step 309550  Warning: pressure scaling more than 1%, mu: 1.0116 1.0116 1.0116

Step 312050  Warning: pressure scaling more than 1%, mu: 0.987844 0.987844 0.987844

Step 312150  Warning: pressure scaling more than 1%, mu: 0.989401 0.989401 0.989401

Step 312850  Warning: pressure scaling more than 1%, mu: 0.986407 0.986407 0.986407

Step 312900  Warning: pressure scaling more than 1%, mu: 1.01108 1.01108 1.01108

Step 314000  Warning: pressure scaling more than 1%, mu: 0.989862 0.989862 0.989862

Step 314150  Warning: pressure scaling more than 1%, mu: 1.01063 1.01063 1.01063

Step 314400  Warning: pressure scaling more than 1%, mu: 0.989374 0.989374 0.989374

Step 314650  Warning: pressure scaling more than 1%, mu: 1.01141 1.01141 1.01141

Step 315850  Warning: pressure scaling more than 1%, mu: 1.01155 1.01155 1.01155

Step 315900  Warning: pressure scaling more than 1%, mu: 0.988927 0.988927 0.988927

Step 319800  Warning: pressure scaling more than 1%, mu: 1.01081 1.01081 1.01081

Step 320200  Warning: pressure scaling more than 1%, mu: 1.01026 1.01026 1.01026

Step 321250  Warning: pressure scaling more than 1%, mu: 1.01058 1.01058 1.01058

Step 322250  Warning: pressure scaling more than 1%, mu: 0.98792 0.98792 0.98792

Step 322400  Warning: pressure scaling more than 1%, mu: 1.01267 1.01267 1.01267

Step 325550  Warning: pressure scaling more than 1%, mu: 1.01015 1.01015 1.01015

Step 326450  Warning: pressure scaling more than 1%, mu: 1.01001 1.01001 1.01001

Step 326500  Warning: pressure scaling more than 1%, mu: 0.989005 0.989005 0.989005

Step 331150  Warning: pressure scaling more than 1%, mu: 1.01104 1.01104 1.01104

Step 331200  Warning: pressure scaling more than 1%, mu: 0.986772 0.986772 0.986772

Step 331250  Warning: pressure scaling more than 1%, mu: 1.01646 1.01646 1.01646

Step 331500  Warning: pressure scaling more than 1%, mu: 0.985506 0.985506 0.985506

Step 331550  Warning: pressure scaling more than 1%, mu: 1.01015 1.01015 1.01015

Step 331600  Warning: pressure scaling more than 1%, mu: 0.988661 0.988661 0.988661

Step 331650  Warning: pressure scaling more than 1%, mu: 1.01815 1.01815 1.01815

Step 331750  Warning: pressure scaling more than 1%, mu: 1.01397 1.01397 1.01397

Step 331800  Warning: pressure scaling more than 1%, mu: 0.988024 0.988024 0.988024

Step 331900  Warning: pressure scaling more than 1%, mu: 0.98993 0.98993 0.98993

Step 332100  Warning: pressure scaling more than 1%, mu: 0.989874 0.989874 0.989874

Step 332200  Warning: pressure scaling more than 1%, mu: 0.984226 0.984226 0.984226

Step 332250  Warning: pressure scaling more than 1%, mu: 1.02299 1.02299 1.02299

Step 332300  Warning: pressure scaling more than 1%, mu: 0.987718 0.987718 0.987718

Step 332600  Warning: pressure scaling more than 1%, mu: 0.988678 0.988678 0.988678

Step 332650  Warning: pressure scaling more than 1%, mu: 1.0161 1.0161 1.0161

Step 332950  Warning: pressure scaling more than 1%, mu: 1.01059 1.01059 1.01059

Step 333000  Warning: pressure scaling more than 1%, mu: 0.986927 0.986927 0.986927

Step 335100  Warning: pressure scaling more than 1%, mu: 1.01391 1.01391 1.01391

Step 335150  Warning: pressure scaling more than 1%, mu: 0.989104 0.989104 0.989104

Step 335500  Warning: pressure scaling more than 1%, mu: 1.0116 1.0116 1.0116

Step 335600  Warning: pressure scaling more than 1%, mu: 1.01273 1.01273 1.01273

Step 336150  Warning: pressure scaling more than 1%, mu: 0.988122 0.988122 0.988122

Step 336200  Warning: pressure scaling more than 1%, mu: 1.01011 1.01011 1.01011

Step 336250  Warning: pressure scaling more than 1%, mu: 0.989009 0.989009 0.989009

Step 336400  Warning: pressure scaling more than 1%, mu: 1.01088 1.01088 1.01088

Step 336500  Warning: pressure scaling more than 1%, mu: 1.01113 1.01113 1.01113

Step 336550  Warning: pressure scaling more than 1%, mu: 0.984004 0.984004 0.984004

Step 336600  Warning: pressure scaling more than 1%, mu: 1.01035 1.01035 1.01035

Step 336650  Warning: pressure scaling more than 1%, mu: 0.987998 0.987998 0.987998

Step 337150  Warning: pressure scaling more than 1%, mu: 0.989798 0.989798 0.989798

Step 337200  Warning: pressure scaling more than 1%, mu: 1.01417 1.01417 1.01417

Step 337250  Warning: pressure scaling more than 1%, mu: 0.98427 0.98427 0.98427

Step 337300  Warning: pressure scaling more than 1%, mu: 1.01124 1.01124 1.01124

Step 337650  Warning: pressure scaling more than 1%, mu: 0.987755 0.987755 0.987755

Step 337800  Warning: pressure scaling more than 1%, mu: 1.01137 1.01137 1.01137

Step 337900  Warning: pressure scaling more than 1%, mu: 1.01372 1.01372 1.01372

Step 338050  Warning: pressure scaling more than 1%, mu: 0.987327 0.987327 0.987327

Step 338150  Warning: pressure scaling more than 1%, mu: 0.987681 0.987681 0.987681

Step 338200  Warning: pressure scaling more than 1%, mu: 1.01524 1.01524 1.01524

Step 338250  Warning: pressure scaling more than 1%, mu: 0.986326 0.986326 0.986326

Step 338300  Warning: pressure scaling more than 1%, mu: 1.015 1.015 1.015

Step 340050  Warning: pressure scaling more than 1%, mu: 1.0137 1.0137 1.0137

Step 340500  Warning: pressure scaling more than 1%, mu: 0.984936 0.984936 0.984936

Step 340550  Warning: pressure scaling more than 1%, mu: 1.02111 1.02111 1.02111

Step 340600  Warning: pressure scaling more than 1%, mu: 0.982739 0.982739 0.982739

Step 340650  Warning: pressure scaling more than 1%, mu: 1.01095 1.01095 1.01095

Step 340950  Warning: pressure scaling more than 1%, mu: 1.01021 1.01021 1.01021

Step 341850  Warning: pressure scaling more than 1%, mu: 0.986651 0.986651 0.986651

Step 341900  Warning: pressure scaling more than 1%, mu: 1.01066 1.01066 1.01066

Step 342250  Warning: pressure scaling more than 1%, mu: 0.983404 0.983404 0.983404

Step 342500  Warning: pressure scaling more than 1%, mu: 1.01087 1.01087 1.01087

Step 342700  Warning: pressure scaling more than 1%, mu: 1.01041 1.01041 1.01041

Step 342750  Warning: pressure scaling more than 1%, mu: 0.989642 0.989642 0.989642

Step 342850  Warning: pressure scaling more than 1%, mu: 0.98855 0.98855 0.98855

Step 343000  Warning: pressure scaling more than 1%, mu: 1.01261 1.01261 1.01261

Step 343300  Warning: pressure scaling more than 1%, mu: 1.0102 1.0102 1.0102

Step 343400  Warning: pressure scaling more than 1%, mu: 1.01244 1.01244 1.01244

Step 343450  Warning: pressure scaling more than 1%, mu: 0.985079 0.985079 0.985079

Step 343500  Warning: pressure scaling more than 1%, mu: 1.01152 1.01152 1.01152

Step 343600  Warning: pressure scaling more than 1%, mu: 1.01158 1.01158 1.01158

Step 344050  Warning: pressure scaling more than 1%, mu: 0.988858 0.988858 0.988858

Step 344400  Warning: pressure scaling more than 1%, mu: 1.01303 1.01303 1.01303

Step 344500  Warning: pressure scaling more than 1%, mu: 1.01056 1.01056 1.01056

Step 344650  Warning: pressure scaling more than 1%, mu: 0.987457 0.987457 0.987457

Step 344800  Warning: pressure scaling more than 1%, mu: 1.01074 1.01074 1.01074

Step 344900  Warning: pressure scaling more than 1%, mu: 1.01417 1.01417 1.01417

Step 344950  Warning: pressure scaling more than 1%, mu: 0.988001 0.988001 0.988001

Step 345000  Warning: pressure scaling more than 1%, mu: 1.01257 1.01257 1.01257

Step 345050  Warning: pressure scaling more than 1%, mu: 0.989004 0.989004 0.989004

Step 345300  Warning: pressure scaling more than 1%, mu: 1.01063 1.01063 1.01063

Step 345350  Warning: pressure scaling more than 1%, mu: 0.98593 0.98593 0.98593

Step 345400  Warning: pressure scaling more than 1%, mu: 1.01057 1.01057 1.01057

Step 345450  Warning: pressure scaling more than 1%, mu: 0.988815 0.988815 0.988815

Step 345500  Warning: pressure scaling more than 1%, mu: 1.01103 1.01103 1.01103

Step 345800  Warning: pressure scaling more than 1%, mu: 1.01067 1.01067 1.01067

Step 345900  Warning: pressure scaling more than 1%, mu: 1.01462 1.01462 1.01462

Step 346950  Warning: pressure scaling more than 1%, mu: 0.98952 0.98952 0.98952

Step 347350  Warning: pressure scaling more than 1%, mu: 0.989431 0.989431 0.989431

Step 347900  Warning: pressure scaling more than 1%, mu: 1.01442 1.01442 1.01442

Step 347950  Warning: pressure scaling more than 1%, mu: 0.985891 0.985891 0.985891

Step 348000  Warning: pressure scaling more than 1%, mu: 1.01491 1.01491 1.01491

Step 348250  Warning: pressure scaling more than 1%, mu: 0.982542 0.982542 0.982542

Step 348300  Warning: pressure scaling more than 1%, mu: 1.02093 1.02093 1.02093

Step 348350  Warning: pressure scaling more than 1%, mu: 0.980269 0.980269 0.980269

Step 348400  Warning: pressure scaling more than 1%, mu: 1.02324 1.02324 1.02324

Step 348450  Warning: pressure scaling more than 1%, mu: 0.982921 0.982921 0.982921

Step 348500  Warning: pressure scaling more than 1%, mu: 1.01625 1.01625 1.01625

Step 348550  Warning: pressure scaling more than 1%, mu: 0.989971 0.989971 0.989971

Step 348750  Warning: pressure scaling more than 1%, mu: 0.98894 0.98894 0.98894

Step 349000  Warning: pressure scaling more than 1%, mu: 1.0111 1.0111 1.0111

Step 349250  Warning: pressure scaling more than 1%, mu: 0.988862 0.988862 0.988862

Step 349300  Warning: pressure scaling more than 1%, mu: 1.01041 1.01041 1.01041

Step 351650  Warning: pressure scaling more than 1%, mu: 0.988382 0.988382 0.988382

Step 358450  Warning: pressure scaling more than 1%, mu: 1.01284 1.01284 1.01284

Step 359850  Warning: pressure scaling more than 1%, mu: 1.01027 1.01027 1.01027

Step 359950  Warning: pressure scaling more than 1%, mu: 1.01267 1.01267 1.01267

Step 361150  Warning: pressure scaling more than 1%, mu: 1.01184 1.01184 1.01184

Step 361550  Warning: pressure scaling more than 1%, mu: 1.0139 1.0139 1.0139

Step 362150  Warning: pressure scaling more than 1%, mu: 1.01007 1.01007 1.01007

Step 362700  Warning: pressure scaling more than 1%, mu: 0.988567 0.988567 0.988567

Step 362750  Warning: pressure scaling more than 1%, mu: 1.01194 1.01194 1.01194

Step 362800  Warning: pressure scaling more than 1%, mu: 0.98669 0.98669 0.98669

Step 362850  Warning: pressure scaling more than 1%, mu: 1.01244 1.01244 1.01244

Step 362950  Warning: pressure scaling more than 1%, mu: 1.01155 1.01155 1.01155

Step 363050  Warning: pressure scaling more than 1%, mu: 1.01087 1.01087 1.01087

Step 363100  Warning: pressure scaling more than 1%, mu: 0.987419 0.987419 0.987419

Step 363150  Warning: pressure scaling more than 1%, mu: 1.01039 1.01039 1.01039

Step 363200  Warning: pressure scaling more than 1%, mu: 0.989981 0.989981 0.989981

Step 363250  Warning: pressure scaling more than 1%, mu: 1.01196 1.01196 1.01196

Step 363300  Warning: pressure scaling more than 1%, mu: 0.989295 0.989295 0.989295

Step 363350  Warning: pressure scaling more than 1%, mu: 1.01011 1.01011 1.01011

Step 365600  Warning: pressure scaling more than 1%, mu: 0.987112 0.987112 0.987112

Step 366550  Warning: pressure scaling more than 1%, mu: 1.01592 1.01592 1.01592

Step 366700  Warning: pressure scaling more than 1%, mu: 0.988905 0.988905 0.988905

Step 366800  Warning: pressure scaling more than 1%, mu: 0.986355 0.986355 0.986355

Step 366850  Warning: pressure scaling more than 1%, mu: 1.01209 1.01209 1.01209

Step 366950  Warning: pressure scaling more than 1%, mu: 1.01504 1.01504 1.01504

Step 367000  Warning: pressure scaling more than 1%, mu: 0.984626 0.984626 0.984626

Step 377250  Warning: pressure scaling more than 1%, mu: 0.989872 0.989872 0.989872

Step 379100  Warning: pressure scaling more than 1%, mu: 0.989836 0.989836 0.989836

Step 379500  Warning: pressure scaling more than 1%, mu: 0.987962 0.987962 0.987962

Step 379600  Warning: pressure scaling more than 1%, mu: 0.987285 0.987285 0.987285

Step 379650  Warning: pressure scaling more than 1%, mu: 1.01038 1.01038 1.01038

Step 379750  Warning: pressure scaling more than 1%, mu: 1.01012 1.01012 1.01012

Step 381700  Warning: pressure scaling more than 1%, mu: 1.01158 1.01158 1.01158

Step 383300  Warning: pressure scaling more than 1%, mu: 0.988744 0.988744 0.988744

Step 386300  Warning: pressure scaling more than 1%, mu: 1.01153 1.01153 1.01153

Step 386350  Warning: pressure scaling more than 1%, mu: 0.989405 0.989405 0.989405

Step 386500  Warning: pressure scaling more than 1%, mu: 1.01226 1.01226 1.01226

Step 386550  Warning: pressure scaling more than 1%, mu: 0.989294 0.989294 0.989294

Step 386600  Warning: pressure scaling more than 1%, mu: 1.01258 1.01258 1.01258

Step 386650  Warning: pressure scaling more than 1%, mu: 0.989668 0.989668 0.989668

Step 386750  Warning: pressure scaling more than 1%, mu: 0.989186 0.989186 0.989186

Step 389200  Warning: pressure scaling more than 1%, mu: 1.01115 1.01115 1.01115

Step 389300  Warning: pressure scaling more than 1%, mu: 1.01583 1.01583 1.01583

Step 389350  Warning: pressure scaling more than 1%, mu: 0.989093 0.989093 0.989093

Step 389450  Warning: pressure scaling more than 1%, mu: 0.988866 0.988866 0.988866

Step 389500  Warning: pressure scaling more than 1%, mu: 1.01094 1.01094 1.01094

Step 391300  Warning: pressure scaling more than 1%, mu: 1.01123 1.01123 1.01123

Step 391350  Warning: pressure scaling more than 1%, mu: 0.989737 0.989737 0.989737

Step 391750  Warning: pressure scaling more than 1%, mu: 0.986321 0.986321 0.986321

Step 395800  Warning: pressure scaling more than 1%, mu: 0.988513 0.988513 0.988513

Step 396900  Warning: pressure scaling more than 1%, mu: 0.985999 0.985999 0.985999

Step 396950  Warning: pressure scaling more than 1%, mu: 1.01468 1.01468 1.01468

Step 397000  Warning: pressure scaling more than 1%, mu: 0.988177 0.988177 0.988177

Step 400600  Warning: pressure scaling more than 1%, mu: 1.01001 1.01001 1.01001

Step 400700  Warning: pressure scaling more than 1%, mu: 1.01092 1.01092 1.01092

Step 400750  Warning: pressure scaling more than 1%, mu: 0.988961 0.988961 0.988961

Step 400950  Warning: pressure scaling more than 1%, mu: 0.987844 0.987844 0.987844

Step 401000  Warning: pressure scaling more than 1%, mu: 1.01471 1.01471 1.01471

Step 401050  Warning: pressure scaling more than 1%, mu: 0.987399 0.987399 0.987399

Step 401100  Warning: pressure scaling more than 1%, mu: 1.0127 1.0127 1.0127

Step 401150  Warning: pressure scaling more than 1%, mu: 0.98341 0.98341 0.98341

Step 401200  Warning: pressure scaling more than 1%, mu: 1.01407 1.01407 1.01407

Step 401250  Warning: pressure scaling more than 1%, mu: 0.986045 0.986045 0.986045

Step 401300  Warning: pressure scaling more than 1%, mu: 1.01401 1.01401 1.01401

Step 401350  Warning: pressure scaling more than 1%, mu: 0.988938 0.988938 0.988938

Step 401400  Warning: pressure scaling more than 1%, mu: 1.01674 1.01674 1.01674

Step 401450  Warning: pressure scaling more than 1%, mu: 0.986702 0.986702 0.986702

Step 401500  Warning: pressure scaling more than 1%, mu: 1.01283 1.01283 1.01283

Step 401550  Warning: pressure scaling more than 1%, mu: 0.983286 0.983286 0.983286

Step 401600  Warning: pressure scaling more than 1%, mu: 1.01242 1.01242 1.01242

Step 401650  Warning: pressure scaling more than 1%, mu: 0.985052 0.985052 0.985052

Step 401700  Warning: pressure scaling more than 1%, mu: 1.01151 1.01151 1.01151

Step 401750  Warning: pressure scaling more than 1%, mu: 0.9882 0.9882 0.9882

Step 401800  Warning: pressure scaling more than 1%, mu: 1.01541 1.01541 1.01541

Step 401900  Warning: pressure scaling more than 1%, mu: 1.0114 1.0114 1.0114

Step 402000  Warning: pressure scaling more than 1%, mu: 1.01049 1.01049 1.01049

Step 402050  Warning: pressure scaling more than 1%, mu: 0.986472 0.986472 0.986472

Step 402100  Warning: pressure scaling more than 1%, mu: 1.01342 1.01342 1.01342

Step 402150  Warning: pressure scaling more than 1%, mu: 0.986624 0.986624 0.986624

Step 402200  Warning: pressure scaling more than 1%, mu: 1.01048 1.01048 1.01048

Step 402350  Warning: pressure scaling more than 1%, mu: 0.989143 0.989143 0.989143

Step 402400  Warning: pressure scaling more than 1%, mu: 1.01391 1.01391 1.01391

Step 402450  Warning: pressure scaling more than 1%, mu: 0.98569 0.98569 0.98569

Step 402500  Warning: pressure scaling more than 1%, mu: 1.01567 1.01567 1.01567

Step 402550  Warning: pressure scaling more than 1%, mu: 0.989713 0.989713 0.989713

Step 402600  Warning: pressure scaling more than 1%, mu: 1.01014 1.01014 1.01014

Step 402650  Warning: pressure scaling more than 1%, mu: 0.988666 0.988666 0.988666

Step 402700  Warning: pressure scaling more than 1%, mu: 1.01319 1.01319 1.01319

Step 402750  Warning: pressure scaling more than 1%, mu: 0.98731 0.98731 0.98731

Step 402800  Warning: pressure scaling more than 1%, mu: 1.01918 1.01918 1.01918

Step 402850  Warning: pressure scaling more than 1%, mu: 0.983946 0.983946 0.983946

Step 402900  Warning: pressure scaling more than 1%, mu: 1.01328 1.01328 1.01328

Step 402950  Warning: pressure scaling more than 1%, mu: 0.987984 0.987984 0.987984

Step 409000  Warning: pressure scaling more than 1%, mu: 1.0117 1.0117 1.0117

Step 410100  Warning: pressure scaling more than 1%, mu: 1.01484 1.01484 1.01484

Step 410200  Warning: pressure scaling more than 1%, mu: 1.0119 1.0119 1.0119

Step 410500  Warning: pressure scaling more than 1%, mu: 1.01271 1.01271 1.01271

Step 412450  Warning: pressure scaling more than 1%, mu: 1.01283 1.01283 1.01283

Step 414150  Warning: pressure scaling more than 1%, mu: 1.01281 1.01281 1.01281

Step 414200  Warning: pressure scaling more than 1%, mu: 0.989133 0.989133 0.989133

Step 414300  Warning: pressure scaling more than 1%, mu: 0.989555 0.989555 0.989555

Step 414450  Warning: pressure scaling more than 1%, mu: 1.01005 1.01005 1.01005

Step 416600  Warning: pressure scaling more than 1%, mu: 0.989502 0.989502 0.989502

Step 417650  Warning: pressure scaling more than 1%, mu: 1.01139 1.01139 1.01139

Step 419700  Warning: pressure scaling more than 1%, mu: 1.0123 1.0123 1.0123

Step 419750  Warning: pressure scaling more than 1%, mu: 0.989235 0.989235 0.989235

Step 419800  Warning: pressure scaling more than 1%, mu: 1.01599 1.01599 1.01599

Step 419850  Warning: pressure scaling more than 1%, mu: 0.987228 0.987228 0.987228

Step 420450  Warning: pressure scaling more than 1%, mu: 1.01148 1.01148 1.01148

Step 421950  Warning: pressure scaling more than 1%, mu: 1.01035 1.01035 1.01035

Step 422050  Warning: pressure scaling more than 1%, mu: 1.01577 1.01577 1.01577

Step 422450  Warning: pressure scaling more than 1%, mu: 1.01182 1.01182 1.01182

Step 423850  Warning: pressure scaling more than 1%, mu: 0.98989 0.98989 0.98989

Step 423950  Warning: pressure scaling more than 1%, mu: 0.989636 0.989636 0.989636

Step 424000  Warning: pressure scaling more than 1%, mu: 1.01158 1.01158 1.01158

Step 424400  Warning: pressure scaling more than 1%, mu: 1.01578 1.01578 1.01578

Step 424450  Warning: pressure scaling more than 1%, mu: 0.987537 0.987537 0.987537

Step 424500  Warning: pressure scaling more than 1%, mu: 1.01168 1.01168 1.01168

Step 424800  Warning: pressure scaling more than 1%, mu: 1.01258 1.01258 1.01258

Step 425050  Warning: pressure scaling more than 1%, mu: 0.989904 0.989904 0.989904

Step 425550  Warning: pressure scaling more than 1%, mu: 0.988488 0.988488 0.988488

Step 425600  Warning: pressure scaling more than 1%, mu: 1.01495 1.01495 1.01495

Step 425650  Warning: pressure scaling more than 1%, mu: 0.986805 0.986805 0.986805

Step 425700  Warning: pressure scaling more than 1%, mu: 1.01167 1.01167 1.01167

Step 425750  Warning: pressure scaling more than 1%, mu: 0.985619 0.985619 0.985619

Step 425800  Warning: pressure scaling more than 1%, mu: 1.01243 1.01243 1.01243

Step 427450  Warning: pressure scaling more than 1%, mu: 0.988266 0.988266 0.988266

Step 427550  Warning: pressure scaling more than 1%, mu: 0.986488 0.986488 0.986488

Step 427600  Warning: pressure scaling more than 1%, mu: 1.01092 1.01092 1.01092

Step 427700  Warning: pressure scaling more than 1%, mu: 1.01115 1.01115 1.01115

Step 427850  Warning: pressure scaling more than 1%, mu: 0.986492 0.986492 0.986492

Step 427900  Warning: pressure scaling more than 1%, mu: 1.0126 1.0126 1.0126

Step 427950  Warning: pressure scaling more than 1%, mu: 0.988285 0.988285 0.988285

Step 428000  Warning: pressure scaling more than 1%, mu: 1.01183 1.01183 1.01183

Step 428050  Warning: pressure scaling more than 1%, mu: 0.989488 0.989488 0.989488

Step 428150  Warning: pressure scaling more than 1%, mu: 0.986964 0.986964 0.986964

Step 428200  Warning: pressure scaling more than 1%, mu: 1.01011 1.01011 1.01011

Step 428300  Warning: pressure scaling more than 1%, mu: 1.01367 1.01367 1.01367

Step 428350  Warning: pressure scaling more than 1%, mu: 0.989867 0.989867 0.989867

Step 428750  Warning: pressure scaling more than 1%, mu: 0.988947 0.988947 0.988947

Step 428900  Warning: pressure scaling more than 1%, mu: 1.01194 1.01194 1.01194

Step 429000  Warning: pressure scaling more than 1%, mu: 1.01398 1.01398 1.01398

Step 429050  Warning: pressure scaling more than 1%, mu: 0.988669 0.988669 0.988669

Step 429100  Warning: pressure scaling more than 1%, mu: 1.01056 1.01056 1.01056

Step 429150  Warning: pressure scaling more than 1%, mu: 0.989647 0.989647 0.989647

Step 429300  Warning: pressure scaling more than 1%, mu: 1.01579 1.01579 1.01579

Step 429400  Warning: pressure scaling more than 1%, mu: 1.01116 1.01116 1.01116

Step 429450  Warning: pressure scaling more than 1%, mu: 0.988534 0.988534 0.988534

Step 429500  Warning: pressure scaling more than 1%, mu: 1.01127 1.01127 1.01127

Step 431750  Warning: pressure scaling more than 1%, mu: 1.01087 1.01087 1.01087

Step 431900  Warning: pressure scaling more than 1%, mu: 0.987016 0.987016 0.987016

Step 432050  Warning: pressure scaling more than 1%, mu: 1.0115 1.0115 1.0115

Step 432150  Warning: pressure scaling more than 1%, mu: 1.01053 1.01053 1.01053

Step 432450  Warning: pressure scaling more than 1%, mu: 1.01327 1.01327 1.01327

Step 433500  Warning: pressure scaling more than 1%, mu: 1.01177 1.01177 1.01177

Step 433600  Warning: pressure scaling more than 1%, mu: 1.01107 1.01107 1.01107

Step 433750  Warning: pressure scaling more than 1%, mu: 0.988609 0.988609 0.988609

Step 433900  Warning: pressure scaling more than 1%, mu: 1.0128 1.0128 1.0128

Step 434000  Warning: pressure scaling more than 1%, mu: 1.0116 1.0116 1.0116

Step 434050  Warning: pressure scaling more than 1%, mu: 0.986152 0.986152 0.986152

Step 434100  Warning: pressure scaling more than 1%, mu: 1.01085 1.01085 1.01085

Step 434150  Warning: pressure scaling more than 1%, mu: 0.984904 0.984904 0.984904

Step 434200  Warning: pressure scaling more than 1%, mu: 1.01068 1.01068 1.01068

Step 434300  Warning: pressure scaling more than 1%, mu: 1.01011 1.01011 1.01011

Step 434450  Warning: pressure scaling more than 1%, mu: 0.983506 0.983506 0.983506

Step 434500  Warning: pressure scaling more than 1%, mu: 1.01418 1.01418 1.01418

Step 434550  Warning: pressure scaling more than 1%, mu: 0.987231 0.987231 0.987231

Step 434600  Warning: pressure scaling more than 1%, mu: 1.01138 1.01138 1.01138

Step 434950  Warning: pressure scaling more than 1%, mu: 0.987109 0.987109 0.987109

Step 435000  Warning: pressure scaling more than 1%, mu: 1.01231 1.01231 1.01231

Step 435100  Warning: pressure scaling more than 1%, mu: 1.01329 1.01329 1.01329

Step 437050  Warning: pressure scaling more than 1%, mu: 0.988977 0.988977 0.988977

Step 437150  Warning: pressure scaling more than 1%, mu: 0.989145 0.989145 0.989145

Step 437300  Warning: pressure scaling more than 1%, mu: 1.01317 1.01317 1.01317

Step 437450  Warning: pressure scaling more than 1%, mu: 0.989273 0.989273 0.989273

Step 437550  Warning: pressure scaling more than 1%, mu: 0.986667 0.986667 0.986667

Step 437600  Warning: pressure scaling more than 1%, mu: 1.01486 1.01486 1.01486

Step 437650  Warning: pressure scaling more than 1%, mu: 0.989589 0.989589 0.989589

Step 437700  Warning: pressure scaling more than 1%, mu: 1.01097 1.01097 1.01097

Step 437750  Warning: pressure scaling more than 1%, mu: 0.989607 0.989607 0.989607

Step 438200  Warning: pressure scaling more than 1%, mu: 1.01258 1.01258 1.01258

Step 440400  Warning: pressure scaling more than 1%, mu: 1.01124 1.01124 1.01124

Step 440500  Warning: pressure scaling more than 1%, mu: 1.01203 1.01203 1.01203

Step 440550  Warning: pressure scaling more than 1%, mu: 0.989289 0.989289 0.989289

Step 440600  Warning: pressure scaling more than 1%, mu: 1.01116 1.01116 1.01116

Step 440650  Warning: pressure scaling more than 1%, mu: 0.985523 0.985523 0.985523

Step 440950  Warning: pressure scaling more than 1%, mu: 0.989391 0.989391 0.989391

Step 444050  Warning: pressure scaling more than 1%, mu: 1.01099 1.01099 1.01099

Step 445100  Warning: pressure scaling more than 1%, mu: 0.98866 0.98866 0.98866

Step 445150  Warning: pressure scaling more than 1%, mu: 1.01136 1.01136 1.01136

Step 445200  Warning: pressure scaling more than 1%, mu: 0.988993 0.988993 0.988993

Step 445550  Warning: pressure scaling more than 1%, mu: 1.01016 1.01016 1.01016

Step 452350  Warning: pressure scaling more than 1%, mu: 1.0103 1.0103 1.0103

Step 452800  Warning: pressure scaling more than 1%, mu: 0.986791 0.986791 0.986791

Step 452850  Warning: pressure scaling more than 1%, mu: 1.01854 1.01854 1.01854

Step 452900  Warning: pressure scaling more than 1%, mu: 0.988533 0.988533 0.988533

Step 453150  Warning: pressure scaling more than 1%, mu: 1.01076 1.01076 1.01076

Step 454450  Warning: pressure scaling more than 1%, mu: 0.988072 0.988072 0.988072

Step 454500  Warning: pressure scaling more than 1%, mu: 1.01248 1.01248 1.01248

Step 454600  Warning: pressure scaling more than 1%, mu: 1.01173 1.01173 1.01173

Step 463300  Warning: pressure scaling more than 1%, mu: 0.989647 0.989647 0.989647

Step 463850  Warning: pressure scaling more than 1%, mu: 1.01037 1.01037 1.01037

Step 466300  Warning: pressure scaling more than 1%, mu: 0.988296 0.988296 0.988296

Step 467800  Warning: pressure scaling more than 1%, mu: 0.987863 0.987863 0.987863

Step 471800  Warning: pressure scaling more than 1%, mu: 0.988456 0.988456 0.988456

Step 473300  Warning: pressure scaling more than 1%, mu: 0.989341 0.989341 0.989341

Step 475900  Warning: pressure scaling more than 1%, mu: 0.98855 0.98855 0.98855

Step 475950  Warning: pressure scaling more than 1%, mu: 1.0121 1.0121 1.0121

Step 476000  Warning: pressure scaling more than 1%, mu: 0.988413 0.988413 0.988413

Step 476050  Warning: pressure scaling more than 1%, mu: 1.01682 1.01682 1.01682

Step 476100  Warning: pressure scaling more than 1%, mu: 0.989415 0.989415 0.989415

Step 476200  Warning: pressure scaling more than 1%, mu: 0.988676 0.988676 0.988676

Step 476250  Warning: pressure scaling more than 1%, mu: 1.01255 1.01255 1.01255

Step 476450  Warning: pressure scaling more than 1%, mu: 1.01027 1.01027 1.01027

Step 476500  Warning: pressure scaling more than 1%, mu: 0.986238 0.986238 0.986238

Step 476600  Warning: pressure scaling more than 1%, mu: 0.988478 0.988478 0.988478

Step 478800  Warning: pressure scaling more than 1%, mu: 0.988951 0.988951 0.988951

Step 479200  Warning: pressure scaling more than 1%, mu: 0.98982 0.98982 0.98982

Step 480400  Warning: pressure scaling more than 1%, mu: 1.01229 1.01229 1.01229

Step 480650  Warning: pressure scaling more than 1%, mu: 0.989618 0.989618 0.989618

Step 480700  Warning: pressure scaling more than 1%, mu: 1.0126 1.0126 1.0126

Step 480750  Warning: pressure scaling more than 1%, mu: 0.986802 0.986802 0.986802

Step 480800  Warning: pressure scaling more than 1%, mu: 1.01536 1.01536 1.01536

Step 480850  Warning: pressure scaling more than 1%, mu: 0.985796 0.985796 0.985796

Step 480900  Warning: pressure scaling more than 1%, mu: 1.01485 1.01485 1.01485

Step 480950  Warning: pressure scaling more than 1%, mu: 0.987584 0.987584 0.987584

Step 481100  Warning: pressure scaling more than 1%, mu: 1.0127 1.0127 1.0127

Step 481150  Warning: pressure scaling more than 1%, mu: 0.987654 0.987654 0.987654

Step 481350  Warning: pressure scaling more than 1%, mu: 0.986154 0.986154 0.986154

Step 481400  Warning: pressure scaling more than 1%, mu: 1.01386 1.01386 1.01386

Step 481450  Warning: pressure scaling more than 1%, mu: 0.989046 0.989046 0.989046

Step 481500  Warning: pressure scaling more than 1%, mu: 1.01316 1.01316 1.01316

Step 481550  Warning: pressure scaling more than 1%, mu: 0.986763 0.986763 0.986763

Step 481600  Warning: pressure scaling more than 1%, mu: 1.01114 1.01114 1.01114

Step 481650  Warning: pressure scaling more than 1%, mu: 0.989893 0.989893 0.989893

Step 481750  Warning: pressure scaling more than 1%, mu: 0.989059 0.989059 0.989059

Step 481800  Warning: pressure scaling more than 1%, mu: 1.01268 1.01268 1.01268

Step 481850  Warning: pressure scaling more than 1%, mu: 0.989846 0.989846 0.989846

Step 481900  Warning: pressure scaling more than 1%, mu: 1.01047 1.01047 1.01047

Step 482400  Warning: pressure scaling more than 1%, mu: 1.01139 1.01139 1.01139

Step 486050  Warning: pressure scaling more than 1%, mu: 0.986119 0.986119 0.986119

Step 486100  Warning: pressure scaling more than 1%, mu: 1.01308 1.01308 1.01308

Step 486150  Warning: pressure scaling more than 1%, mu: 0.98837 0.98837 0.98837

Step 486500  Warning: pressure scaling more than 1%, mu: 1.0141 1.0141 1.0141

Step 486550  Warning: pressure scaling more than 1%, mu: 0.989093 0.989093 0.989093

Step 486600  Warning: pressure scaling more than 1%, mu: 1.01317 1.01317 1.01317

Step 486650  Warning: pressure scaling more than 1%, mu: 0.986648 0.986648 0.986648

Step 486700  Warning: pressure scaling more than 1%, mu: 1.0126 1.0126 1.0126

Step 486750  Warning: pressure scaling more than 1%, mu: 0.98639 0.98639 0.98639

Step 489200  Warning: pressure scaling more than 1%, mu: 1.01379 1.01379 1.01379

Step 489300  Warning: pressure scaling more than 1%, mu: 1.01282 1.01282 1.01282

Step 494900  Warning: pressure scaling more than 1%, mu: 0.989494 0.989494 0.989494

Step 495800  Warning: pressure scaling more than 1%, mu: 0.989129 0.989129 0.989129

Step 495850  Warning: pressure scaling more than 1%, mu: 1.01178 1.01178 1.01178

Step 496150  Warning: pressure scaling more than 1%, mu: 1.01045 1.01045 1.01045

Step 497200  Warning: pressure scaling more than 1%, mu: 1.01352 1.01352 1.01352

Step 497550  Warning: pressure scaling more than 1%, mu: 0.986373 0.986373 0.986373

Step 497600  Warning: pressure scaling more than 1%, mu: 1.01985 1.01985 1.01985

Step 497650  Warning: pressure scaling more than 1%, mu: 0.989334 0.989334 0.989334

Step 497700  Warning: pressure scaling more than 1%, mu: 1.01227 1.01227 1.01227

Step 497750  Warning: pressure scaling more than 1%, mu: 0.986625 0.986625 0.986625

Step 497850  Warning: pressure scaling more than 1%, mu: 0.98902 0.98902 0.98902

Step 498000  Warning: pressure scaling more than 1%, mu: 1.01444 1.01444 1.01444

Step 498050  Warning: pressure scaling more than 1%, mu: 0.985613 0.985613 0.985613

Step 498100  Warning: pressure scaling more than 1%, mu: 1.01686 1.01686 1.01686

Step 498150  Warning: pressure scaling more than 1%, mu: 0.985703 0.985703 0.985703

Step 498200  Warning: pressure scaling more than 1%, mu: 1.01676 1.01676 1.01676

Step 498250  Warning: pressure scaling more than 1%, mu: 0.988639 0.988639 0.988639

Writing final coordinates.

NOTE: 3 % of the run time was spent in domain decomposition,
      16 % of the run time was spent in pair search,
      you might want to increase nstlist (this has no effect on accuracy)

               Core t (s)   Wall t (s)        (%)
       Time:      635.864      635.864      100.0
                 (ns/day)    (hour/ns)
Performance:      135.878        0.177

GROMACS reminds you: "Pain is inevitable. Suffering is optional." (Haruki Murakami)

