                      :-) GROMACS - gmx mdrun, 2024.1 (-:

Copyright 1991-2024 The GROMACS Authors.
GROMACS is free software; you can redistribute it and/or modify it
under the terms of the GNU Lesser General Public License
as published by the Free Software Foundation; either version 2.1
of the License, or (at your option) any later version.

                         Current GROMACS contributors:
       Mark Abraham           Andrey Alekseenko           Vladimir Basov      
      Cathrine Bergh            Eliane Briand               Ania Brown        
      Mahesh Doijade            Giacomo Fiorin          Stefan Fleischmann    
      Sergey Gorelov         Gilles Gouaillardet            Alan Gray         
     M. Eric Irrgang         Farzaneh Jalalypour            Joe Jordan        
     Carsten Kutzner           Justin A. Lemkul          Magnus Lundborg      
       Pascal Merz              Vedran Miletic            Dmitry Morozov      
       Julien Nabet              Szilard Pall        Andrea Pasquadibisceglie 
    Michele Pellegrino          Hubert Santuz             Roland Schulz       
     Tatiana Shugaeva          Alexey Shvetsov            Philip Turner       
     Alessandra Villa      Sebastian Wingbermuehle  

                         Previous GROMACS contributors:
        Emile Apol             Rossen Apostolov           James Barnett       
        Paul Bauer          Herman J.C. Berendsen          Par Bjelkmar       
      Christian Blau          Viacheslav Bolnykh            Kevin Boyd        
    Aldert van Buuren          Carlo Camilloni           Rudi van Drunen      
      Anton Feenstra           Oliver Fleetwood            Vytas Gapsys       
       Gaurav Garg             Gerrit Groenhof            Bert de Groot       
      Anca Hamuraru           Vincent Hindriksen          Victor Holanda      
     Aleksei Iupinov          Christoph Junghans        Prashanth Kanduri     
   Dimitrios Karkoulis           Peter Kasson             Sebastian Kehl      
     Sebastian Keller             Jiri Kraus               Per Larsson        
      Viveca Lindahl            Erik Marklund           Pieter Meulenhoff     
      Teemu Murtola              Sander Pronk             Michael Shirts      
      Alfons Sijbers            Balint Soproni         David van der Spoel    
      Peter Tieleman            Carsten Uphoff             Jon Vincent        
     Teemu Virolainen         Christian Wennberg           Maarten Wolf       
      Artem Zhmurov       

                  Coordinated by the GROMACS project leaders:
                           Berk Hess and Erik Lindahl

GROMACS:      gmx mdrun, version 2024.1
Executable:   /usr/local/hpc1/software_molmod/gromacs/gromacs-2024.1-bin_wr0/bin/gmx
Data prefix:  /usr/local/hpc1/software_molmod/gromacs/gromacs-2024.1-bin_wr0
Working dir:  /work/rstric2s/current_sim/Application/02-2-C4H9Br_EP
Process ID:   3088704
Command line:
  gmx mdrun -deffnm 11_emin

GROMACS version:     2024.1
Precision:           mixed
Memory model:        64 bit
MPI library:         thread_mpi
OpenMP support:      enabled (GMX_OPENMP_MAX_THREADS = 128)
GPU support:         disabled
SIMD instructions:   AVX_512
CPU FFT library:     fftw-3.3.8-sse2-avx
GPU FFT library:     none
Multi-GPU FFT:       none
RDTSCP usage:        enabled
TNG support:         enabled
Hwloc support:       disabled
Tracing support:     disabled
C compiler:          /usr/local/gcc/gcc-13.2.0/bin/gcc GNU 13.2.0
C compiler flags:    -fexcess-precision=fast -funroll-all-loops -mavx512f -mfma -mavx512vl -mavx512dq -mavx512bw -Wno-missing-field-initializers -O3 -DNDEBUG
C++ compiler:        /usr/local/gcc/gcc-13.2.0/bin/g++ GNU 13.2.0
C++ compiler flags:  -fexcess-precision=fast -funroll-all-loops -mavx512f -mfma -mavx512vl -mavx512dq -mavx512bw -Wno-missing-field-initializers -Wno-cast-function-type-strict SHELL:-fopenmp -O3 -DNDEBUG
BLAS library:        External - detected on the system
LAPACK library:      External - detected on the system


Running on 1 node with total 1 cores, 1 processing units
Hardware detected on host wr51:
  CPU info:
    Vendor: AMD
    Brand:  AMD EPYC 9554 64-Core Processor                
    Family: 25   Model: 17   Stepping: 1
    Features: aes amd apic avx avx2 avx512f avx512cd avx512bw avx512vl avx512bf16 avx512secondFMA clfsh cmov cx8 cx16 f16c fma htt lahf misalignsse mmx msr nonstop_tsc pcid pclmuldq pdpe1gb popcnt pse rdrnd rdtscp sha sse2 sse3 sse4a sse4.1 sse4.2 ssse3 x2apic
  Hardware topology: Basic
    Packages, cores, and logical processors:
    [indices refer to OS logical processors]
      Package  0: [   2]
    CPU limit set by OS: -1   Recommended max number of threads: 1


++++ PLEASE READ AND CITE THE FOLLOWING REFERENCE ++++
M. J. Abraham, T. Murtola, R. Schulz, S. Páll, J. C. Smith, B. Hess, E.
Lindahl
GROMACS: High performance molecular simulations through multi-level
parallelism from laptops to supercomputers
SoftwareX 1 (2015) pp. 19-25
-------- -------- --- Thank You --- -------- --------


++++ PLEASE READ AND CITE THE FOLLOWING REFERENCE ++++
S. Páll, M. J. Abraham, C. Kutzner, B. Hess, E. Lindahl
Tackling Exascale Software Challenges in Molecular Dynamics Simulations with
GROMACS
In S. Markidis & E. Laure (Eds.), Solving Software Challenges for Exascale 8759 (2015) pp. 3-27
-------- -------- --- Thank You --- -------- --------


++++ PLEASE READ AND CITE THE FOLLOWING REFERENCE ++++
S. Pronk, S. Páll, R. Schulz, P. Larsson, P. Bjelkmar, R. Apostolov, M. R.
Shirts, J. C. Smith, P. M. Kasson, D. van der Spoel, B. Hess, and E. Lindahl
GROMACS 4.5: a high-throughput and highly parallel open source molecular
simulation toolkit
Bioinformatics 29 (2013) pp. 845-54
-------- -------- --- Thank You --- -------- --------


++++ PLEASE READ AND CITE THE FOLLOWING REFERENCE ++++
B. Hess and C. Kutzner and D. van der Spoel and E. Lindahl
GROMACS 4: Algorithms for highly efficient, load-balanced, and scalable
molecular simulation
J. Chem. Theory Comput. 4 (2008) pp. 435-447
-------- -------- --- Thank You --- -------- --------


++++ PLEASE READ AND CITE THE FOLLOWING REFERENCE ++++
D. van der Spoel, E. Lindahl, B. Hess, G. Groenhof, A. E. Mark and H. J. C.
Berendsen
GROMACS: Fast, Flexible and Free
J. Comp. Chem. 26 (2005) pp. 1701-1719
-------- -------- --- Thank You --- -------- --------


++++ PLEASE READ AND CITE THE FOLLOWING REFERENCE ++++
E. Lindahl and B. Hess and D. van der Spoel
GROMACS 3.0: A package for molecular simulation and trajectory analysis
J. Mol. Mod. 7 (2001) pp. 306-317
-------- -------- --- Thank You --- -------- --------


++++ PLEASE READ AND CITE THE FOLLOWING REFERENCE ++++
H. J. C. Berendsen, D. van der Spoel and R. van Drunen
GROMACS: A message-passing parallel molecular dynamics implementation
Comp. Phys. Comm. 91 (1995) pp. 43-56
-------- -------- --- Thank You --- -------- --------


++++ PLEASE CITE THE DOI FOR THIS VERSION OF GROMACS ++++
https://doi.org/10.5281/zenodo.10721181
-------- -------- --- Thank You --- -------- --------

Input Parameters:
   integrator                     = steep
   tinit                          = 0
   dt                             = 0.001
   nsteps                         = 50000
   init-step                      = 0
   simulation-part                = 1
   mts                            = false
   mass-repartition-factor        = 1
   comm-mode                      = Linear
   nstcomm                        = 100
   bd-fric                        = 0
   ld-seed                        = -371713
   emtol                          = 1000
   emstep                         = 0.01
   niter                          = 20
   fcstep                         = 0
   nstcgsteep                     = 1000
   nbfgscorr                      = 10
   rtpi                           = 0.05
   nstxout                        = 0
   nstvout                        = 0
   nstfout                        = 0
   nstlog                         = 1000
   nstcalcenergy                  = 100
   nstenergy                      = 1000
   nstxout-compressed             = 0
   compressed-x-precision         = 1000
   cutoff-scheme                  = Verlet
   nstlist                        = 10
   pbc                            = xyz
   periodic-molecules             = false
   verlet-buffer-tolerance        = 0.005
   verlet-buffer-pressure-tolerance = 0.5
   rlist                          = 1.05
   coulombtype                    = Cut-off
   coulomb-modifier               = Potential-shift
   rcoulomb-switch                = 0
   rcoulomb                       = 1
   epsilon-r                      = 1
   epsilon-rf                     = inf
   vdw-type                       = Cut-off
   vdw-modifier                   = Potential-shift
   rvdw-switch                    = 0
   rvdw                           = 1
   DispCorr                       = No
   table-extension                = 1
   fourierspacing                 = 0.12
   fourier-nx                     = 0
   fourier-ny                     = 0
   fourier-nz                     = 0
   pme-order                      = 4
   ewald-rtol                     = 1e-05
   ewald-rtol-lj                  = 0.001
   lj-pme-comb-rule               = Geometric
   ewald-geometry                 = 3d
   epsilon-surface                = 0
   ensemble-temperature-setting   = not available
   tcoupl                         = No
   nsttcouple                     = -1
   nh-chain-length                = 0
   print-nose-hoover-chain-variables = false
   pcoupl                         = No
   refcoord-scaling               = No
   posres-com (3):
      posres-com[0]= 0.00000e+00
      posres-com[1]= 0.00000e+00
      posres-com[2]= 0.00000e+00
   posres-comB (3):
      posres-comB[0]= 0.00000e+00
      posres-comB[1]= 0.00000e+00
      posres-comB[2]= 0.00000e+00
   QMMM                           = false
qm-opts:
   ngQM                           = 0
   constraint-algorithm           = Lincs
   continuation                   = false
   Shake-SOR                      = false
   shake-tol                      = 0.0001
   lincs-order                    = 4
   lincs-iter                     = 1
   lincs-warnangle                = 30
   nwall                          = 0
   wall-type                      = 9-3
   wall-r-linpot                  = -1
   wall-atomtype[0]               = -1
   wall-atomtype[1]               = -1
   wall-density[0]                = 0
   wall-density[1]                = 0
   wall-ewald-zfac                = 3
   pull                           = false
   awh                            = false
   rotation                       = false
   interactiveMD                  = false
   disre                          = No
   disre-weighting                = Conservative
   disre-mixed                    = false
   dr-fc                          = 1000
   dr-tau                         = 0
   nstdisreout                    = 100
   orire-fc                       = 0
   orire-tau                      = 0
   nstorireout                    = 100
   free-energy                    = no
   cos-acceleration               = 0
   deform (3x3):
      deform[    0]={ 0.00000e+00,  0.00000e+00,  0.00000e+00}
      deform[    1]={ 0.00000e+00,  0.00000e+00,  0.00000e+00}
      deform[    2]={ 0.00000e+00,  0.00000e+00,  0.00000e+00}
   simulated-tempering            = false
   swapcoords                     = no
   userint1                       = 0
   userint2                       = 0
   userint3                       = 0
   userint4                       = 0
   userreal1                      = 0
   userreal2                      = 0
   userreal3                      = 0
   userreal4                      = 0
   applied-forces:
     electric-field:
       x:
         E0                       = 0
         omega                    = 0
         t0                       = 0
         sigma                    = 0
       y:
         E0                       = 0
         omega                    = 0
         t0                       = 0
         sigma                    = 0
       z:
         E0                       = 0
         omega                    = 0
         t0                       = 0
         sigma                    = 0
     density-guided-simulation:
       active                     = false
       group                      = protein
       similarity-measure         = inner-product
       atom-spreading-weight      = unity
       force-constant             = 1e+09
       gaussian-transform-spreading-width = 0.2
       gaussian-transform-spreading-range-in-multiples-of-width = 4
       reference-density-filename = reference.mrc
       nst                        = 1
       normalize-densities        = true
       adaptive-force-scaling     = false
       adaptive-force-scaling-time-constant = 4
       shift-vector               = 
       transformation-matrix      = 
     qmmm-cp2k:
       active                     = false
       qmgroup                    = System
       qmmethod                   = PBE
       qmfilenames                = 
       qmcharge                   = 0
       qmmultiplicity             = 1
     colvars:
       active                     = false
       configfile                 = 
       seed                       = -1
grpopts:
   nrdf:       10833
   ref-t:           0
   tau-t:           0
annealing:          No
annealing-npoints:           0
   acc:	           0           0           0
   nfreeze:           N           N           N
   energygrp-flags[  0]: 0

Update groups can not be used for this system because the construction atoms of a virtual site are only partly with a group of constrained atoms

Using 1 MPI thread

Non-default thread affinity set, disabling internal thread affinity

Using 1 OpenMP thread 

System total charge: -0.000
Potential shift: LJ r^-12: -1.000e+00 r^-6: -1.000e+00, Coulomb -1e+00
Generated table with 1025 data points for 1-4 COUL.
Tabscale = 500 points/nm
Generated table with 1025 data points for 1-4 LJ6.
Tabscale = 500 points/nm
Generated table with 1025 data points for 1-4 LJ12.
Tabscale = 500 points/nm


Using SIMD2xMM 4x8 nonbonded short-range kernels

Using a 4x8 pair-list setup:
  updated every 10 steps, buffer 0.050 nm, rlist 1.050 nm

Using Geometric Lennard-Jones combination rule
Removing pbc first time

Note that activating steepest-descent energy minimization via the integrator .mdp option and the command gmx mdrun may be available in a different form in a future version of GROMACS, e.g. gmx minimize and an .mdp option.
Initiating Steepest Descents
Started Steepest Descents on rank 0 Wed May 28 13:11:53 2025


Steepest Descents:
   Tolerance (Fmax)   =  1.00000e+03
   Number of steps    =        50000
           Step           Time
              0        0.00000

   Energies (kJ/mol)
           Bond          Angle Ryckaert-Bell.          LJ-14     Coulomb-14
    2.37663e+05    2.53472e+04    3.06638e+03    1.09159e+05    2.87964e+02
        LJ (SR)   Coulomb (SR)      Potential Pressure (bar)
    6.65097e+04   -1.26774e+03    4.40766e+05    3.07921e+05

           Step           Time
              1        1.00000

   Energies (kJ/mol)
           Bond          Angle Ryckaert-Bell.          LJ-14     Coulomb-14
    2.09238e+05    2.46634e+04    3.08612e+03    6.88663e+04    3.31701e+02
        LJ (SR)   Coulomb (SR)      Potential Pressure (bar)
    4.59738e+04   -1.34228e+03    3.50818e+05    2.23952e+05

           Step           Time
              2        2.00000

   Energies (kJ/mol)
           Bond          Angle Ryckaert-Bell.          LJ-14     Coulomb-14
    1.42556e+05    2.53401e+04    3.14553e+03    3.05308e+04    4.09769e+02
        LJ (SR)   Coulomb (SR)      Potential Pressure (bar)
    3.11568e+04   -1.50290e+03    2.31636e+05    1.56149e+05

           Step           Time
              3        3.00000

   Energies (kJ/mol)
           Bond          Angle Ryckaert-Bell.          LJ-14     Coulomb-14
    7.18728e+04    2.93271e+04    3.25666e+03    1.62890e+04    4.75508e+02
        LJ (SR)   Coulomb (SR)      Potential Pressure (bar)
    2.42061e+04   -1.65749e+03    1.43770e+05    1.31779e+05

           Step           Time
              4        4.00000

   Energies (kJ/mol)
           Bond          Angle Ryckaert-Bell.          LJ-14     Coulomb-14
    2.73387e+04    3.38719e+04    3.39446e+03    9.94023e+03    5.25630e+02
        LJ (SR)   Coulomb (SR)      Potential Pressure (bar)
    1.93899e+04   -1.76047e+03    9.27003e+04    1.11157e+05

           Step           Time
              5        5.00000

   Energies (kJ/mol)
           Bond          Angle Ryckaert-Bell.          LJ-14     Coulomb-14
    9.25935e+03    3.22436e+04    3.40000e+03    6.45975e+03    5.54534e+02
        LJ (SR)   Coulomb (SR)      Potential Pressure (bar)
    1.42327e+04   -1.82860e+03    6.43214e+04    8.34078e+04

           Step           Time
              6        6.00000

   Energies (kJ/mol)
           Bond          Angle Ryckaert-Bell.          LJ-14     Coulomb-14
    6.68092e+03    2.30626e+04    3.19201e+03    5.11438e+03    5.68852e+02
        LJ (SR)   Coulomb (SR)      Potential Pressure (bar)
    1.02796e+04   -1.81182e+03    4.70865e+04    6.40996e+04

           Step           Time
              7        7.00000

   Energies (kJ/mol)
           Bond          Angle Ryckaert-Bell.          LJ-14     Coulomb-14
    4.77388e+03    2.04666e+04    3.13169e+03    4.35651e+03    5.82951e+02
        LJ (SR)   Coulomb (SR)      Potential Pressure (bar)
    9.44890e+03   -1.82939e+03    4.09312e+04    5.69741e+04

           Step           Time
              8        8.00000

   Energies (kJ/mol)
           Bond          Angle Ryckaert-Bell.          LJ-14     Coulomb-14
    4.12383e+03    1.73582e+04    3.04938e+03    3.68878e+03    5.95148e+02
        LJ (SR)   Coulomb (SR)      Potential Pressure (bar)
    8.08387e+03   -1.80267e+03    3.50966e+04    4.92589e+04

           Step           Time
              9        9.00000

   Energies (kJ/mol)
           Bond          Angle Ryckaert-Bell.          LJ-14     Coulomb-14
    3.80340e+03    1.56530e+04    3.00704e+03    3.46668e+03    6.01081e+02
        LJ (SR)   Coulomb (SR)      Potential Pressure (bar)
    7.23551e+03   -1.81909e+03    3.19476e+04    4.60514e+04

           Step           Time
             10       10.00000

           Step           Time
             11       11.00000

   Energies (kJ/mol)
           Bond          Angle Ryckaert-Bell.          LJ-14     Coulomb-14
    2.98440e+03    1.47076e+04    2.98610e+03    3.15617e+03    6.05600e+02
        LJ (SR)   Coulomb (SR)      Potential Pressure (bar)
    6.58197e+03   -1.79767e+03    2.92242e+04    4.34094e+04

           Step           Time
             12       12.00000

   Energies (kJ/mol)
           Bond          Angle Ryckaert-Bell.          LJ-14     Coulomb-14
    4.13344e+03    1.32853e+04    2.94629e+03    2.88303e+03    6.14870e+02
        LJ (SR)   Coulomb (SR)      Potential Pressure (bar)
    6.08941e+03   -1.80463e+03    2.81477e+04    4.00368e+04

           Step           Time
             13       13.00000

   Energies (kJ/mol)
           Bond          Angle Ryckaert-Bell.          LJ-14     Coulomb-14
    2.56961e+03    1.24568e+04    2.93701e+03    2.79359e+03    6.14298e+02
        LJ (SR)   Coulomb (SR)      Potential Pressure (bar)
    5.47547e+03   -1.78426e+03    2.50625e+04    3.93806e+04

           Step           Time
             14       14.00000

   Energies (kJ/mol)
           Bond          Angle Ryckaert-Bell.          LJ-14     Coulomb-14
    3.44697e+03    1.17659e+04    2.91788e+03    2.56320e+03    6.22927e+02
        LJ (SR)   Coulomb (SR)      Potential Pressure (bar)
    5.21995e+03   -1.78699e+03    2.47498e+04    3.67433e+04

           Step           Time
             15       15.00000

   Energies (kJ/mol)
           Bond          Angle Ryckaert-Bell.          LJ-14     Coulomb-14
    2.50528e+03    1.08450e+04    2.90966e+03    2.52711e+03    6.21256e+02
        LJ (SR)   Coulomb (SR)      Potential Pressure (bar)
    4.59014e+03   -1.77011e+03    2.22284e+04    3.63097e+04

           Step           Time
             16       16.00000

           Step           Time
             17       17.00000

   Energies (kJ/mol)
           Bond          Angle Ryckaert-Bell.          LJ-14     Coulomb-14
    1.72348e+03    1.04388e+04    2.90462e+03    2.41749e+03    6.25161e+02
        LJ (SR)   Coulomb (SR)      Potential Pressure (bar)
    4.33750e+03   -1.77056e+03    2.06764e+04    3.53962e+04

           Step           Time
             18       18.00000

   Energies (kJ/mol)
           Bond          Angle Ryckaert-Bell.          LJ-14     Coulomb-14
    2.24327e+03    9.64302e+03    2.89456e+03    2.26212e+03    6.28144e+02
        LJ (SR)   Coulomb (SR)      Potential Pressure (bar)
    3.89769e+03   -1.75833e+03    1.98105e+04    3.36729e+04

           Step           Time
             19       19.00000

   Energies (kJ/mol)
           Bond          Angle Ryckaert-Bell.          LJ-14     Coulomb-14
    2.37798e+03    9.38517e+03    2.89167e+03    2.19306e+03    6.32547e+02
        LJ (SR)   Coulomb (SR)      Potential Pressure (bar)
    3.65234e+03   -1.75595e+03    1.93768e+04    3.28050e+04

           Step           Time
             20       20.00000

   Energies (kJ/mol)
           Bond          Angle Ryckaert-Bell.          LJ-14     Coulomb-14
    2.90246e+03    8.86375e+03    2.88814e+03    2.11413e+03    6.32978e+02
        LJ (SR)   Coulomb (SR)      Potential Pressure (bar)
    3.29638e+03   -1.74560e+03    1.89522e+04    3.17018e+04

           Step           Time
             21       21.00000

           Step           Time
             22       22.00000

   Energies (kJ/mol)
           Bond          Angle Ryckaert-Bell.          LJ-14     Coulomb-14
    1.30632e+03    8.33242e+03    2.88655e+03    2.08194e+03    6.35408e+02
        LJ (SR)   Coulomb (SR)      Potential Pressure (bar)
    3.16354e+03   -1.74516e+03    1.66610e+04    3.19362e+04

           Step           Time
             23       23.00000

           Step           Time
             24       24.00000

   Energies (kJ/mol)
           Bond          Angle Ryckaert-Bell.          LJ-14     Coulomb-14
    1.66035e+03    7.70236e+03    2.88364e+03    1.94588e+03    6.39888e+02
        LJ (SR)   Coulomb (SR)      Potential Pressure (bar)
    2.69054e+03   -1.73534e+03    1.57873e+04    3.01021e+04

           Step           Time
             25       25.00000

   Energies (kJ/mol)
           Bond          Angle Ryckaert-Bell.          LJ-14     Coulomb-14
    1.26217e+03    7.40868e+03    2.88425e+03    1.91740e+03    6.41680e+02
        LJ (SR)   Coulomb (SR)      Potential Pressure (bar)
    2.53368e+03   -1.73115e+03    1.49167e+04    3.00661e+04

           Step           Time
             26       26.00000

           Step           Time
             27       27.00000

   Energies (kJ/mol)
           Bond          Angle Ryckaert-Bell.          LJ-14     Coulomb-14
    1.16873e+03    7.12394e+03    2.88325e+03    1.87663e+03    6.43113e+02
        LJ (SR)   Coulomb (SR)      Potential Pressure (bar)
    2.35348e+03   -1.72795e+03    1.43212e+04    2.95485e+04

           Step           Time
             28       28.00000

   Energies (kJ/mol)
           Bond          Angle Ryckaert-Bell.          LJ-14     Coulomb-14
    1.22920e+03    6.83796e+03    2.88446e+03    1.81428e+03    6.46155e+02
        LJ (SR)   Coulomb (SR)      Potential Pressure (bar)
    2.10887e+03   -1.72171e+03    1.37992e+04    2.89047e+04

           Step           Time
             29       29.00000

   Energies (kJ/mol)
           Bond          Angle Ryckaert-Bell.          LJ-14     Coulomb-14
    1.24641e+03    6.55070e+03    2.88363e+03    1.77465e+03    6.47650e+02
        LJ (SR)   Coulomb (SR)      Potential Pressure (bar)
    1.90146e+03   -1.71790e+03    1.32866e+04    2.83050e+04

           Step           Time
             30       30.00000

   Energies (kJ/mol)
           Bond          Angle Ryckaert-Bell.          LJ-14     Coulomb-14
    1.28407e+03    6.40588e+03    2.88548e+03    1.73296e+03    6.50042e+02
        LJ (SR)   Coulomb (SR)      Potential Pressure (bar)
    1.75356e+03   -1.71359e+03    1.29984e+04    2.79543e+04

           Step           Time
             31       31.00000

   Energies (kJ/mol)
           Bond          Angle Ryckaert-Bell.          LJ-14     Coulomb-14
    1.49502e+03    6.15651e+03    2.88474e+03    1.69382e+03    6.51617e+02
        LJ (SR)   Coulomb (SR)      Potential Pressure (bar)
    1.53336e+03   -1.70961e+03    1.27055e+04    2.72136e+04

           Step           Time
             32       32.00000

   Energies (kJ/mol)
           Bond          Angle Ryckaert-Bell.          LJ-14     Coulomb-14
    1.46401e+03    6.06332e+03    2.88691e+03    1.66234e+03    6.53719e+02
        LJ (SR)   Coulomb (SR)      Potential Pressure (bar)
    1.42888e+03   -1.70599e+03    1.24532e+04    2.70752e+04

           Step           Time
             33       33.00000

           Step           Time
             34       34.00000

   Energies (kJ/mol)
           Bond          Angle Ryckaert-Bell.          LJ-14     Coulomb-14
    9.18475e+02    5.72980e+03    2.88580e+03    1.64213e+03    6.54539e+02
        LJ (SR)   Coulomb (SR)      Potential Pressure (bar)
    1.29936e+03   -1.70409e+03    1.14260e+04    2.68818e+04

           Step           Time
             35       35.00000

   Energies (kJ/mol)
           Bond          Angle Ryckaert-Bell.          LJ-14     Coulomb-14
    1.62541e+03    5.36736e+03    2.88949e+03    1.52117e+03    6.61723e+02
        LJ (SR)   Coulomb (SR)      Potential Pressure (bar)
    8.46170e+02   -1.69147e+03    1.12199e+04    2.52100e+04

           Step           Time
             36       36.00000

   Energies (kJ/mol)
           Bond          Angle Ryckaert-Bell.          LJ-14     Coulomb-14
    8.63561e+02    4.97361e+03    2.88863e+03    1.51068e+03    6.62103e+02
        LJ (SR)   Coulomb (SR)      Potential Pressure (bar)
    6.42030e+02   -1.68878e+03    9.85184e+03    2.51499e+04

           Step           Time
             37       37.00000

           Step           Time
             38       38.00000

   Energies (kJ/mol)
           Bond          Angle Ryckaert-Bell.          LJ-14     Coulomb-14
    9.72091e+02    4.88319e+03    2.88998e+03    1.46960e+03    6.64768e+02
        LJ (SR)   Coulomb (SR)      Potential Pressure (bar)
    5.03718e+02   -1.68569e+03    9.69766e+03    2.47277e+04

           Step           Time
             39       39.00000

   Energies (kJ/mol)
           Bond          Angle Ryckaert-Bell.          LJ-14     Coulomb-14
    8.60148e+02    4.67830e+03    2.88880e+03    1.45482e+03    6.65557e+02
        LJ (SR)   Coulomb (SR)      Potential Pressure (bar)
    3.64974e+02   -1.68273e+03    9.22986e+03    2.44898e+04

           Step           Time
             40       40.00000

           Step           Time
             41       41.00000

   Energies (kJ/mol)
           Bond          Angle Ryckaert-Bell.          LJ-14     Coulomb-14
    7.45048e+02    4.59911e+03    2.88925e+03    1.43577e+03    6.66834e+02
        LJ (SR)   Coulomb (SR)      Potential Pressure (bar)
    2.87766e+02   -1.68115e+03    8.94262e+03    2.43306e+04

           Step           Time
             42       42.00000

   Energies (kJ/mol)
           Bond          Angle Ryckaert-Bell.          LJ-14     Coulomb-14
    8.61500e+02    4.44618e+03    2.88826e+03    1.40857e+03    6.68497e+02
        LJ (SR)   Coulomb (SR)      Potential Pressure (bar)
    1.37542e+02   -1.67783e+03    8.73271e+03    2.38827e+04

           Step           Time
             43       43.00000

   Energies (kJ/mol)
           Bond          Angle Ryckaert-Bell.          LJ-14     Coulomb-14
    7.95341e+02    4.37911e+03    2.88886e+03    1.39026e+03    6.69803e+02
        LJ (SR)   Coulomb (SR)      Potential Pressure (bar)
    5.15405e+01   -1.67588e+03    8.49903e+03    2.37224e+04

           Step           Time
             44       44.00000

   Energies (kJ/mol)
           Bond          Angle Ryckaert-Bell.          LJ-14     Coulomb-14
    9.50402e+02    4.26172e+03    2.88744e+03    1.36793e+03    6.71207e+02
        LJ (SR)   Coulomb (SR)      Potential Pressure (bar)
   -7.78492e+01   -1.67327e+03    8.38759e+03    2.32876e+04

           Step           Time
             45       45.00000

   Energies (kJ/mol)
           Bond          Angle Ryckaert-Bell.          LJ-14     Coulomb-14
    8.99294e+02    4.20807e+03    2.88800e+03    1.35180e+03    6.72402e+02
        LJ (SR)   Coulomb (SR)      Potential Pressure (bar)
   -1.57587e+02   -1.67128e+03    8.19070e+03    2.31721e+04

           Step           Time
             46       46.00000

           Step           Time
             47       47.00000

   Energies (kJ/mol)
           Bond          Angle Ryckaert-Bell.          LJ-14     Coulomb-14
    6.57509e+02    4.04958e+03    2.88670e+03    1.34064e+03    6.73096e+02
        LJ (SR)   Coulomb (SR)      Potential Pressure (bar)
   -2.24952e+02   -1.67008e+03    7.71249e+03    2.30494e+04

           Step           Time
             48       48.00000

   Energies (kJ/mol)
           Bond          Angle Ryckaert-Bell.          LJ-14     Coulomb-14
    1.01912e+03    3.90508e+03    2.88486e+03    1.28332e+03    6.77192e+02
        LJ (SR)   Coulomb (SR)      Potential Pressure (bar)
   -5.33487e+02   -1.66352e+03    7.57256e+03    2.20862e+04

           Step           Time
             49       49.00000

   Energies (kJ/mol)
           Bond          Angle Ryckaert-Bell.          LJ-14     Coulomb-14
    6.24896e+02    3.69640e+03    2.88348e+03    1.27357e+03    6.77747e+02
        LJ (SR)   Coulomb (SR)      Potential Pressure (bar)
   -6.04665e+02   -1.66226e+03    6.88917e+03    2.20446e+04

           Step           Time
             50       50.00000

           Step           Time
             51       51.00000

   Energies (kJ/mol)
           Bond          Angle Ryckaert-Bell.          LJ-14     Coulomb-14
    6.80783e+02    3.63826e+03    2.88208e+03    1.25364e+03    6.79235e+02
        LJ (SR)   Coulomb (SR)      Potential Pressure (bar)
   -7.20415e+02   -1.66008e+03    6.75351e+03    2.17701e+04

           Step           Time
             52       52.00000

   Energies (kJ/mol)
           Bond          Angle Ryckaert-Bell.          LJ-14     Coulomb-14
    6.28177e+02    3.53739e+03    2.88064e+03    1.24167e+03    6.79971e+02
        LJ (SR)   Coulomb (SR)      Potential Pressure (bar)
   -7.91483e+02   -1.65873e+03    6.51764e+03    2.15769e+04

           Step           Time
             53       53.00000

           Step           Time
             54       54.00000

   Energies (kJ/mol)
           Bond          Angle Ryckaert-Bell.          LJ-14     Coulomb-14
    5.63837e+02    3.48509e+03    2.87972e+03    1.23216e+03    6.80677e+02
        LJ (SR)   Coulomb (SR)      Potential Pressure (bar)
   -8.49548e+02   -1.65760e+03    6.33434e+03    2.14794e+04

           Step           Time
             55       55.00000

   Energies (kJ/mol)
           Bond          Angle Ryckaert-Bell.          LJ-14     Coulomb-14
    6.29307e+02    3.39626e+03    2.87727e+03    1.21259e+03    6.81987e+02
        LJ (SR)   Coulomb (SR)      Potential Pressure (bar)
   -9.63971e+02   -1.65556e+03    6.17788e+03    2.11139e+04

           Step           Time
             56       56.00000

   Energies (kJ/mol)
           Bond          Angle Ryckaert-Bell.          LJ-14     Coulomb-14
    5.70741e+02    3.34540e+03    2.87621e+03    1.20318e+03    6.82689e+02
        LJ (SR)   Coulomb (SR)      Potential Pressure (bar)
   -1.02619e+03   -1.65423e+03    5.99780e+03    2.10241e+04

           Step           Time
             57       57.00000

   Energies (kJ/mol)
           Bond          Angle Ryckaert-Bell.          LJ-14     Coulomb-14
    6.90032e+02    3.28571e+03    2.87358e+03    1.18593e+03    6.83836e+02
        LJ (SR)   Coulomb (SR)      Potential Pressure (bar)
   -1.12524e+03   -1.65262e+03    5.94123e+03    2.06559e+04

           Step           Time
             58       58.00000

   Energies (kJ/mol)
           Bond          Angle Ryckaert-Bell.          LJ-14     Coulomb-14
    6.02141e+02    3.22899e+03    2.87245e+03    1.17780e+03    6.84449e+02
        LJ (SR)   Coulomb (SR)      Potential Pressure (bar)
   -1.18441e+03   -1.65120e+03    5.73022e+03    2.06137e+04

           Step           Time
             59       59.00000

           Step           Time
             60       60.00000

   Energies (kJ/mol)
           Bond          Angle Ryckaert-Bell.          LJ-14     Coulomb-14
    5.17630e+02    3.15428e+03    2.87079e+03    1.16926e+03    6.85009e+02
        LJ (SR)   Coulomb (SR)      Potential Pressure (bar)
   -1.23193e+03   -1.65051e+03    5.51453e+03    2.04777e+04

           Step           Time
             61       61.00000

   Energies (kJ/mol)
           Bond          Angle Ryckaert-Bell.          LJ-14     Coulomb-14
    6.40234e+02    3.09984e+03    2.86698e+03    1.14801e+03    6.86520e+02
        LJ (SR)   Coulomb (SR)      Potential Pressure (bar)
   -1.37171e+03   -1.64776e+03    5.42211e+03    2.01111e+04

           Step           Time
             62       62.00000

   Energies (kJ/mol)
           Bond          Angle Ryckaert-Bell.          LJ-14     Coulomb-14
    5.40984e+02    3.01291e+03    2.86508e+03    1.13872e+03    6.87088e+02
        LJ (SR)   Coulomb (SR)      Potential Pressure (bar)
   -1.42434e+03   -1.64701e+03    5.17343e+03    1.99501e+04

           Step           Time
             63       63.00000

           Step           Time
             64       64.00000

   Energies (kJ/mol)
           Bond          Angle Ryckaert-Bell.          LJ-14     Coulomb-14
    4.85234e+02    2.96997e+03    2.86349e+03    1.13192e+03    6.87585e+02
        LJ (SR)   Coulomb (SR)      Potential Pressure (bar)
   -1.47295e+03   -1.64597e+03    5.01928e+03    1.98818e+04

           Step           Time
             65       65.00000

   Energies (kJ/mol)
           Bond          Angle Ryckaert-Bell.          LJ-14     Coulomb-14
    5.66821e+02    2.91389e+03    2.85985e+03    1.11582e+03    6.88624e+02
        LJ (SR)   Coulomb (SR)      Potential Pressure (bar)
   -1.57044e+03   -1.64438e+03    4.93018e+03    1.95334e+04

           Step           Time
             66       66.00000

   Energies (kJ/mol)
           Bond          Angle Ryckaert-Bell.          LJ-14     Coulomb-14
    4.92589e+02    2.86612e+03    2.85813e+03    1.10970e+03    6.89064e+02
        LJ (SR)   Coulomb (SR)      Potential Pressure (bar)
   -1.61930e+03   -1.64318e+03    4.75314e+03    1.94959e+04

           Step           Time
             67       67.00000

           Step           Time
             68       68.00000

   Energies (kJ/mol)
           Bond          Angle Ryckaert-Bell.          LJ-14     Coulomb-14
    4.59229e+02    2.81689e+03    2.85617e+03    1.10215e+03    6.89535e+02
        LJ (SR)   Coulomb (SR)      Potential Pressure (bar)
   -1.66332e+03   -1.64253e+03    4.61812e+03    1.93499e+04

           Step           Time
             69       69.00000

   Energies (kJ/mol)
           Bond          Angle Ryckaert-Bell.          LJ-14     Coulomb-14
    5.01895e+02    2.77093e+03    2.85223e+03    1.08859e+03    6.90439e+02
        LJ (SR)   Coulomb (SR)      Potential Pressure (bar)
   -1.75943e+03   -1.64056e+03    4.50410e+03    1.91265e+04

           Step           Time
             70       70.00000

   Energies (kJ/mol)
           Bond          Angle Ryckaert-Bell.          LJ-14     Coulomb-14
    4.76261e+02    2.71801e+03    2.84988e+03    1.08010e+03    6.90949e+02
        LJ (SR)   Coulomb (SR)      Potential Pressure (bar)
   -1.80864e+03   -1.63989e+03    4.36668e+03    1.89473e+04

           Step           Time
             71       71.00000

   Energies (kJ/mol)
           Bond          Angle Ryckaert-Bell.          LJ-14     Coulomb-14
    5.39522e+02    2.69853e+03    2.84662e+03    1.07094e+03    6.91575e+02
        LJ (SR)   Coulomb (SR)      Potential Pressure (bar)
   -1.87984e+03   -1.63828e+03    4.32906e+03    1.87982e+04

           Step           Time
             72       72.00000

   Energies (kJ/mol)
           Bond          Angle Ryckaert-Bell.          LJ-14     Coulomb-14
    5.36336e+02    2.65189e+03    2.84402e+03    1.06154e+03    6.92112e+02
        LJ (SR)   Coulomb (SR)      Potential Pressure (bar)
   -1.93180e+03   -1.63769e+03    4.21639e+03    1.85670e+04

           Step           Time
             73       73.00000

           Step           Time
             74       74.00000

   Energies (kJ/mol)
           Bond          Angle Ryckaert-Bell.          LJ-14     Coulomb-14
    4.11519e+02    2.59665e+03    2.84236e+03    1.05804e+03    6.92358e+02
        LJ (SR)   Coulomb (SR)      Potential Pressure (bar)
   -1.96289e+03   -1.63687e+03    4.00116e+03    1.85845e+04

           Step           Time
             75       75.00000

   Energies (kJ/mol)
           Bond          Angle Ryckaert-Bell.          LJ-14     Coulomb-14
    5.57534e+02    2.51698e+03    2.83204e+03    1.02951e+03    6.94134e+02
        LJ (SR)   Coulomb (SR)      Potential Pressure (bar)
   -2.14924e+03   -1.63405e+03    3.84691e+03    1.79140e+04

           Step           Time
             76       76.00000

   Energies (kJ/mol)
           Bond          Angle Ryckaert-Bell.          LJ-14     Coulomb-14
    3.97276e+02    2.44815e+03    2.83040e+03    1.02672e+03    6.94280e+02
        LJ (SR)   Coulomb (SR)      Potential Pressure (bar)
   -2.18231e+03   -1.63292e+03    3.58159e+03    1.79824e+04

           Step           Time
             77       77.00000

           Step           Time
             78       78.00000

   Energies (kJ/mol)
           Bond          Angle Ryckaert-Bell.          LJ-14     Coulomb-14
    4.20584e+02    2.41246e+03    2.82631e+03    1.01706e+03    6.94866e+02
        LJ (SR)   Coulomb (SR)      Potential Pressure (bar)
   -2.24370e+03   -1.63226e+03    3.49532e+03    1.77679e+04

           Step           Time
             79       79.00000

   Energies (kJ/mol)
           Bond          Angle Ryckaert-Bell.          LJ-14     Coulomb-14
    4.03996e+02    2.38343e+03    2.82367e+03    1.01204e+03    6.95136e+02
        LJ (SR)   Coulomb (SR)      Potential Pressure (bar)
   -2.28831e+03   -1.63114e+03    3.39882e+03    1.77087e+04

           Step           Time
             80       80.00000

   Energies (kJ/mol)
           Bond          Angle Ryckaert-Bell.          LJ-14     Coulomb-14
    4.60130e+02    2.35962e+03    2.81948e+03    1.00237e+03    6.95697e+02
        LJ (SR)   Coulomb (SR)      Potential Pressure (bar)
   -2.34701e+03   -1.63063e+03    3.35965e+03    1.74566e+04

           Step           Time
             81       81.00000

   Energies (kJ/mol)
           Bond          Angle Ryckaert-Bell.          LJ-14     Coulomb-14
    4.33749e+02    2.32868e+03    2.81672e+03    9.98145e+02    6.95918e+02
        LJ (SR)   Coulomb (SR)      Potential Pressure (bar)
   -2.38992e+03   -1.62938e+03    3.25391e+03    1.74390e+04

           Step           Time
             82       82.00000

           Step           Time
             83       83.00000

   Energies (kJ/mol)
           Bond          Angle Ryckaert-Bell.          LJ-14     Coulomb-14
    3.64262e+02    2.28624e+03    2.81455e+03    9.93168e+02    6.96195e+02
        LJ (SR)   Coulomb (SR)      Potential Pressure (bar)
   -2.41786e+03   -1.62920e+03    3.10735e+03    1.73434e+04

           Step           Time
             84       84.00000

   Energies (kJ/mol)
           Bond          Angle Ryckaert-Bell.          LJ-14     Coulomb-14
    4.67152e+02    2.25459e+03    2.80623e+03    9.78894e+02    6.96989e+02
        LJ (SR)   Coulomb (SR)      Potential Pressure (bar)
   -2.52993e+03   -1.62711e+03    3.04681e+03    1.70331e+04

           Step           Time
             85       85.00000

   Energies (kJ/mol)
           Bond          Angle Ryckaert-Bell.          LJ-14     Coulomb-14
    3.79793e+02    2.20277e+03    2.80379e+03    9.73112e+02    6.97265e+02
        LJ (SR)   Coulomb (SR)      Potential Pressure (bar)
   -2.56163e+03   -1.62687e+03    2.86823e+03    1.69154e+04

           Step           Time
             86       86.00000

           Step           Time
             87       87.00000

   Energies (kJ/mol)
           Bond          Angle Ryckaert-Bell.          LJ-14     Coulomb-14
    3.52638e+02    2.17717e+03    2.80093e+03    9.69319e+02    6.97479e+02
        LJ (SR)   Coulomb (SR)      Potential Pressure (bar)
   -2.59624e+03   -1.62607e+03    2.77522e+03    1.68697e+04

           Step           Time
             88       88.00000

   Energies (kJ/mol)
           Bond          Angle Ryckaert-Bell.          LJ-14     Coulomb-14
    4.00451e+02    2.15389e+03    2.79603e+03    9.60122e+02    6.97933e+02
        LJ (SR)   Coulomb (SR)      Potential Pressure (bar)
   -2.65580e+03   -1.62540e+03    2.72723e+03    1.66299e+04

           Step           Time
             89       89.00000

   Energies (kJ/mol)
           Bond          Angle Ryckaert-Bell.          LJ-14     Coulomb-14
    3.63115e+02    2.12448e+03    2.79298e+03    9.56783e+02    6.98111e+02
        LJ (SR)   Coulomb (SR)      Potential Pressure (bar)
   -2.69077e+03   -1.62448e+03    2.62022e+03    1.66117e+04

           Step           Time
             90       90.00000

           Step           Time
             91       91.00000

   Energies (kJ/mol)
           Bond          Angle Ryckaert-Bell.          LJ-14     Coulomb-14
    3.31895e+02    2.09660e+03    2.79054e+03    9.52267e+02    6.98328e+02
        LJ (SR)   Coulomb (SR)      Potential Pressure (bar)
   -2.71805e+03   -1.62425e+03    2.52733e+03    1.65113e+04

           Step           Time
             92       92.00000

   Energies (kJ/mol)
           Bond          Angle Ryckaert-Bell.          LJ-14     Coulomb-14
    3.73401e+02    2.06955e+03    2.78384e+03    9.43318e+02    6.98778e+02
        LJ (SR)   Coulomb (SR)      Potential Pressure (bar)
   -2.79210e+03   -1.62288e+03    2.45392e+03    1.63321e+04

           Step           Time
             93       93.00000

   Energies (kJ/mol)
           Bond          Angle Ryckaert-Bell.          LJ-14     Coulomb-14
    3.41981e+02    2.03885e+03    2.78099e+03    9.38086e+02    6.99012e+02
        LJ (SR)   Coulomb (SR)      Potential Pressure (bar)
   -2.82283e+03   -1.62265e+03    2.35344e+03    1.62071e+04

           Step           Time
             94       94.00000

   Energies (kJ/mol)
           Bond          Angle Ryckaert-Bell.          LJ-14     Coulomb-14
    4.05381e+02    2.03076e+03    2.77579e+03    9.32410e+02    6.99301e+02
        LJ (SR)   Coulomb (SR)      Potential Pressure (bar)
   -2.87620e+03   -1.62156e+03    2.34588e+03    1.60953e+04

           Step           Time
             95       95.00000

   Energies (kJ/mol)
           Bond          Angle Ryckaert-Bell.          LJ-14     Coulomb-14
    3.80335e+02    2.00267e+03    2.77270e+03    9.26394e+02    6.99556e+02
        LJ (SR)   Coulomb (SR)      Potential Pressure (bar)
   -2.90880e+03   -1.62137e+03    2.25148e+03    1.59334e+04

           Step           Time
             96       96.00000

           Step           Time
             97       97.00000

   Energies (kJ/mol)
           Bond          Angle Ryckaert-Bell.          LJ-14     Coulomb-14
    3.07297e+02    1.96746e+03    2.77023e+03    9.24357e+02    6.99663e+02
        LJ (SR)   Coulomb (SR)      Potential Pressure (bar)
   -2.93188e+03   -1.62076e+03    2.11635e+03    1.59421e+04

           Step           Time
             98       98.00000

   Energies (kJ/mol)
           Bond          Angle Ryckaert-Bell.          LJ-14     Coulomb-14
    4.04591e+02    1.94486e+03    2.76001e+03    9.10149e+02    7.00303e+02
        LJ (SR)   Coulomb (SR)      Potential Pressure (bar)
   -3.03003e+03   -1.61969e+03    2.07019e+03    1.55512e+04

           Step           Time
             99       99.00000

   Energies (kJ/mol)
           Bond          Angle Ryckaert-Bell.          LJ-14     Coulomb-14
    3.07532e+02    1.89951e+03    2.75736e+03    9.08445e+02    7.00366e+02
        LJ (SR)   Coulomb (SR)      Potential Pressure (bar)
   -3.05501e+03   -1.61888e+03    1.89932e+03    1.55996e+04

           Step           Time
            100      100.00000

           Step           Time
            101      101.00000

   Energies (kJ/mol)
           Bond          Angle Ryckaert-Bell.          LJ-14     Coulomb-14
    3.10366e+02    1.88088e+03    2.75333e+03    9.02971e+02    7.00617e+02
        LJ (SR)   Coulomb (SR)      Potential Pressure (bar)
   -3.09013e+03   -1.61864e+03    1.83939e+03    1.54545e+04

           Step           Time
            102      102.00000

   Energies (kJ/mol)
           Bond          Angle Ryckaert-Bell.          LJ-14     Coulomb-14
    3.17319e+02    1.86382e+03    2.74924e+03    8.99283e+02    7.00763e+02
        LJ (SR)   Coulomb (SR)      Potential Pressure (bar)
   -3.12713e+03   -1.61783e+03    1.78547e+03    1.53999e+04

           Step           Time
            103      103.00000

   Energies (kJ/mol)
           Bond          Angle Ryckaert-Bell.          LJ-14     Coulomb-14
    3.34965e+02    1.84993e+03    2.74505e+03    8.93400e+02    7.01019e+02
        LJ (SR)   Coulomb (SR)      Potential Pressure (bar)
   -3.16261e+03   -1.61768e+03    1.74406e+03    1.52233e+04

           Step           Time
            104      104.00000

   Energies (kJ/mol)
           Bond          Angle Ryckaert-Bell.          LJ-14     Coulomb-14
    3.45844e+02    1.83458e+03    2.74101e+03    8.90502e+02    7.01135e+02
        LJ (SR)   Coulomb (SR)      Potential Pressure (bar)
   -3.19729e+03   -1.61682e+03    1.69896e+03    1.51983e+04

           Step           Time
            105      105.00000

   Energies (kJ/mol)
           Bond          Angle Ryckaert-Bell.          LJ-14     Coulomb-14
    3.91576e+02    1.83285e+03    2.73683e+03    8.84142e+02    7.01408e+02
        LJ (SR)   Coulomb (SR)      Potential Pressure (bar)
   -3.23204e+03   -1.61682e+03    1.69794e+03    1.49948e+04

           Step           Time
            106      106.00000

   Energies (kJ/mol)
           Bond          Angle Ryckaert-Bell.          LJ-14     Coulomb-14
    4.13329e+02    1.81676e+03    2.73266e+03    8.82108e+02    7.01485e+02
        LJ (SR)   Coulomb (SR)      Potential Pressure (bar)
   -3.26575e+03   -1.61584e+03    1.66475e+03    1.50061e+04

           Step           Time
            107      107.00000

           Step           Time
            108      108.00000

   Energies (kJ/mol)
           Bond          Angle Ryckaert-Bell.          LJ-14     Coulomb-14
    2.72761e+02    1.76612e+03    2.73044e+03    8.78524e+02    7.01634e+02
        LJ (SR)   Coulomb (SR)      Potential Pressure (bar)
   -3.28263e+03   -1.61590e+03    1.45096e+03    1.49463e+04

           Step           Time
            109      109.00000

           Step           Time
            110      110.00000

   Energies (kJ/mol)
           Bond          Angle Ryckaert-Bell.          LJ-14     Coulomb-14
    3.07435e+02    1.74510e+03    2.72206e+03    8.71109e+02    7.01943e+02
        LJ (SR)   Coulomb (SR)      Potential Pressure (bar)
   -3.34679e+03   -1.61497e+03    1.38589e+03    1.47733e+04

           Step           Time
            111      111.00000

   Energies (kJ/mol)
           Bond          Angle Ryckaert-Bell.          LJ-14     Coulomb-14
    2.72607e+02    1.72179e+03    2.71933e+03    8.67427e+02    7.02063e+02
        LJ (SR)   Coulomb (SR)      Potential Pressure (bar)
   -3.36879e+03   -1.61484e+03    1.29959e+03    1.46816e+04

           Step           Time
            112      112.00000

   Energies (kJ/mol)
           Bond          Angle Ryckaert-Bell.          LJ-14     Coulomb-14
    3.37600e+02    1.71591e+03    2.71215e+03    8.62002e+02    7.02296e+02
        LJ (SR)   Coulomb (SR)      Potential Pressure (bar)
   -3.42114e+03   -1.61403e+03    1.29479e+03    1.45585e+04

           Step           Time
            113      113.00000

   Energies (kJ/mol)
           Bond          Angle Ryckaert-Bell.          LJ-14     Coulomb-14
    2.88909e+02    1.68903e+03    2.70921e+03    8.57739e+02    7.02441e+02
        LJ (SR)   Coulomb (SR)      Potential Pressure (bar)
   -3.44388e+03   -1.61397e+03    1.18949e+03    1.44484e+04

           Step           Time
            114      114.00000

           Step           Time
            115      115.00000

   Energies (kJ/mol)
           Bond          Angle Ryckaert-Bell.          LJ-14     Coulomb-14
    2.60206e+02    1.66921e+03    2.70602e+03    8.55844e+02    7.02524e+02
        LJ (SR)   Coulomb (SR)      Potential Pressure (bar)
   -3.46566e+03   -1.61356e+03    1.11457e+03    1.44397e+04

           Step           Time
            116      116.00000

   Energies (kJ/mol)
           Bond          Angle Ryckaert-Bell.          LJ-14     Coulomb-14
    3.06183e+02    1.66013e+03    2.69923e+03    8.48728e+02    7.02785e+02
        LJ (SR)   Coulomb (SR)      Potential Pressure (bar)
   -3.51411e+03   -1.61322e+03    1.08972e+03    1.42282e+04

           Step           Time
            117      117.00000

   Energies (kJ/mol)
           Bond          Angle Ryckaert-Bell.          LJ-14     Coulomb-14
    2.67606e+02    1.63568e+03    2.69581e+03    8.47089e+02    7.02848e+02
        LJ (SR)   Coulomb (SR)      Potential Pressure (bar)
   -3.53708e+03   -1.61268e+03    9.99263e+02    1.42380e+04

           Step           Time
            118      118.00000

           Step           Time
            119      119.00000

   Energies (kJ/mol)
           Bond          Angle Ryckaert-Bell.          LJ-14     Coulomb-14
    2.50593e+02    1.62034e+03    2.69272e+03    8.43751e+02    7.02975e+02
        LJ (SR)   Coulomb (SR)      Potential Pressure (bar)
   -3.55786e+03   -1.61263e+03    9.39891e+02    1.41451e+04

           Step           Time
            120      120.00000

   Energies (kJ/mol)
           Bond          Angle Ryckaert-Bell.          LJ-14     Coulomb-14
    2.76748e+02    1.60746e+03    2.68629e+03    8.39291e+02    7.03134e+02
        LJ (SR)   Coulomb (SR)      Potential Pressure (bar)
   -3.60073e+03   -1.61199e+03    9.00202e+02    1.40576e+04

           Step           Time
            121      121.00000

   Energies (kJ/mol)
           Bond          Angle Ryckaert-Bell.          LJ-14     Coulomb-14
    2.61132e+02    1.59173e+03    2.68283e+03    8.35403e+02    7.03273e+02
        LJ (SR)   Coulomb (SR)      Potential Pressure (bar)
   -3.62356e+03   -1.61198e+03    8.38824e+02    1.39455e+04

           Step           Time
            122      122.00000

   Energies (kJ/mol)
           Bond          Angle Ryckaert-Bell.          LJ-14     Coulomb-14
    3.01054e+02    1.58640e+03    2.67734e+03    8.32333e+02    7.03383e+02
        LJ (SR)   Coulomb (SR)      Potential Pressure (bar)
   -3.65860e+03   -1.61136e+03    8.30552e+02    1.38865e+04

           Step           Time
            123      123.00000

   Energies (kJ/mol)
           Bond          Angle Ryckaert-Bell.          LJ-14     Coulomb-14
    2.91991e+02    1.57401e+03    2.67369e+03    8.27863e+02    7.03539e+02
        LJ (SR)   Coulomb (SR)      Potential Pressure (bar)
   -3.68242e+03   -1.61140e+03    7.77259e+02    1.37479e+04

           Step           Time
            124      124.00000

           Step           Time
            125      125.00000

   Energies (kJ/mol)
           Bond          Angle Ryckaert-Bell.          LJ-14     Coulomb-14
    2.33217e+02    1.54652e+03    2.67102e+03    8.26794e+02    7.03573e+02
        LJ (SR)   Coulomb (SR)      Potential Pressure (bar)
   -3.69837e+03   -1.61106e+03    6.71706e+02    1.37702e+04

           Step           Time
            126      126.00000

   Energies (kJ/mol)
           Bond          Angle Ryckaert-Bell.          LJ-14     Coulomb-14
    3.11774e+02    1.53428e+03    2.65717e+03    8.15220e+02    7.03980e+02
        LJ (SR)   Coulomb (SR)      Potential Pressure (bar)
   -3.78279e+03   -1.61046e+03    6.29177e+02    1.34300e+04

           Step           Time
            127      127.00000

   Energies (kJ/mol)
           Bond          Angle Ryckaert-Bell.          LJ-14     Coulomb-14
    2.33068e+02    1.49818e+03    2.65429e+03    8.14416e+02    7.03982e+02
        LJ (SR)   Coulomb (SR)      Potential Pressure (bar)
   -3.80038e+03   -1.60994e+03    4.93617e+02    1.34835e+04

           Step           Time
            128      128.00000

           Step           Time
            129      129.00000

   Energies (kJ/mol)
           Bond          Angle Ryckaert-Bell.          LJ-14     Coulomb-14
    2.39273e+02    1.48846e+03    2.64948e+03    8.10288e+02    7.04143e+02
        LJ (SR)   Coulomb (SR)      Potential Pressure (bar)
   -3.82774e+03   -1.60991e+03    4.53997e+02    1.33626e+04

           Step           Time
            130      130.00000

   Energies (kJ/mol)
           Bond          Angle Ryckaert-Bell.          LJ-14     Coulomb-14
    2.40895e+02    1.47636e+03    2.64523e+03    8.08195e+02    7.04200e+02
        LJ (SR)   Coulomb (SR)      Potential Pressure (bar)
   -3.85278e+03   -1.60946e+03    4.12645e+02    1.33408e+04

           Step           Time
            131      131.00000

   Energies (kJ/mol)
           Bond          Angle Ryckaert-Bell.          LJ-14     Coulomb-14
    2.59287e+02    1.47140e+03    2.64039e+03    8.03774e+02    7.04363e+02
        LJ (SR)   Coulomb (SR)      Potential Pressure (bar)
   -3.87953e+03   -1.60948e+03    3.90198e+02    1.31991e+04

           Step           Time
            132      132.00000

   Energies (kJ/mol)
           Bond          Angle Ryckaert-Bell.          LJ-14     Coulomb-14
    2.62657e+02    1.45901e+03    2.63611e+03    8.02182e+02    7.04399e+02
        LJ (SR)   Coulomb (SR)      Potential Pressure (bar)
   -3.90392e+03   -1.60898e+03    3.51458e+02    1.31936e+04

           Step           Time
            133      133.00000

           Step           Time
            134      134.00000

   Energies (kJ/mol)
           Bond          Angle Ryckaert-Bell.          LJ-14     Coulomb-14
    2.13848e+02    1.43884e+03    2.63365e+03    7.99747e+02    7.04490e+02
        LJ (SR)   Coulomb (SR)      Potential Pressure (bar)
   -3.91684e+03   -1.60904e+03    2.64698e+02    1.31315e+04

           Step           Time
            135      135.00000

   Energies (kJ/mol)
           Bond          Angle Ryckaert-Bell.          LJ-14     Coulomb-14
    2.84134e+02    1.42378e+03    2.61859e+03    7.90797e+02    7.04786e+02
        LJ (SR)   Coulomb (SR)      Potential Pressure (bar)
   -3.99787e+03   -1.60825e+03    2.15973e+02    1.28999e+04

           Step           Time
            136      136.00000

   Energies (kJ/mol)
           Bond          Angle Ryckaert-Bell.          LJ-14     Coulomb-14
    2.18222e+02    1.39690e+03    2.61584e+03    7.87822e+02    7.04878e+02
        LJ (SR)   Coulomb (SR)      Potential Pressure (bar)
   -4.01262e+03   -1.60825e+03    1.02790e+02    1.28359e+04

           Step           Time
            137      137.00000

           Step           Time
            138      138.00000

   Energies (kJ/mol)
           Bond          Angle Ryckaert-Bell.          LJ-14     Coulomb-14
    2.16426e+02    1.38657e+03    2.61151e+03    7.85880e+02    7.04947e+02
        LJ (SR)   Coulomb (SR)      Potential Pressure (bar)
   -4.03444e+03   -1.60798e+03    6.29143e+01    1.28116e+04

           Step           Time
            139      139.00000

   Energies (kJ/mol)
           Bond          Angle Ryckaert-Bell.          LJ-14     Coulomb-14
    2.28237e+02    1.37964e+03    2.60668e+03    7.81988e+02    7.05072e+02
        LJ (SR)   Coulomb (SR)      Potential Pressure (bar)
   -4.05932e+03   -1.60792e+03    3.43779e+01    1.26907e+04

           Step           Time
            140      140.00000

   Energies (kJ/mol)
           Bond          Angle Ryckaert-Bell.          LJ-14     Coulomb-14
    2.27535e+02    1.36895e+03    2.60230e+03    7.80400e+02    7.05124e+02
        LJ (SR)   Coulomb (SR)      Potential Pressure (bar)
   -4.08100e+03   -1.60760e+03   -4.29504e+00    1.26771e+04

           Step           Time
            141      141.00000

   Energies (kJ/mol)
           Bond          Angle Ryckaert-Bell.          LJ-14     Coulomb-14
    2.52755e+02    1.36815e+03    2.59751e+03    7.76251e+02    7.05267e+02
        LJ (SR)   Coulomb (SR)      Potential Pressure (bar)
   -4.10497e+03   -1.60764e+03   -1.26676e+01    1.25357e+04

           Step           Time
            142      142.00000

   Energies (kJ/mol)
           Bond          Angle Ryckaert-Bell.          LJ-14     Coulomb-14
    2.54740e+02    1.35625e+03    2.59304e+03    7.75123e+02    7.05295e+02
        LJ (SR)   Coulomb (SR)      Potential Pressure (bar)
   -4.12660e+03   -1.60724e+03   -4.93892e+01    1.25370e+04

           Step           Time
            143      143.00000

           Step           Time
            144      144.00000

   Energies (kJ/mol)
           Bond          Angle Ryckaert-Bell.          LJ-14     Coulomb-14
    1.96329e+02    1.33453e+03    2.59060e+03    7.72814e+02    7.05379e+02
        LJ (SR)   Coulomb (SR)      Potential Pressure (bar)
   -4.13810e+03   -1.60730e+03   -1.45745e+02    1.24806e+04

           Step           Time
            145      145.00000

   Energies (kJ/mol)
           Bond          Angle Ryckaert-Bell.          LJ-14     Coulomb-14
    2.82373e+02    1.32947e+03    2.57559e+03    7.65259e+02    7.05629e+02
        LJ (SR)   Coulomb (SR)      Potential Pressure (bar)
   -4.20907e+03   -1.60672e+03   -1.57475e+02    1.22717e+04

           Step           Time
            146      146.00000

   Energies (kJ/mol)
           Bond          Angle Ryckaert-Bell.          LJ-14     Coulomb-14
    2.02794e+02    1.30040e+03    2.57289e+03    7.62437e+02    7.05713e+02
        LJ (SR)   Coulomb (SR)      Potential Pressure (bar)
   -4.22210e+03   -1.60676e+03   -2.84629e+02    1.22113e+04

           Step           Time
            147      147.00000

           Step           Time
            148      148.00000

   Energies (kJ/mol)
           Bond          Angle Ryckaert-Bell.          LJ-14     Coulomb-14
    2.03909e+02    1.29153e+03    2.56831e+03    7.60745e+02    7.05776e+02
        LJ (SR)   Coulomb (SR)      Potential Pressure (bar)
   -4.24251e+03   -1.60655e+03   -3.18796e+02    1.21860e+04

           Step           Time
            149      149.00000

   Energies (kJ/mol)
           Bond          Angle Ryckaert-Bell.          LJ-14     Coulomb-14
    2.14449e+02    1.28680e+03    2.56366e+03    7.57251e+02    7.05891e+02
        LJ (SR)   Coulomb (SR)      Potential Pressure (bar)
   -4.26388e+03   -1.60657e+03   -3.42407e+02    1.20800e+04

           Step           Time
            150      150.00000

   Energies (kJ/mol)
           Bond          Angle Ryckaert-Bell.          LJ-14     Coulomb-14
    2.19163e+02    1.27800e+03    2.55903e+03    7.55909e+02    7.05935e+02
        LJ (SR)   Coulomb (SR)      Potential Pressure (bar)
   -4.28415e+03   -1.60630e+03   -3.72408e+02    1.20705e+04

           Step           Time
            151      151.00000

   Energies (kJ/mol)
           Bond          Angle Ryckaert-Bell.          LJ-14     Coulomb-14
    2.42390e+02    1.27950e+03    2.55442e+03    7.52092e+02    7.06066e+02
        LJ (SR)   Coulomb (SR)      Potential Pressure (bar)
   -4.30478e+03   -1.60640e+03   -3.76709e+02    1.19407e+04

           Step           Time
            152      152.00000

   Energies (kJ/mol)
           Bond          Angle Ryckaert-Bell.          LJ-14     Coulomb-14
    2.53547e+02    1.26995e+03    2.54971e+03    7.51251e+02    7.06088e+02
        LJ (SR)   Coulomb (SR)      Potential Pressure (bar)
   -4.32497e+03   -1.60604e+03   -4.00454e+02    1.19596e+04

           Step           Time
            153      153.00000

           Step           Time
            154      154.00000

   Energies (kJ/mol)
           Bond          Angle Ryckaert-Bell.          LJ-14     Coulomb-14
    1.80650e+02    1.24558e+03    2.54734e+03    7.49062e+02    7.06165e+02
        LJ (SR)   Coulomb (SR)      Potential Pressure (bar)
   -4.33493e+03   -1.60613e+03   -5.12253e+02    1.19122e+04

           Step           Time
            155      155.00000

           Step           Time
            156      156.00000

   Energies (kJ/mol)
           Bond          Angle Ryckaert-Bell.          LJ-14     Coulomb-14
    1.97424e+02    1.23453e+03    2.53831e+03    7.45012e+02    7.06296e+02
        LJ (SR)   Coulomb (SR)      Potential Pressure (bar)
   -4.37295e+03   -1.60589e+03   -5.57257e+02    1.18096e+04

           Step           Time
            157      157.00000

   Energies (kJ/mol)
           Bond          Angle Ryckaert-Bell.          LJ-14     Coulomb-14
    1.81678e+02    1.22465e+03    2.53512e+03    7.42702e+02    7.06366e+02
        LJ (SR)   Coulomb (SR)      Potential Pressure (bar)
   -4.38663e+03   -1.60590e+03   -6.02016e+02    1.17444e+04

           Step           Time
            158      158.00000

   Energies (kJ/mol)
           Bond          Angle Ryckaert-Bell.          LJ-14     Coulomb-14
    2.09597e+02    1.22039e+03    2.52801e+03    7.40037e+02    7.06456e+02
        LJ (SR)   Coulomb (SR)      Potential Pressure (bar)
   -4.41575e+03   -1.60568e+03   -6.16942e+02    1.16846e+04

           Step           Time
            159      159.00000

   Energies (kJ/mol)
           Bond          Angle Ryckaert-Bell.          LJ-14     Coulomb-14
    1.91751e+02    1.21031e+03    2.52450e+03    7.37284e+02    7.06547e+02
        LJ (SR)   Coulomb (SR)      Potential Pressure (bar)
   -4.43034e+03   -1.60576e+03   -6.65709e+02    1.16004e+04

           Step           Time
            160      160.00000

           Step           Time
            161      161.00000

   Energies (kJ/mol)
           Bond          Angle Ryckaert-Bell.          LJ-14     Coulomb-14
    1.73531e+02    1.19879e+03    2.52142e+03    7.36414e+02    7.06576e+02
        LJ (SR)   Coulomb (SR)      Potential Pressure (bar)
   -4.44253e+03   -1.60560e+03   -7.11402e+02    1.15987e+04

           Step           Time
            162      162.00000

   Energies (kJ/mol)
           Bond          Angle Ryckaert-Bell.          LJ-14     Coulomb-14
    2.00329e+02    1.19355e+03    2.51200e+03    7.31164e+02    7.06750e+02
        LJ (SR)   Coulomb (SR)      Potential Pressure (bar)
   -4.48016e+03   -1.60562e+03   -7.41994e+02    1.14354e+04

           Step           Time
            163      163.00000

   Energies (kJ/mol)
           Bond          Angle Ryckaert-Bell.          LJ-14     Coulomb-14
    1.75484e+02    1.17872e+03    2.50864e+03    7.30443e+02    7.06765e+02
        LJ (SR)   Coulomb (SR)      Potential Pressure (bar)
   -4.49340e+03   -1.60539e+03   -7.98737e+02    1.14523e+04

           Step           Time
            164      164.00000

           Step           Time
            165      165.00000

   Energies (kJ/mol)
           Bond          Angle Ryckaert-Bell.          LJ-14     Coulomb-14
    1.71028e+02    1.17237e+03    2.50479e+03    7.28153e+02    7.06846e+02
        LJ (SR)   Coulomb (SR)      Potential Pressure (bar)
   -4.50819e+03   -1.60548e+03   -8.30480e+02    1.13823e+04

           Step           Time
            166      166.00000

   Energies (kJ/mol)
           Bond          Angle Ryckaert-Bell.          LJ-14     Coulomb-14
    1.79202e+02    1.16521e+03    2.49915e+03    7.26156e+02    7.06908e+02
        LJ (SR)   Coulomb (SR)      Potential Pressure (bar)
   -4.53015e+03   -1.60530e+03   -8.58831e+02    1.13421e+04

           Step           Time
            167      167.00000

   Energies (kJ/mol)
           Bond          Angle Ryckaert-Bell.          LJ-14     Coulomb-14
    1.76937e+02    1.15956e+03    2.49498e+03    7.23529e+02    7.07002e+02
        LJ (SR)   Coulomb (SR)      Potential Pressure (bar)
   -4.54588e+03   -1.60543e+03   -8.89301e+02    1.12624e+04

           Step           Time
            168      168.00000

   Energies (kJ/mol)
           Bond          Angle Ryckaert-Bell.          LJ-14     Coulomb-14
    1.89569e+02    1.15411e+03    2.48979e+03    7.22073e+02    7.07046e+02
        LJ (SR)   Coulomb (SR)      Potential Pressure (bar)
   -4.56567e+03   -1.60523e+03   -9.08306e+02    1.12421e+04

           Step           Time
            169      169.00000

   Energies (kJ/mol)
           Bond          Angle Ryckaert-Bell.          LJ-14     Coulomb-14
    1.92717e+02    1.15105e+03    2.48545e+03    7.19076e+02    7.07152e+02
        LJ (SR)   Coulomb (SR)      Potential Pressure (bar)
   -4.58174e+03   -1.60542e+03   -9.31719e+02    1.11394e+04

           Step           Time
            170      170.00000

   Energies (kJ/mol)
           Bond          Angle Ryckaert-Bell.          LJ-14     Coulomb-14
    2.13420e+02    1.14695e+03    2.48043e+03    7.18133e+02    7.07178e+02
        LJ (SR)   Coulomb (SR)      Potential Pressure (bar)
   -4.60050e+03   -1.60517e+03   -9.39566e+02    1.11362e+04

           Step           Time
            171      171.00000

   Energies (kJ/mol)
           Bond          Angle Ryckaert-Bell.          LJ-14     Coulomb-14
    2.28373e+02    1.15033e+03    2.47606e+03    7.14678e+02    7.07307e+02
        LJ (SR)   Coulomb (SR)      Potential Pressure (bar)
   -4.61645e+03   -1.60545e+03   -9.45160e+02    1.10005e+04

           Step           Time
            172      172.00000

           Step           Time
            173      173.00000

   Energies (kJ/mol)
           Bond          Angle Ryckaert-Bell.          LJ-14     Coulomb-14
    1.58331e+02    1.12135e+03    2.47344e+03    7.14474e+02    7.07307e+02
        LJ (SR)   Coulomb (SR)      Potential Pressure (bar)
   -4.62572e+03   -1.60526e+03   -1.05608e+03    1.10483e+04


Steepest Descents converged to Fmax < 1000 in 174 steps
Potential Energy  = -1.0560806e+03
Maximum force     =  6.7372485e+02 on atom 620
Norm of force     =  5.9456776e+01
Finished mdrun on rank 0 Wed May 28 13:11:54 2025

