                      :-) GROMACS - gmx mdrun, 2024.1 (-:

Copyright 1991-2024 The GROMACS Authors.
GROMACS is free software; you can redistribute it and/or modify it
under the terms of the GNU Lesser General Public License
as published by the Free Software Foundation; either version 2.1
of the License, or (at your option) any later version.

                         Current GROMACS contributors:
       Mark Abraham           Andrey Alekseenko           Vladimir Basov      
      Cathrine Bergh            Eliane Briand               Ania Brown        
      Mahesh Doijade            Giacomo Fiorin          Stefan Fleischmann    
      Sergey Gorelov         Gilles Gouaillardet            Alan Gray         
     M. Eric Irrgang         Farzaneh Jalalypour            Joe Jordan        
     Carsten Kutzner           Justin A. Lemkul          Magnus Lundborg      
       Pascal Merz              Vedran Miletic            Dmitry Morozov      
       Julien Nabet              Szilard Pall        Andrea Pasquadibisceglie 
    Michele Pellegrino          Hubert Santuz             Roland Schulz       
     Tatiana Shugaeva          Alexey Shvetsov            Philip Turner       
     Alessandra Villa      Sebastian Wingbermuehle  

                         Previous GROMACS contributors:
        Emile Apol             Rossen Apostolov           James Barnett       
        Paul Bauer          Herman J.C. Berendsen          Par Bjelkmar       
      Christian Blau          Viacheslav Bolnykh            Kevin Boyd        
    Aldert van Buuren          Carlo Camilloni           Rudi van Drunen      
      Anton Feenstra           Oliver Fleetwood            Vytas Gapsys       
       Gaurav Garg             Gerrit Groenhof            Bert de Groot       
      Anca Hamuraru           Vincent Hindriksen          Victor Holanda      
     Aleksei Iupinov          Christoph Junghans        Prashanth Kanduri     
   Dimitrios Karkoulis           Peter Kasson             Sebastian Kehl      
     Sebastian Keller             Jiri Kraus               Per Larsson        
      Viveca Lindahl            Erik Marklund           Pieter Meulenhoff     
      Teemu Murtola              Sander Pronk             Michael Shirts      
      Alfons Sijbers            Balint Soproni         David van der Spoel    
      Peter Tieleman            Carsten Uphoff             Jon Vincent        
     Teemu Virolainen         Christian Wennberg           Maarten Wolf       
      Artem Zhmurov       

                  Coordinated by the GROMACS project leaders:
                           Berk Hess and Erik Lindahl

GROMACS:      gmx mdrun, version 2024.1
Executable:   /usr/local/hpc1/software_molmod/gromacs/gromacs-2024.1-bin_wr0/bin/gmx
Data prefix:  /usr/local/hpc1/software_molmod/gromacs/gromacs-2024.1-bin_wr0
Working dir:  /work/rstric2s/current_sim/Application/02-2-C4H9Br_EP
Process ID:   3088830
Command line:
  gmx mdrun -deffnm 12_nvt

GROMACS version:     2024.1
Precision:           mixed
Memory model:        64 bit
MPI library:         thread_mpi
OpenMP support:      enabled (GMX_OPENMP_MAX_THREADS = 128)
GPU support:         disabled
SIMD instructions:   AVX_512
CPU FFT library:     fftw-3.3.8-sse2-avx
GPU FFT library:     none
Multi-GPU FFT:       none
RDTSCP usage:        enabled
TNG support:         enabled
Hwloc support:       disabled
Tracing support:     disabled
C compiler:          /usr/local/gcc/gcc-13.2.0/bin/gcc GNU 13.2.0
C compiler flags:    -fexcess-precision=fast -funroll-all-loops -mavx512f -mfma -mavx512vl -mavx512dq -mavx512bw -Wno-missing-field-initializers -O3 -DNDEBUG
C++ compiler:        /usr/local/gcc/gcc-13.2.0/bin/g++ GNU 13.2.0
C++ compiler flags:  -fexcess-precision=fast -funroll-all-loops -mavx512f -mfma -mavx512vl -mavx512dq -mavx512bw -Wno-missing-field-initializers -Wno-cast-function-type-strict SHELL:-fopenmp -O3 -DNDEBUG
BLAS library:        External - detected on the system
LAPACK library:      External - detected on the system


Running on 1 node with total 1 cores, 1 processing units
Hardware detected on host wr51:
  CPU info:
    Vendor: AMD
    Brand:  AMD EPYC 9554 64-Core Processor                
    Family: 25   Model: 17   Stepping: 1
    Features: aes amd apic avx avx2 avx512f avx512cd avx512bw avx512vl avx512bf16 avx512secondFMA clfsh cmov cx8 cx16 f16c fma htt lahf misalignsse mmx msr nonstop_tsc pcid pclmuldq pdpe1gb popcnt pse rdrnd rdtscp sha sse2 sse3 sse4a sse4.1 sse4.2 ssse3 x2apic
  Hardware topology: Basic
    Packages, cores, and logical processors:
    [indices refer to OS logical processors]
      Package  0: [   2]
    CPU limit set by OS: -1   Recommended max number of threads: 1


++++ PLEASE READ AND CITE THE FOLLOWING REFERENCE ++++
M. J. Abraham, T. Murtola, R. Schulz, S. Páll, J. C. Smith, B. Hess, E.
Lindahl
GROMACS: High performance molecular simulations through multi-level
parallelism from laptops to supercomputers
SoftwareX 1 (2015) pp. 19-25
-------- -------- --- Thank You --- -------- --------


++++ PLEASE READ AND CITE THE FOLLOWING REFERENCE ++++
S. Páll, M. J. Abraham, C. Kutzner, B. Hess, E. Lindahl
Tackling Exascale Software Challenges in Molecular Dynamics Simulations with
GROMACS
In S. Markidis & E. Laure (Eds.), Solving Software Challenges for Exascale 8759 (2015) pp. 3-27
-------- -------- --- Thank You --- -------- --------


++++ PLEASE READ AND CITE THE FOLLOWING REFERENCE ++++
S. Pronk, S. Páll, R. Schulz, P. Larsson, P. Bjelkmar, R. Apostolov, M. R.
Shirts, J. C. Smith, P. M. Kasson, D. van der Spoel, B. Hess, and E. Lindahl
GROMACS 4.5: a high-throughput and highly parallel open source molecular
simulation toolkit
Bioinformatics 29 (2013) pp. 845-54
-------- -------- --- Thank You --- -------- --------


++++ PLEASE READ AND CITE THE FOLLOWING REFERENCE ++++
B. Hess and C. Kutzner and D. van der Spoel and E. Lindahl
GROMACS 4: Algorithms for highly efficient, load-balanced, and scalable
molecular simulation
J. Chem. Theory Comput. 4 (2008) pp. 435-447
-------- -------- --- Thank You --- -------- --------


++++ PLEASE READ AND CITE THE FOLLOWING REFERENCE ++++
D. van der Spoel, E. Lindahl, B. Hess, G. Groenhof, A. E. Mark and H. J. C.
Berendsen
GROMACS: Fast, Flexible and Free
J. Comp. Chem. 26 (2005) pp. 1701-1719
-------- -------- --- Thank You --- -------- --------


++++ PLEASE READ AND CITE THE FOLLOWING REFERENCE ++++
E. Lindahl and B. Hess and D. van der Spoel
GROMACS 3.0: A package for molecular simulation and trajectory analysis
J. Mol. Mod. 7 (2001) pp. 306-317
-------- -------- --- Thank You --- -------- --------


++++ PLEASE READ AND CITE THE FOLLOWING REFERENCE ++++
H. J. C. Berendsen, D. van der Spoel and R. van Drunen
GROMACS: A message-passing parallel molecular dynamics implementation
Comp. Phys. Comm. 91 (1995) pp. 43-56
-------- -------- --- Thank You --- -------- --------


++++ PLEASE CITE THE DOI FOR THIS VERSION OF GROMACS ++++
https://doi.org/10.5281/zenodo.10721181
-------- -------- --- Thank You --- -------- --------

Input Parameters:
   integrator                     = md-vv
   tinit                          = 0
   dt                             = 0.002
   nsteps                         = 50000
   init-step                      = 0
   simulation-part                = 1
   mts                            = false
   mass-repartition-factor        = 1
   comm-mode                      = Linear
   nstcomm                        = 100
   bd-fric                        = 0
   ld-seed                        = -539269271
   emtol                          = 10
   emstep                         = 0.01
   niter                          = 20
   fcstep                         = 0
   nstcgsteep                     = 1000
   nbfgscorr                      = 10
   rtpi                           = 0.05
   nstxout                        = 10000
   nstvout                        = 10000
   nstfout                        = 0
   nstlog                         = 10000
   nstcalcenergy                  = 100
   nstenergy                      = 10000
   nstxout-compressed             = 0
   compressed-x-precision         = 1000
   cutoff-scheme                  = Verlet
   nstlist                        = 10
   pbc                            = xyz
   periodic-molecules             = false
   verlet-buffer-tolerance        = -1
   verlet-buffer-pressure-tolerance = -1
   rlist                          = 1.1
   coulombtype                    = PME
   coulomb-modifier               = Potential-shift
   rcoulomb-switch                = 0.89
   rcoulomb                       = 0.9
   epsilon-r                      = 1
   epsilon-rf                     = inf
   vdw-type                       = Cut-off
   vdw-modifier                   = Potential-shift
   rvdw-switch                    = 0.8
   rvdw                           = 0.9
   DispCorr                       = EnerPres
   table-extension                = 1
   fourierspacing                 = 0.16
   fourier-nx                     = 24
   fourier-ny                     = 24
   fourier-nz                     = 24
   pme-order                      = 4
   ewald-rtol                     = 1e-05
   ewald-rtol-lj                  = 0.001
   lj-pme-comb-rule               = Geometric
   ewald-geometry                 = 3d
   epsilon-surface                = 0
   ensemble-temperature-setting   = constant
   ensemble-temperature           = 293.15
   tcoupl                         = V-rescale
   nsttcouple                     = 10
   nh-chain-length                = 0
   print-nose-hoover-chain-variables = false
   pcoupl                         = No
   refcoord-scaling               = No
   posres-com (3):
      posres-com[0]= 0.00000e+00
      posres-com[1]= 0.00000e+00
      posres-com[2]= 0.00000e+00
   posres-comB (3):
      posres-comB[0]= 0.00000e+00
      posres-comB[1]= 0.00000e+00
      posres-comB[2]= 0.00000e+00
   QMMM                           = false
qm-opts:
   ngQM                           = 0
   constraint-algorithm           = Lincs
   continuation                   = false
   Shake-SOR                      = false
   shake-tol                      = 0.0001
   lincs-order                    = 4
   lincs-iter                     = 1
   lincs-warnangle                = 30
   nwall                          = 0
   wall-type                      = 9-3
   wall-r-linpot                  = -1
   wall-atomtype[0]               = -1
   wall-atomtype[1]               = -1
   wall-density[0]                = 0
   wall-density[1]                = 0
   wall-ewald-zfac                = 3
   pull                           = false
   awh                            = false
   rotation                       = false
   interactiveMD                  = false
   disre                          = No
   disre-weighting                = Conservative
   disre-mixed                    = false
   dr-fc                          = 1000
   dr-tau                         = 0
   nstdisreout                    = 100
   orire-fc                       = 0
   orire-tau                      = 0
   nstorireout                    = 100
   free-energy                    = no
   cos-acceleration               = 0
   deform (3x3):
      deform[    0]={ 0.00000e+00,  0.00000e+00,  0.00000e+00}
      deform[    1]={ 0.00000e+00,  0.00000e+00,  0.00000e+00}
      deform[    2]={ 0.00000e+00,  0.00000e+00,  0.00000e+00}
   simulated-tempering            = false
   swapcoords                     = no
   userint1                       = 0
   userint2                       = 0
   userint3                       = 0
   userint4                       = 0
   userreal1                      = 0
   userreal2                      = 0
   userreal3                      = 0
   userreal4                      = 0
   applied-forces:
     electric-field:
       x:
         E0                       = 0
         omega                    = 0
         t0                       = 0
         sigma                    = 0
       y:
         E0                       = 0
         omega                    = 0
         t0                       = 0
         sigma                    = 0
       z:
         E0                       = 0
         omega                    = 0
         t0                       = 0
         sigma                    = 0
     density-guided-simulation:
       active                     = false
       group                      = protein
       similarity-measure         = inner-product
       atom-spreading-weight      = unity
       force-constant             = 1e+09
       gaussian-transform-spreading-width = 0.2
       gaussian-transform-spreading-range-in-multiples-of-width = 4
       reference-density-filename = reference.mrc
       nst                        = 1
       normalize-densities        = true
       adaptive-force-scaling     = false
       adaptive-force-scaling-time-constant = 4
       shift-vector               = 
       transformation-matrix      = 
     qmmm-cp2k:
       active                     = false
       qmgroup                    = System
       qmmethod                   = PBE
       qmfilenames                = 
       qmcharge                   = 0
       qmmultiplicity             = 1
     colvars:
       active                     = false
       configfile                 = 
       seed                       = -1
grpopts:
   nrdf:        8511
   ref-t:      293.15
   tau-t:         0.1
annealing:          No
annealing-npoints:           0
   acc:	           0           0           0
   nfreeze:           N           N           N
   energygrp-flags[  0]: 0

Can not increase nstlist because verlet-buffer-tolerance is not set or used
Update groups can not be used for this system because atoms that are (in)directly constrained together are interdispersed with other atoms

Initializing Domain Decomposition on 1 ranks
Dynamic load balancing: auto
Minimum cell size due to atom displacement: 0.199 nm
Initial maximum distances in bonded interactions:
    two-body bonded interactions: 0.401 nm, LJ-14, atoms 3136 3147
  multi-body bonded interactions: 0.401 nm, Ryckaert-Bell., atoms 3136 3147
Minimum cell size due to bonded interactions: 0.441 nm
Maximum distance for 5 constraints, at 120 deg. angles, all-trans: 0.218 nm
Estimated maximum distance required for P-LINCS: 0.218 nm
Using 0 separate PME ranks because: there are too few total ranks for efficient splitting
Optimizing the DD grid for 1 cells with a minimum initial size of 0.441 nm
The maximum allowed number of cells is: X 8 Y 8 Z 8
Domain decomposition grid 1 x 1 x 1, separate PME ranks 0
PME domain decomposition: 1 x 1 x 1

The initial number of communication pulses is:
The initial domain decomposition cell size is:

The maximum allowed distance for atoms involved in interactions is:
                 non-bonded interactions           1.100 nm
            two-body bonded interactions  (-rdd)   1.100 nm
          multi-body bonded interactions  (-rdd)   1.100 nm
              virtual site constructions  (-rcon)  3.577 nm
  atoms separated by up to 5 constraints  (-rcon)  3.577 nm

When dynamic load balancing gets turned on, these settings will change to:
The maximum number of communication pulses is:
The minimum size for domain decomposition cells is 1.100 nm
The requested allowed shrink of DD cells (option -dds) is: 0.80
The allowed shrink of domain decomposition cells is:
The maximum allowed distance for atoms involved in interactions is:
                 non-bonded interactions           1.100 nm
            two-body bonded interactions  (-rdd)   1.100 nm
          multi-body bonded interactions  (-rdd)   1.100 nm
              virtual site constructions  (-rcon)  1.100 nm
  atoms separated by up to 5 constraints  (-rcon)  1.100 nm

Using 1 MPI thread

Non-default thread affinity set, disabling internal thread affinity

Using 1 OpenMP thread 

System total charge: -0.000
Will do PME sum in reciprocal space for electrostatic interactions.

++++ PLEASE READ AND CITE THE FOLLOWING REFERENCE ++++
U. Essmann, L. Perera, M. L. Berkowitz, T. Darden, H. Lee and L. G. Pedersen 
A smooth particle mesh Ewald method
J. Chem. Phys. 103 (1995) pp. 8577-8592
-------- -------- --- Thank You --- -------- --------

Using a Gaussian width (1/beta) of 0.288146 nm for Ewald
Potential shift: LJ r^-12: -3.541e+00 r^-6: -1.882e+00, Ewald -1.111e-05
Initialized non-bonded Coulomb Ewald tables, spacing: 8.85e-04 size: 1018

Generated table with 1050 data points for 1-4 COUL.
Tabscale = 500 points/nm
Generated table with 1050 data points for 1-4 LJ6.
Tabscale = 500 points/nm
Generated table with 1050 data points for 1-4 LJ12.
Tabscale = 500 points/nm
Long Range LJ corr.: <C6> 7.0006e-04


Using SIMD2xMM 4x8 nonbonded short-range kernels

Using a 4x8 pair-list setup:
  updated every 10 steps, buffer 0.200 nm, rlist 1.100 nm

The average pressure is off by at most 0.00 bar due to missing LJ interactions

Using Geometric Lennard-Jones combination rule
Removing pbc first time

Linking all bonded interactions to atoms
There are 258 inter update-group virtual sites,
will perform an extra communication step for selected coordinates and forces


Initializing Parallel LINear Constraint Solver

++++ PLEASE READ AND CITE THE FOLLOWING REFERENCE ++++
B. Hess
P-LINCS: A Parallel Linear Constraint Solver for molecular simulation
J. Chem. Theory Comput. 4 (2008) pp. 116-122
-------- -------- --- Thank You --- -------- --------

The number of constraints is 2322
There are constraints between atoms in different decomposition domains,
will communicate selected coordinates each lincs iteration

++++ PLEASE READ AND CITE THE FOLLOWING REFERENCE ++++
G. Bussi, D. Donadio and M. Parrinello
Canonical sampling through velocity rescaling
J. Chem. Phys. 126 (2007) pp. 014101
-------- -------- --- Thank You --- -------- --------

There are: 3612 Atoms
There are: 258 VSites

Atom distribution over 1 domains: av 3870 stddev 0 min 3870 max 3870

Constraining the starting coordinates (step 0)
Center of mass motion removal mode is Linear
We have the following groups for center of mass motion removal:
  0:  rest
RMS relative constraint deviation after constraining: 4.83e-07
Initial temperature: 292.901 K

Started mdrun on rank 0 Wed May 28 13:12:29 2025

           Step           Time
              0        0.00000

   Energies (kJ/mol)
           Bond          Angle Ryckaert-Bell.          LJ-14     Coulomb-14
    1.12583e+02    1.16234e+03    2.47449e+03    7.09664e+02    7.06681e+02
        LJ (SR)  Disper. corr.   Coulomb (SR)   Coul. recip.      Potential
   -4.16859e+03   -1.31417e+03   -2.47309e+03    8.62793e+02   -1.92730e+03
    Kinetic En.   Total Energy  Conserved En.    Temperature Pres. DC (bar)
    1.03635e+04    8.43620e+03    8.43620e+03    2.92901e+02   -4.77882e+02
 Pressure (bar)   Constr. rmsd
    1.21560e+04    3.16963e-06

           Step           Time
          10000       20.00000

   Energies (kJ/mol)
           Bond          Angle Ryckaert-Bell.          LJ-14     Coulomb-14
    1.23286e+03    6.46283e+03    1.29036e+03    6.37680e+02    7.60540e+02
        LJ (SR)  Disper. corr.   Coulomb (SR)   Coul. recip.      Potential
   -7.15153e+03   -1.31417e+03   -2.67309e+03    4.73269e+02   -2.81254e+02
    Kinetic En.   Total Energy  Conserved En.    Temperature Pres. DC (bar)
    1.03944e+04    1.01132e+04    8.60199e+03    2.93776e+02   -4.77882e+02
 Pressure (bar)   Constr. rmsd
   -5.40753e+02    3.53983e-06

           Step           Time
          20000       40.00000

   Energies (kJ/mol)
           Bond          Angle Ryckaert-Bell.          LJ-14     Coulomb-14
    1.30198e+03    6.36295e+03    1.27313e+03    6.13169e+02    7.91487e+02
        LJ (SR)  Disper. corr.   Coulomb (SR)   Coul. recip.      Potential
   -7.02451e+03   -1.31417e+03   -2.72632e+03    4.68477e+02   -2.53804e+02
    Kinetic En.   Total Energy  Conserved En.    Temperature Pres. DC (bar)
    1.05049e+04    1.02511e+04    8.62607e+03    2.96897e+02   -4.77882e+02
 Pressure (bar)   Constr. rmsd
   -4.17095e+02    3.41118e-06

           Step           Time
          30000       60.00000

   Energies (kJ/mol)
           Bond          Angle Ryckaert-Bell.          LJ-14     Coulomb-14
    1.35139e+03    6.48426e+03    1.28355e+03    6.36844e+02    7.75380e+02
        LJ (SR)  Disper. corr.   Coulomb (SR)   Coul. recip.      Potential
   -7.12296e+03   -1.31417e+03   -2.68349e+03    4.93309e+02   -9.58895e+01
    Kinetic En.   Total Energy  Conserved En.    Temperature Pres. DC (bar)
    1.04484e+04    1.03525e+04    8.66132e+03    2.95301e+02   -4.77882e+02
 Pressure (bar)   Constr. rmsd
    6.05055e+01    3.66790e-06

           Step           Time
          40000       80.00000

   Energies (kJ/mol)
           Bond          Angle Ryckaert-Bell.          LJ-14     Coulomb-14
    1.23459e+03    6.19292e+03    1.28718e+03    5.84024e+02    7.96469e+02
        LJ (SR)  Disper. corr.   Coulomb (SR)   Coul. recip.      Potential
   -7.02622e+03   -1.31417e+03   -2.71671e+03    4.69730e+02   -4.92193e+02
    Kinetic En.   Total Energy  Conserved En.    Temperature Pres. DC (bar)
    1.03851e+04    9.89289e+03    8.67694e+03    2.93512e+02   -4.77882e+02
 Pressure (bar)   Constr. rmsd
   -3.02004e+01    3.37094e-06

           Step           Time
          50000      100.00000

Writing checkpoint, step 50000 at Wed May 28 13:14:47 2025


   Energies (kJ/mol)
           Bond          Angle Ryckaert-Bell.          LJ-14     Coulomb-14
    1.24449e+03    6.31299e+03    1.22972e+03    6.13316e+02    7.84736e+02
        LJ (SR)  Disper. corr.   Coulomb (SR)   Coul. recip.      Potential
   -7.12103e+03   -1.31417e+03   -2.72995e+03    4.37642e+02   -5.42253e+02
    Kinetic En.   Total Energy  Conserved En.    Temperature Pres. DC (bar)
    1.03047e+04    9.76244e+03    8.71239e+03    2.91240e+02   -4.77882e+02
 Pressure (bar)   Constr. rmsd
   -1.97871e+02    3.27601e-06


Energy conservation over simulation part #1 of length 100 ps, time 0 to 100 ps
  Conserved energy drift: 7.14e-04 kJ/mol/ps per atom


	<======  ###############  ==>
	<====  A V E R A G E S  ====>
	<==  ###############  ======>

	Statistics over 50001 steps using 501 frames

   Energies (kJ/mol)
           Bond          Angle Ryckaert-Bell.          LJ-14     Coulomb-14
    1.30420e+03    6.32046e+03    1.29877e+03    6.18353e+02    7.74619e+02
        LJ (SR)  Disper. corr.   Coulomb (SR)   Coul. recip.      Potential
   -7.08731e+03   -1.31417e+03   -2.69299e+03    4.78817e+02   -2.99243e+02
    Kinetic En.   Total Energy  Conserved En.    Temperature Pres. DC (bar)
    1.03623e+04    1.00631e+04    8.64549e+03    2.92868e+02   -4.77882e+02
 Pressure (bar)   Constr. rmsd
   -1.10029e+02    0.00000e+00

   Total Virial (kJ/mol)
    3.59041e+03    5.28387e+01    4.06535e+01
    5.28387e+01    3.68110e+03   -9.58759e+00
    4.06540e+01   -9.58724e+00    3.54556e+03

   Pressure (bar)
   -9.35844e+01   -3.23790e+01   -2.77051e+01
   -3.23790e+01   -1.67613e+02    2.20260e+00
   -2.77054e+01    2.20234e+00   -6.88895e+01


	M E G A - F L O P S   A C C O U N T I N G

 NB=Group-cutoff nonbonded kernels    NxN=N-by-N cluster Verlet kernels
 RF=Reaction-Field  VdW=Van der Waals  QSTab=quadratic-spline table
 W3=SPC/TIP3p  W4=TIP4p (single or pairs)
 V&F=Potential and force  V=Potential only  F=Force only

 Computing:                               M-Number         M-Flops  % Flops
-----------------------------------------------------------------------------
 Pair Search distance check            6720.902898       60488.126     0.9
 NxN Ewald Elec. + LJ [F]             94236.830992     6219630.845    89.1
 NxN Ewald Elec. + LJ [V&F]             953.733616      102049.497     1.5
 NxN Ewald Elec. [F]                   1730.563792      105564.391     1.5
 NxN Ewald Elec. [V&F]                   17.388816        1460.661     0.0
 1,4 nonbonded interactions             348.306966       31347.627     0.4
 Calc Weights                           580.511610       20898.418     0.3
 Spread Q Bspline                     12384.247680       24768.495     0.4
 Gather F Bspline                     12384.247680       74305.486     1.1
 3D-FFT                               19015.080294      152120.642     2.2
 Solve PME                              374.407488       23962.079     0.3
 Reset In Box                            19.353870          58.062     0.0
 CG-CoM                                  19.357740          58.073     0.0
 Bonds                                   51.601032        3044.461     0.0
 Angles                                 309.606192       52013.840     0.7
 RB-Dihedrals                           348.306966       86031.821     1.2
 Virial                                   1.961415          35.305     0.0
 Stop-CM                                  1.942740          19.427     0.0
 Calc-Ekin                               38.703870        1045.004     0.0
 Lincs                                  232.209288       13932.557     0.2
 Lincs-Mat                             2167.286688        8669.147     0.1
 Constraint-V                           232.204644        2089.842     0.0
 Constraint-Vir                           2.326644          55.839     0.0
 Virtual Site 2                          13.029516         299.679     0.0
-----------------------------------------------------------------------------
 Total                                                 6983949.326   100.0
-----------------------------------------------------------------------------


    D O M A I N   D E C O M P O S I T I O N   S T A T I S T I C S

 av. #atoms communicated per step for force:  2 x 0.0
 av. #atoms communicated per step for vsites: 3 x 0.0
 av. #atoms communicated per step for LINCS:  2 x 0.0


      R E A L   C Y C L E   A N D   T I M E   A C C O U N T I N G

On 1 MPI rank

 Activity:              Num   Num      Call    Wall time         Giga-Cycles
                        Ranks Threads  Count      (s)         total sum    %
--------------------------------------------------------------------------------
 Domain decomp.            1    1       5001       4.357         13.507   3.2
 Vsite constr.             1    1      50052       0.204          0.633   0.1
 Neighbor search           1    1       5001      18.135         56.219  13.1
 Force                     1    1      50001      91.493        283.626  66.3
 PME mesh                  1    1      50001      15.011         46.533  10.9
 NB X/F buffer ops.        1    1      95001       0.436          1.351   0.3
 Vsite spread              1    1      50502       0.056          0.174   0.0
 Write traj.               1    1          6       0.012          0.037   0.0
 Update                    1    1     160004       1.882          5.834   1.4
 Constraints               1    1     100004       6.036         18.712   4.4
 Rest                                              0.399          1.237   0.3
--------------------------------------------------------------------------------
 Total                                           138.021        427.864 100.0
--------------------------------------------------------------------------------
 Breakdown of PME mesh activities
--------------------------------------------------------------------------------
 PME spread                1    1      50001       5.117         15.861   3.7
 PME gather                1    1      50001       5.528         17.138   4.0
 PME 3D-FFT                1    1     100002       3.691         11.443   2.7
 PME solve Elec            1    1      50001       0.634          1.965   0.5
--------------------------------------------------------------------------------

NOTE: 3 % of the run time was spent in domain decomposition,
      13 % of the run time was spent in pair search,
      you might want to increase nstlist (this has no effect on accuracy)

               Core t (s)   Wall t (s)        (%)
       Time:      138.020      138.021      100.0
                 (ns/day)    (hour/ns)
Performance:       62.600        0.383
Finished mdrun on rank 0 Wed May 28 13:14:47 2025

