                      :-) GROMACS - gmx grompp, 2024.1 (-:

Executable:   /usr/local/hpc1/software_molmod/gromacs/gromacs-2024.1-bin_wr0/bin/gmx
Data prefix:  /usr/local/hpc1/software_molmod/gromacs/gromacs-2024.1-bin_wr0
Working dir:  /work/rstric2s/current_sim/Application/02-1-C4H9Br
Command line:
  gmx grompp -f 03_npt.mdp -c 12_nvt.gro -t 12_nvt.trr -p topol.top -o 13_npt.tpr

Ignoring obsolete mdp entry 'title'
Ignoring obsolete mdp entry 'ns_type'

NOTE 1 [file 03_npt.mdp]:
  verlet-buffer-pressure-tolerance is ignored when verlet-buffer-tolerance
  < 0

Generating 1-4 interactions: fudge = 0.5
Number of degrees of freedom in T-Coupling group Other is 4122.00
trr version: GMX_trn_file (single precision)
Reading frame       0 time    0.000   Reading frame       1 time   20.000   Reading frame       2 time   40.000   Reading frame       3 time   60.000   Reading frame       4 time   80.000   Reading frame       5 time  100.000   Last frame          5 time  100.000   

There was 1 NOTE

GROMACS reminds you: "In the processing of models we must be especially cautious of the human weakness to think that models can be verified or validated. Especially one's own." (Roald Hoffmann)

Setting the LD random seed to -201326674

Generated 331705 of the 331705 non-bonded parameter combinations

Generated 331705 of the 331705 1-4 parameter combinations

Excluding 3 bonded neighbours molecule type 'Other'

turning H bonds into constraints...
Analysing residue names:
There are:   125      Other residues
Analysing residues not classified as Protein/DNA/RNA/Water and splitting into groups...

The largest distance between excluded atoms is 0.435 nm between atom 411 and 420

Reading Coordinates, Velocities and Box size from old trajectory

Will read whole trajectory

Using frame at t = 100 ps

Starting time for run is 0 ps
Calculating fourier grid dimensions for X Y Z
Using a fourier grid of 20x20x20, spacing 0.129 0.129 0.129

Estimate for the relative computational load of the PME mesh part: 0.21

This run will generate roughly 2 Mb of data
                      :-) GROMACS - gmx mdrun, 2024.1 (-:

Executable:   /usr/local/hpc1/software_molmod/gromacs/gromacs-2024.1-bin_wr0/bin/gmx
Data prefix:  /usr/local/hpc1/software_molmod/gromacs/gromacs-2024.1-bin_wr0
Working dir:  /work/rstric2s/current_sim/Application/02-1-C4H9Br
Command line:
  gmx mdrun -deffnm 13_npt

Reading file 13_npt.tpr, VERSION 2024.1 (single precision)
Can not increase nstlist because verlet-buffer-tolerance is not set or used
Using 1 MPI thread

Non-default thread affinity set, disabling internal thread affinity

Using 1 OpenMP thread 

starting mdrun '1-BROMOBUTANE'
500000 steps,   1000.0 ps.

Step 0  Warning: pressure scaling more than 1%, mu: 1.02843 1.02843 1.02843

Step 50  Warning: pressure scaling more than 1%, mu: 0.985402 0.985402 0.985402

Step 100  Warning: pressure scaling more than 1%, mu: 1.02741 1.02741 1.02741

Step 150  Warning: pressure scaling more than 1%, mu: 0.978417 0.978417 0.978417

Step 200  Warning: pressure scaling more than 1%, mu: 1.01788 1.01788 1.01788

Step 250  Warning: pressure scaling more than 1%, mu: 0.973805 0.973805 0.973805

Step 300  Warning: pressure scaling more than 1%, mu: 1.03941 1.03941 1.03941

Step 350  Warning: pressure scaling more than 1%, mu: 0.975154 0.975154 0.975154

Step 400  Warning: pressure scaling more than 1%, mu: 1.0342 1.0342 1.0342

Step 450  Warning: pressure scaling more than 1%, mu: 0.983556 0.983556 0.983556

Step 500  Warning: pressure scaling more than 1%, mu: 1.01588 1.01588 1.01588

Step 550  Warning: pressure scaling more than 1%, mu: 0.980117 0.980117 0.980117

Step 600  Warning: pressure scaling more than 1%, mu: 1.01806 1.01806 1.01806

Step 650  Warning: pressure scaling more than 1%, mu: 0.978766 0.978766 0.978766

Step 700  Warning: pressure scaling more than 1%, mu: 1.03048 1.03048 1.03048

Step 750  Warning: pressure scaling more than 1%, mu: 0.971903 0.971903 0.971903

Step 800  Warning: pressure scaling more than 1%, mu: 1.03986 1.03986 1.03986

Step 850  Warning: pressure scaling more than 1%, mu: 0.978709 0.978709 0.978709

Step 900  Warning: pressure scaling more than 1%, mu: 1.01665 1.01665 1.01665

Step 950  Warning: pressure scaling more than 1%, mu: 0.977728 0.977728 0.977728

Step 1000  Warning: pressure scaling more than 1%, mu: 1.01968 1.01968 1.01968

Step 1050  Warning: pressure scaling more than 1%, mu: 0.979808 0.979808 0.979808

Step 1100  Warning: pressure scaling more than 1%, mu: 1.02854 1.02854 1.02854

Step 1150  Warning: pressure scaling more than 1%, mu: 0.979998 0.979998 0.979998

Step 1200  Warning: pressure scaling more than 1%, mu: 1.02586 1.02586 1.02586

Step 1250  Warning: pressure scaling more than 1%, mu: 0.980515 0.980515 0.980515

Step 1300  Warning: pressure scaling more than 1%, mu: 1.01509 1.01509 1.01509

Step 1350  Warning: pressure scaling more than 1%, mu: 0.981396 0.981396 0.981396

Step 1400  Warning: pressure scaling more than 1%, mu: 1.01777 1.01777 1.01777

Step 1450  Warning: pressure scaling more than 1%, mu: 0.982579 0.982579 0.982579

Step 1500  Warning: pressure scaling more than 1%, mu: 1.02368 1.02368 1.02368

Step 1550  Warning: pressure scaling more than 1%, mu: 0.981148 0.981148 0.981148

Step 1600  Warning: pressure scaling more than 1%, mu: 1.02026 1.02026 1.02026

Step 1650  Warning: pressure scaling more than 1%, mu: 0.979475 0.979475 0.979475

Step 1700  Warning: pressure scaling more than 1%, mu: 1.02192 1.02192 1.02192

Step 1750  Warning: pressure scaling more than 1%, mu: 0.98378 0.98378 0.98378

Step 1800  Warning: pressure scaling more than 1%, mu: 1.02107 1.02107 1.02107

Step 1850  Warning: pressure scaling more than 1%, mu: 0.985883 0.985883 0.985883

Step 1900  Warning: pressure scaling more than 1%, mu: 1.01059 1.01059 1.01059

Step 2100  Warning: pressure scaling more than 1%, mu: 1.0138 1.0138 1.0138

Step 2150  Warning: pressure scaling more than 1%, mu: 0.987835 0.987835 0.987835

Step 5150  Warning: pressure scaling more than 1%, mu: 1.01077 1.01077 1.01077

Step 6450  Warning: pressure scaling more than 1%, mu: 0.989375 0.989375 0.989375

Step 6600  Warning: pressure scaling more than 1%, mu: 1.01043 1.01043 1.01043

Step 6700  Warning: pressure scaling more than 1%, mu: 1.01204 1.01204 1.01204

Step 6950  Warning: pressure scaling more than 1%, mu: 0.988963 0.988963 0.988963

Step 7100  Warning: pressure scaling more than 1%, mu: 1.0132 1.0132 1.0132

Step 7200  Warning: pressure scaling more than 1%, mu: 1.01035 1.01035 1.01035

Step 7250  Warning: pressure scaling more than 1%, mu: 0.98983 0.98983 0.98983

Step 8950  Warning: pressure scaling more than 1%, mu: 1.01045 1.01045 1.01045

Step 17600  Warning: pressure scaling more than 1%, mu: 1.01211 1.01211 1.01211

Step 17750  Warning: pressure scaling more than 1%, mu: 0.988243 0.988243 0.988243

Step 24700  Warning: pressure scaling more than 1%, mu: 0.989767 0.989767 0.989767

Step 25300  Warning: pressure scaling more than 1%, mu: 1.01162 1.01162 1.01162

Step 25700  Warning: pressure scaling more than 1%, mu: 1.01161 1.01161 1.01161

Step 26000  Warning: pressure scaling more than 1%, mu: 1.01532 1.01532 1.01532

Step 26050  Warning: pressure scaling more than 1%, mu: 0.98846 0.98846 0.98846

Step 26100  Warning: pressure scaling more than 1%, mu: 1.01544 1.01544 1.01544

Step 26400  Warning: pressure scaling more than 1%, mu: 1.01131 1.01131 1.01131

Step 28200  Warning: pressure scaling more than 1%, mu: 0.986253 0.986253 0.986253

Step 28250  Warning: pressure scaling more than 1%, mu: 1.01099 1.01099 1.01099

Step 28300  Warning: pressure scaling more than 1%, mu: 0.98226 0.98226 0.98226

Step 28350  Warning: pressure scaling more than 1%, mu: 1.01201 1.01201 1.01201

Step 28450  Warning: pressure scaling more than 1%, mu: 1.01321 1.01321 1.01321

Step 28600  Warning: pressure scaling more than 1%, mu: 0.989004 0.989004 0.989004

Step 29000  Warning: pressure scaling more than 1%, mu: 0.988781 0.988781 0.988781

Step 32300  Warning: pressure scaling more than 1%, mu: 1.01235 1.01235 1.01235

Step 36450  Warning: pressure scaling more than 1%, mu: 1.0108 1.0108 1.0108

Step 38850  Warning: pressure scaling more than 1%, mu: 0.988092 0.988092 0.988092

Step 38900  Warning: pressure scaling more than 1%, mu: 1.01094 1.01094 1.01094

Step 39900  Warning: pressure scaling more than 1%, mu: 1.01179 1.01179 1.01179

Step 39950  Warning: pressure scaling more than 1%, mu: 0.989649 0.989649 0.989649

Step 41150  Warning: pressure scaling more than 1%, mu: 1.01137 1.01137 1.01137

Step 43650  Warning: pressure scaling more than 1%, mu: 1.01044 1.01044 1.01044

Step 44050  Warning: pressure scaling more than 1%, mu: 1.01443 1.01443 1.01443

Step 44100  Warning: pressure scaling more than 1%, mu: 0.989559 0.989559 0.989559

Step 44150  Warning: pressure scaling more than 1%, mu: 1.0105 1.0105 1.0105

Step 44200  Warning: pressure scaling more than 1%, mu: 0.983985 0.983985 0.983985

Step 44250  Warning: pressure scaling more than 1%, mu: 1.01126 1.01126 1.01126

Step 44350  Warning: pressure scaling more than 1%, mu: 1.0129 1.0129 1.0129

Step 44450  Warning: pressure scaling more than 1%, mu: 1.01296 1.01296 1.01296

Step 44500  Warning: pressure scaling more than 1%, mu: 0.984366 0.984366 0.984366

Step 44550  Warning: pressure scaling more than 1%, mu: 1.01512 1.01512 1.01512

Step 44600  Warning: pressure scaling more than 1%, mu: 0.981226 0.981226 0.981226

Step 44650  Warning: pressure scaling more than 1%, mu: 1.01923 1.01923 1.01923

Step 44700  Warning: pressure scaling more than 1%, mu: 0.98532 0.98532 0.98532

Step 44750  Warning: pressure scaling more than 1%, mu: 1.02066 1.02066 1.02066

Step 44800  Warning: pressure scaling more than 1%, mu: 0.981999 0.981999 0.981999

Step 44850  Warning: pressure scaling more than 1%, mu: 1.01858 1.01858 1.01858

Step 44900  Warning: pressure scaling more than 1%, mu: 0.978799 0.978799 0.978799

Step 44950  Warning: pressure scaling more than 1%, mu: 1.01857 1.01857 1.01857

Step 45000  Warning: pressure scaling more than 1%, mu: 0.984311 0.984311 0.984311

Step 45050  Warning: pressure scaling more than 1%, mu: 1.01251 1.01251 1.01251

Step 45150  Warning: pressure scaling more than 1%, mu: 1.01389 1.01389 1.01389

Step 45200  Warning: pressure scaling more than 1%, mu: 0.989049 0.989049 0.989049

Step 45250  Warning: pressure scaling more than 1%, mu: 1.01018 1.01018 1.01018

Step 45300  Warning: pressure scaling more than 1%, mu: 0.98437 0.98437 0.98437

Step 45350  Warning: pressure scaling more than 1%, mu: 1.01755 1.01755 1.01755

Step 45400  Warning: pressure scaling more than 1%, mu: 0.989041 0.989041 0.989041

Step 45450  Warning: pressure scaling more than 1%, mu: 1.01313 1.01313 1.01313

Step 45500  Warning: pressure scaling more than 1%, mu: 0.982717 0.982717 0.982717

Step 45550  Warning: pressure scaling more than 1%, mu: 1.01937 1.01937 1.01937

Step 45600  Warning: pressure scaling more than 1%, mu: 0.98305 0.98305 0.98305

Step 45650  Warning: pressure scaling more than 1%, mu: 1.01184 1.01184 1.01184

Step 45700  Warning: pressure scaling more than 1%, mu: 0.983389 0.983389 0.983389

Step 45750  Warning: pressure scaling more than 1%, mu: 1.01234 1.01234 1.01234

Step 45850  Warning: pressure scaling more than 1%, mu: 1.01861 1.01861 1.01861

Step 45900  Warning: pressure scaling more than 1%, mu: 0.984945 0.984945 0.984945

Step 45950  Warning: pressure scaling more than 1%, mu: 1.0136 1.0136 1.0136

Step 46000  Warning: pressure scaling more than 1%, mu: 0.98667 0.98667 0.98667

Step 46050  Warning: pressure scaling more than 1%, mu: 1.01154 1.01154 1.01154

Step 46150  Warning: pressure scaling more than 1%, mu: 1.01338 1.01338 1.01338

Step 46200  Warning: pressure scaling more than 1%, mu: 0.98588 0.98588 0.98588

Step 46250  Warning: pressure scaling more than 1%, mu: 1.01319 1.01319 1.01319

Step 46300  Warning: pressure scaling more than 1%, mu: 0.986795 0.986795 0.986795

Step 46350  Warning: pressure scaling more than 1%, mu: 1.01712 1.01712 1.01712

Step 46450  Warning: pressure scaling more than 1%, mu: 1.01312 1.01312 1.01312

Step 46500  Warning: pressure scaling more than 1%, mu: 0.987196 0.987196 0.987196

Step 46600  Warning: pressure scaling more than 1%, mu: 0.988881 0.988881 0.988881

Step 46750  Warning: pressure scaling more than 1%, mu: 1.0112 1.0112 1.0112

Step 46800  Warning: pressure scaling more than 1%, mu: 0.989843 0.989843 0.989843

Step 47150  Warning: pressure scaling more than 1%, mu: 1.01087 1.01087 1.01087

Step 48550  Warning: pressure scaling more than 1%, mu: 1.01019 1.01019 1.01019

Step 50100  Warning: pressure scaling more than 1%, mu: 0.988436 0.988436 0.988436

Step 52850  Warning: pressure scaling more than 1%, mu: 1.0114 1.0114 1.0114

Step 52900  Warning: pressure scaling more than 1%, mu: 0.989233 0.989233 0.989233

Step 53000  Warning: pressure scaling more than 1%, mu: 0.987454 0.987454 0.987454

Step 53050  Warning: pressure scaling more than 1%, mu: 1.01238 1.01238 1.01238

Step 53100  Warning: pressure scaling more than 1%, mu: 0.985855 0.985855 0.985855

Step 53150  Warning: pressure scaling more than 1%, mu: 1.0205 1.0205 1.0205

Step 53200  Warning: pressure scaling more than 1%, mu: 0.989054 0.989054 0.989054

Step 53600  Warning: pressure scaling more than 1%, mu: 0.989008 0.989008 0.989008

Step 54550  Warning: pressure scaling more than 1%, mu: 1.01424 1.01424 1.01424

Step 54600  Warning: pressure scaling more than 1%, mu: 0.985902 0.985902 0.985902

Step 54650  Warning: pressure scaling more than 1%, mu: 1.01945 1.01945 1.01945

Step 54700  Warning: pressure scaling more than 1%, mu: 0.984069 0.984069 0.984069

Step 54750  Warning: pressure scaling more than 1%, mu: 1.01319 1.01319 1.01319

Step 54800  Warning: pressure scaling more than 1%, mu: 0.987838 0.987838 0.987838

Step 54850  Warning: pressure scaling more than 1%, mu: 1.01078 1.01078 1.01078

Step 54900  Warning: pressure scaling more than 1%, mu: 0.989833 0.989833 0.989833

Step 54950  Warning: pressure scaling more than 1%, mu: 1.0197 1.0197 1.0197

Step 55000  Warning: pressure scaling more than 1%, mu: 0.983489 0.983489 0.983489

Step 55050  Warning: pressure scaling more than 1%, mu: 1.01615 1.01615 1.01615

Step 55100  Warning: pressure scaling more than 1%, mu: 0.98416 0.98416 0.98416

Step 55150  Warning: pressure scaling more than 1%, mu: 1.01462 1.01462 1.01462

Step 55200  Warning: pressure scaling more than 1%, mu: 0.985462 0.985462 0.985462

Step 55250  Warning: pressure scaling more than 1%, mu: 1.0125 1.0125 1.0125

Step 57100  Warning: pressure scaling more than 1%, mu: 1.01064 1.01064 1.01064

Step 60300  Warning: pressure scaling more than 1%, mu: 1.01158 1.01158 1.01158

Step 63300  Warning: pressure scaling more than 1%, mu: 1.01004 1.01004 1.01004

Step 63400  Warning: pressure scaling more than 1%, mu: 1.01184 1.01184 1.01184

Step 63550  Warning: pressure scaling more than 1%, mu: 0.988693 0.988693 0.988693

Step 63600  Warning: pressure scaling more than 1%, mu: 1.01215 1.01215 1.01215

Step 64100  Warning: pressure scaling more than 1%, mu: 1.01058 1.01058 1.01058

Step 65400  Warning: pressure scaling more than 1%, mu: 0.988884 0.988884 0.988884

Step 65550  Warning: pressure scaling more than 1%, mu: 1.01791 1.01791 1.01791

Step 65600  Warning: pressure scaling more than 1%, mu: 0.987487 0.987487 0.987487

Step 65650  Warning: pressure scaling more than 1%, mu: 1.01099 1.01099 1.01099

Step 65700  Warning: pressure scaling more than 1%, mu: 0.987397 0.987397 0.987397

Step 65750  Warning: pressure scaling more than 1%, mu: 1.01012 1.01012 1.01012

Step 65800  Warning: pressure scaling more than 1%, mu: 0.980395 0.980395 0.980395

Step 65850  Warning: pressure scaling more than 1%, mu: 1.01616 1.01616 1.01616

Step 65900  Warning: pressure scaling more than 1%, mu: 0.988153 0.988153 0.988153

Step 65950  Warning: pressure scaling more than 1%, mu: 1.01791 1.01791 1.01791

Step 66000  Warning: pressure scaling more than 1%, mu: 0.988068 0.988068 0.988068

Step 66050  Warning: pressure scaling more than 1%, mu: 1.01356 1.01356 1.01356

Step 66100  Warning: pressure scaling more than 1%, mu: 0.981499 0.981499 0.981499

Step 66150  Warning: pressure scaling more than 1%, mu: 1.01138 1.01138 1.01138

Step 66200  Warning: pressure scaling more than 1%, mu: 0.986567 0.986567 0.986567

Step 66250  Warning: pressure scaling more than 1%, mu: 1.01245 1.01245 1.01245

Step 68900  Warning: pressure scaling more than 1%, mu: 0.988413 0.988413 0.988413

Step 69150  Warning: pressure scaling more than 1%, mu: 1.01782 1.01782 1.01782

Step 69200  Warning: pressure scaling more than 1%, mu: 0.983276 0.983276 0.983276

Step 69250  Warning: pressure scaling more than 1%, mu: 1.01294 1.01294 1.01294

Step 69300  Warning: pressure scaling more than 1%, mu: 0.986871 0.986871 0.986871

Step 69400  Warning: pressure scaling more than 1%, mu: 0.989101 0.989101 0.989101

Step 69450  Warning: pressure scaling more than 1%, mu: 1.01438 1.01438 1.01438

Step 69550  Warning: pressure scaling more than 1%, mu: 1.0137 1.0137 1.0137

Step 69600  Warning: pressure scaling more than 1%, mu: 0.986335 0.986335 0.986335

Step 69650  Warning: pressure scaling more than 1%, mu: 1.01046 1.01046 1.01046

Step 69700  Warning: pressure scaling more than 1%, mu: 0.987719 0.987719 0.987719

Step 69850  Warning: pressure scaling more than 1%, mu: 1.01225 1.01225 1.01225

Step 71900  Warning: pressure scaling more than 1%, mu: 0.989159 0.989159 0.989159

Step 73150  Warning: pressure scaling more than 1%, mu: 0.988742 0.988742 0.988742

Step 73200  Warning: pressure scaling more than 1%, mu: 1.01049 1.01049 1.01049

Step 73550  Warning: pressure scaling more than 1%, mu: 0.989368 0.989368 0.989368

Step 73600  Warning: pressure scaling more than 1%, mu: 1.01723 1.01723 1.01723

Step 75950  Warning: pressure scaling more than 1%, mu: 0.989837 0.989837 0.989837

Step 76100  Warning: pressure scaling more than 1%, mu: 1.01178 1.01178 1.01178

Step 76350  Warning: pressure scaling more than 1%, mu: 0.98994 0.98994 0.98994

Step 78400  Warning: pressure scaling more than 1%, mu: 0.989349 0.989349 0.989349

Step 80250  Warning: pressure scaling more than 1%, mu: 0.989221 0.989221 0.989221

Step 81250  Warning: pressure scaling more than 1%, mu: 1.01009 1.01009 1.01009

Step 81550  Warning: pressure scaling more than 1%, mu: 1.01115 1.01115 1.01115

Step 84050  Warning: pressure scaling more than 1%, mu: 0.989036 0.989036 0.989036

Step 84100  Warning: pressure scaling more than 1%, mu: 1.0129 1.0129 1.0129

Step 84200  Warning: pressure scaling more than 1%, mu: 1.01096 1.01096 1.01096

Step 84300  Warning: pressure scaling more than 1%, mu: 1.01216 1.01216 1.01216

Step 84350  Warning: pressure scaling more than 1%, mu: 0.985023 0.985023 0.985023

Step 84400  Warning: pressure scaling more than 1%, mu: 1.01558 1.01558 1.01558

Step 84450  Warning: pressure scaling more than 1%, mu: 0.985477 0.985477 0.985477

Step 84500  Warning: pressure scaling more than 1%, mu: 1.01333 1.01333 1.01333

Step 84600  Warning: pressure scaling more than 1%, mu: 1.01261 1.01261 1.01261

Step 84650  Warning: pressure scaling more than 1%, mu: 0.987442 0.987442 0.987442

Step 84700  Warning: pressure scaling more than 1%, mu: 1.01466 1.01466 1.01466

Step 84750  Warning: pressure scaling more than 1%, mu: 0.986818 0.986818 0.986818

Step 86900  Warning: pressure scaling more than 1%, mu: 1.01084 1.01084 1.01084

Step 87000  Warning: pressure scaling more than 1%, mu: 1.0105 1.0105 1.0105

Step 87050  Warning: pressure scaling more than 1%, mu: 0.989301 0.989301 0.989301

Step 87300  Warning: pressure scaling more than 1%, mu: 1.01056 1.01056 1.01056

Step 87450  Warning: pressure scaling more than 1%, mu: 0.987327 0.987327 0.987327

Step 91350  Warning: pressure scaling more than 1%, mu: 0.986664 0.986664 0.986664

Step 91400  Warning: pressure scaling more than 1%, mu: 1.01022 1.01022 1.01022

Step 91450  Warning: pressure scaling more than 1%, mu: 0.989129 0.989129 0.989129

Step 91500  Warning: pressure scaling more than 1%, mu: 1.01511 1.01511 1.01511

Step 91550  Warning: pressure scaling more than 1%, mu: 0.987672 0.987672 0.987672

Step 91600  Warning: pressure scaling more than 1%, mu: 1.01427 1.01427 1.01427

Step 91650  Warning: pressure scaling more than 1%, mu: 0.988974 0.988974 0.988974

Step 91700  Warning: pressure scaling more than 1%, mu: 1.01308 1.01308 1.01308

Step 91750  Warning: pressure scaling more than 1%, mu: 0.981179 0.981179 0.981179

Step 91800  Warning: pressure scaling more than 1%, mu: 1.01257 1.01257 1.01257

Step 91850  Warning: pressure scaling more than 1%, mu: 0.988344 0.988344 0.988344

Step 91900  Warning: pressure scaling more than 1%, mu: 1.0115 1.0115 1.0115

Step 92000  Warning: pressure scaling more than 1%, mu: 1.01011 1.01011 1.01011

Step 92350  Warning: pressure scaling more than 1%, mu: 0.989236 0.989236 0.989236

Step 92400  Warning: pressure scaling more than 1%, mu: 1.01484 1.01484 1.01484

Step 92450  Warning: pressure scaling more than 1%, mu: 0.98712 0.98712 0.98712

Step 92500  Warning: pressure scaling more than 1%, mu: 1.01296 1.01296 1.01296

Step 92550  Warning: pressure scaling more than 1%, mu: 0.986946 0.986946 0.986946

Step 92800  Warning: pressure scaling more than 1%, mu: 1.0128 1.0128 1.0128

Step 92900  Warning: pressure scaling more than 1%, mu: 1.01463 1.01463 1.01463

Step 92950  Warning: pressure scaling more than 1%, mu: 0.985123 0.985123 0.985123

Step 93100  Warning: pressure scaling more than 1%, mu: 1.01284 1.01284 1.01284

Step 93200  Warning: pressure scaling more than 1%, mu: 1.013 1.013 1.013

Step 93250  Warning: pressure scaling more than 1%, mu: 0.989394 0.989394 0.989394

Step 93350  Warning: pressure scaling more than 1%, mu: 0.989418 0.989418 0.989418

Step 93400  Warning: pressure scaling more than 1%, mu: 1.01299 1.01299 1.01299

Step 93450  Warning: pressure scaling more than 1%, mu: 0.988306 0.988306 0.988306

Step 93500  Warning: pressure scaling more than 1%, mu: 1.01334 1.01334 1.01334

Step 93950  Warning: pressure scaling more than 1%, mu: 0.988976 0.988976 0.988976

Step 96800  Warning: pressure scaling more than 1%, mu: 0.988377 0.988377 0.988377

Step 97950  Warning: pressure scaling more than 1%, mu: 0.988761 0.988761 0.988761

Step 98000  Warning: pressure scaling more than 1%, mu: 1.0112 1.0112 1.0112

Step 98850  Warning: pressure scaling more than 1%, mu: 0.987444 0.987444 0.987444

Step 99000  Warning: pressure scaling more than 1%, mu: 1.01303 1.01303 1.01303

Step 99100  Warning: pressure scaling more than 1%, mu: 1.01015 1.01015 1.01015

Step 99150  Warning: pressure scaling more than 1%, mu: 0.988401 0.988401 0.988401

Step 99250  Warning: pressure scaling more than 1%, mu: 0.988784 0.988784 0.988784

Step 99300  Warning: pressure scaling more than 1%, mu: 1.01075 1.01075 1.01075

Step 99350  Warning: pressure scaling more than 1%, mu: 0.989824 0.989824 0.989824

Step 99400  Warning: pressure scaling more than 1%, mu: 1.01577 1.01577 1.01577

Step 99450  Warning: pressure scaling more than 1%, mu: 0.983054 0.983054 0.983054

Step 99500  Warning: pressure scaling more than 1%, mu: 1.01208 1.01208 1.01208

Step 99650  Warning: pressure scaling more than 1%, mu: 0.98838 0.98838 0.98838

Step 99700  Warning: pressure scaling more than 1%, mu: 1.01181 1.01181 1.01181

Step 99750  Warning: pressure scaling more than 1%, mu: 0.987107 0.987107 0.987107

Step 99800  Warning: pressure scaling more than 1%, mu: 1.01719 1.01719 1.01719

Step 99950  Warning: pressure scaling more than 1%, mu: 0.98757 0.98757 0.98757

Step 100050  Warning: pressure scaling more than 1%, mu: 0.987552 0.987552 0.987552

Step 100300  Warning: pressure scaling more than 1%, mu: 1.01367 1.01367 1.01367

Step 100350  Warning: pressure scaling more than 1%, mu: 0.987953 0.987953 0.987953

Step 100450  Warning: pressure scaling more than 1%, mu: 0.986349 0.986349 0.986349

Step 101550  Warning: pressure scaling more than 1%, mu: 1.01007 1.01007 1.01007

Step 102450  Warning: pressure scaling more than 1%, mu: 1.01022 1.01022 1.01022

Step 102600  Warning: pressure scaling more than 1%, mu: 0.987517 0.987517 0.987517

Step 107150  Warning: pressure scaling more than 1%, mu: 0.987974 0.987974 0.987974

Step 107250  Warning: pressure scaling more than 1%, mu: 0.989046 0.989046 0.989046

Step 107300  Warning: pressure scaling more than 1%, mu: 1.0177 1.0177 1.0177

Step 107700  Warning: pressure scaling more than 1%, mu: 1.01345 1.01345 1.01345

Step 108550  Warning: pressure scaling more than 1%, mu: 1.01017 1.01017 1.01017

Step 109100  Warning: pressure scaling more than 1%, mu: 0.988261 0.988261 0.988261

Step 109500  Warning: pressure scaling more than 1%, mu: 0.989335 0.989335 0.989335

Step 112050  Warning: pressure scaling more than 1%, mu: 1.01284 1.01284 1.01284

Step 112100  Warning: pressure scaling more than 1%, mu: 0.988459 0.988459 0.988459

Step 112450  Warning: pressure scaling more than 1%, mu: 1.01156 1.01156 1.01156

Step 114850  Warning: pressure scaling more than 1%, mu: 1.01003 1.01003 1.01003

Step 115400  Warning: pressure scaling more than 1%, mu: 0.988067 0.988067 0.988067

Step 115800  Warning: pressure scaling more than 1%, mu: 0.989961 0.989961 0.989961

Step 115850  Warning: pressure scaling more than 1%, mu: 1.01328 1.01328 1.01328

Step 115900  Warning: pressure scaling more than 1%, mu: 0.988254 0.988254 0.988254

Step 115950  Warning: pressure scaling more than 1%, mu: 1.01331 1.01331 1.01331

Step 116900  Warning: pressure scaling more than 1%, mu: 0.987959 0.987959 0.987959

Step 116950  Warning: pressure scaling more than 1%, mu: 1.01283 1.01283 1.01283

Step 117250  Warning: pressure scaling more than 1%, mu: 1.01331 1.01331 1.01331

Step 117300  Warning: pressure scaling more than 1%, mu: 0.986342 0.986342 0.986342

Step 117350  Warning: pressure scaling more than 1%, mu: 1.0135 1.0135 1.0135

Step 117400  Warning: pressure scaling more than 1%, mu: 0.985744 0.985744 0.985744

Step 117450  Warning: pressure scaling more than 1%, mu: 1.01384 1.01384 1.01384

Step 117700  Warning: pressure scaling more than 1%, mu: 0.986112 0.986112 0.986112

Step 117750  Warning: pressure scaling more than 1%, mu: 1.01507 1.01507 1.01507

Step 117800  Warning: pressure scaling more than 1%, mu: 0.987604 0.987604 0.987604

Step 117850  Warning: pressure scaling more than 1%, mu: 1.01593 1.01593 1.01593

Step 118000  Warning: pressure scaling more than 1%, mu: 0.984562 0.984562 0.984562

Step 118150  Warning: pressure scaling more than 1%, mu: 1.01386 1.01386 1.01386

Step 118300  Warning: pressure scaling more than 1%, mu: 0.986818 0.986818 0.986818

Step 118350  Warning: pressure scaling more than 1%, mu: 1.01121 1.01121 1.01121

Step 118700  Warning: pressure scaling more than 1%, mu: 0.98818 0.98818 0.98818

Step 121400  Warning: pressure scaling more than 1%, mu: 1.01073 1.01073 1.01073

Step 122800  Warning: pressure scaling more than 1%, mu: 1.01025 1.01025 1.01025

Step 122850  Warning: pressure scaling more than 1%, mu: 0.989836 0.989836 0.989836

Step 122900  Warning: pressure scaling more than 1%, mu: 1.01081 1.01081 1.01081

Step 122950  Warning: pressure scaling more than 1%, mu: 0.985606 0.985606 0.985606

Step 123000  Warning: pressure scaling more than 1%, mu: 1.01416 1.01416 1.01416

Step 123050  Warning: pressure scaling more than 1%, mu: 0.985808 0.985808 0.985808

Step 123100  Warning: pressure scaling more than 1%, mu: 1.01014 1.01014 1.01014

Step 123150  Warning: pressure scaling more than 1%, mu: 0.988523 0.988523 0.988523

Step 123300  Warning: pressure scaling more than 1%, mu: 1.01032 1.01032 1.01032

Step 123400  Warning: pressure scaling more than 1%, mu: 1.0134 1.0134 1.0134

Step 123450  Warning: pressure scaling more than 1%, mu: 0.989407 0.989407 0.989407

Step 123500  Warning: pressure scaling more than 1%, mu: 1.01021 1.01021 1.01021

Step 123550  Warning: pressure scaling more than 1%, mu: 0.986546 0.986546 0.986546

Step 123950  Warning: pressure scaling more than 1%, mu: 0.989925 0.989925 0.989925

Step 124300  Warning: pressure scaling more than 1%, mu: 0.988075 0.988075 0.988075

Step 124600  Warning: pressure scaling more than 1%, mu: 0.988943 0.988943 0.988943

Step 125450  Warning: pressure scaling more than 1%, mu: 0.989489 0.989489 0.989489

Step 125800  Warning: pressure scaling more than 1%, mu: 1.0103 1.0103 1.0103

Step 126300  Warning: pressure scaling more than 1%, mu: 1.01331 1.01331 1.01331

Step 126450  Warning: pressure scaling more than 1%, mu: 0.989696 0.989696 0.989696

Step 126550  Warning: pressure scaling more than 1%, mu: 0.983372 0.983372 0.983372

Step 126600  Warning: pressure scaling more than 1%, mu: 1.01504 1.01504 1.01504

Step 128050  Warning: pressure scaling more than 1%, mu: 0.989184 0.989184 0.989184

Step 128500  Warning: pressure scaling more than 1%, mu: 1.01345 1.01345 1.01345

Step 130750  Warning: pressure scaling more than 1%, mu: 1.01013 1.01013 1.01013

Step 131000  Warning: pressure scaling more than 1%, mu: 0.987564 0.987564 0.987564

Step 131150  Warning: pressure scaling more than 1%, mu: 1.01123 1.01123 1.01123

Step 131450  Warning: pressure scaling more than 1%, mu: 1.01058 1.01058 1.01058

Step 131500  Warning: pressure scaling more than 1%, mu: 0.987676 0.987676 0.987676

Step 135050  Warning: pressure scaling more than 1%, mu: 0.989857 0.989857 0.989857

Step 135100  Warning: pressure scaling more than 1%, mu: 1.01727 1.01727 1.01727

Step 135250  Warning: pressure scaling more than 1%, mu: 0.987365 0.987365 0.987365

Step 135350  Warning: pressure scaling more than 1%, mu: 0.987824 0.987824 0.987824

Step 135400  Warning: pressure scaling more than 1%, mu: 1.01461 1.01461 1.01461

Step 135450  Warning: pressure scaling more than 1%, mu: 0.988258 0.988258 0.988258

Step 135500  Warning: pressure scaling more than 1%, mu: 1.01426 1.01426 1.01426

Step 135550  Warning: pressure scaling more than 1%, mu: 0.983582 0.983582 0.983582

Step 135600  Warning: pressure scaling more than 1%, mu: 1.01565 1.01565 1.01565

Step 135650  Warning: pressure scaling more than 1%, mu: 0.985428 0.985428 0.985428

Step 135700  Warning: pressure scaling more than 1%, mu: 1.01735 1.01735 1.01735

Step 135750  Warning: pressure scaling more than 1%, mu: 0.986471 0.986471 0.986471

Step 135800  Warning: pressure scaling more than 1%, mu: 1.01103 1.01103 1.01103

Step 135850  Warning: pressure scaling more than 1%, mu: 0.988254 0.988254 0.988254

Step 136300  Warning: pressure scaling more than 1%, mu: 1.01132 1.01132 1.01132

Step 140200  Warning: pressure scaling more than 1%, mu: 0.989261 0.989261 0.989261

Step 141200  Warning: pressure scaling more than 1%, mu: 1.01115 1.01115 1.01115

Step 141850  Warning: pressure scaling more than 1%, mu: 0.987856 0.987856 0.987856

Step 141900  Warning: pressure scaling more than 1%, mu: 1.01246 1.01246 1.01246

Step 142350  Warning: pressure scaling more than 1%, mu: 0.989436 0.989436 0.989436

Step 143100  Warning: pressure scaling more than 1%, mu: 0.989407 0.989407 0.989407

Step 143150  Warning: pressure scaling more than 1%, mu: 1.01271 1.01271 1.01271

Step 143200  Warning: pressure scaling more than 1%, mu: 0.989401 0.989401 0.989401

Step 143300  Warning: pressure scaling more than 1%, mu: 0.989992 0.989992 0.989992

Step 143950  Warning: pressure scaling more than 1%, mu: 1.01283 1.01283 1.01283

Step 144000  Warning: pressure scaling more than 1%, mu: 0.98988 0.98988 0.98988

Step 145600  Warning: pressure scaling more than 1%, mu: 0.98898 0.98898 0.98898

Step 145650  Warning: pressure scaling more than 1%, mu: 1.01106 1.01106 1.01106

Step 146000  Warning: pressure scaling more than 1%, mu: 0.983817 0.983817 0.983817

Step 146050  Warning: pressure scaling more than 1%, mu: 1.01461 1.01461 1.01461

Step 146300  Warning: pressure scaling more than 1%, mu: 0.98974 0.98974 0.98974

Step 146450  Warning: pressure scaling more than 1%, mu: 1.01723 1.01723 1.01723

Step 146500  Warning: pressure scaling more than 1%, mu: 0.989369 0.989369 0.989369

Step 146550  Warning: pressure scaling more than 1%, mu: 1.01336 1.01336 1.01336

Step 146600  Warning: pressure scaling more than 1%, mu: 0.984634 0.984634 0.984634

Step 146650  Warning: pressure scaling more than 1%, mu: 1.01249 1.01249 1.01249

Step 146700  Warning: pressure scaling more than 1%, mu: 0.985112 0.985112 0.985112

Step 146750  Warning: pressure scaling more than 1%, mu: 1.01381 1.01381 1.01381

Step 146850  Warning: pressure scaling more than 1%, mu: 1.01165 1.01165 1.01165

Step 146950  Warning: pressure scaling more than 1%, mu: 1.01108 1.01108 1.01108

Step 147000  Warning: pressure scaling more than 1%, mu: 0.98018 0.98018 0.98018

Step 147050  Warning: pressure scaling more than 1%, mu: 1.01932 1.01932 1.01932

Step 147100  Warning: pressure scaling more than 1%, mu: 0.984939 0.984939 0.984939

Step 147150  Warning: pressure scaling more than 1%, mu: 1.01665 1.01665 1.01665

Step 147200  Warning: pressure scaling more than 1%, mu: 0.982707 0.982707 0.982707

Step 147250  Warning: pressure scaling more than 1%, mu: 1.0185 1.0185 1.0185

Step 147300  Warning: pressure scaling more than 1%, mu: 0.98984 0.98984 0.98984

Step 147400  Warning: pressure scaling more than 1%, mu: 0.989746 0.989746 0.989746

Step 147450  Warning: pressure scaling more than 1%, mu: 1.01365 1.01365 1.01365

Step 147500  Warning: pressure scaling more than 1%, mu: 0.984663 0.984663 0.984663

Step 147550  Warning: pressure scaling more than 1%, mu: 1.01943 1.01943 1.01943

Step 147600  Warning: pressure scaling more than 1%, mu: 0.982523 0.982523 0.982523

Step 147650  Warning: pressure scaling more than 1%, mu: 1.01705 1.01705 1.01705

Step 147700  Warning: pressure scaling more than 1%, mu: 0.982984 0.982984 0.982984

Step 147750  Warning: pressure scaling more than 1%, mu: 1.01375 1.01375 1.01375

Step 147850  Warning: pressure scaling more than 1%, mu: 1.01151 1.01151 1.01151

Step 148650  Warning: pressure scaling more than 1%, mu: 1.01067 1.01067 1.01067

Step 149900  Warning: pressure scaling more than 1%, mu: 1.01085 1.01085 1.01085

Step 149950  Warning: pressure scaling more than 1%, mu: 0.983509 0.983509 0.983509

Step 150000  Warning: pressure scaling more than 1%, mu: 1.01738 1.01738 1.01738

Step 150050  Warning: pressure scaling more than 1%, mu: 0.989827 0.989827 0.989827

Step 151500  Warning: pressure scaling more than 1%, mu: 1.01129 1.01129 1.01129

Step 155250  Warning: pressure scaling more than 1%, mu: 1.01081 1.01081 1.01081

Step 158100  Warning: pressure scaling more than 1%, mu: 1.01016 1.01016 1.01016

Step 158150  Warning: pressure scaling more than 1%, mu: 0.986997 0.986997 0.986997

Step 158250  Warning: pressure scaling more than 1%, mu: 0.987146 0.987146 0.987146

Step 158300  Warning: pressure scaling more than 1%, mu: 1.01356 1.01356 1.01356

Step 158700  Warning: pressure scaling more than 1%, mu: 1.01545 1.01545 1.01545

Step 158800  Warning: pressure scaling more than 1%, mu: 1.01131 1.01131 1.01131

Step 160200  Warning: pressure scaling more than 1%, mu: 1.01107 1.01107 1.01107

Step 161150  Warning: pressure scaling more than 1%, mu: 0.989262 0.989262 0.989262

Step 162900  Warning: pressure scaling more than 1%, mu: 1.01091 1.01091 1.01091

Step 164600  Warning: pressure scaling more than 1%, mu: 1.01087 1.01087 1.01087

Step 167050  Warning: pressure scaling more than 1%, mu: 1.01304 1.01304 1.01304

Step 168200  Warning: pressure scaling more than 1%, mu: 0.989355 0.989355 0.989355

Step 168450  Warning: pressure scaling more than 1%, mu: 1.01031 1.01031 1.01031

Step 168600  Warning: pressure scaling more than 1%, mu: 0.985535 0.985535 0.985535

Step 169000  Warning: pressure scaling more than 1%, mu: 0.98726 0.98726 0.98726

Step 171700  Warning: pressure scaling more than 1%, mu: 1.01002 1.01002 1.01002

Step 173300  Warning: pressure scaling more than 1%, mu: 1.01398 1.01398 1.01398

Step 173350  Warning: pressure scaling more than 1%, mu: 0.988184 0.988184 0.988184

Step 173850  Warning: pressure scaling more than 1%, mu: 0.989313 0.989313 0.989313

Step 173900  Warning: pressure scaling more than 1%, mu: 1.01053 1.01053 1.01053

Step 176000  Warning: pressure scaling more than 1%, mu: 1.01149 1.01149 1.01149

Step 176050  Warning: pressure scaling more than 1%, mu: 0.989633 0.989633 0.989633

Step 176150  Warning: pressure scaling more than 1%, mu: 0.986136 0.986136 0.986136

Step 176300  Warning: pressure scaling more than 1%, mu: 1.0117 1.0117 1.0117

Step 176400  Warning: pressure scaling more than 1%, mu: 1.01057 1.01057 1.01057

Step 176450  Warning: pressure scaling more than 1%, mu: 0.989121 0.989121 0.989121

Step 176500  Warning: pressure scaling more than 1%, mu: 1.01067 1.01067 1.01067

Step 176850  Warning: pressure scaling more than 1%, mu: 0.989924 0.989924 0.989924

Step 176950  Warning: pressure scaling more than 1%, mu: 0.989164 0.989164 0.989164

Step 177000  Warning: pressure scaling more than 1%, mu: 1.01685 1.01685 1.01685

Step 177050  Warning: pressure scaling more than 1%, mu: 0.986777 0.986777 0.986777

Step 177100  Warning: pressure scaling more than 1%, mu: 1.01369 1.01369 1.01369

Step 177150  Warning: pressure scaling more than 1%, mu: 0.987611 0.987611 0.987611

Step 177250  Warning: pressure scaling more than 1%, mu: 0.989218 0.989218 0.989218

Step 177300  Warning: pressure scaling more than 1%, mu: 1.01171 1.01171 1.01171

Step 177600  Warning: pressure scaling more than 1%, mu: 1.01393 1.01393 1.01393

Step 177700  Warning: pressure scaling more than 1%, mu: 1.01213 1.01213 1.01213

Step 177750  Warning: pressure scaling more than 1%, mu: 0.989838 0.989838 0.989838

Step 177800  Warning: pressure scaling more than 1%, mu: 1.01351 1.01351 1.01351

Step 178000  Warning: pressure scaling more than 1%, mu: 1.01166 1.01166 1.01166

Step 178050  Warning: pressure scaling more than 1%, mu: 0.988952 0.988952 0.988952

Step 178650  Warning: pressure scaling more than 1%, mu: 0.98769 0.98769 0.98769

Step 179250  Warning: pressure scaling more than 1%, mu: 0.989858 0.989858 0.989858

Step 183000  Warning: pressure scaling more than 1%, mu: 0.988993 0.988993 0.988993

Step 183050  Warning: pressure scaling more than 1%, mu: 1.01201 1.01201 1.01201

Step 184000  Warning: pressure scaling more than 1%, mu: 0.988696 0.988696 0.988696

Step 186050  Warning: pressure scaling more than 1%, mu: 0.989694 0.989694 0.989694

Step 186100  Warning: pressure scaling more than 1%, mu: 1.01418 1.01418 1.01418

Step 186900  Warning: pressure scaling more than 1%, mu: 1.01096 1.01096 1.01096

Step 189250  Warning: pressure scaling more than 1%, mu: 1.01023 1.01023 1.01023

Step 192600  Warning: pressure scaling more than 1%, mu: 0.98906 0.98906 0.98906

Step 197850  Warning: pressure scaling more than 1%, mu: 0.989607 0.989607 0.989607

Step 197900  Warning: pressure scaling more than 1%, mu: 1.01165 1.01165 1.01165

Step 197950  Warning: pressure scaling more than 1%, mu: 0.988703 0.988703 0.988703

Step 198000  Warning: pressure scaling more than 1%, mu: 1.01159 1.01159 1.01159

Step 199400  Warning: pressure scaling more than 1%, mu: 1.01094 1.01094 1.01094

Step 203000  Warning: pressure scaling more than 1%, mu: 1.011 1.011 1.011

Step 208550  Warning: pressure scaling more than 1%, mu: 0.989731 0.989731 0.989731

Step 210050  Warning: pressure scaling more than 1%, mu: 0.989132 0.989132 0.989132

Step 210300  Warning: pressure scaling more than 1%, mu: 1.01013 1.01013 1.01013

Step 210350  Warning: pressure scaling more than 1%, mu: 0.989879 0.989879 0.989879

Step 210550  Warning: pressure scaling more than 1%, mu: 0.989688 0.989688 0.989688

Step 210600  Warning: pressure scaling more than 1%, mu: 1.01485 1.01485 1.01485

Step 210650  Warning: pressure scaling more than 1%, mu: 0.987696 0.987696 0.987696

Step 210700  Warning: pressure scaling more than 1%, mu: 1.01392 1.01392 1.01392

Step 210750  Warning: pressure scaling more than 1%, mu: 0.983891 0.983891 0.983891

Step 210800  Warning: pressure scaling more than 1%, mu: 1.01338 1.01338 1.01338

Step 210850  Warning: pressure scaling more than 1%, mu: 0.984262 0.984262 0.984262

Step 210900  Warning: pressure scaling more than 1%, mu: 1.01406 1.01406 1.01406

Step 210950  Warning: pressure scaling more than 1%, mu: 0.985587 0.985587 0.985587

Step 211000  Warning: pressure scaling more than 1%, mu: 1.01764 1.01764 1.01764

Step 211050  Warning: pressure scaling more than 1%, mu: 0.985879 0.985879 0.985879

Step 213600  Warning: pressure scaling more than 1%, mu: 0.989485 0.989485 0.989485

Step 215250  Warning: pressure scaling more than 1%, mu: 0.989804 0.989804 0.989804

Step 215400  Warning: pressure scaling more than 1%, mu: 1.01072 1.01072 1.01072

Step 215450  Warning: pressure scaling more than 1%, mu: 0.98981 0.98981 0.98981

Step 215800  Warning: pressure scaling more than 1%, mu: 1.01343 1.01343 1.01343

Step 215850  Warning: pressure scaling more than 1%, mu: 0.983244 0.983244 0.983244

Step 215900  Warning: pressure scaling more than 1%, mu: 1.0132 1.0132 1.0132

Step 216100  Warning: pressure scaling more than 1%, mu: 1.01029 1.01029 1.01029

Step 216150  Warning: pressure scaling more than 1%, mu: 0.989129 0.989129 0.989129

Step 216200  Warning: pressure scaling more than 1%, mu: 1.01185 1.01185 1.01185

Step 216250  Warning: pressure scaling more than 1%, mu: 0.989457 0.989457 0.989457

Step 216300  Warning: pressure scaling more than 1%, mu: 1.01165 1.01165 1.01165

Step 217800  Warning: pressure scaling more than 1%, mu: 0.987784 0.987784 0.987784

Step 217850  Warning: pressure scaling more than 1%, mu: 1.01358 1.01358 1.01358

Step 217950  Warning: pressure scaling more than 1%, mu: 1.01063 1.01063 1.01063

Step 219150  Warning: pressure scaling more than 1%, mu: 1.0103 1.0103 1.0103

Step 220150  Warning: pressure scaling more than 1%, mu: 0.989957 0.989957 0.989957

Step 220200  Warning: pressure scaling more than 1%, mu: 1.01122 1.01122 1.01122

Step 220250  Warning: pressure scaling more than 1%, mu: 0.988151 0.988151 0.988151

Step 220300  Warning: pressure scaling more than 1%, mu: 1.01522 1.01522 1.01522

Step 220700  Warning: pressure scaling more than 1%, mu: 1.0124 1.0124 1.0124

Step 222200  Warning: pressure scaling more than 1%, mu: 1.01057 1.01057 1.01057

Step 225400  Warning: pressure scaling more than 1%, mu: 1.01472 1.01472 1.01472

Step 232400  Warning: pressure scaling more than 1%, mu: 1.01095 1.01095 1.01095

Step 232450  Warning: pressure scaling more than 1%, mu: 0.98958 0.98958 0.98958

Step 232650  Warning: pressure scaling more than 1%, mu: 0.988643 0.988643 0.988643

Step 232700  Warning: pressure scaling more than 1%, mu: 1.01459 1.01459 1.01459

Step 232750  Warning: pressure scaling more than 1%, mu: 0.988869 0.988869 0.988869

Step 235350  Warning: pressure scaling more than 1%, mu: 1.01539 1.01539 1.01539

Step 235450  Warning: pressure scaling more than 1%, mu: 1.01409 1.01409 1.01409

Step 235500  Warning: pressure scaling more than 1%, mu: 0.987118 0.987118 0.987118

Step 235750  Warning: pressure scaling more than 1%, mu: 1.01033 1.01033 1.01033

Step 235800  Warning: pressure scaling more than 1%, mu: 0.98824 0.98824 0.98824

Step 237850  Warning: pressure scaling more than 1%, mu: 0.987466 0.987466 0.987466

Step 237950  Warning: pressure scaling more than 1%, mu: 0.988214 0.988214 0.988214

Step 238000  Warning: pressure scaling more than 1%, mu: 1.01 1.01 1.01

Step 238100  Warning: pressure scaling more than 1%, mu: 1.01555 1.01555 1.01555

Step 238150  Warning: pressure scaling more than 1%, mu: 0.989122 0.989122 0.989122

Step 238250  Warning: pressure scaling more than 1%, mu: 0.988459 0.988459 0.988459

Step 241300  Warning: pressure scaling more than 1%, mu: 1.01084 1.01084 1.01084

Step 243050  Warning: pressure scaling more than 1%, mu: 0.989178 0.989178 0.989178

Step 248750  Warning: pressure scaling more than 1%, mu: 0.989913 0.989913 0.989913

Step 248800  Warning: pressure scaling more than 1%, mu: 1.01069 1.01069 1.01069

Step 251750  Warning: pressure scaling more than 1%, mu: 1.01042 1.01042 1.01042

Step 253300  Warning: pressure scaling more than 1%, mu: 0.988104 0.988104 0.988104

Step 253750  Warning: pressure scaling more than 1%, mu: 1.01152 1.01152 1.01152

Step 253900  Warning: pressure scaling more than 1%, mu: 0.989992 0.989992 0.989992

Step 253950  Warning: pressure scaling more than 1%, mu: 1.01208 1.01208 1.01208

Step 254000  Warning: pressure scaling more than 1%, mu: 0.985961 0.985961 0.985961

Step 254050  Warning: pressure scaling more than 1%, mu: 1.01118 1.01118 1.01118

Step 254100  Warning: pressure scaling more than 1%, mu: 0.987414 0.987414 0.987414

Step 254150  Warning: pressure scaling more than 1%, mu: 1.01552 1.01552 1.01552

Step 254200  Warning: pressure scaling more than 1%, mu: 0.989587 0.989587 0.989587

Step 254400  Warning: pressure scaling more than 1%, mu: 0.986651 0.986651 0.986651

Step 254450  Warning: pressure scaling more than 1%, mu: 1.01213 1.01213 1.01213

Step 254500  Warning: pressure scaling more than 1%, mu: 0.988872 0.988872 0.988872

Step 254550  Warning: pressure scaling more than 1%, mu: 1.01181 1.01181 1.01181

Step 256250  Warning: pressure scaling more than 1%, mu: 0.988225 0.988225 0.988225

Step 256350  Warning: pressure scaling more than 1%, mu: 0.987683 0.987683 0.987683

Step 256500  Warning: pressure scaling more than 1%, mu: 1.01123 1.01123 1.01123

Step 259600  Warning: pressure scaling more than 1%, mu: 1.01224 1.01224 1.01224

Step 262250  Warning: pressure scaling more than 1%, mu: 1.01734 1.01734 1.01734

Step 265650  Warning: pressure scaling more than 1%, mu: 0.986383 0.986383 0.986383

Step 265700  Warning: pressure scaling more than 1%, mu: 1.01448 1.01448 1.01448

Step 265750  Warning: pressure scaling more than 1%, mu: 0.988717 0.988717 0.988717

Step 265900  Warning: pressure scaling more than 1%, mu: 1.01472 1.01472 1.01472

Step 265950  Warning: pressure scaling more than 1%, mu: 0.988112 0.988112 0.988112

Step 266000  Warning: pressure scaling more than 1%, mu: 1.01046 1.01046 1.01046

Step 266350  Warning: pressure scaling more than 1%, mu: 0.988414 0.988414 0.988414

Step 266400  Warning: pressure scaling more than 1%, mu: 1.01302 1.01302 1.01302

Step 266450  Warning: pressure scaling more than 1%, mu: 0.98961 0.98961 0.98961

Step 266500  Warning: pressure scaling more than 1%, mu: 1.01054 1.01054 1.01054

Step 266800  Warning: pressure scaling more than 1%, mu: 1.01237 1.01237 1.01237

Step 267100  Warning: pressure scaling more than 1%, mu: 1.01091 1.01091 1.01091

Step 267200  Warning: pressure scaling more than 1%, mu: 1.01263 1.01263 1.01263

Step 267450  Warning: pressure scaling more than 1%, mu: 0.989552 0.989552 0.989552

Step 267500  Warning: pressure scaling more than 1%, mu: 1.01118 1.01118 1.01118

Step 267550  Warning: pressure scaling more than 1%, mu: 0.989106 0.989106 0.989106

Step 267600  Warning: pressure scaling more than 1%, mu: 1.01504 1.01504 1.01504

Step 267650  Warning: pressure scaling more than 1%, mu: 0.988686 0.988686 0.988686

Step 267800  Warning: pressure scaling more than 1%, mu: 1.01098 1.01098 1.01098

Step 267900  Warning: pressure scaling more than 1%, mu: 1.01205 1.01205 1.01205

Step 267950  Warning: pressure scaling more than 1%, mu: 0.988993 0.988993 0.988993

Step 268050  Warning: pressure scaling more than 1%, mu: 0.985125 0.985125 0.985125

Step 268100  Warning: pressure scaling more than 1%, mu: 1.01373 1.01373 1.01373

Step 268150  Warning: pressure scaling more than 1%, mu: 0.982523 0.982523 0.982523

Step 268200  Warning: pressure scaling more than 1%, mu: 1.01869 1.01869 1.01869

Step 268250  Warning: pressure scaling more than 1%, mu: 0.987144 0.987144 0.987144

Step 268300  Warning: pressure scaling more than 1%, mu: 1.01713 1.01713 1.01713

Step 268450  Warning: pressure scaling more than 1%, mu: 0.986226 0.986226 0.986226

Step 268500  Warning: pressure scaling more than 1%, mu: 1.01031 1.01031 1.01031

Step 268550  Warning: pressure scaling more than 1%, mu: 0.989406 0.989406 0.989406

Step 268600  Warning: pressure scaling more than 1%, mu: 1.01547 1.01547 1.01547

Step 268650  Warning: pressure scaling more than 1%, mu: 0.986389 0.986389 0.986389

Step 268700  Warning: pressure scaling more than 1%, mu: 1.01378 1.01378 1.01378

Step 268750  Warning: pressure scaling more than 1%, mu: 0.984481 0.984481 0.984481

Step 268900  Warning: pressure scaling more than 1%, mu: 1.01455 1.01455 1.01455

Step 268950  Warning: pressure scaling more than 1%, mu: 0.98842 0.98842 0.98842

Step 269000  Warning: pressure scaling more than 1%, mu: 1.01794 1.01794 1.01794

Step 269050  Warning: pressure scaling more than 1%, mu: 0.986595 0.986595 0.986595

Step 270000  Warning: pressure scaling more than 1%, mu: 1.0127 1.0127 1.0127

Step 270050  Warning: pressure scaling more than 1%, mu: 0.983424 0.983424 0.983424

Step 270100  Warning: pressure scaling more than 1%, mu: 1.0101 1.0101 1.0101

Step 270150  Warning: pressure scaling more than 1%, mu: 0.988674 0.988674 0.988674

Step 270300  Warning: pressure scaling more than 1%, mu: 1.01334 1.01334 1.01334

Step 270350  Warning: pressure scaling more than 1%, mu: 0.987309 0.987309 0.987309

Step 270450  Warning: pressure scaling more than 1%, mu: 0.987809 0.987809 0.987809

Step 270500  Warning: pressure scaling more than 1%, mu: 1.02052 1.02052 1.02052

Step 270550  Warning: pressure scaling more than 1%, mu: 0.985166 0.985166 0.985166

Step 270600  Warning: pressure scaling more than 1%, mu: 1.01333 1.01333 1.01333

Step 270650  Warning: pressure scaling more than 1%, mu: 0.985239 0.985239 0.985239

Step 270750  Warning: pressure scaling more than 1%, mu: 0.989465 0.989465 0.989465

Step 271000  Warning: pressure scaling more than 1%, mu: 1.0113 1.0113 1.0113

Step 271050  Warning: pressure scaling more than 1%, mu: 0.988184 0.988184 0.988184

Step 271100  Warning: pressure scaling more than 1%, mu: 1.01039 1.01039 1.01039

Step 272600  Warning: pressure scaling more than 1%, mu: 1.01025 1.01025 1.01025

Step 276550  Warning: pressure scaling more than 1%, mu: 0.98927 0.98927 0.98927

Step 276850  Warning: pressure scaling more than 1%, mu: 0.988985 0.988985 0.988985

Step 284650  Warning: pressure scaling more than 1%, mu: 1.01031 1.01031 1.01031

Step 284750  Warning: pressure scaling more than 1%, mu: 1.01058 1.01058 1.01058

Step 285000  Warning: pressure scaling more than 1%, mu: 0.983739 0.983739 0.983739

Step 285050  Warning: pressure scaling more than 1%, mu: 1.01442 1.01442 1.01442

Step 290150  Warning: pressure scaling more than 1%, mu: 1.01045 1.01045 1.01045

Step 290300  Warning: pressure scaling more than 1%, mu: 0.987648 0.987648 0.987648

Step 290350  Warning: pressure scaling more than 1%, mu: 1.01097 1.01097 1.01097

Step 290400  Warning: pressure scaling more than 1%, mu: 0.987251 0.987251 0.987251

Step 290550  Warning: pressure scaling more than 1%, mu: 1.01052 1.01052 1.01052

Step 290600  Warning: pressure scaling more than 1%, mu: 0.989299 0.989299 0.989299

Step 290650  Warning: pressure scaling more than 1%, mu: 1.01086 1.01086 1.01086

Step 291100  Warning: pressure scaling more than 1%, mu: 0.98969 0.98969 0.98969

Step 291500  Warning: pressure scaling more than 1%, mu: 0.989565 0.989565 0.989565

Step 294200  Warning: pressure scaling more than 1%, mu: 0.987314 0.987314 0.987314

Step 294350  Warning: pressure scaling more than 1%, mu: 1.01435 1.01435 1.01435

Step 294850  Warning: pressure scaling more than 1%, mu: 1.0115 1.0115 1.0115

Step 295200  Warning: pressure scaling more than 1%, mu: 0.986513 0.986513 0.986513

Step 295250  Warning: pressure scaling more than 1%, mu: 1.01407 1.01407 1.01407

Step 295400  Warning: pressure scaling more than 1%, mu: 0.989682 0.989682 0.989682

Step 295500  Warning: pressure scaling more than 1%, mu: 0.987192 0.987192 0.987192

Step 295550  Warning: pressure scaling more than 1%, mu: 1.01169 1.01169 1.01169

Step 295850  Warning: pressure scaling more than 1%, mu: 1.01016 1.01016 1.01016

Step 295900  Warning: pressure scaling more than 1%, mu: 0.989467 0.989467 0.989467

Step 298200  Warning: pressure scaling more than 1%, mu: 1.0145 1.0145 1.0145

Step 298250  Warning: pressure scaling more than 1%, mu: 0.987015 0.987015 0.987015

Step 301250  Warning: pressure scaling more than 1%, mu: 1.01114 1.01114 1.01114

Step 301350  Warning: pressure scaling more than 1%, mu: 1.01152 1.01152 1.01152

Step 301450  Warning: pressure scaling more than 1%, mu: 1.01082 1.01082 1.01082

Step 301500  Warning: pressure scaling more than 1%, mu: 0.988992 0.988992 0.988992

Step 301600  Warning: pressure scaling more than 1%, mu: 0.987693 0.987693 0.987693

Step 301650  Warning: pressure scaling more than 1%, mu: 1.01575 1.01575 1.01575

Step 301700  Warning: pressure scaling more than 1%, mu: 0.988767 0.988767 0.988767

Step 301800  Warning: pressure scaling more than 1%, mu: 0.989202 0.989202 0.989202

Step 302350  Warning: pressure scaling more than 1%, mu: 1.01089 1.01089 1.01089

Step 303650  Warning: pressure scaling more than 1%, mu: 0.989092 0.989092 0.989092

Step 304850  Warning: pressure scaling more than 1%, mu: 1.01079 1.01079 1.01079

Step 306300  Warning: pressure scaling more than 1%, mu: 0.984867 0.984867 0.984867

Step 306350  Warning: pressure scaling more than 1%, mu: 1.0135 1.0135 1.0135

Step 306850  Warning: pressure scaling more than 1%, mu: 1.01114 1.01114 1.01114

Step 307450  Warning: pressure scaling more than 1%, mu: 1.01043 1.01043 1.01043

Step 307550  Warning: pressure scaling more than 1%, mu: 1.01259 1.01259 1.01259

Step 310850  Warning: pressure scaling more than 1%, mu: 1.01035 1.01035 1.01035

Step 311250  Warning: pressure scaling more than 1%, mu: 1.01147 1.01147 1.01147

Step 312050  Warning: pressure scaling more than 1%, mu: 1.01028 1.01028 1.01028

Step 314700  Warning: pressure scaling more than 1%, mu: 1.01066 1.01066 1.01066

Step 315100  Warning: pressure scaling more than 1%, mu: 1.01149 1.01149 1.01149

Step 315200  Warning: pressure scaling more than 1%, mu: 1.0117 1.0117 1.0117

Step 315900  Warning: pressure scaling more than 1%, mu: 1.01005 1.01005 1.01005

Step 316050  Warning: pressure scaling more than 1%, mu: 0.989796 0.989796 0.989796

Step 316200  Warning: pressure scaling more than 1%, mu: 1.01291 1.01291 1.01291

Step 316900  Warning: pressure scaling more than 1%, mu: 1.01209 1.01209 1.01209

Step 317900  Warning: pressure scaling more than 1%, mu: 1.01103 1.01103 1.01103

Step 318200  Warning: pressure scaling more than 1%, mu: 1.01009 1.01009 1.01009

Step 318250  Warning: pressure scaling more than 1%, mu: 0.988242 0.988242 0.988242

Step 318350  Warning: pressure scaling more than 1%, mu: 0.985729 0.985729 0.985729

Step 318400  Warning: pressure scaling more than 1%, mu: 1.01069 1.01069 1.01069

Step 318500  Warning: pressure scaling more than 1%, mu: 1.01388 1.01388 1.01388

Step 318600  Warning: pressure scaling more than 1%, mu: 1.01248 1.01248 1.01248

Step 318650  Warning: pressure scaling more than 1%, mu: 0.980915 0.980915 0.980915

Step 318700  Warning: pressure scaling more than 1%, mu: 1.02012 1.02012 1.02012

Step 318750  Warning: pressure scaling more than 1%, mu: 0.986026 0.986026 0.986026

Step 318800  Warning: pressure scaling more than 1%, mu: 1.01915 1.01915 1.01915

Step 318850  Warning: pressure scaling more than 1%, mu: 0.989215 0.989215 0.989215

Step 318950  Warning: pressure scaling more than 1%, mu: 0.987201 0.987201 0.987201

Step 319300  Warning: pressure scaling more than 1%, mu: 1.01228 1.01228 1.01228

Step 323050  Warning: pressure scaling more than 1%, mu: 1.01039 1.01039 1.01039

Step 323850  Warning: pressure scaling more than 1%, mu: 1.01069 1.01069 1.01069

Step 324600  Warning: pressure scaling more than 1%, mu: 1.01075 1.01075 1.01075

Step 327500  Warning: pressure scaling more than 1%, mu: 0.987583 0.987583 0.987583

Step 327650  Warning: pressure scaling more than 1%, mu: 1.01439 1.01439 1.01439

Step 328800  Warning: pressure scaling more than 1%, mu: 1.01029 1.01029 1.01029

Step 329200  Warning: pressure scaling more than 1%, mu: 1.01371 1.01371 1.01371

Step 330600  Warning: pressure scaling more than 1%, mu: 0.988034 0.988034 0.988034

Step 330900  Warning: pressure scaling more than 1%, mu: 0.988341 0.988341 0.988341

Step 330950  Warning: pressure scaling more than 1%, mu: 1.01306 1.01306 1.01306

Step 334300  Warning: pressure scaling more than 1%, mu: 0.987523 0.987523 0.987523

Step 335000  Warning: pressure scaling more than 1%, mu: 0.989396 0.989396 0.989396

Step 337900  Warning: pressure scaling more than 1%, mu: 0.988885 0.988885 0.988885

Step 337950  Warning: pressure scaling more than 1%, mu: 1.01374 1.01374 1.01374

Step 338800  Warning: pressure scaling more than 1%, mu: 0.988052 0.988052 0.988052

Step 338850  Warning: pressure scaling more than 1%, mu: 1.01197 1.01197 1.01197

Step 338900  Warning: pressure scaling more than 1%, mu: 0.98304 0.98304 0.98304

Step 338950  Warning: pressure scaling more than 1%, mu: 1.01536 1.01536 1.01536

Step 339000  Warning: pressure scaling more than 1%, mu: 0.987193 0.987193 0.987193

Step 339050  Warning: pressure scaling more than 1%, mu: 1.01116 1.01116 1.01116

Step 339150  Warning: pressure scaling more than 1%, mu: 1.01297 1.01297 1.01297

Step 340850  Warning: pressure scaling more than 1%, mu: 0.989818 0.989818 0.989818

Step 341550  Warning: pressure scaling more than 1%, mu: 0.989609 0.989609 0.989609

Step 341600  Warning: pressure scaling more than 1%, mu: 1.01146 1.01146 1.01146

Step 341800  Warning: pressure scaling more than 1%, mu: 1.01069 1.01069 1.01069

Step 341900  Warning: pressure scaling more than 1%, mu: 1.01149 1.01149 1.01149

Step 341950  Warning: pressure scaling more than 1%, mu: 0.988077 0.988077 0.988077

Step 342050  Warning: pressure scaling more than 1%, mu: 0.989403 0.989403 0.989403

Step 342100  Warning: pressure scaling more than 1%, mu: 1.01704 1.01704 1.01704

Step 342150  Warning: pressure scaling more than 1%, mu: 0.987395 0.987395 0.987395

Step 342200  Warning: pressure scaling more than 1%, mu: 1.01268 1.01268 1.01268

Step 344350  Warning: pressure scaling more than 1%, mu: 0.989925 0.989925 0.989925

Step 344600  Warning: pressure scaling more than 1%, mu: 1.01153 1.01153 1.01153

Step 346150  Warning: pressure scaling more than 1%, mu: 1.01201 1.01201 1.01201

Step 346650  Warning: pressure scaling more than 1%, mu: 1.01308 1.01308 1.01308

Step 347200  Warning: pressure scaling more than 1%, mu: 0.989466 0.989466 0.989466

Step 347500  Warning: pressure scaling more than 1%, mu: 0.9852 0.9852 0.9852

Step 347550  Warning: pressure scaling more than 1%, mu: 1.0178 1.0178 1.0178

Step 347600  Warning: pressure scaling more than 1%, mu: 0.983774 0.983774 0.983774

Step 347650  Warning: pressure scaling more than 1%, mu: 1.01279 1.01279 1.01279

Step 347700  Warning: pressure scaling more than 1%, mu: 0.987578 0.987578 0.987578

Step 347800  Warning: pressure scaling more than 1%, mu: 0.989953 0.989953 0.989953

Step 347850  Warning: pressure scaling more than 1%, mu: 1.01381 1.01381 1.01381

Step 347950  Warning: pressure scaling more than 1%, mu: 1.014 1.014 1.014

Step 348000  Warning: pressure scaling more than 1%, mu: 0.987302 0.987302 0.987302

Step 348550  Warning: pressure scaling more than 1%, mu: 1.011 1.011 1.011

Step 348600  Warning: pressure scaling more than 1%, mu: 0.9889 0.9889 0.9889

Step 348650  Warning: pressure scaling more than 1%, mu: 1.0119 1.0119 1.0119

Step 349050  Warning: pressure scaling more than 1%, mu: 1.01094 1.01094 1.01094

Step 360850  Warning: pressure scaling more than 1%, mu: 0.989339 0.989339 0.989339

Step 361300  Warning: pressure scaling more than 1%, mu: 1.01247 1.01247 1.01247

Step 363400  Warning: pressure scaling more than 1%, mu: 1.01109 1.01109 1.01109

Step 363950  Warning: pressure scaling more than 1%, mu: 1.01093 1.01093 1.01093

Step 364800  Warning: pressure scaling more than 1%, mu: 1.01042 1.01042 1.01042

Step 366400  Warning: pressure scaling more than 1%, mu: 0.988947 0.988947 0.988947

Step 366450  Warning: pressure scaling more than 1%, mu: 1.01014 1.01014 1.01014

Step 366500  Warning: pressure scaling more than 1%, mu: 0.989879 0.989879 0.989879

Step 366550  Warning: pressure scaling more than 1%, mu: 1.0117 1.0117 1.0117

Step 366850  Warning: pressure scaling more than 1%, mu: 1.01067 1.01067 1.01067

Step 366900  Warning: pressure scaling more than 1%, mu: 0.989539 0.989539 0.989539

Step 366950  Warning: pressure scaling more than 1%, mu: 1.01181 1.01181 1.01181

Step 367000  Warning: pressure scaling more than 1%, mu: 0.987067 0.987067 0.987067

Step 367050  Warning: pressure scaling more than 1%, mu: 1.01486 1.01486 1.01486

Step 367100  Warning: pressure scaling more than 1%, mu: 0.989191 0.989191 0.989191

Step 367350  Warning: pressure scaling more than 1%, mu: 1.01107 1.01107 1.01107

Step 367850  Warning: pressure scaling more than 1%, mu: 0.987086 0.987086 0.987086

Step 367900  Warning: pressure scaling more than 1%, mu: 1.01158 1.01158 1.01158

Step 368200  Warning: pressure scaling more than 1%, mu: 1.01062 1.01062 1.01062

Step 368250  Warning: pressure scaling more than 1%, mu: 0.988288 0.988288 0.988288

Step 368950  Warning: pressure scaling more than 1%, mu: 1.01297 1.01297 1.01297

Step 374900  Warning: pressure scaling more than 1%, mu: 0.988748 0.988748 0.988748

Step 374950  Warning: pressure scaling more than 1%, mu: 1.01376 1.01376 1.01376

Step 377450  Warning: pressure scaling more than 1%, mu: 1.01109 1.01109 1.01109

Step 378000  Warning: pressure scaling more than 1%, mu: 0.989577 0.989577 0.989577

Step 381850  Warning: pressure scaling more than 1%, mu: 1.01391 1.01391 1.01391

Step 382150  Warning: pressure scaling more than 1%, mu: 1.01204 1.01204 1.01204

Step 382250  Warning: pressure scaling more than 1%, mu: 1.01286 1.01286 1.01286

Step 382400  Warning: pressure scaling more than 1%, mu: 0.987725 0.987725 0.987725

Step 382550  Warning: pressure scaling more than 1%, mu: 1.01101 1.01101 1.01101

Step 382800  Warning: pressure scaling more than 1%, mu: 0.984824 0.984824 0.984824

Step 382850  Warning: pressure scaling more than 1%, mu: 1.01033 1.01033 1.01033

Step 382900  Warning: pressure scaling more than 1%, mu: 0.989496 0.989496 0.989496

Step 387700  Warning: pressure scaling more than 1%, mu: 1.01184 1.01184 1.01184

Step 391450  Warning: pressure scaling more than 1%, mu: 0.987026 0.987026 0.987026

Step 391500  Warning: pressure scaling more than 1%, mu: 1.0148 1.0148 1.0148

Step 391550  Warning: pressure scaling more than 1%, mu: 0.988573 0.988573 0.988573

Step 391600  Warning: pressure scaling more than 1%, mu: 1.01146 1.01146 1.01146

Step 391900  Warning: pressure scaling more than 1%, mu: 1.01332 1.01332 1.01332

Step 392600  Warning: pressure scaling more than 1%, mu: 1.01023 1.01023 1.01023

Step 393100  Warning: pressure scaling more than 1%, mu: 1.01166 1.01166 1.01166

Step 394850  Warning: pressure scaling more than 1%, mu: 1.01215 1.01215 1.01215

Step 394900  Warning: pressure scaling more than 1%, mu: 0.988574 0.988574 0.988574

Step 394950  Warning: pressure scaling more than 1%, mu: 1.01675 1.01675 1.01675

Step 395000  Warning: pressure scaling more than 1%, mu: 0.984102 0.984102 0.984102

Step 395100  Warning: pressure scaling more than 1%, mu: 0.987921 0.987921 0.987921

Step 395250  Warning: pressure scaling more than 1%, mu: 1.01511 1.01511 1.01511

Step 395300  Warning: pressure scaling more than 1%, mu: 0.983433 0.983433 0.983433

Step 395350  Warning: pressure scaling more than 1%, mu: 1.01847 1.01847 1.01847

Step 395400  Warning: pressure scaling more than 1%, mu: 0.980027 0.980027 0.980027

Step 395450  Warning: pressure scaling more than 1%, mu: 1.01829 1.01829 1.01829

Step 395500  Warning: pressure scaling more than 1%, mu: 0.98571 0.98571 0.98571

Step 395550  Warning: pressure scaling more than 1%, mu: 1.01554 1.01554 1.01554

Step 395600  Warning: pressure scaling more than 1%, mu: 0.986943 0.986943 0.986943

Step 395650  Warning: pressure scaling more than 1%, mu: 1.01049 1.01049 1.01049

Step 395700  Warning: pressure scaling more than 1%, mu: 0.987156 0.987156 0.987156

Step 395750  Warning: pressure scaling more than 1%, mu: 1.01195 1.01195 1.01195

Step 395800  Warning: pressure scaling more than 1%, mu: 0.986356 0.986356 0.986356

Step 397100  Warning: pressure scaling more than 1%, mu: 1.01229 1.01229 1.01229

Step 397250  Warning: pressure scaling more than 1%, mu: 0.985104 0.985104 0.985104

Step 397300  Warning: pressure scaling more than 1%, mu: 1.01188 1.01188 1.01188

Step 399900  Warning: pressure scaling more than 1%, mu: 1.01065 1.01065 1.01065

Step 400200  Warning: pressure scaling more than 1%, mu: 1.01083 1.01083 1.01083

Step 400300  Warning: pressure scaling more than 1%, mu: 1.01364 1.01364 1.01364

Step 400450  Warning: pressure scaling more than 1%, mu: 0.986173 0.986173 0.986173

Step 400500  Warning: pressure scaling more than 1%, mu: 1.011 1.011 1.011

Step 400550  Warning: pressure scaling more than 1%, mu: 0.985564 0.985564 0.985564

Step 400600  Warning: pressure scaling more than 1%, mu: 1.01304 1.01304 1.01304

Step 400700  Warning: pressure scaling more than 1%, mu: 1.01381 1.01381 1.01381

Step 400750  Warning: pressure scaling more than 1%, mu: 0.989415 0.989415 0.989415

Step 400850  Warning: pressure scaling more than 1%, mu: 0.985816 0.985816 0.985816

Step 400900  Warning: pressure scaling more than 1%, mu: 1.01324 1.01324 1.01324

Step 400950  Warning: pressure scaling more than 1%, mu: 0.983795 0.983795 0.983795

Step 401000  Warning: pressure scaling more than 1%, mu: 1.01929 1.01929 1.01929

Step 401050  Warning: pressure scaling more than 1%, mu: 0.989913 0.989913 0.989913

Step 401150  Warning: pressure scaling more than 1%, mu: 0.98952 0.98952 0.98952

Step 401250  Warning: pressure scaling more than 1%, mu: 0.987741 0.987741 0.987741

Step 401300  Warning: pressure scaling more than 1%, mu: 1.01132 1.01132 1.01132

Step 401450  Warning: pressure scaling more than 1%, mu: 0.986168 0.986168 0.986168

Step 401500  Warning: pressure scaling more than 1%, mu: 1.01679 1.01679 1.01679

Step 401550  Warning: pressure scaling more than 1%, mu: 0.984816 0.984816 0.984816

Step 401600  Warning: pressure scaling more than 1%, mu: 1.01734 1.01734 1.01734

Step 401650  Warning: pressure scaling more than 1%, mu: 0.985743 0.985743 0.985743

Step 401700  Warning: pressure scaling more than 1%, mu: 1.01238 1.01238 1.01238

Step 401750  Warning: pressure scaling more than 1%, mu: 0.986196 0.986196 0.986196

Step 401800  Warning: pressure scaling more than 1%, mu: 1.01354 1.01354 1.01354

Step 401850  Warning: pressure scaling more than 1%, mu: 0.988959 0.988959 0.988959

Step 401900  Warning: pressure scaling more than 1%, mu: 1.01531 1.01531 1.01531

Step 401950  Warning: pressure scaling more than 1%, mu: 0.985148 0.985148 0.985148

Step 402000  Warning: pressure scaling more than 1%, mu: 1.01471 1.01471 1.01471

Step 402050  Warning: pressure scaling more than 1%, mu: 0.985951 0.985951 0.985951

Step 402100  Warning: pressure scaling more than 1%, mu: 1.01509 1.01509 1.01509

Step 402150  Warning: pressure scaling more than 1%, mu: 0.985964 0.985964 0.985964

Step 402200  Warning: pressure scaling more than 1%, mu: 1.01438 1.01438 1.01438

Step 402250  Warning: pressure scaling more than 1%, mu: 0.985049 0.985049 0.985049

Step 402300  Warning: pressure scaling more than 1%, mu: 1.01882 1.01882 1.01882

Step 402350  Warning: pressure scaling more than 1%, mu: 0.983601 0.983601 0.983601

Step 402400  Warning: pressure scaling more than 1%, mu: 1.01885 1.01885 1.01885

Step 402450  Warning: pressure scaling more than 1%, mu: 0.98717 0.98717 0.98717

Step 402600  Warning: pressure scaling more than 1%, mu: 1.01157 1.01157 1.01157

Step 402650  Warning: pressure scaling more than 1%, mu: 0.987782 0.987782 0.987782

Step 402700  Warning: pressure scaling more than 1%, mu: 1.01092 1.01092 1.01092

Step 403900  Warning: pressure scaling more than 1%, mu: 0.988524 0.988524 0.988524

Step 406200  Warning: pressure scaling more than 1%, mu: 0.989811 0.989811 0.989811

Step 406250  Warning: pressure scaling more than 1%, mu: 1.0113 1.0113 1.0113

Step 406400  Warning: pressure scaling more than 1%, mu: 0.989918 0.989918 0.989918

Step 406450  Warning: pressure scaling more than 1%, mu: 1.01178 1.01178 1.01178

Step 406500  Warning: pressure scaling more than 1%, mu: 0.98882 0.98882 0.98882

Step 406750  Warning: pressure scaling more than 1%, mu: 1.01145 1.01145 1.01145

Step 407350  Warning: pressure scaling more than 1%, mu: 0.987437 0.987437 0.987437

Step 407650  Warning: pressure scaling more than 1%, mu: 0.987881 0.987881 0.987881

Step 409350  Warning: pressure scaling more than 1%, mu: 1.01117 1.01117 1.01117

Step 411800  Warning: pressure scaling more than 1%, mu: 0.989123 0.989123 0.989123

Step 412250  Warning: pressure scaling more than 1%, mu: 1.01095 1.01095 1.01095

Step 412950  Warning: pressure scaling more than 1%, mu: 1.01435 1.01435 1.01435

Step 413100  Warning: pressure scaling more than 1%, mu: 0.987299 0.987299 0.987299

Step 413200  Warning: pressure scaling more than 1%, mu: 0.989947 0.989947 0.989947

Step 413350  Warning: pressure scaling more than 1%, mu: 1.01448 1.01448 1.01448

Step 413450  Warning: pressure scaling more than 1%, mu: 1.01297 1.01297 1.01297

Step 413500  Warning: pressure scaling more than 1%, mu: 0.987657 0.987657 0.987657

Step 413550  Warning: pressure scaling more than 1%, mu: 1.01415 1.01415 1.01415

Step 413600  Warning: pressure scaling more than 1%, mu: 0.981184 0.981184 0.981184

Step 413650  Warning: pressure scaling more than 1%, mu: 1.0152 1.0152 1.0152

Step 413900  Warning: pressure scaling more than 1%, mu: 0.988275 0.988275 0.988275

Step 414050  Warning: pressure scaling more than 1%, mu: 1.01248 1.01248 1.01248

Step 414550  Warning: pressure scaling more than 1%, mu: 1.01142 1.01142 1.01142

Step 414600  Warning: pressure scaling more than 1%, mu: 0.98646 0.98646 0.98646

Step 414650  Warning: pressure scaling more than 1%, mu: 1.0123 1.0123 1.0123

Step 415850  Warning: pressure scaling more than 1%, mu: 0.989928 0.989928 0.989928

Step 415950  Warning: pressure scaling more than 1%, mu: 0.987863 0.987863 0.987863

Step 416050  Warning: pressure scaling more than 1%, mu: 0.987456 0.987456 0.987456

Step 416100  Warning: pressure scaling more than 1%, mu: 1.01284 1.01284 1.01284

Step 416200  Warning: pressure scaling more than 1%, mu: 1.01134 1.01134 1.01134

Step 416350  Warning: pressure scaling more than 1%, mu: 0.989103 0.989103 0.989103

Step 416450  Warning: pressure scaling more than 1%, mu: 0.988934 0.988934 0.988934

Step 416500  Warning: pressure scaling more than 1%, mu: 1.01371 1.01371 1.01371

Step 416600  Warning: pressure scaling more than 1%, mu: 1.01376 1.01376 1.01376

Step 422200  Warning: pressure scaling more than 1%, mu: 1.01147 1.01147 1.01147

Step 425350  Warning: pressure scaling more than 1%, mu: 0.986601 0.986601 0.986601

Step 425400  Warning: pressure scaling more than 1%, mu: 1.0102 1.0102 1.0102

Step 425450  Warning: pressure scaling more than 1%, mu: 0.988273 0.988273 0.988273

Step 425500  Warning: pressure scaling more than 1%, mu: 1.01812 1.01812 1.01812

Step 425550  Warning: pressure scaling more than 1%, mu: 0.987638 0.987638 0.987638

Step 425600  Warning: pressure scaling more than 1%, mu: 1.01301 1.01301 1.01301

Step 427550  Warning: pressure scaling more than 1%, mu: 1.01262 1.01262 1.01262

Step 427600  Warning: pressure scaling more than 1%, mu: 0.987939 0.987939 0.987939

Step 427650  Warning: pressure scaling more than 1%, mu: 1.01376 1.01376 1.01376

Step 427700  Warning: pressure scaling more than 1%, mu: 0.982521 0.982521 0.982521

Step 427750  Warning: pressure scaling more than 1%, mu: 1.01536 1.01536 1.01536

Step 427800  Warning: pressure scaling more than 1%, mu: 0.985727 0.985727 0.985727

Step 427850  Warning: pressure scaling more than 1%, mu: 1.01623 1.01623 1.01623

Step 427900  Warning: pressure scaling more than 1%, mu: 0.985516 0.985516 0.985516

Step 427950  Warning: pressure scaling more than 1%, mu: 1.01821 1.01821 1.01821

Step 428000  Warning: pressure scaling more than 1%, mu: 0.987059 0.987059 0.987059

Step 428050  Warning: pressure scaling more than 1%, mu: 1.01227 1.01227 1.01227

Step 428100  Warning: pressure scaling more than 1%, mu: 0.985228 0.985228 0.985228

Step 428150  Warning: pressure scaling more than 1%, mu: 1.01041 1.01041 1.01041

Step 428500  Warning: pressure scaling more than 1%, mu: 0.989301 0.989301 0.989301

Step 428800  Warning: pressure scaling more than 1%, mu: 0.987301 0.987301 0.987301

Step 428900  Warning: pressure scaling more than 1%, mu: 0.989343 0.989343 0.989343

Step 430750  Warning: pressure scaling more than 1%, mu: 1.01256 1.01256 1.01256

Step 435500  Warning: pressure scaling more than 1%, mu: 1.01118 1.01118 1.01118

Step 435750  Warning: pressure scaling more than 1%, mu: 1.01006 1.01006 1.01006

Step 436450  Warning: pressure scaling more than 1%, mu: 0.989613 0.989613 0.989613

Step 438500  Warning: pressure scaling more than 1%, mu: 0.987946 0.987946 0.987946

Step 438550  Warning: pressure scaling more than 1%, mu: 1.0107 1.0107 1.0107

Step 438600  Warning: pressure scaling more than 1%, mu: 0.986212 0.986212 0.986212

Step 439550  Warning: pressure scaling more than 1%, mu: 0.98739 0.98739 0.98739

Step 439600  Warning: pressure scaling more than 1%, mu: 1.0103 1.0103 1.0103

Step 439700  Warning: pressure scaling more than 1%, mu: 1.01338 1.01338 1.01338

Step 440100  Warning: pressure scaling more than 1%, mu: 1.01236 1.01236 1.01236

Step 440150  Warning: pressure scaling more than 1%, mu: 0.986374 0.986374 0.986374

Step 440200  Warning: pressure scaling more than 1%, mu: 1.01143 1.01143 1.01143

Step 440350  Warning: pressure scaling more than 1%, mu: 0.989092 0.989092 0.989092

Step 440400  Warning: pressure scaling more than 1%, mu: 1.01035 1.01035 1.01035

Step 440450  Warning: pressure scaling more than 1%, mu: 0.985607 0.985607 0.985607

Step 440500  Warning: pressure scaling more than 1%, mu: 1.0155 1.0155 1.0155

Step 440600  Warning: pressure scaling more than 1%, mu: 1.01439 1.01439 1.01439

Step 440650  Warning: pressure scaling more than 1%, mu: 0.988192 0.988192 0.988192

Step 440700  Warning: pressure scaling more than 1%, mu: 1.01343 1.01343 1.01343

Step 441450  Warning: pressure scaling more than 1%, mu: 1.01188 1.01188 1.01188

Step 441550  Warning: pressure scaling more than 1%, mu: 1.01308 1.01308 1.01308

Step 441600  Warning: pressure scaling more than 1%, mu: 0.989394 0.989394 0.989394

Step 441700  Warning: pressure scaling more than 1%, mu: 0.988615 0.988615 0.988615

Step 441750  Warning: pressure scaling more than 1%, mu: 1.01071 1.01071 1.01071

Step 441850  Warning: pressure scaling more than 1%, mu: 1.01711 1.01711 1.01711

Step 441900  Warning: pressure scaling more than 1%, mu: 0.98817 0.98817 0.98817

Step 441950  Warning: pressure scaling more than 1%, mu: 1.0142 1.0142 1.0142

Step 442000  Warning: pressure scaling more than 1%, mu: 0.984704 0.984704 0.984704

Step 442050  Warning: pressure scaling more than 1%, mu: 1.01096 1.01096 1.01096

Step 442100  Warning: pressure scaling more than 1%, mu: 0.984796 0.984796 0.984796

Step 442250  Warning: pressure scaling more than 1%, mu: 1.01045 1.01045 1.01045

Step 442400  Warning: pressure scaling more than 1%, mu: 0.988638 0.988638 0.988638

Step 442450  Warning: pressure scaling more than 1%, mu: 1.01475 1.01475 1.01475

Step 442500  Warning: pressure scaling more than 1%, mu: 0.983893 0.983893 0.983893

Step 442550  Warning: pressure scaling more than 1%, mu: 1.01758 1.01758 1.01758

Step 444900  Warning: pressure scaling more than 1%, mu: 0.989897 0.989897 0.989897

Step 444950  Warning: pressure scaling more than 1%, mu: 1.01287 1.01287 1.01287

Step 445000  Warning: pressure scaling more than 1%, mu: 0.988302 0.988302 0.988302

Step 445050  Warning: pressure scaling more than 1%, mu: 1.01042 1.01042 1.01042

Step 445400  Warning: pressure scaling more than 1%, mu: 0.985646 0.985646 0.985646

Step 445450  Warning: pressure scaling more than 1%, mu: 1.01448 1.01448 1.01448

Step 448400  Warning: pressure scaling more than 1%, mu: 1.0127 1.0127 1.0127

Step 448550  Warning: pressure scaling more than 1%, mu: 0.988503 0.988503 0.988503

Step 448800  Warning: pressure scaling more than 1%, mu: 1.01056 1.01056 1.01056

Step 449050  Warning: pressure scaling more than 1%, mu: 0.988729 0.988729 0.988729

Step 449100  Warning: pressure scaling more than 1%, mu: 1.01078 1.01078 1.01078

Step 449150  Warning: pressure scaling more than 1%, mu: 0.989591 0.989591 0.989591

Step 452900  Warning: pressure scaling more than 1%, mu: 0.989517 0.989517 0.989517

Step 453000  Warning: pressure scaling more than 1%, mu: 0.988836 0.988836 0.988836

Step 453050  Warning: pressure scaling more than 1%, mu: 1.01045 1.01045 1.01045

Step 453150  Warning: pressure scaling more than 1%, mu: 1.01356 1.01356 1.01356

Step 453300  Warning: pressure scaling more than 1%, mu: 0.988715 0.988715 0.988715

Step 454500  Warning: pressure scaling more than 1%, mu: 1.01067 1.01067 1.01067

Step 464700  Warning: pressure scaling more than 1%, mu: 0.989052 0.989052 0.989052

Step 468200  Warning: pressure scaling more than 1%, mu: 0.989902 0.989902 0.989902

Step 468600  Warning: pressure scaling more than 1%, mu: 0.989147 0.989147 0.989147

Step 468750  Warning: pressure scaling more than 1%, mu: 1.01634 1.01634 1.01634

Step 468800  Warning: pressure scaling more than 1%, mu: 0.988429 0.988429 0.988429

Step 468850  Warning: pressure scaling more than 1%, mu: 1.01863 1.01863 1.01863

Step 468900  Warning: pressure scaling more than 1%, mu: 0.984037 0.984037 0.984037

Step 468950  Warning: pressure scaling more than 1%, mu: 1.01147 1.01147 1.01147

Step 469000  Warning: pressure scaling more than 1%, mu: 0.985669 0.985669 0.985669

Step 469050  Warning: pressure scaling more than 1%, mu: 1.01437 1.01437 1.01437

Step 469100  Warning: pressure scaling more than 1%, mu: 0.984808 0.984808 0.984808

Step 469150  Warning: pressure scaling more than 1%, mu: 1.01306 1.01306 1.01306

Step 469200  Warning: pressure scaling more than 1%, mu: 0.987825 0.987825 0.987825

Step 469250  Warning: pressure scaling more than 1%, mu: 1.01482 1.01482 1.01482

Step 469300  Warning: pressure scaling more than 1%, mu: 0.984241 0.984241 0.984241

Step 469350  Warning: pressure scaling more than 1%, mu: 1.01564 1.01564 1.01564

Step 469400  Warning: pressure scaling more than 1%, mu: 0.980307 0.980307 0.980307

Step 469450  Warning: pressure scaling more than 1%, mu: 1.01645 1.01645 1.01645

Step 469500  Warning: pressure scaling more than 1%, mu: 0.986479 0.986479 0.986479

Step 469550  Warning: pressure scaling more than 1%, mu: 1.01986 1.01986 1.01986

Step 469600  Warning: pressure scaling more than 1%, mu: 0.989608 0.989608 0.989608

Step 469650  Warning: pressure scaling more than 1%, mu: 1.01001 1.01001 1.01001

Step 469700  Warning: pressure scaling more than 1%, mu: 0.988871 0.988871 0.988871

Step 469750  Warning: pressure scaling more than 1%, mu: 1.01032 1.01032 1.01032

Step 469850  Warning: pressure scaling more than 1%, mu: 1.01211 1.01211 1.01211

Step 469900  Warning: pressure scaling more than 1%, mu: 0.983135 0.983135 0.983135

Step 469950  Warning: pressure scaling more than 1%, mu: 1.01774 1.01774 1.01774

Step 470000  Warning: pressure scaling more than 1%, mu: 0.98469 0.98469 0.98469

Step 470050  Warning: pressure scaling more than 1%, mu: 1.01096 1.01096 1.01096

Step 470100  Warning: pressure scaling more than 1%, mu: 0.988391 0.988391 0.988391

Step 470150  Warning: pressure scaling more than 1%, mu: 1.01328 1.01328 1.01328

Step 471700  Warning: pressure scaling more than 1%, mu: 0.989733 0.989733 0.989733

Step 474950  Warning: pressure scaling more than 1%, mu: 0.989601 0.989601 0.989601

Step 476000  Warning: pressure scaling more than 1%, mu: 1.01116 1.01116 1.01116

Step 485500  Warning: pressure scaling more than 1%, mu: 0.989036 0.989036 0.989036

Step 487600  Warning: pressure scaling more than 1%, mu: 1.01255 1.01255 1.01255

Step 487950  Warning: pressure scaling more than 1%, mu: 0.989572 0.989572 0.989572

Step 491600  Warning: pressure scaling more than 1%, mu: 1.01023 1.01023 1.01023

Step 491650  Warning: pressure scaling more than 1%, mu: 0.988701 0.988701 0.988701

Step 493000  Warning: pressure scaling more than 1%, mu: 1.01312 1.01312 1.01312

Step 493050  Warning: pressure scaling more than 1%, mu: 0.985529 0.985529 0.985529

Step 493100  Warning: pressure scaling more than 1%, mu: 1.01645 1.01645 1.01645

Step 493150  Warning: pressure scaling more than 1%, mu: 0.987701 0.987701 0.987701

Step 493200  Warning: pressure scaling more than 1%, mu: 1.01089 1.01089 1.01089

Step 493350  Warning: pressure scaling more than 1%, mu: 0.984371 0.984371 0.984371

Step 493600  Warning: pressure scaling more than 1%, mu: 1.01469 1.01469 1.01469

Step 493650  Warning: pressure scaling more than 1%, mu: 0.987835 0.987835 0.987835

Step 493700  Warning: pressure scaling more than 1%, mu: 1.01768 1.01768 1.01768

Step 493750  Warning: pressure scaling more than 1%, mu: 0.98692 0.98692 0.98692

Step 495250  Warning: pressure scaling more than 1%, mu: 0.988322 0.988322 0.988322

Step 496250  Warning: pressure scaling more than 1%, mu: 0.985371 0.985371 0.985371

Step 500000  Warning: pressure scaling more than 1%, mu: 0.989402 0.989402 0.989402

Writing final coordinates.

NOTE: 3 % of the run time was spent in domain decomposition,
      15 % of the run time was spent in pair search,
      you might want to increase nstlist (this has no effect on accuracy)

               Core t (s)   Wall t (s)        (%)
       Time:      640.610      640.610      100.0
                 (ns/day)    (hour/ns)
Performance:      134.872        0.178

GROMACS reminds you: "I'm not interrupting you, I'm putting our conversation in full-duplex mode." (Antone Roundy)

